<?xml version="1.0" encoding="UTF-8"?>
<robot generator="Robot 3.2.1 (Python 3.7.7 on darwin)" generated="20201005 09:30:26.468" rpa="false">
<suite id="s1" name="Order TestSuite" source="/Users/amit/PycharmProjects/Medic/functional_tests/patient_workflow/02__Order_TestSuite.robot">
<kw name="Patient Signin and Set Patient UUID" type="setup">
<kw name="Get From Dictionary" library="Collections">
<doc>Returns a value from the given ``dictionary`` based on the given ``key``.</doc>
<arguments>
<arg>${credentials}</arg>
<arg>patient</arg>
</arguments>
<assign>
<var>${patient_credentials}</var>
</assign>
<msg timestamp="20201005 09:30:26.996" level="INFO">${patient_credentials} = {'username': 'marklous643@gmail.com', 'password': 'Test@123!'}</msg>
<status status="PASS" starttime="20201005 09:30:26.996" endtime="20201005 09:30:26.996"></status>
</kw>
<kw name="Get From Dictionary" library="Collections">
<doc>Returns a value from the given ``dictionary`` based on the given ``key``.</doc>
<arguments>
<arg>${base}</arg>
<arg>url</arg>
</arguments>
<assign>
<var>${Base_URL}</var>
</assign>
<msg timestamp="20201005 09:30:26.997" level="INFO">${Base_URL} = https://api-dev.medvantxos.com/api/v1.0</msg>
<status status="PASS" starttime="20201005 09:30:26.997" endtime="20201005 09:30:26.997"></status>
</kw>
<kw name="User Should be able to Signin" library="session_keywords">
<arguments>
<arg>${Base_URL}</arg>
<arg>${patient_credentials}</arg>
</arguments>
<assign>
<var>${HEADER}</var>
</assign>
<kw name="Create Session" library="RequestsLibrary">
<doc>Create Session: create a HTTP session to a server</doc>
<arguments>
<arg>GetToken</arg>
<arg>${URL}</arg>
</arguments>
<msg timestamp="20201005 09:30:26.997" level="INFO">Creating Session using : alias=GetToken, url=https://api-dev.medvantxos.com/api/v1.0, headers={},                     cookies={}, auth=None, timeout=None, proxies=None, verify=False,                     debug=0 </msg>
<status status="PASS" starttime="20201005 09:30:26.997" endtime="20201005 09:30:26.998"></status>
</kw>
<kw name="Get From Dictionary" library="Collections">
<doc>Returns a value from the given ``dictionary`` based on the given ``key``.</doc>
<arguments>
<arg>${credentials}</arg>
<arg>username</arg>
</arguments>
<assign>
<var>${username}</var>
</assign>
<msg timestamp="20201005 09:30:26.998" level="INFO">${username} = marklous643@gmail.com</msg>
<status status="PASS" starttime="20201005 09:30:26.998" endtime="20201005 09:30:26.998"></status>
</kw>
<kw name="Get From Dictionary" library="Collections">
<doc>Returns a value from the given ``dictionary`` based on the given ``key``.</doc>
<arguments>
<arg>${credentials}</arg>
<arg>password</arg>
</arguments>
<assign>
<var>${password}</var>
</assign>
<msg timestamp="20201005 09:30:26.999" level="INFO">${password} = Test@123!</msg>
<status status="PASS" starttime="20201005 09:30:26.998" endtime="20201005 09:30:26.999"></status>
</kw>
<kw name="Create Dictionary" library="BuiltIn">
<doc>Creates and returns a dictionary based on the given ``items``.</doc>
<arguments>
<arg>username=${username}</arg>
<arg>password=${password}</arg>
</arguments>
<assign>
<var>${body}</var>
</assign>
<msg timestamp="20201005 09:30:26.999" level="INFO">${body} = {'username': 'marklous643@gmail.com', 'password': 'Test@123!'}</msg>
<status status="PASS" starttime="20201005 09:30:26.999" endtime="20201005 09:30:26.999"></status>
</kw>
<kw name="Create Dictionary" library="BuiltIn">
<doc>Creates and returns a dictionary based on the given ``items``.</doc>
<arguments>
<arg>Content-Type=application/json</arg>
</arguments>
<assign>
<var>${headers}</var>
</assign>
<msg timestamp="20201005 09:30:27.000" level="INFO">${headers} = {'Content-Type': 'application/json'}</msg>
<status status="PASS" starttime="20201005 09:30:26.999" endtime="20201005 09:30:27.000"></status>
</kw>
<kw name="Post Request" library="RequestsLibrary">
<doc>Send a POST request on the session object found using the
given `alias`</doc>
<arguments>
<arg>GetToken</arg>
<arg>/signin</arg>
<arg>data=${body}</arg>
<arg>headers=${headers}</arg>
</arguments>
<assign>
<var>${response}</var>
</assign>
<msg timestamp="20201005 09:30:28.630" level="INFO">POST Request : url=https://api-dev.medvantxos.com/api/v1.0/signin 
 path_url=/api/v1.0/signin 
 headers={'User-Agent': 'python-requests/2.24.0', 'Accept-Encoding': 'gzip, deflate', 'Accept': '*/*', 'Connection': 'keep-alive', 'Content-Type': 'application/json', 'Content-Length': '62'} 
 body={"username": "marklous643@gmail.com", "password": "Test@123!"} 
 </msg>
<msg timestamp="20201005 09:30:28.630" level="INFO">POST Response : url=https://api-dev.medvantxos.com/api/v1.0/signin 
 status=200, reason= 
 body={"refresh_token":"eyJhbGciOiJIUzI1NiIsInR5cCIgOiAiSldUIiwia2lkIiA6ICI3N2Q1YjBhYy0wMDAzLTRjZTYtYjY0My01ZTAxZGU2MWEzZmYifQ.eyJleHAiOjE2MDE4NzI0MTQsImlhdCI6MTYwMTg3MDYxNCwianRpIjoiMzM0MTY5YWEtY2M3ZS00NjhlLTliODgtMGRmNzg4NTkxMmIwIiwiaXNzIjoiaHR0cDovL2tleWNsb2FrLXN2Yy9hdXRoL3JlYWxtcy9tZWR2YW50eCIsImF1ZCI6Imh0dHA6Ly9rZXljbG9hay1zdmMvYXV0aC9yZWFsbXMvbWVkdmFudHgiLCJzdWIiOiI3NDNhODViMS0wN2ViLTRiZTMtODdlNS02Nzc1ZTYxYmRhNzQiLCJ0eXAiOiJSZWZyZXNoIiwiYXpwIjoiYWRtaW4tY2xpIiwic2Vzc2lvbl9zdGF0ZSI6ImQxOGZhOGI2LWEzN2ItNDExNC1hMDk0LTEwN2RjYWE0ZGFjZSIsInNjb3BlIjoicHJvZmlsZSBlbWFpbCJ9.qPaBbhoYH2y2GH9OX81exL3MxmGFRcfwQrC8VWINpc4","access_token":"eyJhbGciOiJSUzI1NiIsInR5cCIgOiAiSldUIiwia2lkIiA6ICJQcU83QXJPVXBDeHB4WjVEcl9palFFX2pMZk55Q1ZYeHlXbVlTWnptcHQ4In0.eyJleHAiOjE2MDE4NzQyMTQsImlhdCI6MTYwMTg3MDYxNCwianRpIjoiM2ZlMTg5OGEtYmIwZi00NjQ2LTkyZTAtM2FmYTcwMDQyODQ0IiwiaXNzIjoiaHR0cDovL2tleWNsb2FrLXN2Yy9hdXRoL3JlYWxtcy9tZWR2YW50eCIsImF1ZCI6ImFjY291bnQiLCJzdWIiOiI3NDNhODViMS0wN2ViLTRiZTMtODdlNS02Nzc1ZTYxYmRhNzQiLCJ0eXAiOiJCZWFyZXIiLCJhenAiOiJhZG1pbi1jbGkiLCJzZXNzaW9uX3N0YXRlIjoiZDE4ZmE4YjYtYTM3Yi00MTE0LWEwOTQtMTA3ZGNhYTRkYWNlIiwiYWNyIjoiMSIsInJlYWxtX2FjY2VzcyI6eyJyb2xlcyI6WyJvZmZsaW5lX2FjY2VzcyIsInVtYV9hdXRob3JpemF0aW9uIl19LCJyZXNvdXJjZV9hY2Nlc3MiOnsiYWNjb3VudCI6eyJyb2xlcyI6WyJtYW5hZ2UtYWNjb3VudCIsIm1hbmFnZS1hY2NvdW50LWxpbmtzIiwidmlldy1wcm9maWxlIl19fSwic2NvcGUiOiJwcm9maWxlIGVtYWlsIiwiZW1haWxfdmVyaWZpZWQiOmZhbHNlLCJuYW1lIjoiRGF2aWQgRmluY2giLCJwcmVmZXJyZWRfdXNlcm5hbWUiOiJtYXJrbG91czY0M0BnbWFpbC5jb20iLCJnaXZlbl9uYW1lIjoiRGF2aWQiLCJmYW1pbHlfbmFtZSI6IkZpbmNoIiwiZW1haWwiOiJtYXJrbG91czY0M0BnbWFpbC5jb20ifQ.TyRrKwftfyR2XopSfe5Q933hE8G_iPaYtjcp6vy8L6iJrQ20OK9M6LXUCR5IWOQ0BzctA_ALcxmJLz5S9_5h0nn1OQOJPWZdRS-OBJLUoE31ObOWTNJVRPghfgsiBwAmQxlYNkz6G6uQZK_0MUAxBJXB7ChVK98j5n8xWiR9yOmlsbxB9Za8FrPC_USh0OKrHp27jB4xXHIM1LXZJi5x3xnS1cziJQicoCWmer_1cm_VE5jzXNNJdJOboyVHtpGoMoKqSciJZmqkuqOrb4D2UxxaIYre5CCqFLW-_9GQen68NcJdbOD-_o-UUB_yAefYn5teE1jH4nIjU7AYeFEuVg","session_state":"d18fa8b6-a37b-4114-a094-107dcaa4dace","expires_in":"3600","refresh_expires_in":"1800","token_type":"bearer","id":"marklous643@gmail.com"} 
 </msg>
<msg timestamp="20201005 09:30:28.630" level="INFO">/Users/amit/PycharmProjects/Medic/venv/lib/python3.7/site-packages/urllib3/connectionpool.py:988: InsecureRequestWarning: Unverified HTTPS request is being made to host 'api-dev.medvantxos.com'. Adding certificate verification is strongly advised. See: https://urllib3.readthedocs.io/en/latest/advanced-usage.html#ssl-warnings
  InsecureRequestWarning,</msg>
<msg timestamp="20201005 09:30:28.630" level="INFO">${response} = &lt;Response [200]&gt;</msg>
<status status="PASS" starttime="20201005 09:30:27.000" endtime="20201005 09:30:28.630"></status>
</kw>
<kw name="Should Be Equal As Strings" library="BuiltIn">
<doc>Fails if objects are unequal after converting them to strings.</doc>
<arguments>
<arg>${response.status_code}</arg>
<arg>200</arg>
</arguments>
<msg timestamp="20201005 09:30:28.631" level="INFO">Argument types are:
&lt;class 'int'&gt;
&lt;type 'unicode'&gt;</msg>
<status status="PASS" starttime="20201005 09:30:28.631" endtime="20201005 09:30:28.631"></status>
</kw>
<kw name="Evaluate" library="BuiltIn">
<doc>Evaluates the given expression in Python and returns the result.</doc>
<arguments>
<arg>$response.json().get("access_token")</arg>
</arguments>
<assign>
<var>${accessToken}</var>
</assign>
<msg timestamp="20201005 09:30:28.637" level="INFO">${accessToken} = eyJhbGciOiJSUzI1NiIsInR5cCIgOiAiSldUIiwia2lkIiA6ICJQcU83QXJPVXBDeHB4WjVEcl9palFFX2pMZk55Q1ZYeHlXbVlTWnptcHQ4In0.eyJleHAiOjE2MDE4NzQyMTQsImlhdCI6MTYwMTg3MDYxNCwianRpIjoiM2ZlMTg5OGEtYmIwZi00NjQ2LTkyZTAt...</msg>
<status status="PASS" starttime="20201005 09:30:28.631" endtime="20201005 09:30:28.637"></status>
</kw>
<kw name="Evaluate" library="BuiltIn">
<doc>Evaluates the given expression in Python and returns the result.</doc>
<arguments>
<arg>$response.json().get("refresh_token")</arg>
</arguments>
<assign>
<var>${refreshToken}</var>
</assign>
<msg timestamp="20201005 09:30:28.637" level="INFO">${refreshToken} = eyJhbGciOiJIUzI1NiIsInR5cCIgOiAiSldUIiwia2lkIiA6ICI3N2Q1YjBhYy0wMDAzLTRjZTYtYjY0My01ZTAxZGU2MWEzZmYifQ.eyJleHAiOjE2MDE4NzI0MTQsImlhdCI6MTYwMTg3MDYxNCwianRpIjoiMzM0MTY5YWEtY2M3ZS00NjhlLTliODgtMGRmNzg4N...</msg>
<status status="PASS" starttime="20201005 09:30:28.637" endtime="20201005 09:30:28.637"></status>
</kw>
<kw name="Should Not Be Empty" library="BuiltIn">
<doc>Verifies that the given item is not empty.</doc>
<arguments>
<arg>${accessToken}</arg>
</arguments>
<msg timestamp="20201005 09:30:28.638" level="INFO">Length is 1305</msg>
<status status="PASS" starttime="20201005 09:30:28.638" endtime="20201005 09:30:28.638"></status>
</kw>
<kw name="Should Not Be Empty" library="BuiltIn">
<doc>Verifies that the given item is not empty.</doc>
<arguments>
<arg>${refreshToken}</arg>
</arguments>
<msg timestamp="20201005 09:30:28.638" level="INFO">Length is 595</msg>
<status status="PASS" starttime="20201005 09:30:28.638" endtime="20201005 09:30:28.638"></status>
</kw>
<kw name="Set Suite Variable" library="BuiltIn">
<doc>Makes a variable available everywhere within the scope of the current suite.</doc>
<arguments>
<arg>${refreshToken}</arg>
</arguments>
<msg timestamp="20201005 09:30:28.639" level="INFO">${refreshToken} = eyJhbGciOiJIUzI1NiIsInR5cCIgOiAiSldUIiwia2lkIiA6ICI3N2Q1YjBhYy0wMDAzLTRjZTYtYjY0My01ZTAxZGU2MWEzZmYifQ.eyJleHAiOjE2MDE4NzI0MTQsImlhdCI6MTYwMTg3MDYxNCwianRpIjoiMzM0MTY5YWEtY2M3ZS00NjhlLTliODgtMGRmNzg4N...</msg>
<status status="PASS" starttime="20201005 09:30:28.638" endtime="20201005 09:30:28.639"></status>
</kw>
<kw name="Create Dictionary" library="BuiltIn">
<doc>Creates and returns a dictionary based on the given ``items``.</doc>
<arguments>
<arg>Authorization=Bearer ${accessToken}</arg>
<arg>Content-Type=application/json</arg>
</arguments>
<assign>
<var>${HEADER}</var>
</assign>
<msg timestamp="20201005 09:30:28.639" level="INFO">${HEADER} = {'Authorization': 'Bearer eyJhbGciOiJSUzI1NiIsInR5cCIgOiAiSldUIiwia2lkIiA6ICJQcU83QXJPVXBDeHB4WjVEcl9palFFX2pMZk55Q1ZYeHlXbVlTWnptcHQ4In0.eyJleHAiOjE2MDE4NzQyMTQsImlhdCI6MTYwMTg3MDYxNCwianRpIjoiM2ZlMT...</msg>
<status status="PASS" starttime="20201005 09:30:28.639" endtime="20201005 09:30:28.639"></status>
</kw>
<kw name="Return From Keyword" library="BuiltIn">
<doc>Returns from the enclosing user keyword.</doc>
<arguments>
<arg>${HEADER}</arg>
</arguments>
<msg timestamp="20201005 09:30:28.640" level="INFO">Returning from the enclosing user keyword.</msg>
<status status="PASS" starttime="20201005 09:30:28.640" endtime="20201005 09:30:28.640"></status>
</kw>
<msg timestamp="20201005 09:30:28.640" level="INFO">${HEADER} = {'Authorization': 'Bearer eyJhbGciOiJSUzI1NiIsInR5cCIgOiAiSldUIiwia2lkIiA6ICJQcU83QXJPVXBDeHB4WjVEcl9palFFX2pMZk55Q1ZYeHlXbVlTWnptcHQ4In0.eyJleHAiOjE2MDE4NzQyMTQsImlhdCI6MTYwMTg3MDYxNCwianRpIjoiM2ZlMT...</msg>
<status status="PASS" starttime="20201005 09:30:26.997" endtime="20201005 09:30:28.640"></status>
</kw>
<kw name="Set Suite Variable" library="BuiltIn">
<doc>Makes a variable available everywhere within the scope of the current suite.</doc>
<arguments>
<arg>${HEADER}</arg>
<arg>${HEADER}</arg>
</arguments>
<msg timestamp="20201005 09:30:28.640" level="INFO">${HEADER} = {'Authorization': 'Bearer eyJhbGciOiJSUzI1NiIsInR5cCIgOiAiSldUIiwia2lkIiA6ICJQcU83QXJPVXBDeHB4WjVEcl9palFFX2pMZk55Q1ZYeHlXbVlTWnptcHQ4In0.eyJleHAiOjE2MDE4NzQyMTQsImlhdCI6MTYwMTg3MDYxNCwianRpIjoiM2ZlMT...</msg>
<status status="PASS" starttime="20201005 09:30:28.640" endtime="20201005 09:30:28.641"></status>
</kw>
<kw name="Set Suite Variable" library="BuiltIn">
<doc>Makes a variable available everywhere within the scope of the current suite.</doc>
<arguments>
<arg>${Base_URL}</arg>
<arg>${Base_URL}</arg>
</arguments>
<msg timestamp="20201005 09:30:28.641" level="INFO">${Base_URL} = https://api-dev.medvantxos.com/api/v1.0</msg>
<status status="PASS" starttime="20201005 09:30:28.641" endtime="20201005 09:30:28.641"></status>
</kw>
<kw name="Create Session" library="RequestsLibrary">
<doc>Create Session: create a HTTP session to a server</doc>
<arguments>
<arg>GetPatient</arg>
<arg>${Base_URL}</arg>
</arguments>
<msg timestamp="20201005 09:30:28.641" level="INFO">Creating Session using : alias=GetPatient, url=https://api-dev.medvantxos.com/api/v1.0, headers={},                     cookies={}, auth=None, timeout=None, proxies=None, verify=False,                     debug=0 </msg>
<status status="PASS" starttime="20201005 09:30:28.641" endtime="20201005 09:30:28.642"></status>
</kw>
<kw name="Get Request" library="RequestsLibrary">
<doc>Send a GET request on the session object found using the
given `alias`</doc>
<arguments>
<arg>GetPatient</arg>
<arg>/profile</arg>
<arg>headers=${HEADER}</arg>
</arguments>
<assign>
<var>${response}</var>
</assign>
<msg timestamp="20201005 09:30:29.930" level="INFO">GET Request : url=https://api-dev.medvantxos.com/api/v1.0/profile 
 path_url=/api/v1.0/profile 
 headers={'User-Agent': 'python-requests/2.24.0', 'Accept-Encoding': 'gzip, deflate', 'Accept': '*/*', 'Connection': 'keep-alive', 'Authorization': 'Bearer eyJhbGciOiJSUzI1NiIsInR5cCIgOiAiSldUIiwia2lkIiA6ICJQcU83QXJPVXBDeHB4WjVEcl9palFFX2pMZk55Q1ZYeHlXbVlTWnptcHQ4In0.eyJleHAiOjE2MDE4NzQyMTQsImlhdCI6MTYwMTg3MDYxNCwianRpIjoiM2ZlMTg5OGEtYmIwZi00NjQ2LTkyZTAtM2FmYTcwMDQyODQ0IiwiaXNzIjoiaHR0cDovL2tleWNsb2FrLXN2Yy9hdXRoL3JlYWxtcy9tZWR2YW50eCIsImF1ZCI6ImFjY291bnQiLCJzdWIiOiI3NDNhODViMS0wN2ViLTRiZTMtODdlNS02Nzc1ZTYxYmRhNzQiLCJ0eXAiOiJCZWFyZXIiLCJhenAiOiJhZG1pbi1jbGkiLCJzZXNzaW9uX3N0YXRlIjoiZDE4ZmE4YjYtYTM3Yi00MTE0LWEwOTQtMTA3ZGNhYTRkYWNlIiwiYWNyIjoiMSIsInJlYWxtX2FjY2VzcyI6eyJyb2xlcyI6WyJvZmZsaW5lX2FjY2VzcyIsInVtYV9hdXRob3JpemF0aW9uIl19LCJyZXNvdXJjZV9hY2Nlc3MiOnsiYWNjb3VudCI6eyJyb2xlcyI6WyJtYW5hZ2UtYWNjb3VudCIsIm1hbmFnZS1hY2NvdW50LWxpbmtzIiwidmlldy1wcm9maWxlIl19fSwic2NvcGUiOiJwcm9maWxlIGVtYWlsIiwiZW1haWxfdmVyaWZpZWQiOmZhbHNlLCJuYW1lIjoiRGF2aWQgRmluY2giLCJwcmVmZXJyZWRfdXNlcm5hbWUiOiJtYXJrbG91czY0M0BnbWFpbC5jb20iLCJnaXZlbl9uYW1lIjoiRGF2aWQiLCJmYW1pbHlfbmFtZSI6IkZpbmNoIiwiZW1haWwiOiJtYXJrbG91czY0M0BnbWFpbC5jb20ifQ.TyRrKwftfyR2XopSfe5Q933hE8G_iPaYtjcp6vy8L6iJrQ20OK9M6LXUCR5IWOQ0BzctA_ALcxmJLz5S9_5h0nn1OQOJPWZdRS-OBJLUoE31ObOWTNJVRPghfgsiBwAmQxlYNkz6G6uQZK_0MUAxBJXB7ChVK98j5n8xWiR9yOmlsbxB9Za8FrPC_USh0OKrHp27jB4xXHIM1LXZJi5x3xnS1cziJQicoCWmer_1cm_VE5jzXNNJdJOboyVHtpGoMoKqSciJZmqkuqOrb4D2UxxaIYre5CCqFLW-_9GQen68NcJdbOD-_o-UUB_yAefYn5teE1jH4nIjU7AYeFEuVg', 'Content-Type': 'application/json'} 
 body=None 
 </msg>
<msg timestamp="20201005 09:30:29.930" level="INFO">GET Response : url=https://api-dev.medvantxos.com/api/v1.0/profile 
 status=200, reason= 
 body={"firstName":"David","lastName":"Finch","role":"USER","emailAddress":"marklous643@gmail.com","tenantId":"00000000-0000-0000-0000-000000000001","phoneNumber":"9763550803","lastLogin":1601870614614,"createdBy":"SYSTEM","hasOrders":true,"id":"743a85b1-07eb-4be3-87e5-6775e61bda74"} 
 </msg>
<msg timestamp="20201005 09:30:29.930" level="INFO">/Users/amit/PycharmProjects/Medic/venv/lib/python3.7/site-packages/urllib3/connectionpool.py:988: InsecureRequestWarning: Unverified HTTPS request is being made to host 'api-dev.medvantxos.com'. Adding certificate verification is strongly advised. See: https://urllib3.readthedocs.io/en/latest/advanced-usage.html#ssl-warnings
  InsecureRequestWarning,</msg>
<msg timestamp="20201005 09:30:29.931" level="INFO">${response} = &lt;Response [200]&gt;</msg>
<status status="PASS" starttime="20201005 09:30:28.642" endtime="20201005 09:30:29.931"></status>
</kw>
<kw name="Verify the Response" library="operations_keywords">
<arguments>
<arg>${response}</arg>
<arg>200</arg>
</arguments>
<kw name="Log" library="BuiltIn">
<doc>Logs the given message with the given level.</doc>
<arguments>
<arg>Response code is : ${response.status_code}</arg>
</arguments>
<msg timestamp="20201005 09:30:29.932" level="INFO">Response code is : 200</msg>
<status status="PASS" starttime="20201005 09:30:29.932" endtime="20201005 09:30:29.932"></status>
</kw>
<kw name="Should Be Equal As Strings" library="BuiltIn">
<doc>Fails if objects are unequal after converting them to strings.</doc>
<arguments>
<arg>${response.status_code}</arg>
<arg>${resp_status}</arg>
</arguments>
<msg timestamp="20201005 09:30:29.933" level="INFO">Argument types are:
&lt;class 'int'&gt;
&lt;type 'unicode'&gt;</msg>
<status status="PASS" starttime="20201005 09:30:29.932" endtime="20201005 09:30:29.933"></status>
</kw>
<kw name="Log" library="BuiltIn">
<doc>Logs the given message with the given level.</doc>
<arguments>
<arg>Response body is : ${response.text}</arg>
</arguments>
<msg timestamp="20201005 09:30:29.933" level="INFO">Response body is : {"firstName":"David","lastName":"Finch","role":"USER","emailAddress":"marklous643@gmail.com","tenantId":"00000000-0000-0000-0000-000000000001","phoneNumber":"9763550803","lastLogin":1601870614614,"createdBy":"SYSTEM","hasOrders":true,"id":"743a85b1-07eb-4be3-87e5-6775e61bda74"}</msg>
<status status="PASS" starttime="20201005 09:30:29.933" endtime="20201005 09:30:29.933"></status>
</kw>
<status status="PASS" starttime="20201005 09:30:29.931" endtime="20201005 09:30:29.934"></status>
</kw>
<kw name="Evaluate" library="BuiltIn">
<doc>Evaluates the given expression in Python and returns the result.</doc>
<arguments>
<arg>$response.json().get("id")</arg>
</arguments>
<assign>
<var>${patient_uuid}</var>
</assign>
<msg timestamp="20201005 09:30:29.934" level="INFO">${patient_uuid} = 743a85b1-07eb-4be3-87e5-6775e61bda74</msg>
<status status="PASS" starttime="20201005 09:30:29.934" endtime="20201005 09:30:29.934"></status>
</kw>
<kw name="Set Suite Variable" library="BuiltIn">
<doc>Makes a variable available everywhere within the scope of the current suite.</doc>
<arguments>
<arg>${patient_uuid}</arg>
<arg>${patient_uuid}</arg>
</arguments>
<msg timestamp="20201005 09:30:29.935" level="INFO">${patient_uuid} = 743a85b1-07eb-4be3-87e5-6775e61bda74</msg>
<status status="PASS" starttime="20201005 09:30:29.934" endtime="20201005 09:30:29.935"></status>
</kw>
<status status="PASS" starttime="20201005 09:30:26.996" endtime="20201005 09:30:29.935"></status>
</kw>
<test id="s1-t1" name="TC_001 : [GET] Verify Prescription list exist for the Patient">
<kw name="Create Session" library="RequestsLibrary">
<doc>Create Session: create a HTTP session to a server</doc>
<arguments>
<arg>GetPrescription</arg>
<arg>${Base_URL}</arg>
</arguments>
<msg timestamp="20201005 09:30:29.936" level="INFO">Creating Session using : alias=GetPrescription, url=https://api-dev.medvantxos.com/api/v1.0, headers={},                     cookies={}, auth=None, timeout=None, proxies=None, verify=False,                     debug=0 </msg>
<status status="PASS" starttime="20201005 09:30:29.936" endtime="20201005 09:30:29.936"></status>
</kw>
<kw name="Compose URL" library="operations_keywords">
<arguments>
<arg>/patient</arg>
<arg>${patient_uuid}</arg>
<arg>prescriptions</arg>
</arguments>
<assign>
<var>${uri}</var>
</assign>
<kw name="Catenate" library="BuiltIn">
<doc>Catenates the given items together and returns the resulted string.</doc>
<arguments>
<arg>SEPARATOR=/</arg>
<arg>@{args}</arg>
</arguments>
<assign>
<var>${uri}</var>
</assign>
<msg timestamp="20201005 09:30:29.938" level="INFO">${uri} = /patient/743a85b1-07eb-4be3-87e5-6775e61bda74/prescriptions</msg>
<status status="PASS" starttime="20201005 09:30:29.937" endtime="20201005 09:30:29.938"></status>
</kw>
<kw name="Return From Keyword" library="BuiltIn">
<doc>Returns from the enclosing user keyword.</doc>
<arguments>
<arg>${uri}</arg>
</arguments>
<msg timestamp="20201005 09:30:29.938" level="INFO">Returning from the enclosing user keyword.</msg>
<status status="PASS" starttime="20201005 09:30:29.938" endtime="20201005 09:30:29.938"></status>
</kw>
<msg timestamp="20201005 09:30:29.938" level="INFO">${uri} = /patient/743a85b1-07eb-4be3-87e5-6775e61bda74/prescriptions</msg>
<status status="PASS" starttime="20201005 09:30:29.937" endtime="20201005 09:30:29.938"></status>
</kw>
<kw name="Get Request" library="RequestsLibrary">
<doc>Send a GET request on the session object found using the
given `alias`</doc>
<arguments>
<arg>GetPrescription</arg>
<arg>${uri}</arg>
<arg>headers=${HEADER}</arg>
</arguments>
<assign>
<var>${response}</var>
</assign>
<msg timestamp="20201005 09:30:31.123" level="INFO">GET Request : url=https://api-dev.medvantxos.com/api/v1.0/patient/743a85b1-07eb-4be3-87e5-6775e61bda74/prescriptions 
 path_url=/api/v1.0/patient/743a85b1-07eb-4be3-87e5-6775e61bda74/prescriptions 
 headers={'User-Agent': 'python-requests/2.24.0', 'Accept-Encoding': 'gzip, deflate', 'Accept': '*/*', 'Connection': 'keep-alive', 'Authorization': 'Bearer eyJhbGciOiJSUzI1NiIsInR5cCIgOiAiSldUIiwia2lkIiA6ICJQcU83QXJPVXBDeHB4WjVEcl9palFFX2pMZk55Q1ZYeHlXbVlTWnptcHQ4In0.eyJleHAiOjE2MDE4NzQyMTQsImlhdCI6MTYwMTg3MDYxNCwianRpIjoiM2ZlMTg5OGEtYmIwZi00NjQ2LTkyZTAtM2FmYTcwMDQyODQ0IiwiaXNzIjoiaHR0cDovL2tleWNsb2FrLXN2Yy9hdXRoL3JlYWxtcy9tZWR2YW50eCIsImF1ZCI6ImFjY291bnQiLCJzdWIiOiI3NDNhODViMS0wN2ViLTRiZTMtODdlNS02Nzc1ZTYxYmRhNzQiLCJ0eXAiOiJCZWFyZXIiLCJhenAiOiJhZG1pbi1jbGkiLCJzZXNzaW9uX3N0YXRlIjoiZDE4ZmE4YjYtYTM3Yi00MTE0LWEwOTQtMTA3ZGNhYTRkYWNlIiwiYWNyIjoiMSIsInJlYWxtX2FjY2VzcyI6eyJyb2xlcyI6WyJvZmZsaW5lX2FjY2VzcyIsInVtYV9hdXRob3JpemF0aW9uIl19LCJyZXNvdXJjZV9hY2Nlc3MiOnsiYWNjb3VudCI6eyJyb2xlcyI6WyJtYW5hZ2UtYWNjb3VudCIsIm1hbmFnZS1hY2NvdW50LWxpbmtzIiwidmlldy1wcm9maWxlIl19fSwic2NvcGUiOiJwcm9maWxlIGVtYWlsIiwiZW1haWxfdmVyaWZpZWQiOmZhbHNlLCJuYW1lIjoiRGF2aWQgRmluY2giLCJwcmVmZXJyZWRfdXNlcm5hbWUiOiJtYXJrbG91czY0M0BnbWFpbC5jb20iLCJnaXZlbl9uYW1lIjoiRGF2aWQiLCJmYW1pbHlfbmFtZSI6IkZpbmNoIiwiZW1haWwiOiJtYXJrbG91czY0M0BnbWFpbC5jb20ifQ.TyRrKwftfyR2XopSfe5Q933hE8G_iPaYtjcp6vy8L6iJrQ20OK9M6LXUCR5IWOQ0BzctA_ALcxmJLz5S9_5h0nn1OQOJPWZdRS-OBJLUoE31ObOWTNJVRPghfgsiBwAmQxlYNkz6G6uQZK_0MUAxBJXB7ChVK98j5n8xWiR9yOmlsbxB9Za8FrPC_USh0OKrHp27jB4xXHIM1LXZJi5x3xnS1cziJQicoCWmer_1cm_VE5jzXNNJdJOboyVHtpGoMoKqSciJZmqkuqOrb4D2UxxaIYre5CCqFLW-_9GQen68NcJdbOD-_o-UUB_yAefYn5teE1jH4nIjU7AYeFEuVg', 'Content-Type': 'application/json'} 
 body=None 
 </msg>
<msg timestamp="20201005 09:30:31.124" level="INFO">GET Response : url=https://api-dev.medvantxos.com/api/v1.0/patient/743a85b1-07eb-4be3-87e5-6775e61bda74/prescriptions 
 status=200, reason= 
 body=[{"prescriptionNumber":"84826","drugNdc":"00002050101","drugDisplayName":"NEBCIN PED 10 MG/ML VIAL                                    ","quantityWritten":"1.0","quantityRemaining":"1.0","doctorNpi":"5955","doctorName":"MARK GROSSMAN","doctorAddress":"5767 W CENTURY BLVD STE 200 ","doctorCity":"LOS ANGELES","doctorState":"CA","doctorZip":"90045  ","doctorPhone":"8287172   ","prescriptionExpirationDate":"Thu Sep 24 15:28:17 GMT 2020","prescriptionNextRefillDate":"","prescriptionLastFilledDate":"","dose":1,"instructions":"DummySignText","id":"c4d6ce9f-c8ac-4b6c-b0d5-623c9cfc7d71"},{"prescriptionNumber":"84828","drugNdc":"00002050101","drugDisplayName":"NEBCIN PED 10 MG/ML VIAL                                    ","quantityWritten":"1.0","quantityRemaining":"1.0","doctorNpi":"5955","doctorName":"MARK GROSSMAN","doctorAddress":"5767 W CENTURY BLVD STE 200 ","doctorCity":"LOS ANGELES","doctorState":"CA","doctorZip":"90045  ","doctorPhone":"8287172   ","prescriptionExpirationDate":"Mon Sep 27 14:48:39 GMT 2021","prescriptionNextRefillDate":"","prescriptionLastFilledDate":"","dose":1,"instructions":"DummySignText","id":"c98ea127-0494-4934-a952-1c9f286b5632"}] 
 </msg>
<msg timestamp="20201005 09:30:31.124" level="INFO">/Users/amit/PycharmProjects/Medic/venv/lib/python3.7/site-packages/urllib3/connectionpool.py:988: InsecureRequestWarning: Unverified HTTPS request is being made to host 'api-dev.medvantxos.com'. Adding certificate verification is strongly advised. See: https://urllib3.readthedocs.io/en/latest/advanced-usage.html#ssl-warnings
  InsecureRequestWarning,</msg>
<msg timestamp="20201005 09:30:31.124" level="INFO">${response} = &lt;Response [200]&gt;</msg>
<status status="PASS" starttime="20201005 09:30:29.938" endtime="20201005 09:30:31.124"></status>
</kw>
<kw name="Verify the Response" library="operations_keywords">
<arguments>
<arg>${response}</arg>
<arg>200</arg>
</arguments>
<kw name="Log" library="BuiltIn">
<doc>Logs the given message with the given level.</doc>
<arguments>
<arg>Response code is : ${response.status_code}</arg>
</arguments>
<msg timestamp="20201005 09:30:31.126" level="INFO">Response code is : 200</msg>
<status status="PASS" starttime="20201005 09:30:31.126" endtime="20201005 09:30:31.126"></status>
</kw>
<kw name="Should Be Equal As Strings" library="BuiltIn">
<doc>Fails if objects are unequal after converting them to strings.</doc>
<arguments>
<arg>${response.status_code}</arg>
<arg>${resp_status}</arg>
</arguments>
<msg timestamp="20201005 09:30:31.127" level="INFO">Argument types are:
&lt;class 'int'&gt;
&lt;type 'unicode'&gt;</msg>
<status status="PASS" starttime="20201005 09:30:31.126" endtime="20201005 09:30:31.127"></status>
</kw>
<kw name="Log" library="BuiltIn">
<doc>Logs the given message with the given level.</doc>
<arguments>
<arg>Response body is : ${response.text}</arg>
</arguments>
<msg timestamp="20201005 09:30:31.130" level="INFO">Response body is : [{"prescriptionNumber":"84826","drugNdc":"00002050101","drugDisplayName":"NEBCIN PED 10 MG/ML VIAL                                    ","quantityWritten":"1.0","quantityRemaining":"1.0","doctorNpi":"5955","doctorName":"MARK GROSSMAN","doctorAddress":"5767 W CENTURY BLVD STE 200 ","doctorCity":"LOS ANGELES","doctorState":"CA","doctorZip":"90045  ","doctorPhone":"8287172   ","prescriptionExpirationDate":"Thu Sep 24 15:28:17 GMT 2020","prescriptionNextRefillDate":"","prescriptionLastFilledDate":"","dose":1,"instructions":"DummySignText","id":"c4d6ce9f-c8ac-4b6c-b0d5-623c9cfc7d71"},{"prescriptionNumber":"84828","drugNdc":"00002050101","drugDisplayName":"NEBCIN PED 10 MG/ML VIAL                                    ","quantityWritten":"1.0","quantityRemaining":"1.0","doctorNpi":"5955","doctorName":"MARK GROSSMAN","doctorAddress":"5767 W CENTURY BLVD STE 200 ","doctorCity":"LOS ANGELES","doctorState":"CA","doctorZip":"90045  ","doctorPhone":"8287172   ","prescriptionExpirationDate":"Mon Sep 27 14:48:39 GMT 2021","prescriptionNextRefillDate":"","prescriptionLastFilledDate":"","dose":1,"instructions":"DummySignText","id":"c98ea127-0494-4934-a952-1c9f286b5632"}]</msg>
<status status="PASS" starttime="20201005 09:30:31.128" endtime="20201005 09:30:31.130"></status>
</kw>
<status status="PASS" starttime="20201005 09:30:31.125" endtime="20201005 09:30:31.131"></status>
</kw>
<kw name="Get Prescription ID By Drug NDC">
<arguments>
<arg>${response}</arg>
</arguments>
<assign>
<var>${prescription_id}</var>
</assign>
<kw name="Set Variable" library="BuiltIn">
<doc>Returns the given values which can then be assigned to a variables.</doc>
<arguments>
<arg>@{prescription_list_response.json()}</arg>
</arguments>
<assign>
<var>${prescription_list}</var>
</assign>
<msg timestamp="20201005 09:30:31.132" level="INFO">${prescription_list} = [{'prescriptionNumber': '84826', 'drugNdc': '00002050101', 'drugDisplayName': 'NEBCIN PED 10 MG/ML VIAL                                    ', 'quantityWritten': '1.0', 'quantityRemaining': '1.0', 'doc...</msg>
<status status="PASS" starttime="20201005 09:30:31.131" endtime="20201005 09:30:31.132"></status>
</kw>
<kw name="Get Prescription From List" library="HelperModule">
<doc>Check's prescritions expiry status
:param prescription_list:
:param status:
:return:</doc>
<arguments>
<arg>${prescription_list}</arg>
<arg>${drug["ndc_rxrequest"]}</arg>
<arg>valid</arg>
</arguments>
<assign>
<var>${pres_details}</var>
</assign>
<msg timestamp="20201005 09:30:31.133" level="INFO">info: The following is the prescritions lists : [{'prescriptionNumber': '84826', 'drugNdc': '00002050101', 'drugDisplayName': 'NEBCIN PED 10 MG/ML VIAL                                    ', 'quantityWritten': '1.0', 'quantityRemaining': '1.0', 'doctorNpi': '5955', 'doctorName': 'MARK GROSSMAN', 'doctorAddress': '5767 W CENTURY BLVD STE 200 ', 'doctorCity': 'LOS ANGELES', 'doctorState': 'CA', 'doctorZip': '90045  ', 'doctorPhone': '8287172   ', 'prescriptionExpirationDate': 'Thu Sep 24 15:28:17 GMT 2020', 'prescriptionNextRefillDate': '', 'prescriptionLastFilledDate': '', 'dose': 1, 'instructions': 'DummySignText', 'id': 'c4d6ce9f-c8ac-4b6c-b0d5-623c9cfc7d71'}, {'prescriptionNumber': '84828', 'drugNdc': '00002050101', 'drugDisplayName': 'NEBCIN PED 10 MG/ML VIAL                                    ', 'quantityWritten': '1.0', 'quantityRemaining': '1.0', 'doctorNpi': '5955', 'doctorName': 'MARK GROSSMAN', 'doctorAddress': '5767 W CENTURY BLVD STE 200 ', 'doctorCity': 'LOS ANGELES', 'doctorState': 'CA', 'doctorZip': '90045  ', 'doctorPhone': '8287172   ', 'prescriptionExpirationDate': 'Mon Sep 27 14:48:39 GMT 2021', 'prescriptionNextRefillDate': '', 'prescriptionLastFilledDate': '', 'dose': 1, 'instructions': 'DummySignText', 'id': 'c98ea127-0494-4934-a952-1c9f286b5632'}]</msg>
<msg timestamp="20201005 09:30:31.133" level="INFO">${pres_details} = {'prescriptionNumber': '84828', 'drugNdc': '00002050101', 'drugDisplayName': 'NEBCIN PED 10 MG/ML VIAL                                    ', 'quantityWritten': '1.0', 'quantityRemaining': '1.0', 'doct...</msg>
<status status="PASS" starttime="20201005 09:30:31.132" endtime="20201005 09:30:31.133"></status>
</kw>
<kw name="Set Suite Variable" library="BuiltIn">
<doc>Makes a variable available everywhere within the scope of the current suite.</doc>
<arguments>
<arg>${pres_details}</arg>
</arguments>
<msg timestamp="20201005 09:30:31.134" level="INFO">${pres_details} = {'prescriptionNumber': '84828', 'drugNdc': '00002050101', 'drugDisplayName': 'NEBCIN PED 10 MG/ML VIAL                                    ', 'quantityWritten': '1.0', 'quantityRemaining': '1.0', 'doct...</msg>
<status status="PASS" starttime="20201005 09:30:31.133" endtime="20201005 09:30:31.134"></status>
</kw>
<kw name="Return From Keyword" library="BuiltIn">
<doc>Returns from the enclosing user keyword.</doc>
<arguments>
<arg>${pres_details["id"]}</arg>
</arguments>
<msg timestamp="20201005 09:30:31.134" level="INFO">Returning from the enclosing user keyword.</msg>
<status status="PASS" starttime="20201005 09:30:31.134" endtime="20201005 09:30:31.134"></status>
</kw>
<msg timestamp="20201005 09:30:31.134" level="INFO">${prescription_id} = c98ea127-0494-4934-a952-1c9f286b5632</msg>
<status status="PASS" starttime="20201005 09:30:31.131" endtime="20201005 09:30:31.134"></status>
</kw>
<kw name="Set Suite Variable" library="BuiltIn">
<doc>Makes a variable available everywhere within the scope of the current suite.</doc>
<arguments>
<arg>${prescription_id}</arg>
</arguments>
<msg timestamp="20201005 09:30:31.135" level="INFO">${prescription_id} = c98ea127-0494-4934-a952-1c9f286b5632</msg>
<status status="PASS" starttime="20201005 09:30:31.135" endtime="20201005 09:30:31.135"></status>
</kw>
<tags>
<tag>PatientOrder</tag>
<tag>sanity</tag>
</tags>
<status status="PASS" starttime="20201005 09:30:29.935" endtime="20201005 09:30:31.135" critical="yes"></status>
</test>
<test id="s1-t2" name="TC_002 : [GET] Verify Specific Prescription exist for the Patient">
<kw name="Create Session" library="RequestsLibrary">
<doc>Create Session: create a HTTP session to a server</doc>
<arguments>
<arg>GetSpecificPrescription</arg>
<arg>${Base_URL}</arg>
</arguments>
<msg timestamp="20201005 09:30:31.137" level="INFO">Creating Session using : alias=GetSpecificPrescription, url=https://api-dev.medvantxos.com/api/v1.0, headers={},                     cookies={}, auth=None, timeout=None, proxies=None, verify=False,                     debug=0 </msg>
<status status="PASS" starttime="20201005 09:30:31.137" endtime="20201005 09:30:31.137"></status>
</kw>
<kw name="Compose URL" library="operations_keywords">
<arguments>
<arg>/patient</arg>
<arg>${patient_uuid}</arg>
<arg>prescription</arg>
<arg>${prescription_id}</arg>
</arguments>
<assign>
<var>${uri}</var>
</assign>
<kw name="Catenate" library="BuiltIn">
<doc>Catenates the given items together and returns the resulted string.</doc>
<arguments>
<arg>SEPARATOR=/</arg>
<arg>@{args}</arg>
</arguments>
<assign>
<var>${uri}</var>
</assign>
<msg timestamp="20201005 09:30:31.138" level="INFO">${uri} = /patient/743a85b1-07eb-4be3-87e5-6775e61bda74/prescription/c98ea127-0494-4934-a952-1c9f286b5632</msg>
<status status="PASS" starttime="20201005 09:30:31.138" endtime="20201005 09:30:31.138"></status>
</kw>
<kw name="Return From Keyword" library="BuiltIn">
<doc>Returns from the enclosing user keyword.</doc>
<arguments>
<arg>${uri}</arg>
</arguments>
<msg timestamp="20201005 09:30:31.138" level="INFO">Returning from the enclosing user keyword.</msg>
<status status="PASS" starttime="20201005 09:30:31.138" endtime="20201005 09:30:31.139"></status>
</kw>
<msg timestamp="20201005 09:30:31.139" level="INFO">${uri} = /patient/743a85b1-07eb-4be3-87e5-6775e61bda74/prescription/c98ea127-0494-4934-a952-1c9f286b5632</msg>
<status status="PASS" starttime="20201005 09:30:31.137" endtime="20201005 09:30:31.139"></status>
</kw>
<kw name="Get Request" library="RequestsLibrary">
<doc>Send a GET request on the session object found using the
given `alias`</doc>
<arguments>
<arg>GetSpecificPrescription</arg>
<arg>${uri}</arg>
<arg>headers=${HEADER}</arg>
</arguments>
<assign>
<var>${response}</var>
</assign>
<msg timestamp="20201005 09:30:32.491" level="INFO">GET Request : url=https://api-dev.medvantxos.com/api/v1.0/patient/743a85b1-07eb-4be3-87e5-6775e61bda74/prescription/c98ea127-0494-4934-a952-1c9f286b5632 
 path_url=/api/v1.0/patient/743a85b1-07eb-4be3-87e5-6775e61bda74/prescription/c98ea127-0494-4934-a952-1c9f286b5632 
 headers={'User-Agent': 'python-requests/2.24.0', 'Accept-Encoding': 'gzip, deflate', 'Accept': '*/*', 'Connection': 'keep-alive', 'Authorization': 'Bearer eyJhbGciOiJSUzI1NiIsInR5cCIgOiAiSldUIiwia2lkIiA6ICJQcU83QXJPVXBDeHB4WjVEcl9palFFX2pMZk55Q1ZYeHlXbVlTWnptcHQ4In0.eyJleHAiOjE2MDE4NzQyMTQsImlhdCI6MTYwMTg3MDYxNCwianRpIjoiM2ZlMTg5OGEtYmIwZi00NjQ2LTkyZTAtM2FmYTcwMDQyODQ0IiwiaXNzIjoiaHR0cDovL2tleWNsb2FrLXN2Yy9hdXRoL3JlYWxtcy9tZWR2YW50eCIsImF1ZCI6ImFjY291bnQiLCJzdWIiOiI3NDNhODViMS0wN2ViLTRiZTMtODdlNS02Nzc1ZTYxYmRhNzQiLCJ0eXAiOiJCZWFyZXIiLCJhenAiOiJhZG1pbi1jbGkiLCJzZXNzaW9uX3N0YXRlIjoiZDE4ZmE4YjYtYTM3Yi00MTE0LWEwOTQtMTA3ZGNhYTRkYWNlIiwiYWNyIjoiMSIsInJlYWxtX2FjY2VzcyI6eyJyb2xlcyI6WyJvZmZsaW5lX2FjY2VzcyIsInVtYV9hdXRob3JpemF0aW9uIl19LCJyZXNvdXJjZV9hY2Nlc3MiOnsiYWNjb3VudCI6eyJyb2xlcyI6WyJtYW5hZ2UtYWNjb3VudCIsIm1hbmFnZS1hY2NvdW50LWxpbmtzIiwidmlldy1wcm9maWxlIl19fSwic2NvcGUiOiJwcm9maWxlIGVtYWlsIiwiZW1haWxfdmVyaWZpZWQiOmZhbHNlLCJuYW1lIjoiRGF2aWQgRmluY2giLCJwcmVmZXJyZWRfdXNlcm5hbWUiOiJtYXJrbG91czY0M0BnbWFpbC5jb20iLCJnaXZlbl9uYW1lIjoiRGF2aWQiLCJmYW1pbHlfbmFtZSI6IkZpbmNoIiwiZW1haWwiOiJtYXJrbG91czY0M0BnbWFpbC5jb20ifQ.TyRrKwftfyR2XopSfe5Q933hE8G_iPaYtjcp6vy8L6iJrQ20OK9M6LXUCR5IWOQ0BzctA_ALcxmJLz5S9_5h0nn1OQOJPWZdRS-OBJLUoE31ObOWTNJVRPghfgsiBwAmQxlYNkz6G6uQZK_0MUAxBJXB7ChVK98j5n8xWiR9yOmlsbxB9Za8FrPC_USh0OKrHp27jB4xXHIM1LXZJi5x3xnS1cziJQicoCWmer_1cm_VE5jzXNNJdJOboyVHtpGoMoKqSciJZmqkuqOrb4D2UxxaIYre5CCqFLW-_9GQen68NcJdbOD-_o-UUB_yAefYn5teE1jH4nIjU7AYeFEuVg', 'Content-Type': 'application/json'} 
 body=None 
 </msg>
<msg timestamp="20201005 09:30:32.491" level="INFO">GET Response : url=https://api-dev.medvantxos.com/api/v1.0/patient/743a85b1-07eb-4be3-87e5-6775e61bda74/prescription/c98ea127-0494-4934-a952-1c9f286b5632 
 status=200, reason= 
 body={"prescriptionNumber":"84828","drugNdc":"00002050101","drugDisplayName":"NEBCIN PED 10 MG/ML VIAL                                    ","quantityWritten":"1.0","quantityRemaining":"1.0","doctorNpi":"5955","doctorName":"MARK GROSSMAN","doctorAddress":"5767 W CENTURY BLVD STE 200 ","doctorCity":"LOS ANGELES","doctorState":"CA","doctorZip":"90045  ","doctorPhone":"8287172   ","prescriptionExpirationDate":"Mon Sep 27 14:48:39 GMT 2021","prescriptionNextRefillDate":"","prescriptionLastFilledDate":"","dose":1,"instructions":"DummySignText","id":"c98ea127-0494-4934-a952-1c9f286b5632"} 
 </msg>
<msg timestamp="20201005 09:30:32.491" level="INFO">/Users/amit/PycharmProjects/Medic/venv/lib/python3.7/site-packages/urllib3/connectionpool.py:988: InsecureRequestWarning: Unverified HTTPS request is being made to host 'api-dev.medvantxos.com'. Adding certificate verification is strongly advised. See: https://urllib3.readthedocs.io/en/latest/advanced-usage.html#ssl-warnings
  InsecureRequestWarning,</msg>
<msg timestamp="20201005 09:30:32.492" level="INFO">${response} = &lt;Response [200]&gt;</msg>
<status status="PASS" starttime="20201005 09:30:31.139" endtime="20201005 09:30:32.492"></status>
</kw>
<kw name="Verify the Response" library="operations_keywords">
<arguments>
<arg>${response}</arg>
<arg>200</arg>
</arguments>
<kw name="Log" library="BuiltIn">
<doc>Logs the given message with the given level.</doc>
<arguments>
<arg>Response code is : ${response.status_code}</arg>
</arguments>
<msg timestamp="20201005 09:30:32.504" level="INFO">Response code is : 200</msg>
<status status="PASS" starttime="20201005 09:30:32.493" endtime="20201005 09:30:32.504"></status>
</kw>
<kw name="Should Be Equal As Strings" library="BuiltIn">
<doc>Fails if objects are unequal after converting them to strings.</doc>
<arguments>
<arg>${response.status_code}</arg>
<arg>${resp_status}</arg>
</arguments>
<msg timestamp="20201005 09:30:32.505" level="INFO">Argument types are:
&lt;class 'int'&gt;
&lt;type 'unicode'&gt;</msg>
<status status="PASS" starttime="20201005 09:30:32.504" endtime="20201005 09:30:32.505"></status>
</kw>
<kw name="Log" library="BuiltIn">
<doc>Logs the given message with the given level.</doc>
<arguments>
<arg>Response body is : ${response.text}</arg>
</arguments>
<msg timestamp="20201005 09:30:32.505" level="INFO">Response body is : {"prescriptionNumber":"84828","drugNdc":"00002050101","drugDisplayName":"NEBCIN PED 10 MG/ML VIAL                                    ","quantityWritten":"1.0","quantityRemaining":"1.0","doctorNpi":"5955","doctorName":"MARK GROSSMAN","doctorAddress":"5767 W CENTURY BLVD STE 200 ","doctorCity":"LOS ANGELES","doctorState":"CA","doctorZip":"90045  ","doctorPhone":"8287172   ","prescriptionExpirationDate":"Mon Sep 27 14:48:39 GMT 2021","prescriptionNextRefillDate":"","prescriptionLastFilledDate":"","dose":1,"instructions":"DummySignText","id":"c98ea127-0494-4934-a952-1c9f286b5632"}</msg>
<status status="PASS" starttime="20201005 09:30:32.505" endtime="20201005 09:30:32.505"></status>
</kw>
<status status="PASS" starttime="20201005 09:30:32.492" endtime="20201005 09:30:32.505"></status>
</kw>
<kw name="Get Resource ID" library="operations_keywords">
<arguments>
<arg>${response}</arg>
</arguments>
<assign>
<var>${prescription_specific_id}</var>
</assign>
<kw name="Evaluate" library="BuiltIn">
<doc>Evaluates the given expression in Python and returns the result.</doc>
<arguments>
<arg>$response.json()</arg>
</arguments>
<assign>
<var>${resource_details}</var>
</assign>
<msg timestamp="20201005 09:30:32.506" level="INFO">${resource_details} = {'prescriptionNumber': '84828', 'drugNdc': '00002050101', 'drugDisplayName': 'NEBCIN PED 10 MG/ML VIAL                                    ', 'quantityWritten': '1.0', 'quantityRemaining': '1.0', 'doct...</msg>
<status status="PASS" starttime="20201005 09:30:32.506" endtime="20201005 09:30:32.506"></status>
</kw>
<kw name="Set Variable" library="BuiltIn">
<doc>Returns the given values which can then be assigned to a variables.</doc>
<arguments>
<arg>${resource_details["id"]}</arg>
</arguments>
<assign>
<var>${resource_id}</var>
</assign>
<msg timestamp="20201005 09:30:32.507" level="INFO">${resource_id} = c98ea127-0494-4934-a952-1c9f286b5632</msg>
<status status="PASS" starttime="20201005 09:30:32.506" endtime="20201005 09:30:32.507"></status>
</kw>
<kw name="Return From Keyword" library="BuiltIn">
<doc>Returns from the enclosing user keyword.</doc>
<arguments>
<arg>${resource_id}</arg>
</arguments>
<msg timestamp="20201005 09:30:32.507" level="INFO">Returning from the enclosing user keyword.</msg>
<status status="PASS" starttime="20201005 09:30:32.507" endtime="20201005 09:30:32.507"></status>
</kw>
<msg timestamp="20201005 09:30:32.507" level="INFO">${prescription_specific_id} = c98ea127-0494-4934-a952-1c9f286b5632</msg>
<status status="PASS" starttime="20201005 09:30:32.505" endtime="20201005 09:30:32.507"></status>
</kw>
<kw name="Should Be Equal" library="BuiltIn">
<doc>Fails if the given objects are unequal.</doc>
<arguments>
<arg>${prescription_id}</arg>
<arg>${prescription_specific_id}</arg>
</arguments>
<status status="PASS" starttime="20201005 09:30:32.508" endtime="20201005 09:30:32.508"></status>
</kw>
<tags>
<tag>PatientOrder</tag>
<tag>sanity</tag>
</tags>
<status status="PASS" starttime="20201005 09:30:31.136" endtime="20201005 09:30:32.508" critical="yes"></status>
</test>
<test id="s1-t3" name="TC_003 : [GET] Verify Shipping Id list exist(No Auth)">
<kw name="Create Session" library="RequestsLibrary">
<doc>Create Session: create a HTTP session to a server</doc>
<arguments>
<arg>GetShipping</arg>
<arg>${Base_URL}</arg>
</arguments>
<msg timestamp="20201005 09:30:32.511" level="INFO">Creating Session using : alias=GetShipping, url=https://api-dev.medvantxos.com/api/v1.0, headers={},                     cookies={}, auth=None, timeout=None, proxies=None, verify=False,                     debug=0 </msg>
<status status="PASS" starttime="20201005 09:30:32.509" endtime="20201005 09:30:32.512"></status>
</kw>
<kw name="Compose URL" library="operations_keywords">
<arguments>
<arg>/shippingmethod</arg>
</arguments>
<assign>
<var>${uri}</var>
</assign>
<kw name="Catenate" library="BuiltIn">
<doc>Catenates the given items together and returns the resulted string.</doc>
<arguments>
<arg>SEPARATOR=/</arg>
<arg>@{args}</arg>
</arguments>
<assign>
<var>${uri}</var>
</assign>
<msg timestamp="20201005 09:30:32.514" level="INFO">${uri} = /shippingmethod</msg>
<status status="PASS" starttime="20201005 09:30:32.513" endtime="20201005 09:30:32.514"></status>
</kw>
<kw name="Return From Keyword" library="BuiltIn">
<doc>Returns from the enclosing user keyword.</doc>
<arguments>
<arg>${uri}</arg>
</arguments>
<msg timestamp="20201005 09:30:32.514" level="INFO">Returning from the enclosing user keyword.</msg>
<status status="PASS" starttime="20201005 09:30:32.514" endtime="20201005 09:30:32.514"></status>
</kw>
<msg timestamp="20201005 09:30:32.514" level="INFO">${uri} = /shippingmethod</msg>
<status status="PASS" starttime="20201005 09:30:32.513" endtime="20201005 09:30:32.514"></status>
</kw>
<kw name="Get Request" library="RequestsLibrary">
<doc>Send a GET request on the session object found using the
given `alias`</doc>
<arguments>
<arg>GetShipping</arg>
<arg>${uri}</arg>
</arguments>
<assign>
<var>${response}</var>
</assign>
<msg timestamp="20201005 09:30:33.923" level="INFO">GET Request : url=https://api-dev.medvantxos.com/api/v1.0/shippingmethod 
 path_url=/api/v1.0/shippingmethod 
 headers={'User-Agent': 'python-requests/2.24.0', 'Accept-Encoding': 'gzip, deflate', 'Accept': '*/*', 'Connection': 'keep-alive'} 
 body=None 
 </msg>
<msg timestamp="20201005 09:30:33.923" level="INFO">GET Response : url=https://api-dev.medvantxos.com/api/v1.0/shippingmethod 
 status=200, reason= 
 body=[{"shippingVendor":"UPS","minDays":1,"maxDays":1,"minCost":30.0,"maxCost":30.0,"extraOption":false,"grxShippingId":1001,"id":"04ad4aa5-bfa8-490d-b849-d0ce607bddfa"},{"shippingVendor":"UPS","minDays":2,"maxDays":2,"minCost":20.0,"maxCost":20.0,"extraOption":true,"grxShippingId":1006,"id":"515e569d-8510-4ebb-a56e-0279e928cda0"},{"shippingVendor":"UPS","minDays":3,"maxDays":3,"minCost":15.0,"maxCost":15.0,"extraOption":true,"grxShippingId":1011,"id":"aab0e686-ec15-49d5-9f68-9c1de320e448"}] 
 </msg>
<msg timestamp="20201005 09:30:33.923" level="INFO">/Users/amit/PycharmProjects/Medic/venv/lib/python3.7/site-packages/urllib3/connectionpool.py:988: InsecureRequestWarning: Unverified HTTPS request is being made to host 'api-dev.medvantxos.com'. Adding certificate verification is strongly advised. See: https://urllib3.readthedocs.io/en/latest/advanced-usage.html#ssl-warnings
  InsecureRequestWarning,</msg>
<msg timestamp="20201005 09:30:33.924" level="INFO">${response} = &lt;Response [200]&gt;</msg>
<status status="PASS" starttime="20201005 09:30:32.515" endtime="20201005 09:30:33.924"></status>
</kw>
<kw name="Verify the Response" library="operations_keywords">
<arguments>
<arg>${response}</arg>
<arg>200</arg>
</arguments>
<kw name="Log" library="BuiltIn">
<doc>Logs the given message with the given level.</doc>
<arguments>
<arg>Response code is : ${response.status_code}</arg>
</arguments>
<msg timestamp="20201005 09:30:33.925" level="INFO">Response code is : 200</msg>
<status status="PASS" starttime="20201005 09:30:33.925" endtime="20201005 09:30:33.925"></status>
</kw>
<kw name="Should Be Equal As Strings" library="BuiltIn">
<doc>Fails if objects are unequal after converting them to strings.</doc>
<arguments>
<arg>${response.status_code}</arg>
<arg>${resp_status}</arg>
</arguments>
<msg timestamp="20201005 09:30:33.926" level="INFO">Argument types are:
&lt;class 'int'&gt;
&lt;type 'unicode'&gt;</msg>
<status status="PASS" starttime="20201005 09:30:33.925" endtime="20201005 09:30:33.926"></status>
</kw>
<kw name="Log" library="BuiltIn">
<doc>Logs the given message with the given level.</doc>
<arguments>
<arg>Response body is : ${response.text}</arg>
</arguments>
<msg timestamp="20201005 09:30:33.926" level="INFO">Response body is : [{"shippingVendor":"UPS","minDays":1,"maxDays":1,"minCost":30.0,"maxCost":30.0,"extraOption":false,"grxShippingId":1001,"id":"04ad4aa5-bfa8-490d-b849-d0ce607bddfa"},{"shippingVendor":"UPS","minDays":2,"maxDays":2,"minCost":20.0,"maxCost":20.0,"extraOption":true,"grxShippingId":1006,"id":"515e569d-8510-4ebb-a56e-0279e928cda0"},{"shippingVendor":"UPS","minDays":3,"maxDays":3,"minCost":15.0,"maxCost":15.0,"extraOption":true,"grxShippingId":1011,"id":"aab0e686-ec15-49d5-9f68-9c1de320e448"}]</msg>
<status status="PASS" starttime="20201005 09:30:33.926" endtime="20201005 09:30:33.927"></status>
</kw>
<status status="PASS" starttime="20201005 09:30:33.924" endtime="20201005 09:30:33.927"></status>
</kw>
<kw name="Get First Resource ID from List" library="operations_keywords">
<arguments>
<arg>${response}</arg>
</arguments>
<assign>
<var>${shipping_id}</var>
</assign>
<kw name="Evaluate" library="BuiltIn">
<doc>Evaluates the given expression in Python and returns the result.</doc>
<arguments>
<arg>$list_response.json()</arg>
</arguments>
<assign>
<var>${resource_details}</var>
</assign>
<msg timestamp="20201005 09:30:33.928" level="INFO">${resource_details} = [{'shippingVendor': 'UPS', 'minDays': 1, 'maxDays': 1, 'minCost': 30.0, 'maxCost': 30.0, 'extraOption': False, 'grxShippingId': 1001, 'id': '04ad4aa5-bfa8-490d-b849-d0ce607bddfa'}, {'shippingVendor': ...</msg>
<status status="PASS" starttime="20201005 09:30:33.928" endtime="20201005 09:30:33.928"></status>
</kw>
<kw name="Set Variable" library="BuiltIn">
<doc>Returns the given values which can then be assigned to a variables.</doc>
<arguments>
<arg>${resource_details[0]["id"]}</arg>
</arguments>
<assign>
<var>${resource_id}</var>
</assign>
<msg timestamp="20201005 09:30:33.929" level="INFO">${resource_id} = 04ad4aa5-bfa8-490d-b849-d0ce607bddfa</msg>
<status status="PASS" starttime="20201005 09:30:33.928" endtime="20201005 09:30:33.929"></status>
</kw>
<kw name="Return From Keyword" library="BuiltIn">
<doc>Returns from the enclosing user keyword.</doc>
<arguments>
<arg>${resource_id}</arg>
</arguments>
<msg timestamp="20201005 09:30:33.929" level="INFO">Returning from the enclosing user keyword.</msg>
<status status="PASS" starttime="20201005 09:30:33.929" endtime="20201005 09:30:33.929"></status>
</kw>
<msg timestamp="20201005 09:30:33.929" level="INFO">${shipping_id} = 04ad4aa5-bfa8-490d-b849-d0ce607bddfa</msg>
<status status="PASS" starttime="20201005 09:30:33.927" endtime="20201005 09:30:33.929"></status>
</kw>
<kw name="Set Suite Variable" library="BuiltIn">
<doc>Makes a variable available everywhere within the scope of the current suite.</doc>
<arguments>
<arg>${shipping_id}</arg>
</arguments>
<msg timestamp="20201005 09:30:33.930" level="INFO">${shipping_id} = 04ad4aa5-bfa8-490d-b849-d0ce607bddfa</msg>
<status status="PASS" starttime="20201005 09:30:33.930" endtime="20201005 09:30:33.930"></status>
</kw>
<tags>
<tag>PatientOrder</tag>
<tag>sanity</tag>
</tags>
<status status="PASS" starttime="20201005 09:30:32.509" endtime="20201005 09:30:33.930" critical="yes"></status>
</test>
<test id="s1-t4" name="TC_004 : [POST] Create a New Order for a Patient">
<kw name="Create Session" library="RequestsLibrary">
<doc>Create Session: create a HTTP session to a server</doc>
<arguments>
<arg>NewOrder</arg>
<arg>${Base_URL}</arg>
</arguments>
<msg timestamp="20201005 09:30:33.932" level="INFO">Creating Session using : alias=NewOrder, url=https://api-dev.medvantxos.com/api/v1.0, headers={},                     cookies={}, auth=None, timeout=None, proxies=None, verify=False,                     debug=0 </msg>
<status status="PASS" starttime="20201005 09:30:33.931" endtime="20201005 09:30:33.932"></status>
</kw>
<kw name="Compose URL" library="operations_keywords">
<arguments>
<arg>/patient</arg>
<arg>${patient_uuid}</arg>
<arg>order</arg>
<arg>f0ea2533-b599-4fc8-b303-f3ca0e4f8ae6</arg>
</arguments>
<assign>
<var>${uri}</var>
</assign>
<kw name="Catenate" library="BuiltIn">
<doc>Catenates the given items together and returns the resulted string.</doc>
<arguments>
<arg>SEPARATOR=/</arg>
<arg>@{args}</arg>
</arguments>
<assign>
<var>${uri}</var>
</assign>
<msg timestamp="20201005 09:30:33.933" level="INFO">${uri} = /patient/743a85b1-07eb-4be3-87e5-6775e61bda74/order/f0ea2533-b599-4fc8-b303-f3ca0e4f8ae6</msg>
<status status="PASS" starttime="20201005 09:30:33.933" endtime="20201005 09:30:33.933"></status>
</kw>
<kw name="Return From Keyword" library="BuiltIn">
<doc>Returns from the enclosing user keyword.</doc>
<arguments>
<arg>${uri}</arg>
</arguments>
<msg timestamp="20201005 09:30:33.933" level="INFO">Returning from the enclosing user keyword.</msg>
<status status="PASS" starttime="20201005 09:30:33.933" endtime="20201005 09:30:33.933"></status>
</kw>
<msg timestamp="20201005 09:30:33.933" level="INFO">${uri} = /patient/743a85b1-07eb-4be3-87e5-6775e61bda74/order/f0ea2533-b599-4fc8-b303-f3ca0e4f8ae6</msg>
<status status="PASS" starttime="20201005 09:30:33.932" endtime="20201005 09:30:33.933"></status>
</kw>
<kw name="Build Request Paylod for Order">
<arguments>
<arg>create_order.json</arg>
</arguments>
<assign>
<var>${input_data}</var>
</assign>
<kw name="Get Data from file" library="operations_keywords">
<arguments>
<arg>${json_path}${filename}</arg>
</arguments>
<assign>
<var>${payload_object}</var>
</assign>
<kw name="Get File" library="OperatingSystem">
<doc>Returns the contents of a specified file.</doc>
<arguments>
<arg>${filepath}</arg>
</arguments>
<assign>
<var>${file_data}</var>
</assign>
<msg timestamp="20201005 09:30:33.935" level="INFO" html="yes">Getting file '&lt;a href="file:///Users/amit/PycharmProjects/Medic/test_data/create_order.json"&gt;/Users/amit/PycharmProjects/Medic/test_data/create_order.json&lt;/a&gt;'.</msg>
<msg timestamp="20201005 09:30:33.937" level="INFO">${file_data} = {
        "shipToFirstName": "David",
        "shipToLastName": "Finch",
        "shipToAddress": "1901 West Madison Street",
        "methodOfShipment": "STANDARD",
        "shipToAddress2": " ",
   ...</msg>
<status status="PASS" starttime="20201005 09:30:33.934" endtime="20201005 09:30:33.937"></status>
</kw>
<kw name="Evaluate" library="BuiltIn">
<doc>Evaluates the given expression in Python and returns the result.</doc>
<arguments>
<arg>json.loads('''${file_data}''')</arg>
<arg>json</arg>
</arguments>
<assign>
<var>${file_object}</var>
</assign>
<msg timestamp="20201005 09:30:33.941" level="INFO">${file_object} = {'shipToFirstName': 'David', 'shipToLastName': 'Finch', 'shipToAddress': '1901 West Madison Street', 'methodOfShipment': 'STANDARD', 'shipToAddress2': ' ', 'shipToCity': 'Chicago', 'shipToStateCode': ...</msg>
<status status="PASS" starttime="20201005 09:30:33.937" endtime="20201005 09:30:33.941"></status>
</kw>
<kw name="Return From Keyword" library="BuiltIn">
<doc>Returns from the enclosing user keyword.</doc>
<arguments>
<arg>${file_object}</arg>
</arguments>
<msg timestamp="20201005 09:30:33.941" level="INFO">Returning from the enclosing user keyword.</msg>
<status status="PASS" starttime="20201005 09:30:33.941" endtime="20201005 09:30:33.941"></status>
</kw>
<msg timestamp="20201005 09:30:33.942" level="INFO">${payload_object} = {'shipToFirstName': 'David', 'shipToLastName': 'Finch', 'shipToAddress': '1901 West Madison Street', 'methodOfShipment': 'STANDARD', 'shipToAddress2': ' ', 'shipToCity': 'Chicago', 'shipToStateCode': ...</msg>
<status status="PASS" starttime="20201005 09:30:33.934" endtime="20201005 09:30:33.942"></status>
</kw>
<kw name="Create List" library="BuiltIn">
<doc>Returns a list containing given items.</doc>
<assign>
<var>${orderLine}</var>
</assign>
<msg timestamp="20201005 09:30:33.943" level="INFO">${orderLine} = []</msg>
<status status="PASS" starttime="20201005 09:30:33.942" endtime="20201005 09:30:33.943"></status>
</kw>
<kw name="Create Dictionary" library="BuiltIn">
<doc>Creates and returns a dictionary based on the given ``items``.</doc>
<arguments>
<arg>prescriptionId</arg>
<arg>${prescription_id}</arg>
<arg>shippingMethodId</arg>
<arg>${shipping_id}</arg>
<arg>qtyOrdered</arg>
<arg>${2}</arg>
</arguments>
<assign>
<var>${orderLine_item}</var>
</assign>
<msg timestamp="20201005 09:30:33.945" level="INFO">${orderLine_item} = {'prescriptionId': 'c98ea127-0494-4934-a952-1c9f286b5632', 'shippingMethodId': '04ad4aa5-bfa8-490d-b849-d0ce607bddfa', 'qtyOrdered': 2}</msg>
<status status="PASS" starttime="20201005 09:30:33.943" endtime="20201005 09:30:33.945"></status>
</kw>
<kw name="Append To List" library="Collections">
<doc>Adds ``values`` to the end of ``list``.</doc>
<arguments>
<arg>${orderLine}</arg>
<arg>${orderLine_item}</arg>
</arguments>
<status status="PASS" starttime="20201005 09:30:33.945" endtime="20201005 09:30:33.945"></status>
</kw>
<kw name="Set To Dictionary" library="Collections">
<doc>Adds the given ``key_value_pairs`` and ``items`` to the ``dictionary``.</doc>
<arguments>
<arg>${payload_object}</arg>
<arg>orderLine=${orderLine}</arg>
</arguments>
<status status="PASS" starttime="20201005 09:30:33.946" endtime="20201005 09:30:33.946"></status>
</kw>
<kw name="Get Patient details">
<arguments>
<arg>${patient_uuid}</arg>
</arguments>
<assign>
<var>${patient_details}</var>
</assign>
<kw name="Create Session" library="RequestsLibrary">
<doc>Create Session: create a HTTP session to a server</doc>
<arguments>
<arg>GetPatientDetail</arg>
<arg>${Base_URL}</arg>
</arguments>
<msg timestamp="20201005 09:30:33.947" level="INFO">Creating Session using : alias=GetPatientDetail, url=https://api-dev.medvantxos.com/api/v1.0, headers={},                     cookies={}, auth=None, timeout=None, proxies=None, verify=False,                     debug=0 </msg>
<status status="PASS" starttime="20201005 09:30:33.947" endtime="20201005 09:30:33.948"></status>
</kw>
<kw name="Compose URL" library="operations_keywords">
<arguments>
<arg>/patient</arg>
<arg>${patient_uuid}</arg>
</arguments>
<assign>
<var>${uri}</var>
</assign>
<kw name="Catenate" library="BuiltIn">
<doc>Catenates the given items together and returns the resulted string.</doc>
<arguments>
<arg>SEPARATOR=/</arg>
<arg>@{args}</arg>
</arguments>
<assign>
<var>${uri}</var>
</assign>
<msg timestamp="20201005 09:30:33.948" level="INFO">${uri} = /patient/743a85b1-07eb-4be3-87e5-6775e61bda74</msg>
<status status="PASS" starttime="20201005 09:30:33.948" endtime="20201005 09:30:33.948"></status>
</kw>
<kw name="Return From Keyword" library="BuiltIn">
<doc>Returns from the enclosing user keyword.</doc>
<arguments>
<arg>${uri}</arg>
</arguments>
<msg timestamp="20201005 09:30:33.949" level="INFO">Returning from the enclosing user keyword.</msg>
<status status="PASS" starttime="20201005 09:30:33.949" endtime="20201005 09:30:33.949"></status>
</kw>
<msg timestamp="20201005 09:30:33.949" level="INFO">${uri} = /patient/743a85b1-07eb-4be3-87e5-6775e61bda74</msg>
<status status="PASS" starttime="20201005 09:30:33.948" endtime="20201005 09:30:33.949"></status>
</kw>
<kw name="Get Request" library="RequestsLibrary">
<doc>Send a GET request on the session object found using the
given `alias`</doc>
<arguments>
<arg>GetPatientDetail</arg>
<arg>${uri}</arg>
<arg>headers=${HEADER}</arg>
</arguments>
<assign>
<var>${response}</var>
</assign>
<msg timestamp="20201005 09:30:35.154" level="INFO">GET Request : url=https://api-dev.medvantxos.com/api/v1.0/patient/743a85b1-07eb-4be3-87e5-6775e61bda74 
 path_url=/api/v1.0/patient/743a85b1-07eb-4be3-87e5-6775e61bda74 
 headers={'User-Agent': 'python-requests/2.24.0', 'Accept-Encoding': 'gzip, deflate', 'Accept': '*/*', 'Connection': 'keep-alive', 'Authorization': 'Bearer eyJhbGciOiJSUzI1NiIsInR5cCIgOiAiSldUIiwia2lkIiA6ICJQcU83QXJPVXBDeHB4WjVEcl9palFFX2pMZk55Q1ZYeHlXbVlTWnptcHQ4In0.eyJleHAiOjE2MDE4NzQyMTQsImlhdCI6MTYwMTg3MDYxNCwianRpIjoiM2ZlMTg5OGEtYmIwZi00NjQ2LTkyZTAtM2FmYTcwMDQyODQ0IiwiaXNzIjoiaHR0cDovL2tleWNsb2FrLXN2Yy9hdXRoL3JlYWxtcy9tZWR2YW50eCIsImF1ZCI6ImFjY291bnQiLCJzdWIiOiI3NDNhODViMS0wN2ViLTRiZTMtODdlNS02Nzc1ZTYxYmRhNzQiLCJ0eXAiOiJCZWFyZXIiLCJhenAiOiJhZG1pbi1jbGkiLCJzZXNzaW9uX3N0YXRlIjoiZDE4ZmE4YjYtYTM3Yi00MTE0LWEwOTQtMTA3ZGNhYTRkYWNlIiwiYWNyIjoiMSIsInJlYWxtX2FjY2VzcyI6eyJyb2xlcyI6WyJvZmZsaW5lX2FjY2VzcyIsInVtYV9hdXRob3JpemF0aW9uIl19LCJyZXNvdXJjZV9hY2Nlc3MiOnsiYWNjb3VudCI6eyJyb2xlcyI6WyJtYW5hZ2UtYWNjb3VudCIsIm1hbmFnZS1hY2NvdW50LWxpbmtzIiwidmlldy1wcm9maWxlIl19fSwic2NvcGUiOiJwcm9maWxlIGVtYWlsIiwiZW1haWxfdmVyaWZpZWQiOmZhbHNlLCJuYW1lIjoiRGF2aWQgRmluY2giLCJwcmVmZXJyZWRfdXNlcm5hbWUiOiJtYXJrbG91czY0M0BnbWFpbC5jb20iLCJnaXZlbl9uYW1lIjoiRGF2aWQiLCJmYW1pbHlfbmFtZSI6IkZpbmNoIiwiZW1haWwiOiJtYXJrbG91czY0M0BnbWFpbC5jb20ifQ.TyRrKwftfyR2XopSfe5Q933hE8G_iPaYtjcp6vy8L6iJrQ20OK9M6LXUCR5IWOQ0BzctA_ALcxmJLz5S9_5h0nn1OQOJPWZdRS-OBJLUoE31ObOWTNJVRPghfgsiBwAmQxlYNkz6G6uQZK_0MUAxBJXB7ChVK98j5n8xWiR9yOmlsbxB9Za8FrPC_USh0OKrHp27jB4xXHIM1LXZJi5x3xnS1cziJQicoCWmer_1cm_VE5jzXNNJdJOboyVHtpGoMoKqSciJZmqkuqOrb4D2UxxaIYre5CCqFLW-_9GQen68NcJdbOD-_o-UUB_yAefYn5teE1jH4nIjU7AYeFEuVg', 'Content-Type': 'application/json'} 
 body=None 
 </msg>
<msg timestamp="20201005 09:30:35.154" level="INFO">GET Response : url=https://api-dev.medvantxos.com/api/v1.0/patient/743a85b1-07eb-4be3-87e5-6775e61bda74 
 status=200, reason= 
 body={"firstName":"David","lastName":"Finch","dateOfBirth":"1992-12-30","zipCode":"60611","address1":"19 E Ohio St","address2":"Freehand Chicago","address3":null,"city":"","stateCode":"IL","primaryPhone":"9763550803","gender":"female","id":"743a85b1-07eb-4be3-87e5-6775e61bda74"} 
 </msg>
<msg timestamp="20201005 09:30:35.154" level="INFO">/Users/amit/PycharmProjects/Medic/venv/lib/python3.7/site-packages/urllib3/connectionpool.py:988: InsecureRequestWarning: Unverified HTTPS request is being made to host 'api-dev.medvantxos.com'. Adding certificate verification is strongly advised. See: https://urllib3.readthedocs.io/en/latest/advanced-usage.html#ssl-warnings
  InsecureRequestWarning,</msg>
<msg timestamp="20201005 09:30:35.154" level="INFO">${response} = &lt;Response [200]&gt;</msg>
<status status="PASS" starttime="20201005 09:30:33.949" endtime="20201005 09:30:35.154"></status>
</kw>
<kw name="Get Data from file" library="operations_keywords">
<arguments>
<arg>${json_path}patient_details.json</arg>
</arguments>
<assign>
<var>${input_data}</var>
</assign>
<kw name="Get File" library="OperatingSystem">
<doc>Returns the contents of a specified file.</doc>
<arguments>
<arg>${filepath}</arg>
</arguments>
<assign>
<var>${file_data}</var>
</assign>
<msg timestamp="20201005 09:30:35.156" level="INFO" html="yes">Getting file '&lt;a href="file:///Users/amit/PycharmProjects/Medic/test_data/patient_details.json"&gt;/Users/amit/PycharmProjects/Medic/test_data/patient_details.json&lt;/a&gt;'.</msg>
<msg timestamp="20201005 09:30:35.158" level="INFO">${file_data} = {
    "firstName": "ErSonal",
    "lastName": "ErRajbhoj",
    "dateOfBirth": "1985-02-01",
    "zipCode": "60611",
    "address1": "19 E Ohio St",
    "address2": "Freehand Chicago",
    "address3": ...</msg>
<status status="PASS" starttime="20201005 09:30:35.155" endtime="20201005 09:30:35.158"></status>
</kw>
<kw name="Evaluate" library="BuiltIn">
<doc>Evaluates the given expression in Python and returns the result.</doc>
<arguments>
<arg>json.loads('''${file_data}''')</arg>
<arg>json</arg>
</arguments>
<assign>
<var>${file_object}</var>
</assign>
<msg timestamp="20201005 09:30:35.159" level="INFO">${file_object} = {'firstName': 'ErSonal', 'lastName': 'ErRajbhoj', 'dateOfBirth': '1985-02-01', 'zipCode': '60611', 'address1': '19 E Ohio St', 'address2': 'Freehand Chicago', 'address3': None, 'city': '', 'stateCode'...</msg>
<status status="PASS" starttime="20201005 09:30:35.158" endtime="20201005 09:30:35.159"></status>
</kw>
<kw name="Return From Keyword" library="BuiltIn">
<doc>Returns from the enclosing user keyword.</doc>
<arguments>
<arg>${file_object}</arg>
</arguments>
<msg timestamp="20201005 09:30:35.160" level="INFO">Returning from the enclosing user keyword.</msg>
<status status="PASS" starttime="20201005 09:30:35.159" endtime="20201005 09:30:35.160"></status>
</kw>
<msg timestamp="20201005 09:30:35.160" level="INFO">${input_data} = {'firstName': 'ErSonal', 'lastName': 'ErRajbhoj', 'dateOfBirth': '1985-02-01', 'zipCode': '60611', 'address1': '19 E Ohio St', 'address2': 'Freehand Chicago', 'address3': None, 'city': '', 'stateCode'...</msg>
<status status="PASS" starttime="20201005 09:30:35.155" endtime="20201005 09:30:35.160"></status>
</kw>
<kw name="Verify the Response" library="operations_keywords">
<arguments>
<arg>${response}</arg>
<arg>200</arg>
</arguments>
<kw name="Log" library="BuiltIn">
<doc>Logs the given message with the given level.</doc>
<arguments>
<arg>Response code is : ${response.status_code}</arg>
</arguments>
<msg timestamp="20201005 09:30:35.161" level="INFO">Response code is : 200</msg>
<status status="PASS" starttime="20201005 09:30:35.161" endtime="20201005 09:30:35.161"></status>
</kw>
<kw name="Should Be Equal As Strings" library="BuiltIn">
<doc>Fails if objects are unequal after converting them to strings.</doc>
<arguments>
<arg>${response.status_code}</arg>
<arg>${resp_status}</arg>
</arguments>
<msg timestamp="20201005 09:30:35.162" level="INFO">Argument types are:
&lt;class 'int'&gt;
&lt;type 'unicode'&gt;</msg>
<status status="PASS" starttime="20201005 09:30:35.161" endtime="20201005 09:30:35.162"></status>
</kw>
<kw name="Log" library="BuiltIn">
<doc>Logs the given message with the given level.</doc>
<arguments>
<arg>Response body is : ${response.text}</arg>
</arguments>
<msg timestamp="20201005 09:30:35.162" level="INFO">Response body is : {"firstName":"David","lastName":"Finch","dateOfBirth":"1992-12-30","zipCode":"60611","address1":"19 E Ohio St","address2":"Freehand Chicago","address3":null,"city":"","stateCode":"IL","primaryPhone":"9763550803","gender":"female","id":"743a85b1-07eb-4be3-87e5-6775e61bda74"}</msg>
<status status="PASS" starttime="20201005 09:30:35.162" endtime="20201005 09:30:35.162"></status>
</kw>
<status status="PASS" starttime="20201005 09:30:35.160" endtime="20201005 09:30:35.162"></status>
</kw>
<kw name="Return From Keyword" library="BuiltIn">
<doc>Returns from the enclosing user keyword.</doc>
<arguments>
<arg>${response.json()}</arg>
</arguments>
<msg timestamp="20201005 09:30:35.163" level="INFO">Returning from the enclosing user keyword.</msg>
<status status="PASS" starttime="20201005 09:30:35.163" endtime="20201005 09:30:35.163"></status>
</kw>
<msg timestamp="20201005 09:30:35.163" level="INFO">${patient_details} = {'firstName': 'David', 'lastName': 'Finch', 'dateOfBirth': '1992-12-30', 'zipCode': '60611', 'address1': '19 E Ohio St', 'address2': 'Freehand Chicago', 'address3': None, 'city': '', 'stateCode': 'IL'...</msg>
<status status="PASS" starttime="20201005 09:30:33.946" endtime="20201005 09:30:35.163"></status>
</kw>
<kw name="Update Patient Address" library="HelperModule">
<doc>Add patient address details to the order payload
:param patient_details:
:param prescription_payload:
:return:</doc>
<arguments>
<arg>${patient_details}</arg>
<arg>${payload_object}</arg>
</arguments>
<assign>
<var>${payload}</var>
</assign>
<msg timestamp="20201005 09:30:35.164" level="INFO">${payload} = {'shipToFirstName': 'David', 'shipToLastName': 'Finch', 'shipToAddress': '19 E Ohio St', 'methodOfShipment': 'STANDARD', 'shipToAddress2': 'Freehand Chicago', 'shipToCity': 'Chicago', 'shipToStateCode...</msg>
<status status="PASS" starttime="20201005 09:30:35.164" endtime="20201005 09:30:35.164"></status>
</kw>
<kw name="Return From Keyword" library="BuiltIn">
<doc>Returns from the enclosing user keyword.</doc>
<arguments>
<arg>${payload}</arg>
</arguments>
<msg timestamp="20201005 09:30:35.164" level="INFO">Returning from the enclosing user keyword.</msg>
<status status="PASS" starttime="20201005 09:30:35.164" endtime="20201005 09:30:35.165"></status>
</kw>
<msg timestamp="20201005 09:30:35.165" level="INFO">${input_data} = {'shipToFirstName': 'David', 'shipToLastName': 'Finch', 'shipToAddress': '19 E Ohio St', 'methodOfShipment': 'STANDARD', 'shipToAddress2': 'Freehand Chicago', 'shipToCity': 'Chicago', 'shipToStateCode...</msg>
<status status="PASS" starttime="20201005 09:30:33.934" endtime="20201005 09:30:35.165"></status>
</kw>
<kw name="Get Request" library="RequestsLibrary">
<doc>Send a GET request on the session object found using the
given `alias`</doc>
<arguments>
<arg>NewOrder</arg>
<arg>${uri}</arg>
<arg>headers=${HEADER}</arg>
</arguments>
<assign>
<var>${response}</var>
</assign>
<msg timestamp="20201005 09:30:36.384" level="INFO">GET Request : url=https://api-dev.medvantxos.com/api/v1.0/patient/743a85b1-07eb-4be3-87e5-6775e61bda74/order/f0ea2533-b599-4fc8-b303-f3ca0e4f8ae6 
 path_url=/api/v1.0/patient/743a85b1-07eb-4be3-87e5-6775e61bda74/order/f0ea2533-b599-4fc8-b303-f3ca0e4f8ae6 
 headers={'User-Agent': 'python-requests/2.24.0', 'Accept-Encoding': 'gzip, deflate', 'Accept': '*/*', 'Connection': 'keep-alive', 'Authorization': 'Bearer eyJhbGciOiJSUzI1NiIsInR5cCIgOiAiSldUIiwia2lkIiA6ICJQcU83QXJPVXBDeHB4WjVEcl9palFFX2pMZk55Q1ZYeHlXbVlTWnptcHQ4In0.eyJleHAiOjE2MDE4NzQyMTQsImlhdCI6MTYwMTg3MDYxNCwianRpIjoiM2ZlMTg5OGEtYmIwZi00NjQ2LTkyZTAtM2FmYTcwMDQyODQ0IiwiaXNzIjoiaHR0cDovL2tleWNsb2FrLXN2Yy9hdXRoL3JlYWxtcy9tZWR2YW50eCIsImF1ZCI6ImFjY291bnQiLCJzdWIiOiI3NDNhODViMS0wN2ViLTRiZTMtODdlNS02Nzc1ZTYxYmRhNzQiLCJ0eXAiOiJCZWFyZXIiLCJhenAiOiJhZG1pbi1jbGkiLCJzZXNzaW9uX3N0YXRlIjoiZDE4ZmE4YjYtYTM3Yi00MTE0LWEwOTQtMTA3ZGNhYTRkYWNlIiwiYWNyIjoiMSIsInJlYWxtX2FjY2VzcyI6eyJyb2xlcyI6WyJvZmZsaW5lX2FjY2VzcyIsInVtYV9hdXRob3JpemF0aW9uIl19LCJyZXNvdXJjZV9hY2Nlc3MiOnsiYWNjb3VudCI6eyJyb2xlcyI6WyJtYW5hZ2UtYWNjb3VudCIsIm1hbmFnZS1hY2NvdW50LWxpbmtzIiwidmlldy1wcm9maWxlIl19fSwic2NvcGUiOiJwcm9maWxlIGVtYWlsIiwiZW1haWxfdmVyaWZpZWQiOmZhbHNlLCJuYW1lIjoiRGF2aWQgRmluY2giLCJwcmVmZXJyZWRfdXNlcm5hbWUiOiJtYXJrbG91czY0M0BnbWFpbC5jb20iLCJnaXZlbl9uYW1lIjoiRGF2aWQiLCJmYW1pbHlfbmFtZSI6IkZpbmNoIiwiZW1haWwiOiJtYXJrbG91czY0M0BnbWFpbC5jb20ifQ.TyRrKwftfyR2XopSfe5Q933hE8G_iPaYtjcp6vy8L6iJrQ20OK9M6LXUCR5IWOQ0BzctA_ALcxmJLz5S9_5h0nn1OQOJPWZdRS-OBJLUoE31ObOWTNJVRPghfgsiBwAmQxlYNkz6G6uQZK_0MUAxBJXB7ChVK98j5n8xWiR9yOmlsbxB9Za8FrPC_USh0OKrHp27jB4xXHIM1LXZJi5x3xnS1cziJQicoCWmer_1cm_VE5jzXNNJdJOboyVHtpGoMoKqSciJZmqkuqOrb4D2UxxaIYre5CCqFLW-_9GQen68NcJdbOD-_o-UUB_yAefYn5teE1jH4nIjU7AYeFEuVg', 'Content-Type': 'application/json'} 
 body=None 
 </msg>
<msg timestamp="20201005 09:30:36.384" level="INFO">GET Response : url=https://api-dev.medvantxos.com/api/v1.0/patient/743a85b1-07eb-4be3-87e5-6775e61bda74/order/f0ea2533-b599-4fc8-b303-f3ca0e4f8ae6 
 status=200, reason= 
 body={"timeStamp":1601870622406,"patient_id":"743a85b1-07eb-4be3-87e5-6775e61bda74","orderNumber":"19156","orderStatusExternalDescription":"Web Refill in Progress","shipToFirstName":"David","shipToLastName":"Finch","shipToAddress":"19 E Ohio St","shipToAddress2":"Freehand Chicago","shipToCity":"Chicago","shipToStateCode":"IL","shipToZipCode":"60611","orderDate":1601870223484,"expectedDeliveryDate":1601956623484,"setQuotedShippingPrice":0.0,"orderLine":[{"prescriptionId":"c98ea127-0494-4934-a952-1c9f286b5632","qtyOrdered":2,"shippingMethodId":"04ad4aa5-bfa8-490d-b849-d0ce607bddfa"}],"shipAmount":20.0,"orderStatus":"Submitted","orderStatusInternal":"CREATED","prescriptions":[{"prescriptionNumber":"84828","drugNdc":"00002050101","drugDisplayName":"NEBCIN PED 10 MG/ML VIAL                                    ","quantityWritten":"1.0","quantityRemaining":"1.0","doctorNpi":"5955","doctorName":"MARK GROSSMAN","doctorAddress":"5767 W CENTURY BLVD STE 200 ","doctorCity":"LOS ANGELES","doctorState":"CA","doctorZip":"90045  ","doctorPhone":"8287172   ","prescriptionExpirationDate":"Mon Sep 27 14:48:39 GMT 2021","prescriptionNextRefillDate":"","prescriptionLastFilledDate":"","dose":1,"instructions":"DummySignText","id":"c98ea127-0494-4934-a952-1c9f286b5632"}],"id":"f0ea2533-b599-4fc8-b303-f3ca0e4f8ae6"} 
 </msg>
<msg timestamp="20201005 09:30:36.384" level="INFO">/Users/amit/PycharmProjects/Medic/venv/lib/python3.7/site-packages/urllib3/connectionpool.py:988: InsecureRequestWarning: Unverified HTTPS request is being made to host 'api-dev.medvantxos.com'. Adding certificate verification is strongly advised. See: https://urllib3.readthedocs.io/en/latest/advanced-usage.html#ssl-warnings
  InsecureRequestWarning,</msg>
<msg timestamp="20201005 09:30:36.384" level="INFO">${response} = &lt;Response [200]&gt;</msg>
<status status="PASS" starttime="20201005 09:30:35.166" endtime="20201005 09:30:36.384"></status>
</kw>
<kw name="Verify the Response" library="operations_keywords">
<arguments>
<arg>${response}</arg>
<arg>200</arg>
</arguments>
<kw name="Log" library="BuiltIn">
<doc>Logs the given message with the given level.</doc>
<arguments>
<arg>Response code is : ${response.status_code}</arg>
</arguments>
<msg timestamp="20201005 09:30:36.386" level="INFO">Response code is : 200</msg>
<status status="PASS" starttime="20201005 09:30:36.385" endtime="20201005 09:30:36.386"></status>
</kw>
<kw name="Should Be Equal As Strings" library="BuiltIn">
<doc>Fails if objects are unequal after converting them to strings.</doc>
<arguments>
<arg>${response.status_code}</arg>
<arg>${resp_status}</arg>
</arguments>
<msg timestamp="20201005 09:30:36.386" level="INFO">Argument types are:
&lt;class 'int'&gt;
&lt;type 'unicode'&gt;</msg>
<status status="PASS" starttime="20201005 09:30:36.386" endtime="20201005 09:30:36.386"></status>
</kw>
<kw name="Log" library="BuiltIn">
<doc>Logs the given message with the given level.</doc>
<arguments>
<arg>Response body is : ${response.text}</arg>
</arguments>
<msg timestamp="20201005 09:30:36.387" level="INFO">Response body is : {"timeStamp":1601870622406,"patient_id":"743a85b1-07eb-4be3-87e5-6775e61bda74","orderNumber":"19156","orderStatusExternalDescription":"Web Refill in Progress","shipToFirstName":"David","shipToLastName":"Finch","shipToAddress":"19 E Ohio St","shipToAddress2":"Freehand Chicago","shipToCity":"Chicago","shipToStateCode":"IL","shipToZipCode":"60611","orderDate":1601870223484,"expectedDeliveryDate":1601956623484,"setQuotedShippingPrice":0.0,"orderLine":[{"prescriptionId":"c98ea127-0494-4934-a952-1c9f286b5632","qtyOrdered":2,"shippingMethodId":"04ad4aa5-bfa8-490d-b849-d0ce607bddfa"}],"shipAmount":20.0,"orderStatus":"Submitted","orderStatusInternal":"CREATED","prescriptions":[{"prescriptionNumber":"84828","drugNdc":"00002050101","drugDisplayName":"NEBCIN PED 10 MG/ML VIAL                                    ","quantityWritten":"1.0","quantityRemaining":"1.0","doctorNpi":"5955","doctorName":"MARK GROSSMAN","doctorAddress":"5767 W CENTURY BLVD STE 200 ","doctorCity":"LOS ANGELES","doctorState":"CA","doctorZip":"90045  ","doctorPhone":"8287172   ","prescriptionExpirationDate":"Mon Sep 27 14:48:39 GMT 2021","prescriptionNextRefillDate":"","prescriptionLastFilledDate":"","dose":1,"instructions":"DummySignText","id":"c98ea127-0494-4934-a952-1c9f286b5632"}],"id":"f0ea2533-b599-4fc8-b303-f3ca0e4f8ae6"}</msg>
<status status="PASS" starttime="20201005 09:30:36.386" endtime="20201005 09:30:36.387"></status>
</kw>
<status status="PASS" starttime="20201005 09:30:36.385" endtime="20201005 09:30:36.387"></status>
</kw>
<kw name="Verify Precription Details in Order">
<arguments>
<arg>${response}</arg>
<arg>${input_data}</arg>
</arguments>
<kw name="Evaluate" library="BuiltIn">
<doc>Evaluates the given expression in Python and returns the result.</doc>
<arguments>
<arg>$response.json()</arg>
</arguments>
<assign>
<var>${order_details}</var>
</assign>
<msg timestamp="20201005 09:30:36.389" level="INFO">${order_details} = {'timeStamp': 1601870622406, 'patient_id': '743a85b1-07eb-4be3-87e5-6775e61bda74', 'orderNumber': '19156', 'orderStatusExternalDescription': 'Web Refill in Progress', 'shipToFirstName': 'David', 'ship...</msg>
<status status="PASS" starttime="20201005 09:30:36.388" endtime="20201005 09:30:36.389"></status>
</kw>
<kw name="Compare Dicts" library="HelperModule">
<arguments>
<arg>${order_details["prescriptions"][0]}</arg>
<arg>${pres_details}</arg>
<arg>False</arg>
</arguments>
<assign>
<var>${status}</var>
</assign>
<msg timestamp="20201005 09:30:36.391" level="INFO">The expected dictionary is {'prescriptionNumber': '84828', 'drugNdc': '00002050101', 'drugDisplayName': 'NEBCIN PED 10 MG/ML VIAL                                    ', 'quantityWritten': '1.0', 'quantityRemaining': '1.0', 'doctorNpi': '5955', 'doctorName': 'MARK GROSSMAN', 'doctorAddress': '5767 W CENTURY BLVD STE 200 ', 'doctorCity': 'LOS ANGELES', 'doctorState': 'CA', 'doctorZip': '90045  ', 'doctorPhone': '8287172   ', 'prescriptionExpirationDate': 'Mon Sep 27 14:48:39 GMT 2021', 'prescriptionNextRefillDate': '', 'prescriptionLastFilledDate': '', 'dose': 1, 'instructions': 'DummySignText', 'id': 'c98ea127-0494-4934-a952-1c9f286b5632'} 
</msg>
<msg timestamp="20201005 09:30:36.391" level="INFO">The actual dictionary is {'prescriptionNumber': '84828', 'drugNdc': '00002050101', 'drugDisplayName': 'NEBCIN PED 10 MG/ML VIAL                                    ', 'quantityWritten': '1.0', 'quantityRemaining': '1.0', 'doctorNpi': '5955', 'doctorName': 'MARK GROSSMAN', 'doctorAddress': '5767 W CENTURY BLVD STE 200 ', 'doctorCity': 'LOS ANGELES', 'doctorState': 'CA', 'doctorZip': '90045  ', 'doctorPhone': '8287172   ', 'prescriptionExpirationDate': 'Mon Sep 27 14:48:39 GMT 2021', 'prescriptionNextRefillDate': '', 'prescriptionLastFilledDate': '', 'dose': 1, 'instructions': 'DummySignText', 'id': 'c98ea127-0494-4934-a952-1c9f286b5632'} 
</msg>
<msg timestamp="20201005 09:30:36.396" level="INFO">PASS: Both the expected and actual dictionaries are same.</msg>
<msg timestamp="20201005 09:30:36.398" level="INFO">${status} = True</msg>
<status status="PASS" starttime="20201005 09:30:36.390" endtime="20201005 09:30:36.398"></status>
</kw>
<kw name="Should Be True" library="BuiltIn">
<doc>Fails if the given condition is not true.</doc>
<arguments>
<arg>${status}</arg>
</arguments>
<status status="PASS" starttime="20201005 09:30:36.398" endtime="20201005 09:30:36.399"></status>
</kw>
<status status="PASS" starttime="20201005 09:30:36.387" endtime="20201005 09:30:36.399"></status>
</kw>
<kw name="Verify Shipment Amount">
<arguments>
<arg>${response}</arg>
<arg>${input_data}</arg>
</arguments>
<kw name="Evaluate" library="BuiltIn">
<doc>Evaluates the given expression in Python and returns the result.</doc>
<arguments>
<arg>$response.json()</arg>
</arguments>
<assign>
<var>${resource_details}</var>
</assign>
<msg timestamp="20201005 09:30:36.400" level="INFO">${resource_details} = {'timeStamp': 1601870622406, 'patient_id': '743a85b1-07eb-4be3-87e5-6775e61bda74', 'orderNumber': '19156', 'orderStatusExternalDescription': 'Web Refill in Progress', 'shipToFirstName': 'David', 'ship...</msg>
<status status="PASS" starttime="20201005 09:30:36.400" endtime="20201005 09:30:36.400"></status>
</kw>
<kw name="Get Drug Price" library="api_resources_keywords">
<arguments>
<arg>${Base_URL}</arg>
<arg>${drug["ndc_rxrequest"]}</arg>
<arg>${site}</arg>
</arguments>
<assign>
<var>${drug_price}</var>
</assign>
<kw name="Get Site Id" library="api_resources_keywords">
<arguments>
<arg>${Base_URL}</arg>
<arg>${site_domain}</arg>
</arguments>
<assign>
<var>${site_uuid}</var>
</assign>
<kw name="Create Session" library="RequestsLibrary">
<doc>Create Session: create a HTTP session to a server</doc>
<arguments>
<arg>GetSiteNoAuth</arg>
<arg>${Base_URL}</arg>
</arguments>
<msg timestamp="20201005 09:30:36.402" level="INFO">Creating Session using : alias=GetSiteNoAuth, url=https://api-dev.medvantxos.com/api/v1.0, headers={},                     cookies={}, auth=None, timeout=None, proxies=None, verify=False,                     debug=0 </msg>
<status status="PASS" starttime="20201005 09:30:36.402" endtime="20201005 09:30:36.402"></status>
</kw>
<kw name="Get Request" library="RequestsLibrary">
<doc>Send a GET request on the session object found using the
given `alias`</doc>
<arguments>
<arg>GetSiteNoAuth</arg>
<arg>/site?domainName=${site_domain}</arg>
</arguments>
<assign>
<var>${response}</var>
</assign>
<msg timestamp="20201005 09:30:37.711" level="INFO">GET Request : url=https://api-dev.medvantxos.com/api/v1.0/site?domainName=nebcin 
 path_url=/api/v1.0/site?domainName=nebcin 
 headers={'User-Agent': 'python-requests/2.24.0', 'Accept-Encoding': 'gzip, deflate', 'Accept': '*/*', 'Connection': 'keep-alive'} 
 body=None 
 </msg>
<msg timestamp="20201005 09:30:37.712" level="INFO">GET Response : url=https://api-dev.medvantxos.com/api/v1.0/site?domainName=nebcin 
 status=200, reason= 
 body={"domainName":"nebcin","tenantId":"4bf7dba0-23a8-40ce-a7dd-4f5e757c6d93","siteId":"fc42acd9-0e74-45ab-9028-ae6c57c59c0a"} 
 </msg>
<msg timestamp="20201005 09:30:37.712" level="INFO">/Users/amit/PycharmProjects/Medic/venv/lib/python3.7/site-packages/urllib3/connectionpool.py:988: InsecureRequestWarning: Unverified HTTPS request is being made to host 'api-dev.medvantxos.com'. Adding certificate verification is strongly advised. See: https://urllib3.readthedocs.io/en/latest/advanced-usage.html#ssl-warnings
  InsecureRequestWarning,</msg>
<msg timestamp="20201005 09:30:37.712" level="INFO">${response} = &lt;Response [200]&gt;</msg>
<status status="PASS" starttime="20201005 09:30:36.402" endtime="20201005 09:30:37.712"></status>
</kw>
<kw name="Verify the Response" library="operations_keywords">
<arguments>
<arg>${response}</arg>
<arg>200</arg>
</arguments>
<kw name="Log" library="BuiltIn">
<doc>Logs the given message with the given level.</doc>
<arguments>
[...]
  InsecureRequestWarning,</msg>
<msg timestamp="20201005 09:30:50.010" level="INFO">${response} = &lt;Response [200]&gt;</msg>
<status status="PASS" starttime="20201005 09:30:48.658" endtime="20201005 09:30:50.010"></status>
</kw>
<kw name="Verify the Response" library="operations_keywords">
<arguments>
<arg>${response}</arg>
<arg>200</arg>
</arguments>
<kw name="Log" library="BuiltIn">
<doc>Logs the given message with the given level.</doc>
<arguments>
<arg>Response code is : ${response.status_code}</arg>
</arguments>
<msg timestamp="20201005 09:30:50.011" level="INFO">Response code is : 200</msg>
<status status="PASS" starttime="20201005 09:30:50.011" endtime="20201005 09:30:50.011"></status>
</kw>
<kw name="Should Be Equal As Strings" library="BuiltIn">
<doc>Fails if objects are unequal after converting them to strings.</doc>
<arguments>
<arg>${response.status_code}</arg>
<arg>${resp_status}</arg>
</arguments>
<msg timestamp="20201005 09:30:50.012" level="INFO">Argument types are:
&lt;class 'int'&gt;
&lt;type 'unicode'&gt;</msg>
<status status="PASS" starttime="20201005 09:30:50.012" endtime="20201005 09:30:50.012"></status>
</kw>
<kw name="Log" library="BuiltIn">
<doc>Logs the given message with the given level.</doc>
<arguments>
<arg>Response body is : ${response.text}</arg>
</arguments>
<msg timestamp="20201005 09:30:50.013" level="INFO">Response body is : [{"id":"c80d85d6-0779-4d0c-a3f2-18a865493452","orderId":"f0ea2533-b599-4fc8-b303-f3ca0e4f8ae6","orderNumber":19156,"ccId":"63db9086-b31e-4824-bc48-e837875562c6","transType":"PRE_AUTH","transAmount":20.0,"transNumber":"038-2222","transStatus":"APPROVED","orderType":"REGULAR"}]</msg>
<status status="PASS" starttime="20201005 09:30:50.012" endtime="20201005 09:30:50.013"></status>
</kw>
<status status="PASS" starttime="20201005 09:30:50.010" endtime="20201005 09:30:50.013"></status>
</kw>
<kw name="Verify the Response is a List" library="operations_keywords">
<arguments>
<arg>${response}</arg>
</arguments>
<kw name="Evaluate" library="BuiltIn">
<doc>Evaluates the given expression in Python and returns the result.</doc>
<arguments>
<arg>$response.json()</arg>
</arguments>
<assign>
<var>${response_list}</var>
</assign>
<msg timestamp="20201005 09:30:50.014" level="INFO">${response_list} = [{'id': 'c80d85d6-0779-4d0c-a3f2-18a865493452', 'orderId': 'f0ea2533-b599-4fc8-b303-f3ca0e4f8ae6', 'orderNumber': 19156, 'ccId': '63db9086-b31e-4824-bc48-e837875562c6', 'transType': 'PRE_AUTH', 'trans...</msg>
<status status="PASS" starttime="20201005 09:30:50.014" endtime="20201005 09:30:50.014"></status>
</kw>
<kw name="Check Response Type" library="HelperModule">
<doc>Check input data's type</doc>
<arguments>
<arg>${response_list}</arg>
<arg>list</arg>
</arguments>
<assign>
<var>${status}</var>
</assign>
<msg timestamp="20201005 09:30:50.015" level="INFO">${status} = True</msg>
<status status="PASS" starttime="20201005 09:30:50.014" endtime="20201005 09:30:50.015"></status>
</kw>
<kw name="Should Be True" library="BuiltIn">
<doc>Fails if the given condition is not true.</doc>
<arguments>
<arg>${status}</arg>
</arguments>
<status status="PASS" starttime="20201005 09:30:50.015" endtime="20201005 09:30:50.015"></status>
</kw>
<status status="PASS" starttime="20201005 09:30:50.013" endtime="20201005 09:30:50.015"></status>
</kw>
<tags>
<tag>PatientOrder</tag>
<tag>sanity</tag>
</tags>
<status status="PASS" starttime="20201005 09:30:48.655" endtime="20201005 09:30:50.016" critical="yes"></status>
</test>
<test id="s1-t9" name="TC_009 : [POST] Submit a New Order for a Patient">
<kw name="Create Session" library="RequestsLibrary">
<doc>Create Session: create a HTTP session to a server</doc>
<arguments>
<arg>NewOrderSubmit</arg>
<arg>${Base_URL}</arg>
</arguments>
<msg timestamp="20201005 09:30:50.017" level="INFO">Creating Session using : alias=NewOrderSubmit, url=https://api-dev.medvantxos.com/api/v1.0, headers={},                     cookies={}, auth=None, timeout=None, proxies=None, verify=False,                     debug=0 </msg>
<status status="PASS" starttime="20201005 09:30:50.017" endtime="20201005 09:30:50.017"></status>
</kw>
<kw name="Compose URL" library="operations_keywords">
<arguments>
<arg>/patient</arg>
<arg>${patient_uuid}</arg>
<arg>order</arg>
<arg>${order_id}</arg>
<arg>submit</arg>
</arguments>
<assign>
<var>${uri}</var>
</assign>
<kw name="Catenate" library="BuiltIn">
<doc>Catenates the given items together and returns the resulted string.</doc>
<arguments>
<arg>SEPARATOR=/</arg>
<arg>@{args}</arg>
</arguments>
<assign>
<var>${uri}</var>
</assign>
<msg timestamp="20201005 09:30:50.019" level="INFO">${uri} = /patient/743a85b1-07eb-4be3-87e5-6775e61bda74/order/f0ea2533-b599-4fc8-b303-f3ca0e4f8ae6/submit</msg>
<status status="PASS" starttime="20201005 09:30:50.018" endtime="20201005 09:30:50.019"></status>
</kw>
<kw name="Return From Keyword" library="BuiltIn">
<doc>Returns from the enclosing user keyword.</doc>
<arguments>
<arg>${uri}</arg>
</arguments>
<msg timestamp="20201005 09:30:50.019" level="INFO">Returning from the enclosing user keyword.</msg>
<status status="PASS" starttime="20201005 09:30:50.019" endtime="20201005 09:30:50.019"></status>
</kw>
<msg timestamp="20201005 09:30:50.019" level="INFO">${uri} = /patient/743a85b1-07eb-4be3-87e5-6775e61bda74/order/f0ea2533-b599-4fc8-b303-f3ca0e4f8ae6/submit</msg>
<status status="PASS" starttime="20201005 09:30:50.017" endtime="20201005 09:30:50.019"></status>
</kw>
<kw name="Create Dictionary" library="BuiltIn">
<doc>Creates and returns a dictionary based on the given ``items``.</doc>
<arguments>
<arg>transUuid</arg>
<arg>${order_tran_id}</arg>
</arguments>
<assign>
<var>${input_data}</var>
</assign>
<msg timestamp="20201005 09:30:50.020" level="INFO">${input_data} = {'transUuid': 'c80d85d6-0779-4d0c-a3f2-18a865493452'}</msg>
<status status="PASS" starttime="20201005 09:30:50.019" endtime="20201005 09:30:50.020"></status>
</kw>
<kw name="Post Request" library="RequestsLibrary">
<doc>Send a POST request on the session object found using the
given `alias`</doc>
<arguments>
<arg>NewOrderSubmit</arg>
<arg>${uri}</arg>
<arg>data=${input_data}</arg>
<arg>headers=${HEADER}</arg>
</arguments>
<assign>
<var>${response}</var>
</assign>
<msg timestamp="20201005 09:30:53.274" level="INFO">POST Request : url=https://api-dev.medvantxos.com/api/v1.0/patient/743a85b1-07eb-4be3-87e5-6775e61bda74/order/f0ea2533-b599-4fc8-b303-f3ca0e4f8ae6/submit 
 path_url=/api/v1.0/patient/743a85b1-07eb-4be3-87e5-6775e61bda74/order/f0ea2533-b599-4fc8-b303-f3ca0e4f8ae6/submit 
 headers={'User-Agent': 'python-requests/2.24.0', 'Accept-Encoding': 'gzip, deflate', 'Accept': '*/*', 'Connection': 'keep-alive', 'Authorization': 'Bearer eyJhbGciOiJSUzI1NiIsInR5cCIgOiAiSldUIiwia2lkIiA6ICJQcU83QXJPVXBDeHB4WjVEcl9palFFX2pMZk55Q1ZYeHlXbVlTWnptcHQ4In0.eyJleHAiOjE2MDE4NzQyMTQsImlhdCI6MTYwMTg3MDYxNCwianRpIjoiM2ZlMTg5OGEtYmIwZi00NjQ2LTkyZTAtM2FmYTcwMDQyODQ0IiwiaXNzIjoiaHR0cDovL2tleWNsb2FrLXN2Yy9hdXRoL3JlYWxtcy9tZWR2YW50eCIsImF1ZCI6ImFjY291bnQiLCJzdWIiOiI3NDNhODViMS0wN2ViLTRiZTMtODdlNS02Nzc1ZTYxYmRhNzQiLCJ0eXAiOiJCZWFyZXIiLCJhenAiOiJhZG1pbi1jbGkiLCJzZXNzaW9uX3N0YXRlIjoiZDE4ZmE4YjYtYTM3Yi00MTE0LWEwOTQtMTA3ZGNhYTRkYWNlIiwiYWNyIjoiMSIsInJlYWxtX2FjY2VzcyI6eyJyb2xlcyI6WyJvZmZsaW5lX2FjY2VzcyIsInVtYV9hdXRob3JpemF0aW9uIl19LCJyZXNvdXJjZV9hY2Nlc3MiOnsiYWNjb3VudCI6eyJyb2xlcyI6WyJtYW5hZ2UtYWNjb3VudCIsIm1hbmFnZS1hY2NvdW50LWxpbmtzIiwidmlldy1wcm9maWxlIl19fSwic2NvcGUiOiJwcm9maWxlIGVtYWlsIiwiZW1haWxfdmVyaWZpZWQiOmZhbHNlLCJuYW1lIjoiRGF2aWQgRmluY2giLCJwcmVmZXJyZWRfdXNlcm5hbWUiOiJtYXJrbG91czY0M0BnbWFpbC5jb20iLCJnaXZlbl9uYW1lIjoiRGF2aWQiLCJmYW1pbHlfbmFtZSI6IkZpbmNoIiwiZW1haWwiOiJtYXJrbG91czY0M0BnbWFpbC5jb20ifQ.TyRrKwftfyR2XopSfe5Q933hE8G_iPaYtjcp6vy8L6iJrQ20OK9M6LXUCR5IWOQ0BzctA_ALcxmJLz5S9_5h0nn1OQOJPWZdRS-OBJLUoE31ObOWTNJVRPghfgsiBwAmQxlYNkz6G6uQZK_0MUAxBJXB7ChVK98j5n8xWiR9yOmlsbxB9Za8FrPC_USh0OKrHp27jB4xXHIM1LXZJi5x3xnS1cziJQicoCWmer_1cm_VE5jzXNNJdJOboyVHtpGoMoKqSciJZmqkuqOrb4D2UxxaIYre5CCqFLW-_9GQen68NcJdbOD-_o-UUB_yAefYn5teE1jH4nIjU7AYeFEuVg', 'Content-Type': 'application/json', 'Content-Length': '53'} 
 body={"transUuid": "c80d85d6-0779-4d0c-a3f2-18a865493452"} 
 </msg>
<msg timestamp="20201005 09:30:53.274" level="INFO">POST Response : url=https://api-dev.medvantxos.com/api/v1.0/patient/743a85b1-07eb-4be3-87e5-6775e61bda74/order/f0ea2533-b599-4fc8-b303-f3ca0e4f8ae6/submit 
 status=200, reason= 
 body={"patient_id":"743a85b1-07eb-4be3-87e5-6775e61bda74","orderNumber":"19156","orderStatusExternalDescription":"Web Refill in Progress","shipToFirstName":"David","shipToLastName":"Finch","shipToAddress":"19 E Ohio St","shipToAddress2":"Freehand Chicago","shipToCity":"Chicago","shipToStateCode":"IL","shipToZipCode":"60611","orderDate":1601870223484,"expectedDeliveryDate":1601956623484,"paymentReceived":20.0,"setQuotedShippingPrice":0.0,"orderLine":[{"prescriptionId":"c98ea127-0494-4934-a952-1c9f286b5632","qtyOrdered":2,"shippingMethodId":"04ad4aa5-bfa8-490d-b849-d0ce607bddfa"}],"paymentStatus":"payment_successful","paymenTransactionNumber":"038-2222","shipAmount":20.0,"orderStatus":"Submitted","transactionId":"c80d85d6-0779-4d0c-a3f2-18a865493452","orderStatusInternal":"SUBMITTED","prescriptions":[{"prescriptionNumber":"84828","drugNdc":"00002050101","drugDisplayName":"NEBCIN PED 10 MG/ML VIAL                                    ","quantityWritten":"1.0","quantityRemaining":"1.0","doctorNpi":"5955","doctorName":"MARK GROSSMAN","doctorAddress":"5767 W CENTURY BLVD STE 200 ","doctorCity":"LOS ANGELES","doctorState":"CA","doctorZip":"90045  ","doctorPhone":"8287172   ","prescriptionExpirationDate":"Mon Sep 27 14:48:39 GMT 2021","prescriptionNextRefillDate":"","prescriptionLastFilledDate":"","dose":1,"instructions":"DummySignText","id":"c98ea127-0494-4934-a952-1c9f286b5632"}],"id":"f0ea2533-b599-4fc8-b303-f3ca0e4f8ae6"} 
 </msg>
<msg timestamp="20201005 09:30:53.274" level="INFO">/Users/amit/PycharmProjects/Medic/venv/lib/python3.7/site-packages/urllib3/connectionpool.py:988: InsecureRequestWarning: Unverified HTTPS request is being made to host 'api-dev.medvantxos.com'. Adding certificate verification is strongly advised. See: https://urllib3.readthedocs.io/en/latest/advanced-usage.html#ssl-warnings
  InsecureRequestWarning,</msg>
<msg timestamp="20201005 09:30:53.274" level="INFO">${response} = &lt;Response [200]&gt;</msg>
<status status="PASS" starttime="20201005 09:30:50.020" endtime="20201005 09:30:53.275"></status>
</kw>
<kw name="Verify the Response" library="operations_keywords">
<arguments>
<arg>${response}</arg>
<arg>200</arg>
</arguments>
<kw name="Log" library="BuiltIn">
<doc>Logs the given message with the given level.</doc>
<arguments>
<arg>Response code is : ${response.status_code}</arg>
</arguments>
<msg timestamp="20201005 09:30:53.276" level="INFO">Response code is : 200</msg>
<status status="PASS" starttime="20201005 09:30:53.276" endtime="20201005 09:30:53.276"></status>
</kw>
<kw name="Should Be Equal As Strings" library="BuiltIn">
<doc>Fails if objects are unequal after converting them to strings.</doc>
<arguments>
<arg>${response.status_code}</arg>
<arg>${resp_status}</arg>
</arguments>
<msg timestamp="20201005 09:30:53.277" level="INFO">Argument types are:
&lt;class 'int'&gt;
&lt;type 'unicode'&gt;</msg>
<status status="PASS" starttime="20201005 09:30:53.276" endtime="20201005 09:30:53.277"></status>
</kw>
<kw name="Log" library="BuiltIn">
<doc>Logs the given message with the given level.</doc>
<arguments>
<arg>Response body is : ${response.text}</arg>
</arguments>
<msg timestamp="20201005 09:30:53.277" level="INFO">Response body is : {"patient_id":"743a85b1-07eb-4be3-87e5-6775e61bda74","orderNumber":"19156","orderStatusExternalDescription":"Web Refill in Progress","shipToFirstName":"David","shipToLastName":"Finch","shipToAddress":"19 E Ohio St","shipToAddress2":"Freehand Chicago","shipToCity":"Chicago","shipToStateCode":"IL","shipToZipCode":"60611","orderDate":1601870223484,"expectedDeliveryDate":1601956623484,"paymentReceived":20.0,"setQuotedShippingPrice":0.0,"orderLine":[{"prescriptionId":"c98ea127-0494-4934-a952-1c9f286b5632","qtyOrdered":2,"shippingMethodId":"04ad4aa5-bfa8-490d-b849-d0ce607bddfa"}],"paymentStatus":"payment_successful","paymenTransactionNumber":"038-2222","shipAmount":20.0,"orderStatus":"Submitted","transactionId":"c80d85d6-0779-4d0c-a3f2-18a865493452","orderStatusInternal":"SUBMITTED","prescriptions":[{"prescriptionNumber":"84828","drugNdc":"00002050101","drugDisplayName":"NEBCIN PED 10 MG/ML VIAL                                    ","quantityWritten":"1.0","quantityRemaining":"1.0","doctorNpi":"5955","doctorName":"MARK GROSSMAN","doctorAddress":"5767 W CENTURY BLVD STE 200 ","doctorCity":"LOS ANGELES","doctorState":"CA","doctorZip":"90045  ","doctorPhone":"8287172   ","prescriptionExpirationDate":"Mon Sep 27 14:48:39 GMT 2021","prescriptionNextRefillDate":"","prescriptionLastFilledDate":"","dose":1,"instructions":"DummySignText","id":"c98ea127-0494-4934-a952-1c9f286b5632"}],"id":"f0ea2533-b599-4fc8-b303-f3ca0e4f8ae6"}</msg>
<status status="PASS" starttime="20201005 09:30:53.277" endtime="20201005 09:30:53.277"></status>
</kw>
<status status="PASS" starttime="20201005 09:30:53.275" endtime="20201005 09:30:53.277"></status>
</kw>
<kw name="Verify Precription Details in Order">
<arguments>
<arg>${response}</arg>
</arguments>
<msg timestamp="20201005 09:30:53.278" level="FAIL">Keyword 'Verify Precription Details in Order' expected 2 arguments, got 1.</msg>
<status status="FAIL" starttime="20201005 09:30:53.278" endtime="20201005 09:30:53.278"></status>
</kw>
<tags>
<tag>PatientOrder</tag>
<tag>sanity</tag>
</tags>
<status status="FAIL" starttime="20201005 09:30:50.016" endtime="20201005 09:30:53.278" critical="yes">Keyword 'Verify Precription Details in Order' expected 2 arguments, got 1.</status>
</test>
<kw name="User Should be able to Signout" library="session_keywords" type="teardown">
<arguments>
<arg>${Base_URL}</arg>
<arg>${HEADER}</arg>
</arguments>
<kw name="Create Session" library="RequestsLibrary">
<doc>Create Session: create a HTTP session to a server</doc>
<arguments>
<arg>UserSignout</arg>
<arg>${URL}</arg>
</arguments>
<msg timestamp="20201005 09:30:53.281" level="INFO">Creating Session using : alias=UserSignout, url=https://api-dev.medvantxos.com/api/v1.0, headers={},                     cookies={}, auth=None, timeout=None, proxies=None, verify=False,                     debug=0 </msg>
<status status="PASS" starttime="20201005 09:30:53.280" endtime="20201005 09:30:53.281"></status>
</kw>
<kw name="Create Dictionary" library="BuiltIn">
<doc>Creates and returns a dictionary based on the given ``items``.</doc>
<arguments>
<arg>refresh_token=${refreshToken}</arg>
</arguments>
<assign>
<var>${body}</var>
</assign>
<msg timestamp="20201005 09:30:53.282" level="INFO">${body} = {'refresh_token': 'eyJhbGciOiJIUzI1NiIsInR5cCIgOiAiSldUIiwia2lkIiA6ICI3N2Q1YjBhYy0wMDAzLTRjZTYtYjY0My01ZTAxZGU2MWEzZmYifQ.eyJleHAiOjE2MDE4NzI0MTQsImlhdCI6MTYwMTg3MDYxNCwianRpIjoiMzM0MTY5YWEtY2M3ZS00Nj...</msg>
<status status="PASS" starttime="20201005 09:30:53.281" endtime="20201005 09:30:53.282"></status>
</kw>
<kw name="Post Request" library="RequestsLibrary">
<doc>Send a POST request on the session object found using the
given `alias`</doc>
<arguments>
<arg>UserSignout</arg>
<arg>/signout</arg>
<arg>data=${body}</arg>
<arg>headers=${headers}</arg>
</arguments>
<assign>
<var>${response}</var>
</assign>
<msg timestamp="20201005 09:30:54.510" level="INFO">POST Request : url=https://api-dev.medvantxos.com/api/v1.0/signout 
 path_url=/api/v1.0/signout 
 headers={'User-Agent': 'python-requests/2.24.0', 'Accept-Encoding': 'gzip, deflate', 'Accept': '*/*', 'Connection': 'keep-alive', 'Authorization': 'Bearer eyJhbGciOiJSUzI1NiIsInR5cCIgOiAiSldUIiwia2lkIiA6ICJQcU83QXJPVXBDeHB4WjVEcl9palFFX2pMZk55Q1ZYeHlXbVlTWnptcHQ4In0.eyJleHAiOjE2MDE4NzQyMTQsImlhdCI6MTYwMTg3MDYxNCwianRpIjoiM2ZlMTg5OGEtYmIwZi00NjQ2LTkyZTAtM2FmYTcwMDQyODQ0IiwiaXNzIjoiaHR0cDovL2tleWNsb2FrLXN2Yy9hdXRoL3JlYWxtcy9tZWR2YW50eCIsImF1ZCI6ImFjY291bnQiLCJzdWIiOiI3NDNhODViMS0wN2ViLTRiZTMtODdlNS02Nzc1ZTYxYmRhNzQiLCJ0eXAiOiJCZWFyZXIiLCJhenAiOiJhZG1pbi1jbGkiLCJzZXNzaW9uX3N0YXRlIjoiZDE4ZmE4YjYtYTM3Yi00MTE0LWEwOTQtMTA3ZGNhYTRkYWNlIiwiYWNyIjoiMSIsInJlYWxtX2FjY2VzcyI6eyJyb2xlcyI6WyJvZmZsaW5lX2FjY2VzcyIsInVtYV9hdXRob3JpemF0aW9uIl19LCJyZXNvdXJjZV9hY2Nlc3MiOnsiYWNjb3VudCI6eyJyb2xlcyI6WyJtYW5hZ2UtYWNjb3VudCIsIm1hbmFnZS1hY2NvdW50LWxpbmtzIiwidmlldy1wcm9maWxlIl19fSwic2NvcGUiOiJwcm9maWxlIGVtYWlsIiwiZW1haWxfdmVyaWZpZWQiOmZhbHNlLCJuYW1lIjoiRGF2aWQgRmluY2giLCJwcmVmZXJyZWRfdXNlcm5hbWUiOiJtYXJrbG91czY0M0BnbWFpbC5jb20iLCJnaXZlbl9uYW1lIjoiRGF2aWQiLCJmYW1pbHlfbmFtZSI6IkZpbmNoIiwiZW1haWwiOiJtYXJrbG91czY0M0BnbWFpbC5jb20ifQ.TyRrKwftfyR2XopSfe5Q933hE8G_iPaYtjcp6vy8L6iJrQ20OK9M6LXUCR5IWOQ0BzctA_ALcxmJLz5S9_5h0nn1OQOJPWZdRS-OBJLUoE31ObOWTNJVRPghfgsiBwAmQxlYNkz6G6uQZK_0MUAxBJXB7ChVK98j5n8xWiR9yOmlsbxB9Za8FrPC_USh0OKrHp27jB4xXHIM1LXZJi5x3xnS1cziJQicoCWmer_1cm_VE5jzXNNJdJOboyVHtpGoMoKqSciJZmqkuqOrb4D2UxxaIYre5CCqFLW-_9GQen68NcJdbOD-_o-UUB_yAefYn5teE1jH4nIjU7AYeFEuVg', 'Content-Type': 'application/json', 'Content-Length': '616'} 
 body={"refresh_token": "eyJhbGciOiJIUzI1NiIsInR5cCIgOiAiSldUIiwia2lkIiA6ICI3N2Q1YjBhYy0wMDAzLTRjZTYtYjY0My01ZTAxZGU2MWEzZmYifQ.eyJleHAiOjE2MDE4NzI0MTQsImlhdCI6MTYwMTg3MDYxNCwianRpIjoiMzM0MTY5YWEtY2M3ZS00NjhlLTliODgtMGRmNzg4NTkxMmIwIiwiaXNzIjoiaHR0cDovL2tleWNsb2FrLXN2Yy9hdXRoL3JlYWxtcy9tZWR2YW50eCIsImF1ZCI6Imh0dHA6Ly9rZXljbG9hay1zdmMvYXV0aC9yZWFsbXMvbWVkdmFudHgiLCJzdWIiOiI3NDNhODViMS0wN2ViLTRiZTMtODdlNS02Nzc1ZTYxYmRhNzQiLCJ0eXAiOiJSZWZyZXNoIiwiYXpwIjoiYWRtaW4tY2xpIiwic2Vzc2lvbl9zdGF0ZSI6ImQxOGZhOGI2LWEzN2ItNDExNC1hMDk0LTEwN2RjYWE0ZGFjZSIsInNjb3BlIjoicHJvZmlsZSBlbWFpbCJ9.qPaBbhoYH2y2GH9OX81exL3MxmGFRcfwQrC8VWINpc4"} 
 </msg>
<msg timestamp="20201005 09:30:54.512" level="INFO">POST Response : url=https://api-dev.medvantxos.com/api/v1.0/signout 
 status=200, reason= 
 body={"message":"User logged out","id":null} 
 </msg>
<msg timestamp="20201005 09:30:54.512" level="INFO">/Users/amit/PycharmProjects/Medic/venv/lib/python3.7/site-packages/urllib3/connectionpool.py:988: InsecureRequestWarning: Unverified HTTPS request is being made to host 'api-dev.medvantxos.com'. Adding certificate verification is strongly advised. See: https://urllib3.readthedocs.io/en/latest/advanced-usage.html#ssl-warnings
  InsecureRequestWarning,</msg>
<msg timestamp="20201005 09:30:54.512" level="INFO">${response} = &lt;Response [200]&gt;</msg>
<status status="PASS" starttime="20201005 09:30:53.282" endtime="20201005 09:30:54.513"></status>
</kw>
<kw name="Should Be Equal As Strings" library="BuiltIn">
<doc>Fails if objects are unequal after converting them to strings.</doc>
<arguments>
<arg>${response.status_code}</arg>
<arg>200</arg>
</arguments>
<msg timestamp="20201005 09:30:54.513" level="INFO">Argument types are:
&lt;class 'int'&gt;
&lt;type 'unicode'&gt;</msg>
<status status="PASS" starttime="20201005 09:30:54.513" endtime="20201005 09:30:54.513"></status>
</kw>
<status status="PASS" starttime="20201005 09:30:53.280" endtime="20201005 09:30:54.514"></status>
</kw>
<doc>Patient Order Workflow This suite contains tescases to verify patient order workflow</doc>
<status status="FAIL" starttime="20201005 09:30:26.471" endtime="20201005 09:30:54.514"></status>
</suite>
<statistics>
<total>
<stat pass="8" fail="1">Critical Tests</stat>
<stat pass="8" fail="1">All Tests</stat>
</total>
<tag>
<stat pass="8" fail="1">PatientOrder</stat>
<stat pass="8" fail="1">sanity</stat>
</tag>
<suite>
<stat pass="8" fail="1" id="s1" name="Order TestSuite">Order TestSuite</stat>
</suite>
</statistics>
<errors>
</errors>
</robot>
