<?xml version="1.0" encoding="UTF-8"?>
<robot generator="Robot 3.2.1 (Python 3.7.7 on darwin)" generated="20200806 20:38:20.472" rpa="false">
<suite id="s1" name="Medvantx Sanity Tests" source="/Users/amit/PycharmProjects/Medic/functional_tests">
<suite id="s1-s1" name="Order TestSuite" source="/Users/amit/PycharmProjects/Medic/functional_tests/Order_TestSuite.robot">
<kw name="Patient Should be able to Signin" library="common_keywords" type="setup">
<kw name="Create Session" library="RequestsLibrary">
<doc>Create Session: create a HTTP session to a server</doc>
<arguments>
<arg>GetToken</arg>
<arg>${Base_URL}</arg>
</arguments>
<msg timestamp="20200806 20:38:20.933" level="INFO">Creating Session using : alias=GetToken, url=https://api-qa.medvantxos.com/api/v1.0, headers={},                     cookies={}, auth=None, timeout=None, proxies=None, verify=False,                     debug=0 </msg>
<status status="PASS" starttime="20200806 20:38:20.932" endtime="20200806 20:38:20.933"></status>
</kw>
<kw name="Create Dictionary" library="BuiltIn">
<doc>Creates and returns a dictionary based on the given ``items``.</doc>
<arguments>
<arg>username=${USER}</arg>
<arg>password=${PASSWORD}</arg>
<arg>domain=${DOMAIN}</arg>
</arguments>
<assign>
<var>${body}</var>
</assign>
<msg timestamp="20200806 20:38:20.934" level="INFO">${body} = {'username': 'ErSonal@medvantx.com', 'password': 'test1234', 'domain': 'qsymiax'}</msg>
<status status="PASS" starttime="20200806 20:38:20.933" endtime="20200806 20:38:20.934"></status>
</kw>
<kw name="Create Dictionary" library="BuiltIn">
<doc>Creates and returns a dictionary based on the given ``items``.</doc>
<arguments>
<arg>Content-Type=application/json</arg>
</arguments>
<assign>
<var>${headers}</var>
</assign>
<msg timestamp="20200806 20:38:20.934" level="INFO">${headers} = {'Content-Type': 'application/json'}</msg>
<status status="PASS" starttime="20200806 20:38:20.934" endtime="20200806 20:38:20.934"></status>
</kw>
<kw name="Post Request" library="RequestsLibrary">
<doc>Send a POST request on the session object found using the
given `alias`</doc>
<arguments>
<arg>GetToken</arg>
<arg>/signin</arg>
<arg>data=${body}</arg>
<arg>headers=${headers}</arg>
</arguments>
<assign>
<var>${response}</var>
</assign>
<msg timestamp="20200806 20:38:22.375" level="INFO">POST Request : url=https://api-qa.medvantxos.com/api/v1.0/signin 
 path_url=/api/v1.0/signin 
 headers={'User-Agent': 'python-requests/2.24.0', 'Accept-Encoding': 'gzip, deflate', 'Accept': '*/*', 'Connection': 'keep-alive', 'Content-Type': 'application/json', 'Content-Length': '81'} 
 body={"username": "ErSonal@medvantx.com", "password": "test1234", "domain": "qsymiax"} 
 </msg>
<msg timestamp="20200806 20:38:22.375" level="INFO">POST Response : url=https://api-qa.medvantxos.com/api/v1.0/signin 
 status=200, reason= 
 body={"refresh_token":"eyJhbGciOiJIUzI1NiIsInR5cCIgOiAiSldUIiwia2lkIiA6ICJjZmUwZTM0Mi04YmFlLTQ5NmMtYTE3YS1mN2VlMTA2YmViMzUifQ.eyJqdGkiOiI4MTY3ODY2NS1hZGIxLTQzYjAtOGQ4YS04NDEzOGFhOWIyOTQiLCJleHAiOjE1OTY3MzM3ODAsIm5iZiI6MCwiaWF0IjoxNTk2NzI2NTgwLCJpc3MiOiJodHRwOi8vbG9jYWxob3N0OjgwODAvYXV0aC9yZWFsbXMvcXN5bWlheCIsImF1ZCI6Imh0dHA6Ly9sb2NhbGhvc3Q6ODA4MC9hdXRoL3JlYWxtcy9xc3ltaWF4Iiwic3ViIjoiN2E5ZTQ0YjAtZWQ0ZS00YzEwLWIxOWEtM2UwZDMxZDFjMmJmIiwidHlwIjoiUmVmcmVzaCIsImF6cCI6ImFkbWluLWNsaSIsImF1dGhfdGltZSI6MCwic2Vzc2lvbl9zdGF0ZSI6ImExNzA5OGZhLTdmMjUtNDZkOC1iNTFlLTA2YjkxMDQ3NzI1YiIsInNjb3BlIjoicHJvZmlsZSBlbWFpbCJ9.Z_FO3HWVvdcsNUGfKMbPwjSD1tQ6HxHN46CsOXlzkFk","access_token":"eyJhbGciOiJSUzI1NiIsInR5cCIgOiAiSldUIiwia2lkIiA6ICJJaE1yYWlfeVBmTGFzOHUzTXJQZjZiMVZpT2ZIcVZVTGJTOFZ3YXNUOExJIn0.eyJqdGkiOiIzN2EyOTg3Yi1hYTFiLTQ5MGYtYWFiMC1lMjJiNGRjMDQ5YzQiLCJleHAiOjE1OTY3MzAxODAsIm5iZiI6MCwiaWF0IjoxNTk2NzI2NTgwLCJpc3MiOiJodHRwOi8vbG9jYWxob3N0OjgwODAvYXV0aC9yZWFsbXMvcXN5bWlheCIsInN1YiI6IjdhOWU0NGIwLWVkNGUtNGMxMC1iMTlhLTNlMGQzMWQxYzJiZiIsInR5cCI6IkJlYXJlciIsImF6cCI6ImFkbWluLWNsaSIsImF1dGhfdGltZSI6MCwic2Vzc2lvbl9zdGF0ZSI6ImExNzA5OGZhLTdmMjUtNDZkOC1iNTFlLTA2YjkxMDQ3NzI1YiIsImFjciI6IjEiLCJzY29wZSI6InByb2ZpbGUgZW1haWwiLCJlbWFpbF92ZXJpZmllZCI6ZmFsc2UsIm5hbWUiOiJFclNvbmFsIEVyUmFqYmhvaiIsInByZWZlcnJlZF91c2VybmFtZSI6ImVyc29uYWxAbWVkdmFudHguY29tIiwiZ2l2ZW5fbmFtZSI6IkVyU29uYWwiLCJmYW1pbHlfbmFtZSI6IkVyUmFqYmhvaiIsImVtYWlsIjoiZXJzb25hbEBtZWR2YW50eC5jb20ifQ.GFc6MXD2HAaO-l286uYsW1uBhdoWI-Xv5o9bo18qdouQWPfX9Lu7OzOfeVsG-TSVSZf2dnHZ_Zk9wdR6qDI_26XArrRmc_9XWSUwThyCIpgpcaD2xh3euxI8haR6dVtiKVfHzcgv4z55QlgiRl2T8EYfPnNJVPz4O-gqRjqVutKB3fBkGLP2D79WEui7c2TfAUo1r-z9A6q_VExwsJUI2JuYhVlqbw387IMgN4e1L_G5151SZq1zrBycapJqbU8JdahuQHXZvYKhOJvTeXMblvu2V5O2mTs8NtArVxUSxHAvycd3x_Z_zDxQ9PIs3mfo_4lDEfiX_oIV1zpsQ0A5tQ","session_state":"a17098fa-7f25-46d8-b51e-06b91047725b","expires_in":"3600","refresh_expires_in":"7200","token_type":"bearer","id":"ErSonal@medvantx.com"} 
 </msg>
<msg timestamp="20200806 20:38:22.376" level="INFO">/Users/amit/PycharmProjects/Medic/venv/lib/python3.7/site-packages/urllib3/connectionpool.py:988: InsecureRequestWarning: Unverified HTTPS request is being made to host 'api-qa.medvantxos.com'. Adding certificate verification is strongly advised. See: https://urllib3.readthedocs.io/en/latest/advanced-usage.html#ssl-warnings
  InsecureRequestWarning,</msg>
<msg timestamp="20200806 20:38:22.376" level="INFO">${response} = &lt;Response [200]&gt;</msg>
<status status="PASS" starttime="20200806 20:38:20.935" endtime="20200806 20:38:22.376"></status>
</kw>
<kw name="Should Be Equal As Strings" library="BuiltIn">
<doc>Fails if objects are unequal after converting them to strings.</doc>
<arguments>
<arg>${response.status_code}</arg>
<arg>200</arg>
</arguments>
<msg timestamp="20200806 20:38:22.377" level="INFO">Argument types are:
&lt;class 'int'&gt;
&lt;type 'unicode'&gt;</msg>
<status status="PASS" starttime="20200806 20:38:22.376" endtime="20200806 20:38:22.377"></status>
</kw>
<kw name="Evaluate" library="BuiltIn">
<doc>Evaluates the given expression in Python and returns the result.</doc>
<arguments>
<arg>$response.json().get("access_token")</arg>
</arguments>
<assign>
<var>${accessToken}</var>
</assign>
<msg timestamp="20200806 20:38:22.382" level="INFO">${accessToken} = eyJhbGciOiJSUzI1NiIsInR5cCIgOiAiSldUIiwia2lkIiA6ICJJaE1yYWlfeVBmTGFzOHUzTXJQZjZiMVZpT2ZIcVZVTGJTOFZ3YXNUOExJIn0.eyJqdGkiOiIzN2EyOTg3Yi1hYTFiLTQ5MGYtYWFiMC1lMjJiNGRjMDQ5YzQiLCJleHAiOjE1OTY3MzAxODAsIm5i...</msg>
<status status="PASS" starttime="20200806 20:38:22.377" endtime="20200806 20:38:22.382"></status>
</kw>
<kw name="Should Not Be Empty" library="BuiltIn">
<doc>Verifies that the given item is not empty.</doc>
<arguments>
<arg>${accessToken}</arg>
</arguments>
<msg timestamp="20200806 20:38:22.383" level="INFO">Length is 1113</msg>
<status status="PASS" starttime="20200806 20:38:22.383" endtime="20200806 20:38:22.383"></status>
</kw>
<kw name="Set Global Variable" library="BuiltIn">
<doc>Makes a variable available globally in all tests and suites.</doc>
<arguments>
<arg>${accessToken}</arg>
<arg>${accessToken}</arg>
</arguments>
<msg timestamp="20200806 20:38:22.384" level="INFO">${accessToken} = eyJhbGciOiJSUzI1NiIsInR5cCIgOiAiSldUIiwia2lkIiA6ICJJaE1yYWlfeVBmTGFzOHUzTXJQZjZiMVZpT2ZIcVZVTGJTOFZ3YXNUOExJIn0.eyJqdGkiOiIzN2EyOTg3Yi1hYTFiLTQ5MGYtYWFiMC1lMjJiNGRjMDQ5YzQiLCJleHAiOjE1OTY3MzAxODAsIm5i...</msg>
<status status="PASS" starttime="20200806 20:38:22.383" endtime="20200806 20:38:22.384"></status>
</kw>
<kw name="Create Dictionary" library="BuiltIn">
<doc>Creates and returns a dictionary based on the given ``items``.</doc>
<arguments>
<arg>Authorization=Bearer ${accessToken}</arg>
<arg>Content-Type=application/json</arg>
</arguments>
<assign>
<var>${HEADER}</var>
</assign>
<msg timestamp="20200806 20:38:22.384" level="INFO">${HEADER} = {'Authorization': 'Bearer eyJhbGciOiJSUzI1NiIsInR5cCIgOiAiSldUIiwia2lkIiA6ICJJaE1yYWlfeVBmTGFzOHUzTXJQZjZiMVZpT2ZIcVZVTGJTOFZ3YXNUOExJIn0.eyJqdGkiOiIzN2EyOTg3Yi1hYTFiLTQ5MGYtYWFiMC1lMjJiNGRjMDQ5YzQiLC...</msg>
<status status="PASS" starttime="20200806 20:38:22.384" endtime="20200806 20:38:22.384"></status>
</kw>
<kw name="Set Global Variable" library="BuiltIn">
<doc>Makes a variable available globally in all tests and suites.</doc>
<arguments>
<arg>${HEADER}</arg>
<arg>${HEADER}</arg>
</arguments>
<msg timestamp="20200806 20:38:22.385" level="INFO">${HEADER} = {'Authorization': 'Bearer eyJhbGciOiJSUzI1NiIsInR5cCIgOiAiSldUIiwia2lkIiA6ICJJaE1yYWlfeVBmTGFzOHUzTXJQZjZiMVZpT2ZIcVZVTGJTOFZ3YXNUOExJIn0.eyJqdGkiOiIzN2EyOTg3Yi1hYTFiLTQ5MGYtYWFiMC1lMjJiNGRjMDQ5YzQiLC...</msg>
<status status="PASS" starttime="20200806 20:38:22.384" endtime="20200806 20:38:22.385"></status>
</kw>
<kw name="Run Keyword" library="BuiltIn">
<doc>Executes the given keyword with the given arguments.</doc>
<arguments>
<arg>Patient Should have a valid patient uuid</arg>
</arguments>
<kw name="Patient Should have a valid patient uuid" library="common_keywords">
<kw name="Create Session" library="RequestsLibrary">
<doc>Create Session: create a HTTP session to a server</doc>
<arguments>
<arg>GetPatient</arg>
<arg>${Base_URL}</arg>
</arguments>
<msg timestamp="20200806 20:38:22.386" level="INFO">Creating Session using : alias=GetPatient, url=https://api-qa.medvantxos.com/api/v1.0, headers={},                     cookies={}, auth=None, timeout=None, proxies=None, verify=False,                     debug=0 </msg>
<status status="PASS" starttime="20200806 20:38:22.386" endtime="20200806 20:38:22.386"></status>
</kw>
<kw name="Get Request" library="RequestsLibrary">
<doc>Send a GET request on the session object found using the
given `alias`</doc>
<arguments>
<arg>GetPatient</arg>
<arg>/profile</arg>
<arg>headers=${HEADER}</arg>
</arguments>
<assign>
<var>${response}</var>
</assign>
<msg timestamp="20200806 20:38:23.925" level="INFO">GET Request : url=https://api-qa.medvantxos.com/api/v1.0/profile 
 path_url=/api/v1.0/profile 
 headers={'User-Agent': 'python-requests/2.24.0', 'Accept-Encoding': 'gzip, deflate', 'Accept': '*/*', 'Connection': 'keep-alive', 'Authorization': 'Bearer eyJhbGciOiJSUzI1NiIsInR5cCIgOiAiSldUIiwia2lkIiA6ICJJaE1yYWlfeVBmTGFzOHUzTXJQZjZiMVZpT2ZIcVZVTGJTOFZ3YXNUOExJIn0.eyJqdGkiOiIzN2EyOTg3Yi1hYTFiLTQ5MGYtYWFiMC1lMjJiNGRjMDQ5YzQiLCJleHAiOjE1OTY3MzAxODAsIm5iZiI6MCwiaWF0IjoxNTk2NzI2NTgwLCJpc3MiOiJodHRwOi8vbG9jYWxob3N0OjgwODAvYXV0aC9yZWFsbXMvcXN5bWlheCIsInN1YiI6IjdhOWU0NGIwLWVkNGUtNGMxMC1iMTlhLTNlMGQzMWQxYzJiZiIsInR5cCI6IkJlYXJlciIsImF6cCI6ImFkbWluLWNsaSIsImF1dGhfdGltZSI6MCwic2Vzc2lvbl9zdGF0ZSI6ImExNzA5OGZhLTdmMjUtNDZkOC1iNTFlLTA2YjkxMDQ3NzI1YiIsImFjciI6IjEiLCJzY29wZSI6InByb2ZpbGUgZW1haWwiLCJlbWFpbF92ZXJpZmllZCI6ZmFsc2UsIm5hbWUiOiJFclNvbmFsIEVyUmFqYmhvaiIsInByZWZlcnJlZF91c2VybmFtZSI6ImVyc29uYWxAbWVkdmFudHguY29tIiwiZ2l2ZW5fbmFtZSI6IkVyU29uYWwiLCJmYW1pbHlfbmFtZSI6IkVyUmFqYmhvaiIsImVtYWlsIjoiZXJzb25hbEBtZWR2YW50eC5jb20ifQ.GFc6MXD2HAaO-l286uYsW1uBhdoWI-Xv5o9bo18qdouQWPfX9Lu7OzOfeVsG-TSVSZf2dnHZ_Zk9wdR6qDI_26XArrRmc_9XWSUwThyCIpgpcaD2xh3euxI8haR6dVtiKVfHzcgv4z55QlgiRl2T8EYfPnNJVPz4O-gqRjqVutKB3fBkGLP2D79WEui7c2TfAUo1r-z9A6q_VExwsJUI2JuYhVlqbw387IMgN4e1L_G5151SZq1zrBycapJqbU8JdahuQHXZvYKhOJvTeXMblvu2V5O2mTs8NtArVxUSxHAvycd3x_Z_zDxQ9PIs3mfo_4lDEfiX_oIV1zpsQ0A5tQ', 'Content-Type': 'application/json'} 
 body=None 
 </msg>
<msg timestamp="20200806 20:38:23.925" level="INFO">GET Response : url=https://api-qa.medvantxos.com/api/v1.0/profile 
 status=200, reason= 
 body={"firstName":"ErSonal","lastName":"ErRajbhoj","role":"USER","emailAddress":"ErSonal@medvantx.com","domain":"qsymiax","tenantId":"b61c5cb0-3860-4419-81c3-599c94c248a9","phoneNumber":"9763550802","lastLogin":1596726580085,"createdBy":"SYSTEM","hasOrders":true,"id":"7a9e44b0-ed4e-4c10-b19a-3e0d31d1c2bf"} 
 </msg>
<msg timestamp="20200806 20:38:23.925" level="INFO">/Users/amit/PycharmProjects/Medic/venv/lib/python3.7/site-packages/urllib3/connectionpool.py:988: InsecureRequestWarning: Unverified HTTPS request is being made to host 'api-qa.medvantxos.com'. Adding certificate verification is strongly advised. See: https://urllib3.readthedocs.io/en/latest/advanced-usage.html#ssl-warnings
  InsecureRequestWarning,</msg>
<msg timestamp="20200806 20:38:23.925" level="INFO">${response} = &lt;Response [200]&gt;</msg>
<status status="PASS" starttime="20200806 20:38:22.386" endtime="20200806 20:38:23.926"></status>
</kw>
<kw name="Verify the Response" library="common_keywords">
<arguments>
<arg>${response}</arg>
<arg>200</arg>
</arguments>
<kw name="Log" library="BuiltIn">
<doc>Logs the given message with the given level.</doc>
<arguments>
<arg>Response code is : ${response.status_code}</arg>
</arguments>
<msg timestamp="20200806 20:38:23.927" level="INFO">Response code is : 200</msg>
<status status="PASS" starttime="20200806 20:38:23.926" endtime="20200806 20:38:23.927"></status>
</kw>
<kw name="Should Be Equal As Strings" library="BuiltIn">
<doc>Fails if objects are unequal after converting them to strings.</doc>
<arguments>
<arg>${response.status_code}</arg>
<arg>${resp_status}</arg>
</arguments>
<msg timestamp="20200806 20:38:23.927" level="INFO">Argument types are:
&lt;class 'int'&gt;
&lt;type 'unicode'&gt;</msg>
<status status="PASS" starttime="20200806 20:38:23.927" endtime="20200806 20:38:23.927"></status>
</kw>
<kw name="Log" library="BuiltIn">
<doc>Logs the given message with the given level.</doc>
<arguments>
<arg>Response body is : ${response.text}</arg>
</arguments>
<msg timestamp="20200806 20:38:23.928" level="INFO">Response body is : {"firstName":"ErSonal","lastName":"ErRajbhoj","role":"USER","emailAddress":"ErSonal@medvantx.com","domain":"qsymiax","tenantId":"b61c5cb0-3860-4419-81c3-599c94c248a9","phoneNumber":"9763550802","lastLogin":1596726580085,"createdBy":"SYSTEM","hasOrders":true,"id":"7a9e44b0-ed4e-4c10-b19a-3e0d31d1c2bf"}</msg>
<status status="PASS" starttime="20200806 20:38:23.928" endtime="20200806 20:38:23.928"></status>
</kw>
<status status="PASS" starttime="20200806 20:38:23.926" endtime="20200806 20:38:23.928"></status>
</kw>
<kw name="Evaluate" library="BuiltIn">
<doc>Evaluates the given expression in Python and returns the result.</doc>
<arguments>
<arg>$response.json().get("id")</arg>
</arguments>
<assign>
<var>${patient_uuid}</var>
</assign>
<msg timestamp="20200806 20:38:23.929" level="INFO">${patient_uuid} = 7a9e44b0-ed4e-4c10-b19a-3e0d31d1c2bf</msg>
<status status="PASS" starttime="20200806 20:38:23.928" endtime="20200806 20:38:23.929"></status>
</kw>
<kw name="Set Global Variable" library="BuiltIn">
<doc>Makes a variable available globally in all tests and suites.</doc>
<arguments>
<arg>${patient_uuid}</arg>
<arg>${patient_uuid}</arg>
</arguments>
<msg timestamp="20200806 20:38:23.930" level="INFO">${patient_uuid} = 7a9e44b0-ed4e-4c10-b19a-3e0d31d1c2bf</msg>
<status status="PASS" starttime="20200806 20:38:23.929" endtime="20200806 20:38:23.931"></status>
</kw>
<status status="PASS" starttime="20200806 20:38:22.385" endtime="20200806 20:38:23.931"></status>
</kw>
<status status="PASS" starttime="20200806 20:38:22.385" endtime="20200806 20:38:23.931"></status>
</kw>
<status status="PASS" starttime="20200806 20:38:20.932" endtime="20200806 20:38:23.931"></status>
</kw>
<test id="s1-s1-t1" name="TC_001 : [GET] Verify Prescription list exist for the Patient">
<kw name="Create Session" library="RequestsLibrary">
<doc>Create Session: create a HTTP session to a server</doc>
<arguments>
<arg>GetPrescription</arg>
<arg>${Base_URL}</arg>
</arguments>
<msg timestamp="20200806 20:38:23.932" level="INFO">Creating Session using : alias=GetPrescription, url=https://api-qa.medvantxos.com/api/v1.0, headers={},                     cookies={}, auth=None, timeout=None, proxies=None, verify=False,                     debug=0 </msg>
<status status="PASS" starttime="20200806 20:38:23.932" endtime="20200806 20:38:23.932"></status>
</kw>
<kw name="Compose URL" library="common_keywords">
<arguments>
<arg>/patient</arg>
<arg>${patient_uuid}</arg>
<arg>prescriptions</arg>
</arguments>
<assign>
<var>${uri}</var>
</assign>
<kw name="Catenate" library="BuiltIn">
<doc>Catenates the given items together and returns the resulted string.</doc>
<arguments>
<arg>SEPARATOR=/</arg>
<arg>@{args}</arg>
</arguments>
<assign>
<var>${uri}</var>
</assign>
<msg timestamp="20200806 20:38:23.933" level="INFO">${uri} = /patient/7a9e44b0-ed4e-4c10-b19a-3e0d31d1c2bf/prescriptions</msg>
<status status="PASS" starttime="20200806 20:38:23.933" endtime="20200806 20:38:23.933"></status>
</kw>
<kw name="Return From Keyword" library="BuiltIn">
<doc>Returns from the enclosing user keyword.</doc>
<arguments>
<arg>${uri}</arg>
</arguments>
<msg timestamp="20200806 20:38:23.934" level="INFO">Returning from the enclosing user keyword.</msg>
<status status="PASS" starttime="20200806 20:38:23.934" endtime="20200806 20:38:23.934"></status>
</kw>
<msg timestamp="20200806 20:38:23.934" level="INFO">${uri} = /patient/7a9e44b0-ed4e-4c10-b19a-3e0d31d1c2bf/prescriptions</msg>
<status status="PASS" starttime="20200806 20:38:23.933" endtime="20200806 20:38:23.934"></status>
</kw>
<kw name="Get Request" library="RequestsLibrary">
<doc>Send a GET request on the session object found using the
given `alias`</doc>
<arguments>
<arg>GetPrescription</arg>
<arg>${uri}</arg>
<arg>headers=${HEADER}</arg>
</arguments>
<assign>
<var>${response}</var>
</assign>
<msg timestamp="20200806 20:38:25.334" level="INFO">GET Request : url=https://api-qa.medvantxos.com/api/v1.0/patient/7a9e44b0-ed4e-4c10-b19a-3e0d31d1c2bf/prescriptions 
 path_url=/api/v1.0/patient/7a9e44b0-ed4e-4c10-b19a-3e0d31d1c2bf/prescriptions 
 headers={'User-Agent': 'python-requests/2.24.0', 'Accept-Encoding': 'gzip, deflate', 'Accept': '*/*', 'Connection': 'keep-alive', 'Authorization': 'Bearer eyJhbGciOiJSUzI1NiIsInR5cCIgOiAiSldUIiwia2lkIiA6ICJJaE1yYWlfeVBmTGFzOHUzTXJQZjZiMVZpT2ZIcVZVTGJTOFZ3YXNUOExJIn0.eyJqdGkiOiIzN2EyOTg3Yi1hYTFiLTQ5MGYtYWFiMC1lMjJiNGRjMDQ5YzQiLCJleHAiOjE1OTY3MzAxODAsIm5iZiI6MCwiaWF0IjoxNTk2NzI2NTgwLCJpc3MiOiJodHRwOi8vbG9jYWxob3N0OjgwODAvYXV0aC9yZWFsbXMvcXN5bWlheCIsInN1YiI6IjdhOWU0NGIwLWVkNGUtNGMxMC1iMTlhLTNlMGQzMWQxYzJiZiIsInR5cCI6IkJlYXJlciIsImF6cCI6ImFkbWluLWNsaSIsImF1dGhfdGltZSI6MCwic2Vzc2lvbl9zdGF0ZSI6ImExNzA5OGZhLTdmMjUtNDZkOC1iNTFlLTA2YjkxMDQ3NzI1YiIsImFjciI6IjEiLCJzY29wZSI6InByb2ZpbGUgZW1haWwiLCJlbWFpbF92ZXJpZmllZCI6ZmFsc2UsIm5hbWUiOiJFclNvbmFsIEVyUmFqYmhvaiIsInByZWZlcnJlZF91c2VybmFtZSI6ImVyc29uYWxAbWVkdmFudHguY29tIiwiZ2l2ZW5fbmFtZSI6IkVyU29uYWwiLCJmYW1pbHlfbmFtZSI6IkVyUmFqYmhvaiIsImVtYWlsIjoiZXJzb25hbEBtZWR2YW50eC5jb20ifQ.GFc6MXD2HAaO-l286uYsW1uBhdoWI-Xv5o9bo18qdouQWPfX9Lu7OzOfeVsG-TSVSZf2dnHZ_Zk9wdR6qDI_26XArrRmc_9XWSUwThyCIpgpcaD2xh3euxI8haR6dVtiKVfHzcgv4z55QlgiRl2T8EYfPnNJVPz4O-gqRjqVutKB3fBkGLP2D79WEui7c2TfAUo1r-z9A6q_VExwsJUI2JuYhVlqbw387IMgN4e1L_G5151SZq1zrBycapJqbU8JdahuQHXZvYKhOJvTeXMblvu2V5O2mTs8NtArVxUSxHAvycd3x_Z_zDxQ9PIs3mfo_4lDEfiX_oIV1zpsQ0A5tQ', 'Content-Type': 'application/json'} 
 body=None 
 </msg>
<msg timestamp="20200806 20:38:25.334" level="INFO">GET Response : url=https://api-qa.medvantxos.com/api/v1.0/patient/7a9e44b0-ed4e-4c10-b19a-3e0d31d1c2bf/prescriptions 
 status=200, reason= 
 body=[{"prescriptionNumber":"15967434","drugNdc":"62541020130","drugDisplayName":"QSYMIA 3.75 MG-23 MG CAPSULE","quantityWritten":"60.0","quantityRemaining":"60.0","doctorNpi":"415991","doctorName":"Karly Pipitt","doctorAddress":"729 Arapeen Dr ","doctorCity":"SALT LAKE CITY","doctorState":"UT","doctorZip":"84108  ","doctorPhone":"8017575   ","prescriptionExpirationDate":"Sun Jan 31 07:55:32 UTC 2021","prescriptionNextRefillDate":"","prescriptionLastFilledDate":"","dose":2,"instructions":"take 2 capsules 2 times a day","id":"0db8eb1d-7f25-41c1-b3b9-bad5d8947847"},{"prescriptionNumber":"15967314","drugNdc":"62541020230","drugDisplayName":"QSYMIA 7.5 MG-46 MG CAPSULE","quantityWritten":"100.0","quantityRemaining":"98.0","doctorNpi":"417413","doctorName":"Joshua Merok","doctorAddress":"180 N Michigan Ave Smurfit-Stone Bldg","doctorCity":"Chicago","doctorState":"IL","doctorZip":"60601  ","doctorPhone":"2011230   ","prescriptionExpirationDate":"Wed Jan 13 07:47:40 UTC 2021","prescriptionNextRefillDate":"","prescriptionLastFilledDate":"","dose":1,"instructions":"DummySignText","id":"0fea9490-7bd3-45ed-aa2f-41f7b4d1892a"},{"prescriptionNumber":"15967315","drugNdc":"62541020130","drugDisplayName":"QSYMIA 3.75 MG-23 MG CAPSULE","quantityWritten":"100.0","quantityRemaining":"98.0","doctorNpi":"417413","doctorName":"Joshua Merok","doctorAddress":"180 N Michigan Ave Smurfit-Stone Bldg","doctorCity":"Chicago","doctorState":"IL","doctorZip":"60601  ","doctorPhone":"2011230   ","prescriptionExpirationDate":"Wed Jan 13 07:48:35 UTC 2021","prescriptionNextRefillDate":"","prescriptionLastFilledDate":"","dose":1,"instructions":"DummySignText","id":"40c81292-da7f-4021-aab9-60e72e29ab86"},{"prescriptionNumber":"15967408","drugNdc":"62541020130","drugDisplayName":"QSYMIA 3.75 MG-23 MG CAPSULE","quantityWritten":"100.0","quantityRemaining":"100.0","doctorNpi":"417413","doctorName":"Joshua Merok","doctorAddress":"180 N Michigan Ave Smurfit-Stone Bldg","doctorCity":"Chicago","doctorState":"IL","doctorZip":"60601  ","doctorPhone":"2011230   ","prescriptionExpirationDate":"Mon Jan 25 06:52:06 UTC 2021","prescriptionNextRefillDate":"","prescriptionLastFilledDate":"","dose":1,"instructions":"1 Capsule 2 time a day","id":"cc16178f-f207-4577-9e7d-3f755ce6ed1d"}] 
 </msg>
<msg timestamp="20200806 20:38:25.334" level="INFO">/Users/amit/PycharmProjects/Medic/venv/lib/python3.7/site-packages/urllib3/connectionpool.py:988: InsecureRequestWarning: Unverified HTTPS request is being made to host 'api-qa.medvantxos.com'. Adding certificate verification is strongly advised. See: https://urllib3.readthedocs.io/en/latest/advanced-usage.html#ssl-warnings
  InsecureRequestWarning,</msg>
<msg timestamp="20200806 20:38:25.335" level="INFO">${response} = &lt;Response [200]&gt;</msg>
<status status="PASS" starttime="20200806 20:38:23.934" endtime="20200806 20:38:25.335"></status>
</kw>
<kw name="Verify the Response" library="common_keywords">
<arguments>
<arg>${response}</arg>
<arg>200</arg>
</arguments>
<kw name="Log" library="BuiltIn">
<doc>Logs the given message with the given level.</doc>
<arguments>
<arg>Response code is : ${response.status_code}</arg>
</arguments>
<msg timestamp="20200806 20:38:25.336" level="INFO">Response code is : 200</msg>
<status status="PASS" starttime="20200806 20:38:25.336" endtime="20200806 20:38:25.336"></status>
</kw>
<kw name="Should Be Equal As Strings" library="BuiltIn">
<doc>Fails if objects are unequal after converting them to strings.</doc>
<arguments>
<arg>${response.status_code}</arg>
<arg>${resp_status}</arg>
</arguments>
<msg timestamp="20200806 20:38:25.337" level="INFO">Argument types are:
&lt;class 'int'&gt;
&lt;type 'unicode'&gt;</msg>
<status status="PASS" starttime="20200806 20:38:25.337" endtime="20200806 20:38:25.337"></status>
</kw>
<kw name="Log" library="BuiltIn">
<doc>Logs the given message with the given level.</doc>
<arguments>
<arg>Response body is : ${response.text}</arg>
</arguments>
<msg timestamp="20200806 20:38:25.338" level="INFO">Response body is : [{"prescriptionNumber":"15967434","drugNdc":"62541020130","drugDisplayName":"QSYMIA 3.75 MG-23 MG CAPSULE","quantityWritten":"60.0","quantityRemaining":"60.0","doctorNpi":"415991","doctorName":"Karly Pipitt","doctorAddress":"729 Arapeen Dr ","doctorCity":"SALT LAKE CITY","doctorState":"UT","doctorZip":"84108  ","doctorPhone":"8017575   ","prescriptionExpirationDate":"Sun Jan 31 07:55:32 UTC 2021","prescriptionNextRefillDate":"","prescriptionLastFilledDate":"","dose":2,"instructions":"take 2 capsules 2 times a day","id":"0db8eb1d-7f25-41c1-b3b9-bad5d8947847"},{"prescriptionNumber":"15967314","drugNdc":"62541020230","drugDisplayName":"QSYMIA 7.5 MG-46 MG CAPSULE","quantityWritten":"100.0","quantityRemaining":"98.0","doctorNpi":"417413","doctorName":"Joshua Merok","doctorAddress":"180 N Michigan Ave Smurfit-Stone Bldg","doctorCity":"Chicago","doctorState":"IL","doctorZip":"60601  ","doctorPhone":"2011230   ","prescriptionExpirationDate":"Wed Jan 13 07:47:40 UTC 2021","prescriptionNextRefillDate":"","prescriptionLastFilledDate":"","dose":1,"instructions":"DummySignText","id":"0fea9490-7bd3-45ed-aa2f-41f7b4d1892a"},{"prescriptionNumber":"15967315","drugNdc":"62541020130","drugDisplayName":"QSYMIA 3.75 MG-23 MG CAPSULE","quantityWritten":"100.0","quantityRemaining":"98.0","doctorNpi":"417413","doctorName":"Joshua Merok","doctorAddress":"180 N Michigan Ave Smurfit-Stone Bldg","doctorCity":"Chicago","doctorState":"IL","doctorZip":"60601  ","doctorPhone":"2011230   ","prescriptionExpirationDate":"Wed Jan 13 07:48:35 UTC 2021","prescriptionNextRefillDate":"","prescriptionLastFilledDate":"","dose":1,"instructions":"DummySignText","id":"40c81292-da7f-4021-aab9-60e72e29ab86"},{"prescriptionNumber":"15967408","drugNdc":"62541020130","drugDisplayName":"QSYMIA 3.75 MG-23 MG CAPSULE","quantityWritten":"100.0","quantityRemaining":"100.0","doctorNpi":"417413","doctorName":"Joshua Merok","doctorAddress":"180 N Michigan Ave Smurfit-Stone Bldg","doctorCity":"Chicago","doctorState":"IL","doctorZip":"60601  ","doctorPhone":"2011230   ","prescriptionExpirationDate":"Mon Jan 25 06:52:06 UTC 2021","prescriptionNextRefillDate":"","prescriptionLastFilledDate":"","dose":1,"instructions":"1 Capsule 2 time a day","id":"cc16178f-f207-4577-9e7d-3f755ce6ed1d"}]</msg>
<status status="PASS" starttime="20200806 20:38:25.337" endtime="20200806 20:38:25.338"></status>
</kw>
<status status="PASS" starttime="20200806 20:38:25.335" endtime="20200806 20:38:25.338"></status>
</kw>
<kw name="Get Prescription ID By Drug NDC">
<arguments>
<arg>${response}</arg>
</arguments>
<assign>
<var>${prescription_id}</var>
</assign>
<kw name="${file_prescription} IN [ @{prescription_list_response.json()} ]" type="for">
<kw name="${file_prescription} = {'prescriptionNumber': '15967434', 'drugNdc': '62541020130', 'drugDisplayName': 'QSYMIA 3.75 MG-23 MG CAPSULE', 'quantityWritten': '60.0', 'quantityRemaining': '60.0', 'doctorNpi': '415991', 'doctorNa..." type="foritem">
<kw name="Run Keyword If" library="BuiltIn">
<doc>Runs the given keyword with the given arguments, if ``condition`` is true.</doc>
<arguments>
<arg>'${file_prescription['drugNdc']}'=='${drug_ndc}'</arg>
<arg>Exit For Loop</arg>
</arguments>
<kw name="Exit For Loop" library="BuiltIn">
<doc>Stops executing the enclosing for loop.</doc>
<msg timestamp="20200806 20:38:25.340" level="INFO">Exiting for loop altogether.</msg>
<status status="PASS" starttime="20200806 20:38:25.340" endtime="20200806 20:38:25.340"></status>
</kw>
<status status="PASS" starttime="20200806 20:38:25.339" endtime="20200806 20:38:25.340"></status>
</kw>
<status status="PASS" starttime="20200806 20:38:25.339" endtime="20200806 20:38:25.340"></status>
</kw>
<status status="PASS" starttime="20200806 20:38:25.339" endtime="20200806 20:38:25.340"></status>
</kw>
<kw name="Set Suite Variable" library="BuiltIn">
<doc>Makes a variable available everywhere within the scope of the current suite.</doc>
<arguments>
<arg>${file_prescription}</arg>
</arguments>
<msg timestamp="20200806 20:38:25.341" level="INFO">${file_prescription} = {'prescriptionNumber': '15967434', 'drugNdc': '62541020130', 'drugDisplayName': 'QSYMIA 3.75 MG-23 MG CAPSULE', 'quantityWritten': '60.0', 'quantityRemaining': '60.0', 'doctorNpi': '415991', 'doctorNa...</msg>
<status status="PASS" starttime="20200806 20:38:25.340" endtime="20200806 20:38:25.341"></status>
</kw>
<kw name="Evaluate" library="BuiltIn">
<doc>Evaluates the given expression in Python and returns the result.</doc>
<arguments>
<arg>${file_prescription}.get("id")</arg>
</arguments>
<assign>
<var>${pres_id}</var>
</assign>
<msg timestamp="20200806 20:38:25.341" level="INFO">${pres_id} = 0db8eb1d-7f25-41c1-b3b9-bad5d8947847</msg>
<status status="PASS" starttime="20200806 20:38:25.341" endtime="20200806 20:38:25.341"></status>
</kw>
<kw name="Return From Keyword" library="BuiltIn">
<doc>Returns from the enclosing user keyword.</doc>
<arguments>
<arg>${pres_id}</arg>
</arguments>
<msg timestamp="20200806 20:38:25.342" level="INFO">Returning from the enclosing user keyword.</msg>
<status status="PASS" starttime="20200806 20:38:25.342" endtime="20200806 20:38:25.342"></status>
</kw>
<msg timestamp="20200806 20:38:25.342" level="INFO">${prescription_id} = 0db8eb1d-7f25-41c1-b3b9-bad5d8947847</msg>
<status status="PASS" starttime="20200806 20:38:25.338" endtime="20200806 20:38:25.342"></status>
</kw>
<kw name="Set Suite Variable" library="BuiltIn">
<doc>Makes a variable available everywhere within the scope of the current suite.</doc>
<arguments>
<arg>${prescription_id}</arg>
</arguments>
<msg timestamp="20200806 20:38:25.343" level="INFO">${prescription_id} = 0db8eb1d-7f25-41c1-b3b9-bad5d8947847</msg>
<status status="PASS" starttime="20200806 20:38:25.343" endtime="20200806 20:38:25.343"></status>
</kw>
<tags>
<tag>sanity</tag>
</tags>
<status status="PASS" starttime="20200806 20:38:23.931" endtime="20200806 20:38:25.343" critical="yes"></status>
</test>
<test id="s1-s1-t2" name="TC_002 : [GET] Verify Specific Prescription exist for the Patient">
<kw name="Create Session" library="RequestsLibrary">
<doc>Create Session: create a HTTP session to a server</doc>
<arguments>
<arg>GetSpecificPrescription</arg>
<arg>${Base_URL}</arg>
</arguments>
<msg timestamp="20200806 20:38:25.344" level="INFO">Creating Session using : alias=GetSpecificPrescription, url=https://api-qa.medvantxos.com/api/v1.0, headers={},                     cookies={}, auth=None, timeout=None, proxies=None, verify=False,                     debug=0 </msg>
<status status="PASS" starttime="20200806 20:38:25.344" endtime="20200806 20:38:25.345"></status>
</kw>
<kw name="Compose URL" library="common_keywords">
<arguments>
<arg>/patient</arg>
<arg>${patient_uuid}</arg>
<arg>prescription</arg>
<arg>${prescription_id}</arg>
</arguments>
<assign>
<var>${uri}</var>
</assign>
<kw name="Catenate" library="BuiltIn">
<doc>Catenates the given items together and returns the resulted string.</doc>
<arguments>
<arg>SEPARATOR=/</arg>
<arg>@{args}</arg>
</arguments>
<assign>
<var>${uri}</var>
</assign>
<msg timestamp="20200806 20:38:25.345" level="INFO">${uri} = /patient/7a9e44b0-ed4e-4c10-b19a-3e0d31d1c2bf/prescription/0db8eb1d-7f25-41c1-b3b9-bad5d8947847</msg>
<status status="PASS" starttime="20200806 20:38:25.345" endtime="20200806 20:38:25.346"></status>
</kw>
<kw name="Return From Keyword" library="BuiltIn">
<doc>Returns from the enclosing user keyword.</doc>
<arguments>
<arg>${uri}</arg>
</arguments>
<msg timestamp="20200806 20:38:25.346" level="INFO">Returning from the enclosing user keyword.</msg>
<status status="PASS" starttime="20200806 20:38:25.346" endtime="20200806 20:38:25.346"></status>
</kw>
<msg timestamp="20200806 20:38:25.346" level="INFO">${uri} = /patient/7a9e44b0-ed4e-4c10-b19a-3e0d31d1c2bf/prescription/0db8eb1d-7f25-41c1-b3b9-bad5d8947847</msg>
<status status="PASS" starttime="20200806 20:38:25.345" endtime="20200806 20:38:25.346"></status>
</kw>
<kw name="Get Request" library="RequestsLibrary">
<doc>Send a GET request on the session object found using the
given `alias`</doc>
<arguments>
<arg>GetSpecificPrescription</arg>
<arg>${uri}</arg>
<arg>headers=${HEADER}</arg>
</arguments>
<assign>
<var>${response}</var>
</assign>
<msg timestamp="20200806 20:38:27.793" level="INFO">GET Request : url=https://api-qa.medvantxos.com/api/v1.0/patient/7a9e44b0-ed4e-4c10-b19a-3e0d31d1c2bf/prescription/0db8eb1d-7f25-41c1-b3b9-bad5d8947847 
 path_url=/api/v1.0/patient/7a9e44b0-ed4e-4c10-b19a-3e0d31d1c2bf/prescription/0db8eb1d-7f25-41c1-b3b9-bad5d8947847 
 headers={'User-Agent': 'python-requests/2.24.0', 'Accept-Encoding': 'gzip, deflate', 'Accept': '*/*', 'Connection': 'keep-alive', 'Authorization': 'Bearer eyJhbGciOiJSUzI1NiIsInR5cCIgOiAiSldUIiwia2lkIiA6ICJJaE1yYWlfeVBmTGFzOHUzTXJQZjZiMVZpT2ZIcVZVTGJTOFZ3YXNUOExJIn0.eyJqdGkiOiIzN2EyOTg3Yi1hYTFiLTQ5MGYtYWFiMC1lMjJiNGRjMDQ5YzQiLCJleHAiOjE1OTY3MzAxODAsIm5iZiI6MCwiaWF0IjoxNTk2NzI2NTgwLCJpc3MiOiJodHRwOi8vbG9jYWxob3N0OjgwODAvYXV0aC9yZWFsbXMvcXN5bWlheCIsInN1YiI6IjdhOWU0NGIwLWVkNGUtNGMxMC1iMTlhLTNlMGQzMWQxYzJiZiIsInR5cCI6IkJlYXJlciIsImF6cCI6ImFkbWluLWNsaSIsImF1dGhfdGltZSI6MCwic2Vzc2lvbl9zdGF0ZSI6ImExNzA5OGZhLTdmMjUtNDZkOC1iNTFlLTA2YjkxMDQ3NzI1YiIsImFjciI6IjEiLCJzY29wZSI6InByb2ZpbGUgZW1haWwiLCJlbWFpbF92ZXJpZmllZCI6ZmFsc2UsIm5hbWUiOiJFclNvbmFsIEVyUmFqYmhvaiIsInByZWZlcnJlZF91c2VybmFtZSI6ImVyc29uYWxAbWVkdmFudHguY29tIiwiZ2l2ZW5fbmFtZSI6IkVyU29uYWwiLCJmYW1pbHlfbmFtZSI6IkVyUmFqYmhvaiIsImVtYWlsIjoiZXJzb25hbEBtZWR2YW50eC5jb20ifQ.GFc6MXD2HAaO-l286uYsW1uBhdoWI-Xv5o9bo18qdouQWPfX9Lu7OzOfeVsG-TSVSZf2dnHZ_Zk9wdR6qDI_26XArrRmc_9XWSUwThyCIpgpcaD2xh3euxI8haR6dVtiKVfHzcgv4z55QlgiRl2T8EYfPnNJVPz4O-gqRjqVutKB3fBkGLP2D79WEui7c2TfAUo1r-z9A6q_VExwsJUI2JuYhVlqbw387IMgN4e1L_G5151SZq1zrBycapJqbU8JdahuQHXZvYKhOJvTeXMblvu2V5O2mTs8NtArVxUSxHAvycd3x_Z_zDxQ9PIs3mfo_4lDEfiX_oIV1zpsQ0A5tQ', 'Content-Type': 'application/json'} 
 body=None 
 </msg>
<msg timestamp="20200806 20:38:27.793" level="INFO">GET Response : url=https://api-qa.medvantxos.com/api/v1.0/patient/7a9e44b0-ed4e-4c10-b19a-3e0d31d1c2bf/prescription/0db8eb1d-7f25-41c1-b3b9-bad5d8947847 
 status=200, reason= 
 body={"prescriptionNumber":"15967434","drugNdc":"62541020130","drugDisplayName":"QSYMIA 3.75 MG-23 MG CAPSULE","quantityWritten":"60.0","quantityRemaining":"60.0","doctorNpi":"415991","doctorName":"Karly Pipitt","doctorAddress":"729 Arapeen Dr ","doctorCity":"SALT LAKE CITY","doctorState":"UT","doctorZip":"84108  ","doctorPhone":"8017575   ","prescriptionExpirationDate":"Sun Jan 31 07:55:32 UTC 2021","prescriptionNextRefillDate":"","prescriptionLastFilledDate":"","dose":2,"instructions":"take 2 capsules 2 times a day","id":"0db8eb1d-7f25-41c1-b3b9-bad5d8947847"} 
 </msg>
<msg timestamp="20200806 20:38:27.793" level="INFO">/Users/amit/PycharmProjects/Medic/venv/lib/python3.7/site-packages/urllib3/connectionpool.py:988: InsecureRequestWarning: Unverified HTTPS request is being made to host 'api-qa.medvantxos.com'. Adding certificate verification is strongly advised. See: https://urllib3.readthedocs.io/en/latest/advanced-usage.html#ssl-warnings
  InsecureRequestWarning,</msg>
<msg timestamp="20200806 20:38:27.793" level="INFO">${response} = &lt;Response [200]&gt;</msg>
<status status="PASS" starttime="20200806 20:38:25.346" endtime="20200806 20:38:27.793"></status>
</kw>
<kw name="Verify the Response" library="common_keywords">
<arguments>
<arg>${response}</arg>
<arg>200</arg>
</arguments>
<kw name="Log" library="BuiltIn">
<doc>Logs the given message with the given level.</doc>
<arguments>
<arg>Response code is : ${response.status_code}</arg>
</arguments>
<msg timestamp="20200806 20:38:27.795" level="INFO">Response code is : 200</msg>
<status status="PASS" starttime="20200806 20:38:27.795" endtime="20200806 20:38:27.795"></status>
</kw>
<kw name="Should Be Equal As Strings" library="BuiltIn">
<doc>Fails if objects are unequal after converting them to strings.</doc>
<arguments>
<arg>${response.status_code}</arg>
<arg>${resp_status}</arg>
</arguments>
<msg timestamp="20200806 20:38:27.796" level="INFO">Argument types are:
&lt;class 'int'&gt;
&lt;type 'unicode'&gt;</msg>
<status status="PASS" starttime="20200806 20:38:27.795" endtime="20200806 20:38:27.796"></status>
</kw>
<kw name="Log" library="BuiltIn">
<doc>Logs the given message with the given level.</doc>
<arguments>
<arg>Response body is : ${response.text}</arg>
</arguments>
<msg timestamp="20200806 20:38:27.796" level="INFO">Response body is : {"prescriptionNumber":"15967434","drugNdc":"62541020130","drugDisplayName":"QSYMIA 3.75 MG-23 MG CAPSULE","quantityWritten":"60.0","quantityRemaining":"60.0","doctorNpi":"415991","doctorName":"Karly Pipitt","doctorAddress":"729 Arapeen Dr ","doctorCity":"SALT LAKE CITY","doctorState":"UT","doctorZip":"84108  ","doctorPhone":"8017575   ","prescriptionExpirationDate":"Sun Jan 31 07:55:32 UTC 2021","prescriptionNextRefillDate":"","prescriptionLastFilledDate":"","dose":2,"instructions":"take 2 capsules 2 times a day","id":"0db8eb1d-7f25-41c1-b3b9-bad5d8947847"}</msg>
<status status="PASS" starttime="20200806 20:38:27.796" endtime="20200806 20:38:27.797"></status>
</kw>
<status status="PASS" starttime="20200806 20:38:27.794" endtime="20200806 20:38:27.797"></status>
</kw>
<kw name="Get Resource ID" library="common_keywords">
<arguments>
<arg>${response}</arg>
</arguments>
<assign>
<var>${prescription_specific_id}</var>
</assign>
<kw name="Evaluate" library="BuiltIn">
<doc>Evaluates the given expression in Python and returns the result.</doc>
<arguments>
<arg>$response.json()</arg>
</arguments>
<assign>
<var>${resource_details}</var>
</assign>
<msg timestamp="20200806 20:38:27.798" level="INFO">${resource_details} = {'prescriptionNumber': '15967434', 'drugNdc': '62541020130', 'drugDisplayName': 'QSYMIA 3.75 MG-23 MG CAPSULE', 'quantityWritten': '60.0', 'quantityRemaining': '60.0', 'doctorNpi': '415991', 'doctorNa...</msg>
<status status="PASS" starttime="20200806 20:38:27.797" endtime="20200806 20:38:27.798"></status>
</kw>
<kw name="Set Variable" library="BuiltIn">
<doc>Returns the given values which can then be assigned to a variables.</doc>
<arguments>
<arg>${resource_details["id"]}</arg>
</arguments>
<assign>
<var>${resource_id}</var>
</assign>
<msg timestamp="20200806 20:38:27.799" level="INFO">${resource_id} = 0db8eb1d-7f25-41c1-b3b9-bad5d8947847</msg>
<status status="PASS" starttime="20200806 20:38:27.798" endtime="20200806 20:38:27.799"></status>
</kw>
<kw name="Return From Keyword" library="BuiltIn">
<doc>Returns from the enclosing user keyword.</doc>
<arguments>
<arg>${resource_id}</arg>
</arguments>
<msg timestamp="20200806 20:38:27.799" level="INFO">Returning from the enclosing user keyword.</msg>
<status status="PASS" starttime="20200806 20:38:27.799" endtime="20200806 20:38:27.799"></status>
</kw>
<msg timestamp="20200806 20:38:27.799" level="INFO">${prescription_specific_id} = 0db8eb1d-7f25-41c1-b3b9-bad5d8947847</msg>
<status status="PASS" starttime="20200806 20:38:27.797" endtime="20200806 20:38:27.799"></status>
</kw>
<kw name="Should Be Equal" library="BuiltIn">
<doc>Fails if the given objects are unequal.</doc>
<arguments>
<arg>${prescription_id}</arg>
<arg>${prescription_specific_id}</arg>
</arguments>
<status status="PASS" starttime="20200806 20:38:27.800" endtime="20200806 20:38:27.800"></status>
</kw>
<tags>
<tag>sanity</tag>
</tags>
<status status="PASS" starttime="20200806 20:38:25.344" endtime="20200806 20:38:27.801" critical="yes"></status>
</test>
<test id="s1-s1-t3" name="TC_003 : [GET] Verify Shipping Id list exist(No Auth)">
<kw name="Create Session" library="RequestsLibrary">
<doc>Create Session: create a HTTP session to a server</doc>
<arguments>
<arg>GetShipping</arg>
<arg>${Base_URL}</arg>
</arguments>
<msg timestamp="20200806 20:38:27.802" level="INFO">Creating Session using : alias=GetShipping, url=https://api-qa.medvantxos.com/api/v1.0, headers={},                     cookies={}, auth=None, timeout=None, proxies=None, verify=False,                     debug=0 </msg>
<status status="PASS" starttime="20200806 20:38:27.802" endtime="20200806 20:38:27.803"></status>
</kw>
<kw name="Compose URL" library="common_keywords">
<arguments>
<arg>/shippingmethod</arg>
</arguments>
<assign>
<var>${uri}</var>
</assign>
<kw name="Catenate" library="BuiltIn">
<doc>Catenates the given items together and returns the resulted string.</doc>
<arguments>
<arg>SEPARATOR=/</arg>
<arg>@{args}</arg>
</arguments>
<assign>
<var>${uri}</var>
</assign>
<msg timestamp="20200806 20:38:27.804" level="INFO">${uri} = /shippingmethod</msg>
<status status="PASS" starttime="20200806 20:38:27.803" endtime="20200806 20:38:27.804"></status>
</kw>
<kw name="Return From Keyword" library="BuiltIn">
<doc>Returns from the enclosing user keyword.</doc>
<arguments>
<arg>${uri}</arg>
</arguments>
<msg timestamp="20200806 20:38:27.804" level="INFO">Returning from the enclosing user keyword.</msg>
<status status="PASS" starttime="20200806 20:38:27.804" endtime="20200806 20:38:27.804"></status>
</kw>
<msg timestamp="20200806 20:38:27.804" level="INFO">${uri} = /shippingmethod</msg>
<status status="PASS" starttime="20200806 20:38:27.803" endtime="20200806 20:38:27.804"></status>
</kw>
<kw name="Get Request" library="RequestsLibrary">
<doc>Send a GET request on the session object found using the
given `alias`</doc>
<arguments>
<arg>GetShipping</arg>
<arg>${uri}</arg>
</arguments>
<assign>
<var>${response}</var>
</assign>
<msg timestamp="20200806 20:38:29.191" level="INFO">GET Request : url=https://api-qa.medvantxos.com/api/v1.0/shippingmethod 
 path_url=/api/v1.0/shippingmethod 
 headers={'User-Agent': 'python-requests/2.24.0', 'Accept-Encoding': 'gzip, deflate', 'Accept': '*/*', 'Connection': 'keep-alive'} 
 body=None 
 </msg>
<msg timestamp="20200806 20:38:29.191" level="INFO">GET Response : url=https://api-qa.medvantxos.com/api/v1.0/shippingmethod 
 status=200, reason= 
 body=[{"shippingVendor":"USPS First Class","minDays":3,"maxDays":5,"minCost":3.0,"maxCost":5.0,"extraOption":false,"grxShippingId":100005,"id":"8ca1b4ce-2244-4ae0-924b-290a82f85b4e"},{"shippingVendor":"UPS","minDays":1,"maxDays":1,"minCost":30.0,"maxCost":30.0,"extraOption":true,"grxShippingId":1001,"id":"3edfef85-0808-4e54-9023-7f209fe46def"},{"shippingVendor":"UPS","minDays":2,"maxDays":2,"minCost":20.0,"maxCost":20.0,"extraOption":true,"grxShippingId":1006,"id":"25a135ee-fed1-447b-8cb6-8d0805f1c920"},{"shippingVendor":"USPS Priority","minDays":3,"maxDays":5,"minCost":5.0,"maxCost":7.0,"extraOption":false,"grxShippingId":100006,"id":"8c261854-72b3-4c7e-8318-2f22c2a93d9b"}] 
 </msg>
<msg timestamp="20200806 20:38:29.191" level="INFO">/Users/amit/PycharmProjects/Medic/venv/lib/python3.7/site-packages/urllib3/connectionpool.py:988: InsecureRequestWarning: Unverified HTTPS request is being made to host 'api-qa.medvantxos.com'. Adding certificate verification is strongly advised. See: https://urllib3.readthedocs.io/en/latest/advanced-usage.html#ssl-warnings
  InsecureRequestWarning,</msg>
<msg timestamp="20200806 20:38:29.191" level="INFO">${response} = &lt;Response [200]&gt;</msg>
<status status="PASS" starttime="20200806 20:38:27.804" endtime="20200806 20:38:29.191"></status>
</kw>
<kw name="Verify the Response" library="common_keywords">
<arguments>
<arg>${response}</arg>
<arg>200</arg>
</arguments>
<kw name="Log" library="BuiltIn">
<doc>Logs the given message with the given level.</doc>
<arguments>
<arg>Response code is : ${response.status_code}</arg>
</arguments>
<msg timestamp="20200806 20:38:29.193" level="INFO">Response code is : 200</msg>
<status status="PASS" starttime="20200806 20:38:29.192" endtime="20200806 20:38:29.193"></status>
</kw>
<kw name="Should Be Equal As Strings" library="BuiltIn">
<doc>Fails if objects are unequal after converting them to strings.</doc>
<arguments>
<arg>${response.status_code}</arg>
<arg>${resp_status}</arg>
</arguments>
<msg timestamp="20200806 20:38:29.194" level="INFO">Argument types are:
&lt;class 'int'&gt;
&lt;type 'unicode'&gt;</msg>
<status status="PASS" starttime="20200806 20:38:29.193" endtime="20200806 20:38:29.194"></status>
</kw>
<kw name="Log" library="BuiltIn">
<doc>Logs the given message with the given level.</doc>
<arguments>
<arg>Response body is : ${response.text}</arg>
</arguments>
<msg timestamp="20200806 20:38:29.194" level="INFO">Response body is : [{"shippingVendor":"USPS First Class","minDays":3,"maxDays":5,"minCost":3.0,"maxCost":5.0,"extraOption":false,"grxShippingId":100005,"id":"8ca1b4ce-2244-4ae0-924b-290a82f85b4e"},{"shippingVendor":"UPS","minDays":1,"maxDays":1,"minCost":30.0,"maxCost":30.0,"extraOption":true,"grxShippingId":1001,"id":"3edfef85-0808-4e54-9023-7f209fe46def"},{"shippingVendor":"UPS","minDays":2,"maxDays":2,"minCost":20.0,"maxCost":20.0,"extraOption":true,"grxShippingId":1006,"id":"25a135ee-fed1-447b-8cb6-8d0805f1c920"},{"shippingVendor":"USPS Priority","minDays":3,"maxDays":5,"minCost":5.0,"maxCost":7.0,"extraOption":false,"grxShippingId":100006,"id":"8c261854-72b3-4c7e-8318-2f22c2a93d9b"}]</msg>
<status status="PASS" starttime="20200806 20:38:29.194" endtime="20200806 20:38:29.194"></status>
</kw>
<status status="PASS" starttime="20200806 20:38:29.192" endtime="20200806 20:38:29.194"></status>
</kw>
<kw name="Get First Resource ID from List" library="common_keywords">
<arguments>
<arg>${response}</arg>
</arguments>
<assign>
<var>${shipping_id}</var>
</assign>
<kw name="Evaluate" library="BuiltIn">
<doc>Evaluates the given expression in Python and returns the result.</doc>
<arguments>
<arg>$list_response.json()</arg>
</arguments>
<assign>
<var>${resource_details}</var>
</assign>
<msg timestamp="20200806 20:38:29.196" level="INFO">${resource_details} = [{'shippingVendor': 'USPS First Class', 'minDays': 3, 'maxDays': 5, 'minCost': 3.0, 'maxCost': 5.0, 'extraOption': False, 'grxShippingId': 100005, 'id': '8ca1b4ce-2244-4ae0-924b-290a82f85b4e'}, {'ship...</msg>
<status status="PASS" starttime="20200806 20:38:29.195" endtime="20200806 20:38:29.196"></status>
</kw>
<kw name="Set Variable" library="BuiltIn">
<doc>Returns the given values which can then be assigned to a variables.</doc>
<arguments>
<arg>${resource_details[0]["id"]}</arg>
</arguments>
<assign>
<var>${resource_id}</var>
</assign>
<msg timestamp="20200806 20:38:29.196" level="INFO">${resource_id} = 8ca1b4ce-2244-4ae0-924b-290a82f85b4e</msg>
<status status="PASS" starttime="20200806 20:38:29.196" endtime="20200806 20:38:29.196"></status>
</kw>
<kw name="Return From Keyword" library="BuiltIn">
<doc>Returns from the enclosing user keyword.</doc>
<arguments>
<arg>${resource_id}</arg>
</arguments>
<msg timestamp="20200806 20:38:29.197" level="INFO">Returning from the enclosing user keyword.</msg>
<status status="PASS" starttime="20200806 20:38:29.197" endtime="20200806 20:38:29.197"></status>
</kw>
<msg timestamp="20200806 20:38:29.197" level="INFO">${shipping_id} = 8ca1b4ce-2244-4ae0-924b-290a82f85b4e</msg>
<status status="PASS" starttime="20200806 20:38:29.195" endtime="20200806 20:38:29.197"></status>
</kw>
<kw name="Set Suite Variable" library="BuiltIn">
<doc>Makes a variable available everywhere within the scope of the current suite.</doc>
<arguments>
<arg>${shipping_id}</arg>
</arguments>
<msg timestamp="20200806 20:38:29.198" level="INFO">${shipping_id} = 8ca1b4ce-2244-4ae0-924b-290a82f85b4e</msg>
<status status="PASS" starttime="20200806 20:38:29.197" endtime="20200806 20:38:29.198"></status>
</kw>
<tags>
<tag>sanity</tag>
</tags>
<status status="PASS" starttime="20200806 20:38:27.801" endtime="20200806 20:38:29.198" critical="yes"></status>
</test>
<test id="s1-s1-t4" name="TC_004 : [POST] Create a New Order for a Patient">
<kw name="Create Session" library="RequestsLibrary">
<doc>Create Session: create a HTTP session to a server</doc>
<arguments>
<arg>NewOrder</arg>
<arg>${Base_URL}</arg>
</arguments>
<msg timestamp="20200806 20:38:29.200" level="INFO">Creating Session using : alias=NewOrder, url=https://api-qa.medvantxos.com/api/v1.0, headers={},                     cookies={}, auth=None, timeout=None, proxies=None, verify=False,                     debug=0 </msg>
<status status="PASS" starttime="20200806 20:38:29.199" endtime="20200806 20:38:29.200"></status>
</kw>
<kw name="Compose URL" library="common_keywords">
<arguments>
<arg>/patient</arg>
<arg>${patient_uuid}</arg>
<arg>order</arg>
</arguments>
<assign>
<var>${uri}</var>
</assign>
<kw name="Catenate" library="BuiltIn">
<doc>Catenates the given items together and returns the resulted string.</doc>
<arguments>
<arg>SEPARATOR=/</arg>
<arg>@{args}</arg>
</arguments>
<assign>
<var>${uri}</var>
</assign>
<msg timestamp="20200806 20:38:29.201" level="INFO">${uri} = /patient/7a9e44b0-ed4e-4c10-b19a-3e0d31d1c2bf/order</msg>
<status status="PASS" starttime="20200806 20:38:29.201" endtime="20200806 20:38:29.201"></status>
</kw>
<kw name="Return From Keyword" library="BuiltIn">
<doc>Returns from the enclosing user keyword.</doc>
<arguments>
<arg>${uri}</arg>
</arguments>
<msg timestamp="20200806 20:38:29.201" level="INFO">Returning from the enclosing user keyword.</msg>
<status status="PASS" starttime="20200806 20:38:29.201" endtime="20200806 20:38:29.201"></status>
</kw>
<msg timestamp="20200806 20:38:29.201" level="INFO">${uri} = /patient/7a9e44b0-ed4e-4c10-b19a-3e0d31d1c2bf/order</msg>
<status status="PASS" starttime="20200806 20:38:29.200" endtime="20200806 20:38:29.201"></status>
</kw>
<kw name="Build Request Paylod for Order">
<arguments>
<arg>create_order.json</arg>
</arguments>
<assign>
<var>${input_data}</var>
</assign>
<kw name="Get File" library="OperatingSystem">
<doc>Returns the contents of a specified file.</doc>
<arguments>
<arg>${json_path}${filename}</arg>
</arguments>
<assign>
<var>${file_data}</var>
</assign>
<msg timestamp="20200806 20:38:29.202" level="INFO" html="yes">Getting file '&lt;a href="file:///Users/amit/PycharmProjects/Medic/test_data/create_order.json"&gt;/Users/amit/PycharmProjects/Medic/test_data/create_order.json&lt;/a&gt;'.</msg>
<msg timestamp="20200806 20:38:29.203" level="INFO">${file_data} = {
        "shipToFirstName" : "Jane",
        "shipToLastName" : "Parker",
        "methodOfShipment" : "EXPRESS",
        "shipToAddress" : "Unit 308",
        "shipToAddress2" : "390 elan village la...</msg>
<status status="PASS" starttime="20200806 20:38:29.202" endtime="20200806 20:38:29.203"></status>
</kw>
<kw name="Evaluate" library="BuiltIn">
<doc>Evaluates the given expression in Python and returns the result.</doc>
<arguments>
<arg>json.loads('''${file_data}''')</arg>
<arg>json</arg>
</arguments>
<assign>
<var>${payload_object}</var>
</assign>
<msg timestamp="20200806 20:38:29.204" level="INFO">${payload_object} = {'shipToFirstName': 'Jane', 'shipToLastName': 'Parker', 'methodOfShipment': 'EXPRESS', 'shipToAddress': 'Unit 308', 'shipToAddress2': '390 elan village lane', 'shipToCity': 'san jose', 'shipToStateCod...</msg>
<status status="PASS" starttime="20200806 20:38:29.204" endtime="20200806 20:38:29.204"></status>
</kw>
<kw name="Create List" library="BuiltIn">
<doc>Returns a list containing given items.</doc>
<assign>
<var>${orderLine}</var>
</assign>
<msg timestamp="20200806 20:38:29.205" level="INFO">${orderLine} = []</msg>
<status status="PASS" starttime="20200806 20:38:29.204" endtime="20200806 20:38:29.205"></status>
</kw>
<kw name="Create Dictionary" library="BuiltIn">
<doc>Creates and returns a dictionary based on the given ``items``.</doc>
<arguments>
<arg>prescriptionId</arg>
<arg>${prescription_id}</arg>
<arg>shippingMethodId</arg>
<arg>${shipping_id}</arg>
<arg>qtyOrdered</arg>
<arg>${2}</arg>
</arguments>
<assign>
<var>${orderLine_item}</var>
</assign>
<msg timestamp="20200806 20:38:29.206" level="INFO">${orderLine_item} = {'prescriptionId': '0db8eb1d-7f25-41c1-b3b9-bad5d8947847', 'shippingMethodId': '8ca1b4ce-2244-4ae0-924b-290a82f85b4e', 'qtyOrdered': 2}</msg>
<status status="PASS" starttime="20200806 20:38:29.205" endtime="20200806 20:38:29.206"></status>
</kw>
<kw name="Append To List" library="Collections">
<doc>Adds ``values`` to the end of ``list``.</doc>
<arguments>
<arg>${orderLine}</arg>
<arg>${orderLine_item}</arg>
</arguments>
<status status="PASS" starttime="20200806 20:38:29.206" endtime="20200806 20:38:29.206"></status>
</kw>
<kw name="Set To Dictionary" library="Collections">
<doc>Adds the given ``key_value_pairs`` and ``items`` to the ``dictionary``.</doc>
<arguments>
<arg>${payload_object}</arg>
<arg>orderLine=${orderLine}</arg>
</arguments>
<status status="PASS" starttime="20200806 20:38:29.206" endtime="20200806 20:38:29.207"></status>
</kw>
<kw name="Return From Keyword" library="BuiltIn">
<doc>Returns from the enclosing user keyword.</doc>
<arguments>
<arg>${payload_object}</arg>
</arguments>
<msg timestamp="20200806 20:38:29.207" level="INFO">Returning from the enclosing user keyword.</msg>
<status status="PASS" starttime="20200806 20:38:29.207" endtime="20200806 20:38:29.207"></status>
</kw>
<msg timestamp="20200806 20:38:29.207" level="INFO">${input_data} = {'shipToFirstName': 'Jane', 'shipToLastName': 'Parker', 'methodOfShipment': 'EXPRESS', 'shipToAddress': 'Unit 308', 'shipToAddress2': '390 elan village lane', 'shipToCity': 'san jose', 'shipToStateCod...</msg>
<status status="PASS" starttime="20200806 20:38:29.202" endtime="20200806 20:38:29.207"></status>
</kw>
<kw name="Post Request" library="RequestsLibrary">
<doc>Send a POST request on the session object found using the
given `alias`</doc>
<arguments>
<arg>NewOrder</arg>
<arg>${uri}</arg>
<arg>data=${input_data}</arg>
<arg>headers=${HEADER}</arg>
</arguments>
<assign>
<var>${response}</var>
</assign>
<msg timestamp="20200806 20:38:30.860" level="INFO">POST Request : url=https://api-qa.medvantxos.com/api/v1.0/patient/7a9e44b0-ed4e-4c10-b19a-3e0d31d1c2bf/order 
 path_url=/api/v1.0/patient/7a9e44b0-ed4e-4c10-b19a-3e0d31d1c2bf/order 
 headers={'User-Agent': 'python-requests/2.24.0', 'Accept-Encoding': 'gzip, deflate', 'Accept': '*/*', 'Connection': 'keep-alive', 'Authorization': 'Bearer eyJhbGciOiJSUzI1NiIsInR5cCIgOiAiSldUIiwia2lkIiA6ICJJaE1yYWlfeVBmTGFzOHUzTXJQZjZiMVZpT2ZIcVZVTGJTOFZ3YXNUOExJIn0.eyJqdGkiOiIzN2EyOTg3Yi1hYTFiLTQ5MGYtYWFiMC1lMjJiNGRjMDQ5YzQiLCJleHAiOjE1OTY3MzAxODAsIm5iZiI6MCwiaWF0IjoxNTk2NzI2NTgwLCJpc3MiOiJodHRwOi8vbG9jYWxob3N0OjgwODAvYXV0aC9yZWFsbXMvcXN5bWlheCIsInN1YiI6IjdhOWU0NGIwLWVkNGUtNGMxMC1iMTlhLTNlMGQzMWQxYzJiZiIsInR5cCI6IkJlYXJlciIsImF6cCI6ImFkbWluLWNsaSIsImF1dGhfdGltZSI6MCwic2Vzc2lvbl9zdGF0ZSI6ImExNzA5OGZhLTdmMjUtNDZkOC1iNTFlLTA2YjkxMDQ3NzI1YiIsImFjciI6IjEiLCJzY29wZSI6InByb2ZpbGUgZW1haWwiLCJlbWFpbF92ZXJpZmllZCI6ZmFsc2UsIm5hbWUiOiJFclNvbmFsIEVyUmFqYmhvaiIsInByZWZlcnJlZF91c2VybmFtZSI6ImVyc29uYWxAbWVkdmFudHguY29tIiwiZ2l2ZW5fbmFtZSI6IkVyU29uYWwiLCJmYW1pbHlfbmFtZSI6IkVyUmFqYmhvaiIsImVtYWlsIjoiZXJzb25hbEBtZWR2YW50eC5jb20ifQ.GFc6MXD2HAaO-l286uYsW1uBhdoWI-Xv5o9bo18qdouQWPfX9Lu7OzOfeVsG-TSVSZf2dnHZ_Zk9wdR6qDI_26XArrRmc_9XWSUwThyCIpgpcaD2xh3euxI8haR6dVtiKVfHzcgv4z55QlgiRl2T8EYfPnNJVPz4O-gqRjqVutKB3fBkGLP2D79WEui7c2TfAUo1r-z9A6q_VExwsJUI2JuYhVlqbw387IMgN4e1L_G5151SZq1zrBycapJqbU8JdahuQHXZvYKhOJvTeXMblvu2V5O2mTs8NtArVxUSxHAvycd3x_Z_zDxQ9PIs3mfo_4lDEfiX_oIV1zpsQ0A5tQ', 'Content-Type': 'application/json', 'Content-Length': '447'} 
 body={"shipToFirstName": "Jane", "shipToLastName": "Parker", "methodOfShipment": "EXPRESS", "shipToAddress": "Unit 308", "shipToAddress2": "390 elan village lane", "shipToCity": "san jose", "shipToStateCode": "CA", "shipToZipCode": "95314", "shippingMethodId": "8ca1b4ce-2244-4ae0-924b-290a82f85b4e", "orderLine": [{"prescriptionId": "0db8eb1d-7f25-41c1-b3b9-bad5d8947847", "shippingMethodId": "8ca1b4ce-2244-4ae0-924b-290a82f85b4e", "qtyOrdered": 2}]} 
 </msg>
<msg timestamp="20200806 20:38:30.860" level="INFO">POST Response : url=https://api-qa.medvantxos.com/api/v1.0/patient/7a9e44b0-ed4e-4c10-b19a-3e0d31d1c2bf/order 
 status=200, reason= 
 body={"timeStamp":1596726588630,"patient_id":"7a9e44b0-ed4e-4c10-b19a-3e0d31d1c2bf","orderNumber":"4224898","shipToFirstName":"Jane","shipToLastName":"Parker","shipToAddress":"Unit 308","shipToAddress2":"390 elan village lane","shipToCity":"san jose","shipToStateCode":"CA","shipToZipCode":"95314","orderDate":1596726588622,"expectedDeliveryDate":1597158588621,"setQuotedShippingPrice":0.0,"orderLine":[{"prescriptionId":"0db8eb1d-7f25-41c1-b3b9-bad5d8947847","qtyOrdered":2,"shippingMethodId":"8ca1b4ce-2244-4ae0-924b-290a82f85b4e"}],"shipAmount":110.0,"orderStatusInternal":"CREATED","prescriptions":[{"prescriptionNumber":"15967434","drugNdc":"62541020130","drugDisplayName":"QSYMIA 3.75 MG-23 MG CAPSULE","quantityWritten":"60.0","quantityRemaining":"60.0","doctorNpi":"415991","doctorName":"Karly Pipitt","doctorAddress":"729 Arapeen Dr ","doctorCity":"SALT LAKE CITY","doctorState":"UT","doctorZip":"84108  ","doctorPhone":"8017575   ","prescriptionExpirationDate":"Sun Jan 31 07:55:32 UTC 2021","prescriptionNextRefillDate":"","prescriptionLastFilledDate":"","dose":2,"instructions":"take 2 capsules 2 times a day","id":"0db8eb1d-7f25-41c1-b3b9-bad5d8947847"}],"id":"d08a7631-4ebe-41d1-8c8e-49de885afbcb"} 
 </msg>
<msg timestamp="20200806 20:38:30.860" level="INFO">/Users/amit/PycharmProjects/Medic/venv/lib/python3.7/site-packages/urllib3/connectionpool.py:988: InsecureRequestWarning: Unverified HTTPS request is being made to host 'api-qa.medvantxos.com'. Adding certificate verification is strongly advised. See: https://urllib3.readthedocs.io/en/latest/advanced-usage.html#ssl-warnings
  InsecureRequestWarning,</msg>
<msg timestamp="20200806 20:38:30.860" level="INFO">${response} = &lt;Response [200]&gt;</msg>
<status status="PASS" starttime="20200806 20:38:29.208" endtime="20200806 20:38:30.860"></status>
</kw>
<kw name="Verify the Response" library="common_keywords">
<arguments>
<arg>${response}</arg>
<arg>200</arg>
</arguments>
<kw name="Log" library="BuiltIn">
<doc>Logs the given message with the given level.</doc>
<arguments>
<arg>Response code is : ${response.status_code}</arg>
</arguments>
<msg timestamp="20200806 20:38:30.862" level="INFO">Response code is : 200</msg>
<status status="PASS" starttime="20200806 20:38:30.862" endtime="20200806 20:38:30.862"></status>
</kw>
<kw name="Should Be Equal As Strings" library="BuiltIn">
<doc>Fails if objects are unequal after converting them to strings.</doc>
<arguments>
<arg>${response.status_code}</arg>
<arg>${resp_status}</arg>
</arguments>
<msg timestamp="20200806 20:38:30.863" level="INFO">Argument types are:
&lt;class 'int'&gt;
&lt;type 'unicode'&gt;</msg>
<status status="PASS" starttime="20200806 20:38:30.862" endtime="20200806 20:38:30.863"></status>
</kw>
<kw name="Log" library="BuiltIn">
<doc>Logs the given message with the given level.</doc>
<arguments>
<arg>Response body is : ${response.text}</arg>
</arguments>
<msg timestamp="20200806 20:38:30.864" level="INFO">Response body is : {"timeStamp":1596726588630,"patient_id":"7a9e44b0-ed4e-4c10-b19a-3e0d31d1c2bf","orderNumber":"4224898","shipToFirstName":"Jane","shipToLastName":"Parker","shipToAddress":"Unit 308","shipToAddress2":"390 elan village lane","shipToCity":"san jose","shipToStateCode":"CA","shipToZipCode":"95314","orderDate":1596726588622,"expectedDeliveryDate":1597158588621,"setQuotedShippingPrice":0.0,"orderLine":[{"prescriptionId":"0db8eb1d-7f25-41c1-b3b9-bad5d8947847","qtyOrdered":2,"shippingMethodId":"8ca1b4ce-2244-4ae0-924b-290a82f85b4e"}],"shipAmount":110.0,"orderStatusInternal":"CREATED","prescriptions":[{"prescriptionNumber":"15967434","drugNdc":"62541020130","drugDisplayName":"QSYMIA 3.75 MG-23 MG CAPSULE","quantityWritten":"60.0","quantityRemaining":"60.0","doctorNpi":"415991","doctorName":"Karly Pipitt","doctorAddress":"729 Arapeen Dr ","doctorCity":"SALT LAKE CITY","doctorState":"UT","doctorZip":"84108  ","doctorPhone":"8017575   ","prescriptionExpirationDate":"Sun Jan 31 07:55:32 UTC 2021","prescriptionNextRefillDate":"","prescriptionLastFilledDate":"","dose":2,"instructions":"take 2 capsules 2 times a day","id":"0db8eb1d-7f25-41c1-b3b9-bad5d8947847"}],"id":"d08a7631-4ebe-41d1-8c8e-49de885afbcb"}</msg>
<status status="PASS" starttime="20200806 20:38:30.863" endtime="20200806 20:38:30.864"></status>
</kw>
<status status="PASS" starttime="20200806 20:38:30.861" endtime="20200806 20:38:30.864"></status>
</kw>
<kw name="Verify Precription Details">
<arguments>
<arg>prescription_details.json</arg>
<arg>${response}</arg>
</arguments>
<kw name="Evaluate" library="BuiltIn">
<doc>Evaluates the given expression in Python and returns the result.</doc>
<arguments>
<arg>$response.json()</arg>
</arguments>
<assign>
<var>${order_details}</var>
</assign>
<msg timestamp="20200806 20:38:30.865" level="INFO">${order_details} = {'timeStamp': 1596726588630, 'patient_id': '7a9e44b0-ed4e-4c10-b19a-3e0d31d1c2bf', 'orderNumber': '4224898', 'shipToFirstName': 'Jane', 'shipToLastName': 'Parker', 'shipToAddress': 'Unit 308', 'shipTo...</msg>
<status status="PASS" starttime="20200806 20:38:30.865" endtime="20200806 20:38:30.865"></status>
</kw>
<kw name="Compare Dicts" library="HelperModule">
<arguments>
<arg>${order_details["prescriptions"][0]}</arg>
<arg>${file_prescription}</arg>
<arg>False</arg>
</arguments>
<assign>
<var>${status}</var>
</assign>
<msg timestamp="20200806 20:38:30.866" level="INFO">The expected dictionary is {'prescriptionNumber': '15967434', 'drugNdc': '62541020130', 'drugDisplayName': 'QSYMIA 3.75 MG-23 MG CAPSULE', 'quantityWritten': '60.0', 'quantityRemaining': '60.0', 'doctorNpi': '415991', 'doctorName': 'Karly Pipitt', 'doctorAddress': '729 Arapeen Dr ', 'doctorCity': 'SALT LAKE CITY', 'doctorState': 'UT', 'doctorZip': '84108  ', 'doctorPhone': '8017575   ', 'prescriptionExpirationDate': 'Sun Jan 31 07:55:32 UTC 2021', 'prescriptionNextRefillDate': '', 'prescriptionLastFilledDate': '', 'dose': 2, 'instructions': 'take 2 capsules 2 times a day', 'id': '0db8eb1d-7f25-41c1-b3b9-bad5d8947847'} 
</msg>
<msg timestamp="20200806 20:38:30.866" level="INFO">The actual dictionary is {'prescriptionNumber': '15967434', 'drugNdc': '62541020130', 'drugDisplayName': 'QSYMIA 3.75 MG-23 MG CAPSULE', 'quantityWritten': '60.0', 'quantityRemaining': '60.0', 'doctorNpi': '415991', 'doctorName': 'Karly Pipitt', 'doctorAddress': '729 Arapeen Dr ', 'doctorCity': 'SALT LAKE CITY', 'doctorState': 'UT', 'doctorZip': '84108  ', 'doctorPhone': '8017575   ', 'prescriptionExpirationDate': 'Sun Jan 31 07:55:32 UTC 2021', 'prescriptionNextRefillDate': '', 'prescriptionLastFilledDate': '', 'dose': 2, 'instructions': 'take 2 capsules 2 times a day', 'id': '0db8eb1d-7f25-41c1-b3b9-bad5d8947847'} 
</msg>
<msg timestamp="20200806 20:38:30.867" level="INFO">PASS: Both the expected and actual dictionaries are same.</msg>
<msg timestamp="20200806 20:38:30.867" level="INFO">${status} = True</msg>
<status status="PASS" starttime="20200806 20:38:30.866" endtime="20200806 20:38:30.867"></status>
</kw>
<kw name="Should Be True" library="BuiltIn">
<doc>Fails if the given condition is not true.</doc>
<arguments>
<arg>${status}</arg>
</arguments>
<status status="PASS" starttime="20200806 20:38:30.867" endtime="20200806 20:38:30.868"></status>
</kw>
<status status="PASS" starttime="20200806 20:38:30.864" endtime="20200806 20:38:30.868"></status>
</kw>
<kw name="Verify Shipment Amount">
<arguments>
<arg>${response}</arg>
</arguments>
<kw name="Evaluate" library="BuiltIn">
<doc>Evaluates the given expression in Python and returns the result.</doc>
<arguments>
<arg>$response.json()</arg>
</arguments>
<assign>
<var>${resource_details}</var>
</assign>
<msg timestamp="20200806 20:38:30.869" level="INFO">${resource_details} = {'timeStamp': 1596726588630, 'patient_id': '7a9e44b0-ed4e-4c10-b19a-3e0d31d1c2bf', 'orderNumber': '4224898', 'shipToFirstName': 'Jane', 'shipToLastName': 'Parker', 'shipToAddress': 'Unit 308', 'shipTo...</msg>
<status status="PASS" starttime="20200806 20:38:30.869" endtime="20200806 20:38:30.869"></status>
</kw>
<kw name="Set Variable" library="BuiltIn">
<doc>Returns the given values which can then be assigned to a variables.</doc>
<arguments>
<arg>${110.0}</arg>
</arguments>
<assign>
<var>${calculated_shipAmount}</var>
</assign>
<msg timestamp="20200806 20:38:30.869" level="INFO">${calculated_shipAmount} = 110.0</msg>
<status status="PASS" starttime="20200806 20:38:30.869" endtime="20200806 20:38:30.869"></status>
</kw>
<kw name="Should Be Equal" library="BuiltIn">
<doc>Fails if the given objects are unequal.</doc>
<arguments>
<arg>${resource_details["shipAmount"]}</arg>
<arg>${calculated_shipAmount}</arg>
</arguments>
<status status="PASS" starttime="20200806 20:38:30.870" endtime="20200806 20:38:30.870"></status>
</kw>
<status status="PASS" starttime="20200806 20:38:30.868" endtime="20200806 20:38:30.870"></status>
</kw>
<kw name="Get Resource ID" library="common_keywords">
<arguments>
<arg>${response}</arg>
</arguments>
<assign>
<var>${order_id}</var>
</assign>
<kw name="Evaluate" library="BuiltIn">
<doc>Evaluates the given expression in Python and returns the result.</doc>
<arguments>
<arg>$response.json()</arg>
</arguments>
<assign>
<var>${resource_details}</var>
</assign>
<msg timestamp="20200806 20:38:30.871" level="INFO">${resource_details} = {'timeStamp': 1596726588630, 'patient_id': '7a9e44b0-ed4e-4c10-b19a-3e0d31d1c2bf', 'orderNumber': '4224898', 'shipToFirstName': 'Jane', 'shipToLastName': 'Parker', 'shipToAddress': 'Unit 308', 'shipTo...</msg>
<status status="PASS" starttime="20200806 20:38:30.871" endtime="20200806 20:38:30.871"></status>
</kw>
<kw name="Set Variable" library="BuiltIn">
<doc>Returns the given values which can then be assigned to a variables.</doc>
<arguments>
<arg>${resource_details["id"]}</arg>
</arguments>
<assign>
<var>${resource_id}</var>
</assign>
<msg timestamp="20200806 20:38:30.872" level="INFO">${resource_id} = d08a7631-4ebe-41d1-8c8e-49de885afbcb</msg>
<status status="PASS" starttime="20200806 20:38:30.871" endtime="20200806 20:38:30.872"></status>
</kw>
<kw name="Return From Keyword" library="BuiltIn">
<doc>Returns from the enclosing user keyword.</doc>
<arguments>
<arg>${resource_id}</arg>
</arguments>
<msg timestamp="20200806 20:38:30.872" level="INFO">Returning from the enclosing user keyword.</msg>
<status status="PASS" starttime="20200806 20:38:30.872" endtime="20200806 20:38:30.872"></status>
</kw>
<msg timestamp="20200806 20:38:30.872" level="INFO">${order_id} = d08a7631-4ebe-41d1-8c8e-49de885afbcb</msg>
<status status="PASS" starttime="20200806 20:38:30.870" endtime="20200806 20:38:30.872"></status>
</kw>
<kw name="Set Suite Variable" library="BuiltIn">
<doc>Makes a variable available everywhere within the scope of the current suite.</doc>
<arguments>
<arg>${order_id}</arg>
</arguments>
<msg timestamp="20200806 20:38:30.873" level="INFO">${order_id} = d08a7631-4ebe-41d1-8c8e-49de885afbcb</msg>
<status status="PASS" starttime="20200806 20:38:30.872" endtime="20200806 20:38:30.873"></status>
</kw>
<tags>
<tag>sanity</tag>
</tags>
<status status="PASS" starttime="20200806 20:38:29.198" endtime="20200806 20:38:30.873" critical="yes"></status>
</test>
<test id="s1-s1-t5" name="TC_005 : [GET] Verify Order list exist for the Patient">
<kw name="Create Session" library="RequestsLibrary">
<doc>Create Session: create a HTTP session to a server</doc>
<arguments>
<arg>GetOrder</arg>
<arg>${Base_URL}</arg>
</arguments>
<msg timestamp="20200806 20:38:30.874" level="INFO">Creating Session using : alias=GetOrder, url=https://api-qa.medvantxos.com/api/v1.0, headers={},                     cookies={}, auth=None, timeout=None, proxies=None, verify=False,                     debug=0 </msg>
<status status="PASS" starttime="20200806 20:38:30.874" endtime="20200806 20:38:30.874"></status>
</kw>
<kw name="Compose URL" library="common_keywords">
<arguments>
<arg>/patient</arg>
<arg>${patient_uuid}</arg>
<arg>orders</arg>
</arguments>
<assign>
<var>${uri}</var>
</assign>
<kw name="Catenate" library="BuiltIn">
<doc>Catenates the given items together and returns the resulted string.</doc>
<arguments>
<arg>SEPARATOR=/</arg>
<arg>@{args}</arg>
</arguments>
<assign>
<var>${uri}</var>
</assign>
<msg timestamp="20200806 20:38:30.875" level="INFO">${uri} = /patient/7a9e44b0-ed4e-4c10-b19a-3e0d31d1c2bf/orders</msg>
<status status="PASS" starttime="20200806 20:38:30.875" endtime="20200806 20:38:30.875"></status>
</kw>
<kw name="Return From Keyword" library="BuiltIn">
<doc>Returns from the enclosing user keyword.</doc>
<arguments>
<arg>${uri}</arg>
</arguments>
<msg timestamp="20200806 20:38:30.876" level="INFO">Returning from the enclosing user keyword.</msg>
<status status="PASS" starttime="20200806 20:38:30.875" endtime="20200806 20:38:30.876"></status>
</kw>
<msg timestamp="20200806 20:38:30.876" level="INFO">${uri} = /patient/7a9e44b0-ed4e-4c10-b19a-3e0d31d1c2bf/orders</msg>
<status status="PASS" starttime="20200806 20:38:30.874" endtime="20200806 20:38:30.876"></status>
</kw>
<kw name="Get Request" library="RequestsLibrary">
<doc>Send a GET request on the session object found using the
given `alias`</doc>
<arguments>
<arg>GetOrder</arg>
<arg>${uri}</arg>
<arg>headers=${HEADER}</arg>
</arguments>
<assign>
<var>${response}</var>
</assign>
<msg timestamp="20200806 20:38:32.830" level="INFO">GET Request : url=https://api-qa.medvantxos.com/api/v1.0/patient/7a9e44b0-ed4e-4c10-b19a-3e0d31d1c2bf/orders 
 path_url=/api/v1.0/patient/7a9e44b0-ed4e-4c10-b19a-3e0d31d1c2bf/orders 
 headers={'User-Agent': 'python-requests/2.24.0', 'Accept-Encoding': 'gzip, deflate', 'Accept': '*/*', 'Connection': 'keep-alive', 'Authorization': 'Bearer eyJhbGciOiJSUzI1NiIsInR5cCIgOiAiSldUIiwia2lkIiA6ICJJaE1yYWlfeVBmTGFzOHUzTXJQZjZiMVZpT2ZIcVZVTGJTOFZ3YXNUOExJIn0.eyJqdGkiOiIzN2EyOTg3Yi1hYTFiLTQ5MGYtYWFiMC1lMjJiNGRjMDQ5YzQiLCJleHAiOjE1OTY3MzAxODAsIm5iZiI6MCwiaWF0IjoxNTk2NzI2NTgwLCJpc3MiOiJodHRwOi8vbG9jYWxob3N0OjgwODAvYXV0aC9yZWFsbXMvcXN5bWlheCIsInN1YiI6IjdhOWU0NGIwLWVkNGUtNGMxMC1iMTlhLTNlMGQzMWQxYzJiZiIsInR5cCI6IkJlYXJlciIsImF6cCI6ImFkbWluLWNsaSIsImF1dGhfdGltZSI6MCwic2Vzc2lvbl9zdGF0ZSI6ImExNzA5OGZhLTdmMjUtNDZkOC1iNTFlLTA2YjkxMDQ3NzI1YiIsImFjciI6IjEiLCJzY29wZSI6InByb2ZpbGUgZW1haWwiLCJlbWFpbF92ZXJpZmllZCI6ZmFsc2UsIm5hbWUiOiJFclNvbmFsIEVyUmFqYmhvaiIsInByZWZlcnJlZF91c2VybmFtZSI6ImVyc29uYWxAbWVkdmFudHguY29tIiwiZ2l2ZW5fbmFtZSI6IkVyU29uYWwiLCJmYW1pbHlfbmFtZSI6IkVyUmFqYmhvaiIsImVtYWlsIjoiZXJzb25hbEBtZWR2YW50eC5jb20ifQ.GFc6MXD2HAaO-l286uYsW1uBhdoWI-Xv5o9bo18qdouQWPfX9Lu7OzOfeVsG-TSVSZf2dnHZ_Zk9wdR6qDI_26XArrRmc_9XWSUwThyCIpgpcaD2xh3euxI8haR6dVtiKVfHzcgv4z55QlgiRl2T8EYfPnNJVPz4O-gqRjqVutKB3fBkGLP2D79WEui7c2TfAUo1r-z9A6q_VExwsJUI2JuYhVlqbw387IMgN4e1L_G5151SZq1zrBycapJqbU8JdahuQHXZvYKhOJvTeXMblvu2V5O2mTs8NtArVxUSxHAvycd3x_Z_zDxQ9PIs3mfo_4lDEfiX_oIV1zpsQ0A5tQ', 'Content-Type': 'application/json'} 
 body=None 
 </msg>
<msg timestamp="20200806 20:38:32.831" level="INFO">GET Response : url=https://api-qa.medvantxos.com/api/v1.0/patient/7a9e44b0-ed4e-4c10-b19a-3e0d31d1c2bf/orders 
 status=200, reason= 
 body={"timeStamp":1596726590192,"orderList":[{"patient_id":"7a9e44b0-ed4e-4c10-b19a-3e0d31d1c2bf","orderNumber":"4224826","orderStatusExternalDescription":"Rx Review","shipToFirstName":"Sonal","shipToLastName":"R1","shipToAddress":"Unit 308","shipToAddress2":"390 elan village lane","shipToCity":"san jose","shipToStateCode":"CA","shipToZipCode":"95314","orderDate":1594991097678,"expectedDeliveryDate":1595423097678,"paymentReceived":55.0,"setQuotedShippingPrice":0.0,"orderLine":[{"prescriptionId":"0fea9490-7bd3-45ed-aa2f-41f7b4d1892a","qtyOrdered":1,"shippingMethodId":"8c261854-72b3-4c7e-8318-2f22c2a93d9b"}],"paymentStatus":"payment_successful","paymenTransactionNumber":"038-2222","shipAmount":55.0,"orderStatus":"Rx Review","prescriptions":[{"prescriptionNumber":"15967314","drugNdc":"62541020230","drugDisplayName":"QSYMIA 7.5 MG-46 MG CAPSULE","quantityWritten":"100.0","quantityRemaining":"98.0","doctorNpi":"417413","doctorName":"Joshua Merok","doctorAddress":"180 N Michigan Ave Smurfit-Stone Bldg","doctorCity":"Chicago","doctorState":"IL","doctorZip":"60601  ","doctorPhone":"2011230   ","prescriptionExpirationDate":"Wed Jan 13 07:47:40 UTC 2021","prescriptionNextRefillDate":"","prescriptionLastFilledDate":"","dose":1,"instructions":"DummySignText","id":"0fea9490-7bd3-45ed-aa2f-41f7b4d1892a"}],"id":"14402b96-7ac8-4a5a-8837-5e61030c1149"},{"patient_id":"7a9e44b0-ed4e-4c10-b19a-3e0d31d1c2bf","orderNumber":"4224879","shipToFirstName":"Jane","shipToLastName":"Parker","shipToAddress":"Unit 308","shipToAddress2":"390 elan village lane","shipToCity":"san jose","shipToStateCode":"CA","shipToZipCode":"95314","orderDate":1596378011868,"expectedDeliveryDate":1596810011868,"setQuotedShippingPrice":0.0,"orderLine":[{"prescriptionId":"40c81292-da7f-4021-aab9-60e72e29ab86","qtyOrdered":2,"shippingMethodId":"8ca1b4ce-2244-4ae0-924b-290a82f85b4e"}],"shipAmount":110.0,"prescriptions":[{"prescriptionNumber":"15967315","drugNdc":"62541020130","drugDisplayName":"QSYMIA 3.75 MG-23 MG CAPSULE","quantityWritten":"100.0","quantityRemaining":"98.0","doctorNpi":"417413","doctorName":"Joshua Merok","doctorAddress":"180 N Michigan Ave Smurfit-Stone Bldg","doctorCity":"Chicago","doctorState":"IL","doctorZip":"60601  ","doctorPhone":"2011230   ","prescriptionExpirationDate":"Wed Jan 13 07:48:35 UTC 2021","prescriptionNextRefillDate":"","prescriptionLastFilledDate":"","dose":1,"instructions":"DummySignText","id":"40c81292-da7f-4021-aab9-60e72e29ab86"}],"id":"1891d0da-3349-4489-ad1b-72b661302a95"},{"patient_id":"7a9e44b0-ed4e-4c10-b19a-3e0d31d1c2bf","orderNumber":"4224866","orderStatusExternalDescription":"Web Refill in Progress","shipToFirstName":"shruti","shipToLastName":"K","shipToAddress":"Unit 308","shipToAddress2":"390 elan village lane","shipToCity":"san jose","shipToStateCode":"CA","shipToZipCode":"95314","orderDate":1596007955695,"expectedDeliveryDate":1596439955695,"paymentReceived":110.0,"setQuotedShippingPrice":0.0,"orderLine":[{"prescriptionId":"40c81292-da7f-4021-aab9-60e72e29ab86","qtyOrdered":2,"shippingMethodId":"8ca1b4ce-2244-4ae0-924b-290a82f85b4e"}],"paymentStatus":"payment_successful","paymenTransactionNumber":"038-2222","shipAmount":110.0,"orderStatus":"Web Refill","prescriptions":[{"prescriptionNumber":"15967315","drugNdc":"62541020130","drugDisplayName":"QSYMIA 3.75 MG-23 MG CAPSULE","quantityWritten":"100.0","quantityRemaining":"98.0","doctorNpi":"417413","doctorName":"Joshua Merok","doctorAddress":"180 N Michigan Ave Smurfit-Stone Bldg","doctorCity":"Chicago","doctorState":"IL","doctorZip":"60601  ","doctorPhone":"2011230   ","prescriptionExpirationDate":"Wed Jan 13 07:48:35 UTC 2021","prescriptionNextRefillDate":"","prescriptionLastFilledDate":"","dose":1,"instructions":"DummySignText","id":"40c81292-da7f-4021-aab9-60e72e29ab86"}],"id":"306de49f-4a19-45b5-ba8d-56f2986c1a1a"},{"patient_id":"7a9e44b0-ed4e-4c10-b19a-3e0d31d1c2bf","orderNumber":"4224868","orderStatusExternalDescription":"Web Refill in Progress","shipToFirstName":"shruti","shipToLastName":"K","shipToAddress":"Unit 308","shipToAddress2":"390 elan village lane","shipToCity":"san jose","shipToStateCode":"CA","shipToZipCode":"95314","orderDate":1596018238019,"expectedDeliveryDate":1596450238019,"setQuotedShippingPrice":0.0,"orderLine":[{"prescriptionId":"40c81292-da7f-4021-aab9-60e72e29ab86","qtyOrdered":2,"shippingMethodId":"8ca1b4ce-2244-4ae0-924b-290a82f85b4e"}],"shipAmount":110.0,"orderStatus":"Web Refill","prescriptions":[{"prescriptionNumber":"15967315","drugNdc":"62541020130","drugDisplayName":"QSYMIA 3.75 MG-23 MG CAPSULE","quantityWritten":"100.0","quantityRemaining":"98.0","doctorNpi":"417413","doctorName":"Joshua Merok","doctorAddress":"180 N Michigan Ave Smurfit-Stone Bldg","doctorCity":"Chicago","doctorState":"IL","doctorZip":"60601  ","doctorPhone":"2011230   ","prescriptionExpirationDate":"Wed Jan 13 07:48:35 UTC 2021","prescriptionNextRefillDate":"","prescriptionLastFilledDate":"","dose":1,"instructions":"DummySignText","id":"40c81292-da7f-4021-aab9-60e72e29ab86"}],"id":"3a978706-4a90-4f42-bd6a-fbba075912ce"},{"patient_id":"7a9e44b0-ed4e-4c10-b19a-3e0d31d1c2bf","orderNumber":"4224896","shipToFirstName":"Jane","shipToLastName":"Parker","shipToAddress":"Unit 308","shipToAddress2":"390 elan village lane","shipToCity":"san jose","shipToStateCode":"CA","shipToZipCode":"95314","orderDate":1596683006079,"expectedDeliveryDate":1597115006079,"paymentReceived":110.0,"setQuotedShippingPrice":0.0,"orderLine":[{"prescriptionId":"0db8eb1d-7f25-41c1-b3b9-bad5d8947847","qtyOrdered":2,"shippingMethodId":"8ca1b4ce-2244-4ae0-924b-290a82f85b4e"}],"paymentStatus":"payment_successful","paymenTransactionNumber":"038-2221","shipAmount":110.0,"transactionId":"690854a6-8834-424c-a869-bace4a8444f2","orderStatusInternal":"SUBMITTED","prescriptions":[{"prescriptionNumber":"15967434","drugNdc":"62541020130","drugDisplayName":"QSYMIA 3.75 MG-23 MG CAPSULE","quantityWritten":"60.0","quantityRemaining":"60.0","doctorNpi":"415991","doctorName":"Karly Pipitt","doctorAddress":"729 Arapeen Dr ","doctorCity":"SALT LAKE CITY","doctorState":"UT","doctorZip":"84108  ","doctorPhone":"8017575   ","prescriptionExpirationDate":"Sun Jan 31 07:55:32 UTC 2021","prescriptionNextRefillDate":"","prescriptionLastFilledDate":"","dose":2,"instructions":"take 2 capsules 2 times a day","id":"0db8eb1d-7f25-41c1-b3b9-bad5d8947847"}],"id":"4c02fe21-be62-47d8-bb64-65c4b9bd9770"},{"patient_id":"7a9e44b0-ed4e-4c10-b19a-3e0d31d1c2bf","orderNumber":"4224827","orderStatusExternalDescription":"Rx Review","shipToFirstName":"Sonal","shipToLastName":"R1","shipToAddress":"Unit 308","shipToAddress2":"390 elan village lane","shipToCity":"san jose","shipToStateCode":"CA","shipToZipCode":"95314","orderDate":1594991823134,"expectedDeliveryDate":1595078223134,"paymentReceived":85.0,"setQuotedShippingPrice":30.0,"orderLine":[{"prescriptionId":"0fea9490-7bd3-45ed-aa2f-41f7b4d1892a","qtyOrdered":1,"shippingMethodId":"3edfef85-0808-4e54-9023-7f209fe46def"}],"paymentStatus":"payment_successful","paymenTransactionNumber":"038-2222","shipAmount":85.0,"orderStatus":"Rx Review","prescriptions":[{"prescriptionNumber":"15967314","drugNdc":"62541020230","drugDisplayName":"QSYMIA 7.5 MG-46 MG CAPSULE","quantityWritten":"100.0","quantityRemaining":"98.0","doctorNpi":"417413","doctorName":"Joshua Merok","doctorAddress":"180 N Michigan Ave Smurfit-Stone Bldg","doctorCity":"Chicago","doctorState":"IL","doctorZip":"60601  ","doctorPhone":"2011230   ","prescriptionExpirationDate":"Wed Jan 13 07:47:40 UTC 2021","prescriptionNextRefillDate":"","prescriptionLastFilledDate":"","dose":1,"instructions":"DummySignText","id":"0fea9490-7bd3-45ed-aa2f-41f7b4d1892a"}],"id":"4d54001b-d94c-4d46-996c-d25cb992e1fd"},{"patient_id":"7a9e44b0-ed4e-4c10-b19a-3e0d31d1c2bf","orderNumber":"4224869","orderStatusExternalDescription":"Web Refill in Progress","shipToFirstName":"shruti","shipToLastName":"K","shipToAddress":"Unit 308","shipToAddress2":"390 elan village lane","shipToCity":"san jose","shipToStateCode":"CA","shipToZipCode":"95314","orderDate":1596019067430,"expectedDeliveryDate":1596191867430,"paymentReceived":130.0,"setQuotedShippingPrice":20.0,"orderLine":[{"prescriptionId":"40c81292-da7f-4021-aab9-60e72e29ab86","qtyOrdered":2,"shippingMethodId":"25a135ee-fed1-447b-8cb6-8d0805f1c920"}],"paymentStatus":"payment_successful","paymenTransactionNumber":"038-2222","shipAmount":130.0,"orderStatus":"Web Refill","prescriptions":[{"prescriptionNumber":"15967315","drugNdc":"62541020130","drugDisplayName":"QSYMIA 3.75 MG-23 MG CAPSULE","quantityWritten":"100.0","quantityRemaining":"98.0","doctorNpi":"417413","doctorName":"Joshua Merok","doctorAddress":"180 N Michigan Ave Smurfit-Stone Bldg","doctorCity":"Chicago","doctorState":"IL","doctorZip":"60601  ","doctorPhone":"2011230   ","prescriptionExpirationDate":"Wed Jan 13 07:48:35 UTC 2021","prescriptionNextRefillDate":"","prescriptionLastFilledDate":"","dose":1,"instructions":"DummySignText","id":"40c81292-da7f-4021-aab9-60e72e29ab86"}],"id":"5c103119-a86e-46a2-bc4a-78237cf66ad8"},{"patient_id":"7a9e44b0-ed4e-4c10-b19a-3e0d31d1c2bf","orderNumber":"4224872","orderStatusExternalDescription":"Web Refill in Progress","shipToFirstName":"Jane","shipToLastName":"Parker","shipToAddress":"Unit 308","shipToAddress2":"390 elan village lane","shipToCity":"san jose","shipToStateCode":"CA","shipToZipCode":"95314","orderDate":1596037105547,"expectedDeliveryDate":1596469105547,"paymentReceived":110.0,"setQuotedShippingPrice":0.0,"orderLine":[{"prescriptionId":"40c81292-da7f-4021-aab9-60e72e29ab86","qtyOrdered":2,"shippingMethodId":"8ca1b4ce-2244-4ae0-924b-290a82f85b4e"}],"paymentStatus":"payment_successful","paymenTransactionNumber":"038-2221","shipAmount":110.0,"orderStatus":"Web Refill","prescriptions":[{"prescriptionNumber":"15967315","drugNdc":"62541020130","drugDisplayName":"QSYMIA 3.75 MG-23 MG CAPSULE","quantityWritten":"100.0","quantityRemaining":"98.0","doctorNpi":"417413","doctorName":"Joshua Merok","doctorAddress":"180 N... (set the log level to DEBUG or TRACE to see the full 
[...]
 </msg>
<msg timestamp="20200806 20:39:52.655" level="INFO">/Users/amit/PycharmProjects/Medic/venv/lib/python3.7/site-packages/urllib3/connectionpool.py:988: InsecureRequestWarning: Unverified HTTPS request is being made to host 'api-qa.medvantxos.com'. Adding certificate verification is strongly advised. See: https://urllib3.readthedocs.io/en/latest/advanced-usage.html#ssl-warnings
  InsecureRequestWarning,</msg>
<msg timestamp="20200806 20:39:52.656" level="INFO">${response} = &lt;Response [200]&gt;</msg>
<status status="PASS" starttime="20200806 20:39:51.436" endtime="20200806 20:39:52.656"></status>
</kw>
<kw name="Verify the Response" library="common_keywords">
<arguments>
<arg>${response}</arg>
<arg>200</arg>
</arguments>
<kw name="Log" library="BuiltIn">
<doc>Logs the given message with the given level.</doc>
<arguments>
<arg>Response code is : ${response.status_code}</arg>
</arguments>
<msg timestamp="20200806 20:39:52.657" level="INFO">Response code is : 200</msg>
<status status="PASS" starttime="20200806 20:39:52.657" endtime="20200806 20:39:52.657"></status>
</kw>
<kw name="Should Be Equal As Strings" library="BuiltIn">
<doc>Fails if objects are unequal after converting them to strings.</doc>
<arguments>
<arg>${response.status_code}</arg>
<arg>${resp_status}</arg>
</arguments>
<msg timestamp="20200806 20:39:52.658" level="INFO">Argument types are:
&lt;class 'int'&gt;
&lt;type 'unicode'&gt;</msg>
<status status="PASS" starttime="20200806 20:39:52.658" endtime="20200806 20:39:52.658"></status>
</kw>
<kw name="Log" library="BuiltIn">
<doc>Logs the given message with the given level.</doc>
<arguments>
<arg>Response body is : ${response.text}</arg>
</arguments>
<msg timestamp="20200806 20:39:52.659" level="INFO">Response body is : {"id":"c096bd1c-18a1-4ebe-8bca-71514fcd76f0","orderId":"db5ae85a-c5bb-4537-9230-d09434c0aa0e","ccId":"0f406e77-2fa6-4499-a240-c3d56b883772","transType":"PRE_AUTH","transAmount":110.0,"transNumber":"038-2222","transStatus":"APPROVED","orderType":"RX_TRANSFER"}</msg>
<status status="PASS" starttime="20200806 20:39:52.658" endtime="20200806 20:39:52.659"></status>
</kw>
<status status="PASS" starttime="20200806 20:39:52.656" endtime="20200806 20:39:52.659"></status>
</kw>
<kw name="Evaluate" library="BuiltIn">
<doc>Evaluates the given expression in Python and returns the result.</doc>
<arguments>
<arg>$response.json()</arg>
</arguments>
<assign>
<var>${trans_status}</var>
</assign>
<msg timestamp="20200806 20:39:52.660" level="INFO">${trans_status} = {'id': 'c096bd1c-18a1-4ebe-8bca-71514fcd76f0', 'orderId': 'db5ae85a-c5bb-4537-9230-d09434c0aa0e', 'ccId': '0f406e77-2fa6-4499-a240-c3d56b883772', 'transType': 'PRE_AUTH', 'transAmount': 110.0, 'transN...</msg>
<status status="PASS" starttime="20200806 20:39:52.659" endtime="20200806 20:39:52.660"></status>
</kw>
<kw name="Should Be Equal As Strings" library="BuiltIn">
<doc>Fails if objects are unequal after converting them to strings.</doc>
<arguments>
<arg>${trans_status["orderType"]}</arg>
<arg>RX_TRANSFER</arg>
</arguments>
<status status="PASS" starttime="20200806 20:39:52.660" endtime="20200806 20:39:52.660"></status>
</kw>
<tags>
<tag>sanity</tag>
</tags>
<status status="PASS" starttime="20200806 20:39:51.431" endtime="20200806 20:39:52.661" critical="yes"></status>
</test>
<test id="s1-s6-t6" name="TC_006 : [GET] Get All RxTranfer Transactions">
<kw name="Create Session" library="RequestsLibrary">
<doc>Create Session: create a HTTP session to a server</doc>
<arguments>
<arg>GetAllRxTransferTrans</arg>
<arg>${Base_URL}</arg>
</arguments>
<msg timestamp="20200806 20:39:52.662" level="INFO">Creating Session using : alias=GetAllRxTransferTrans, url=https://api-qa.medvantxos.com/api/v1.0, headers={},                     cookies={}, auth=None, timeout=None, proxies=None, verify=False,                     debug=0 </msg>
<status status="PASS" starttime="20200806 20:39:52.662" endtime="20200806 20:39:52.662"></status>
</kw>
<kw name="Compose URL" library="common_keywords">
<arguments>
<arg>/patient</arg>
<arg>${patient_uuid}</arg>
<arg>rxtransfer</arg>
<arg>${rxtransfer_id}</arg>
<arg>transactions</arg>
</arguments>
<assign>
<var>${uri}</var>
</assign>
<kw name="Catenate" library="BuiltIn">
<doc>Catenates the given items together and returns the resulted string.</doc>
<arguments>
<arg>SEPARATOR=/</arg>
<arg>@{args}</arg>
</arguments>
<assign>
<var>${uri}</var>
</assign>
<msg timestamp="20200806 20:39:52.664" level="INFO">${uri} = /patient/7a9e44b0-ed4e-4c10-b19a-3e0d31d1c2bf/rxtransfer/db5ae85a-c5bb-4537-9230-d09434c0aa0e/transactions</msg>
<status status="PASS" starttime="20200806 20:39:52.663" endtime="20200806 20:39:52.664"></status>
</kw>
<kw name="Return From Keyword" library="BuiltIn">
<doc>Returns from the enclosing user keyword.</doc>
<arguments>
<arg>${uri}</arg>
</arguments>
<msg timestamp="20200806 20:39:52.664" level="INFO">Returning from the enclosing user keyword.</msg>
<status status="PASS" starttime="20200806 20:39:52.664" endtime="20200806 20:39:52.664"></status>
</kw>
<msg timestamp="20200806 20:39:52.664" level="INFO">${uri} = /patient/7a9e44b0-ed4e-4c10-b19a-3e0d31d1c2bf/rxtransfer/db5ae85a-c5bb-4537-9230-d09434c0aa0e/transactions</msg>
<status status="PASS" starttime="20200806 20:39:52.663" endtime="20200806 20:39:52.664"></status>
</kw>
<kw name="Get Request" library="RequestsLibrary">
<doc>Send a GET request on the session object found using the
given `alias`</doc>
<arguments>
<arg>GetAllRxTransferTrans</arg>
<arg>${uri}</arg>
<arg>headers=${HEADER}</arg>
</arguments>
<assign>
<var>${response}</var>
</assign>
<msg timestamp="20200806 20:39:54.629" level="INFO">GET Request : url=https://api-qa.medvantxos.com/api/v1.0/patient/7a9e44b0-ed4e-4c10-b19a-3e0d31d1c2bf/rxtransfer/db5ae85a-c5bb-4537-9230-d09434c0aa0e/transactions 
 path_url=/api/v1.0/patient/7a9e44b0-ed4e-4c10-b19a-3e0d31d1c2bf/rxtransfer/db5ae85a-c5bb-4537-9230-d09434c0aa0e/transactions 
 headers={'User-Agent': 'python-requests/2.24.0', 'Accept-Encoding': 'gzip, deflate', 'Accept': '*/*', 'Connection': 'keep-alive', 'Authorization': 'Bearer eyJhbGciOiJSUzI1NiIsInR5cCIgOiAiSldUIiwia2lkIiA6ICJJaE1yYWlfeVBmTGFzOHUzTXJQZjZiMVZpT2ZIcVZVTGJTOFZ3YXNUOExJIn0.eyJqdGkiOiJlMzQxZjFkZS03ZWY4LTQzYzktYWRlMy1iNDY5MTJkNmVkN2UiLCJleHAiOjE1OTY3MzAyNTksIm5iZiI6MCwiaWF0IjoxNTk2NzI2NjU5LCJpc3MiOiJodHRwOi8vbG9jYWxob3N0OjgwODAvYXV0aC9yZWFsbXMvcXN5bWlheCIsInN1YiI6IjdhOWU0NGIwLWVkNGUtNGMxMC1iMTlhLTNlMGQzMWQxYzJiZiIsInR5cCI6IkJlYXJlciIsImF6cCI6ImFkbWluLWNsaSIsImF1dGhfdGltZSI6MCwic2Vzc2lvbl9zdGF0ZSI6IjhhYzg3YmZjLTRkYzMtNDdlZC05OGNlLWViYmRiNjA2ZjJkOCIsImFjciI6IjEiLCJzY29wZSI6InByb2ZpbGUgZW1haWwiLCJlbWFpbF92ZXJpZmllZCI6ZmFsc2UsIm5hbWUiOiJFclNvbmFsIEVyUmFqYmhvaiIsInByZWZlcnJlZF91c2VybmFtZSI6ImVyc29uYWxAbWVkdmFudHguY29tIiwiZ2l2ZW5fbmFtZSI6IkVyU29uYWwiLCJmYW1pbHlfbmFtZSI6IkVyUmFqYmhvaiIsImVtYWlsIjoiZXJzb25hbEBtZWR2YW50eC5jb20ifQ.QRUbUkE0LyNYZlgiGgsb__LfQIU4i-tjUwC68SxSjwRdrHgf2MHs9imAGiH6o3ybRgHFQRbARZG9bsCKwymvG38tjzY4c3kOdZL2f3I_bgMqiMnLf8-uacJHK4Bia1jBYQI4MeDSKNlCz9i_qPa9-Gkp6_ln6B1J2UOyQcdxeCZheNAx1YcBBh4IGLdBe23aM706x9tkR34BmrA_zdS9B7I_1H9lKfpp5cGFwBhhRzsJV6e4UxVVEptqnLHjNBzPmWriTZ6qHF2x6sSkZUCQpaMlyg2gMP6HlIgFfH1w2dOm1N39XMutjF4m9BwNAXXItvsz9RCMV50aY4_fhUU3og', 'Content-Type': 'application/json'} 
 body=None 
 </msg>
<msg timestamp="20200806 20:39:54.629" level="INFO">GET Response : url=https://api-qa.medvantxos.com/api/v1.0/patient/7a9e44b0-ed4e-4c10-b19a-3e0d31d1c2bf/rxtransfer/db5ae85a-c5bb-4537-9230-d09434c0aa0e/transactions 
 status=200, reason= 
 body=[{"id":"c096bd1c-18a1-4ebe-8bca-71514fcd76f0","orderId":"db5ae85a-c5bb-4537-9230-d09434c0aa0e","ccId":"0f406e77-2fa6-4499-a240-c3d56b883772","transType":"PRE_AUTH","transAmount":110.0,"transNumber":"038-2222","transStatus":"APPROVED","orderType":"RX_TRANSFER"}] 
 </msg>
<msg timestamp="20200806 20:39:54.629" level="INFO">/Users/amit/PycharmProjects/Medic/venv/lib/python3.7/site-packages/urllib3/connectionpool.py:988: InsecureRequestWarning: Unverified HTTPS request is being made to host 'api-qa.medvantxos.com'. Adding certificate verification is strongly advised. See: https://urllib3.readthedocs.io/en/latest/advanced-usage.html#ssl-warnings
  InsecureRequestWarning,</msg>
<msg timestamp="20200806 20:39:54.630" level="INFO">${response} = &lt;Response [200]&gt;</msg>
<status status="PASS" starttime="20200806 20:39:52.664" endtime="20200806 20:39:54.630"></status>
</kw>
<kw name="Verify the Response" library="common_keywords">
<arguments>
<arg>${response}</arg>
<arg>200</arg>
</arguments>
<kw name="Log" library="BuiltIn">
<doc>Logs the given message with the given level.</doc>
<arguments>
<arg>Response code is : ${response.status_code}</arg>
</arguments>
<msg timestamp="20200806 20:39:54.631" level="INFO">Response code is : 200</msg>
<status status="PASS" starttime="20200806 20:39:54.631" endtime="20200806 20:39:54.631"></status>
</kw>
<kw name="Should Be Equal As Strings" library="BuiltIn">
<doc>Fails if objects are unequal after converting them to strings.</doc>
<arguments>
<arg>${response.status_code}</arg>
<arg>${resp_status}</arg>
</arguments>
<msg timestamp="20200806 20:39:54.632" level="INFO">Argument types are:
&lt;class 'int'&gt;
&lt;type 'unicode'&gt;</msg>
<status status="PASS" starttime="20200806 20:39:54.631" endtime="20200806 20:39:54.632"></status>
</kw>
<kw name="Log" library="BuiltIn">
<doc>Logs the given message with the given level.</doc>
<arguments>
<arg>Response body is : ${response.text}</arg>
</arguments>
<msg timestamp="20200806 20:39:54.633" level="INFO">Response body is : [{"id":"c096bd1c-18a1-4ebe-8bca-71514fcd76f0","orderId":"db5ae85a-c5bb-4537-9230-d09434c0aa0e","ccId":"0f406e77-2fa6-4499-a240-c3d56b883772","transType":"PRE_AUTH","transAmount":110.0,"transNumber":"038-2222","transStatus":"APPROVED","orderType":"RX_TRANSFER"}]</msg>
<status status="PASS" starttime="20200806 20:39:54.632" endtime="20200806 20:39:54.633"></status>
</kw>
<status status="PASS" starttime="20200806 20:39:54.630" endtime="20200806 20:39:54.633"></status>
</kw>
<kw name="Verify the Response is a List" library="common_keywords">
<arguments>
<arg>${response}</arg>
</arguments>
<kw name="Evaluate" library="BuiltIn">
<doc>Evaluates the given expression in Python and returns the result.</doc>
<arguments>
<arg>$response.json()</arg>
</arguments>
<assign>
<var>${response_list}</var>
</assign>
<msg timestamp="20200806 20:39:54.634" level="INFO">${response_list} = [{'id': 'c096bd1c-18a1-4ebe-8bca-71514fcd76f0', 'orderId': 'db5ae85a-c5bb-4537-9230-d09434c0aa0e', 'ccId': '0f406e77-2fa6-4499-a240-c3d56b883772', 'transType': 'PRE_AUTH', 'transAmount': 110.0, 'trans...</msg>
<status status="PASS" starttime="20200806 20:39:54.634" endtime="20200806 20:39:54.634"></status>
</kw>
<kw name="Check Response Type" library="HelperModule">
<doc>Check input data's type</doc>
<arguments>
<arg>${response_list}</arg>
<arg>list</arg>
</arguments>
<assign>
<var>${status}</var>
</assign>
<msg timestamp="20200806 20:39:54.635" level="INFO">${status} = True</msg>
<status status="PASS" starttime="20200806 20:39:54.634" endtime="20200806 20:39:54.635"></status>
</kw>
<kw name="Should Be True" library="BuiltIn">
<doc>Fails if the given condition is not true.</doc>
<arguments>
<arg>${status}</arg>
</arguments>
<status status="PASS" starttime="20200806 20:39:54.635" endtime="20200806 20:39:54.635"></status>
</kw>
<status status="PASS" starttime="20200806 20:39:54.633" endtime="20200806 20:39:54.635"></status>
</kw>
<tags>
<tag>sanity</tag>
</tags>
<status status="PASS" starttime="20200806 20:39:52.661" endtime="20200806 20:39:54.635" critical="yes"></status>
</test>
<test id="s1-s6-t7" name="TC_007 : [POST] Submit a New RxTransfer for a Patient">
<kw name="Create Session" library="RequestsLibrary">
<doc>Create Session: create a HTTP session to a server</doc>
<arguments>
<arg>NewRxTransferSubmit</arg>
<arg>${Base_URL}</arg>
</arguments>
<msg timestamp="20200806 20:39:54.637" level="INFO">Creating Session using : alias=NewRxTransferSubmit, url=https://api-qa.medvantxos.com/api/v1.0, headers={},                     cookies={}, auth=None, timeout=None, proxies=None, verify=False,                     debug=0 </msg>
<status status="PASS" starttime="20200806 20:39:54.636" endtime="20200806 20:39:54.637"></status>
</kw>
<kw name="Compose URL" library="common_keywords">
<arguments>
<arg>/patient</arg>
<arg>${patient_uuid}</arg>
<arg>rxtransfer</arg>
<arg>${rxtransfer_id}</arg>
<arg>submit</arg>
</arguments>
<assign>
<var>${uri}</var>
</assign>
<kw name="Catenate" library="BuiltIn">
<doc>Catenates the given items together and returns the resulted string.</doc>
<arguments>
<arg>SEPARATOR=/</arg>
<arg>@{args}</arg>
</arguments>
<assign>
<var>${uri}</var>
</assign>
<msg timestamp="20200806 20:39:54.639" level="INFO">${uri} = /patient/7a9e44b0-ed4e-4c10-b19a-3e0d31d1c2bf/rxtransfer/db5ae85a-c5bb-4537-9230-d09434c0aa0e/submit</msg>
<status status="PASS" starttime="20200806 20:39:54.639" endtime="20200806 20:39:54.639"></status>
</kw>
<kw name="Return From Keyword" library="BuiltIn">
<doc>Returns from the enclosing user keyword.</doc>
<arguments>
<arg>${uri}</arg>
</arguments>
<msg timestamp="20200806 20:39:54.639" level="INFO">Returning from the enclosing user keyword.</msg>
<status status="PASS" starttime="20200806 20:39:54.639" endtime="20200806 20:39:54.639"></status>
</kw>
<msg timestamp="20200806 20:39:54.640" level="INFO">${uri} = /patient/7a9e44b0-ed4e-4c10-b19a-3e0d31d1c2bf/rxtransfer/db5ae85a-c5bb-4537-9230-d09434c0aa0e/submit</msg>
<status status="PASS" starttime="20200806 20:39:54.638" endtime="20200806 20:39:54.640"></status>
</kw>
<kw name="Create Dictionary" library="BuiltIn">
<doc>Creates and returns a dictionary based on the given ``items``.</doc>
<arguments>
<arg>transUuid</arg>
<arg>${rxtransfer_tran_id}</arg>
</arguments>
<assign>
<var>${input_data}</var>
</assign>
<msg timestamp="20200806 20:39:54.640" level="INFO">${input_data} = {'transUuid': 'c096bd1c-18a1-4ebe-8bca-71514fcd76f0'}</msg>
<status status="PASS" starttime="20200806 20:39:54.640" endtime="20200806 20:39:54.640"></status>
</kw>
<kw name="Post Request" library="RequestsLibrary">
<doc>Send a POST request on the session object found using the
given `alias`</doc>
<arguments>
<arg>NewRxTransferSubmit</arg>
<arg>${uri}</arg>
<arg>data=${input_data}</arg>
<arg>headers=${HEADER}</arg>
</arguments>
<assign>
<var>${response}</var>
</assign>
<msg timestamp="20200806 20:39:56.167" level="INFO">POST Request : url=https://api-qa.medvantxos.com/api/v1.0/patient/7a9e44b0-ed4e-4c10-b19a-3e0d31d1c2bf/rxtransfer/db5ae85a-c5bb-4537-9230-d09434c0aa0e/submit 
 path_url=/api/v1.0/patient/7a9e44b0-ed4e-4c10-b19a-3e0d31d1c2bf/rxtransfer/db5ae85a-c5bb-4537-9230-d09434c0aa0e/submit 
 headers={'User-Agent': 'python-requests/2.24.0', 'Accept-Encoding': 'gzip, deflate', 'Accept': '*/*', 'Connection': 'keep-alive', 'Authorization': 'Bearer eyJhbGciOiJSUzI1NiIsInR5cCIgOiAiSldUIiwia2lkIiA6ICJJaE1yYWlfeVBmTGFzOHUzTXJQZjZiMVZpT2ZIcVZVTGJTOFZ3YXNUOExJIn0.eyJqdGkiOiJlMzQxZjFkZS03ZWY4LTQzYzktYWRlMy1iNDY5MTJkNmVkN2UiLCJleHAiOjE1OTY3MzAyNTksIm5iZiI6MCwiaWF0IjoxNTk2NzI2NjU5LCJpc3MiOiJodHRwOi8vbG9jYWxob3N0OjgwODAvYXV0aC9yZWFsbXMvcXN5bWlheCIsInN1YiI6IjdhOWU0NGIwLWVkNGUtNGMxMC1iMTlhLTNlMGQzMWQxYzJiZiIsInR5cCI6IkJlYXJlciIsImF6cCI6ImFkbWluLWNsaSIsImF1dGhfdGltZSI6MCwic2Vzc2lvbl9zdGF0ZSI6IjhhYzg3YmZjLTRkYzMtNDdlZC05OGNlLWViYmRiNjA2ZjJkOCIsImFjciI6IjEiLCJzY29wZSI6InByb2ZpbGUgZW1haWwiLCJlbWFpbF92ZXJpZmllZCI6ZmFsc2UsIm5hbWUiOiJFclNvbmFsIEVyUmFqYmhvaiIsInByZWZlcnJlZF91c2VybmFtZSI6ImVyc29uYWxAbWVkdmFudHguY29tIiwiZ2l2ZW5fbmFtZSI6IkVyU29uYWwiLCJmYW1pbHlfbmFtZSI6IkVyUmFqYmhvaiIsImVtYWlsIjoiZXJzb25hbEBtZWR2YW50eC5jb20ifQ.QRUbUkE0LyNYZlgiGgsb__LfQIU4i-tjUwC68SxSjwRdrHgf2MHs9imAGiH6o3ybRgHFQRbARZG9bsCKwymvG38tjzY4c3kOdZL2f3I_bgMqiMnLf8-uacJHK4Bia1jBYQI4MeDSKNlCz9i_qPa9-Gkp6_ln6B1J2UOyQcdxeCZheNAx1YcBBh4IGLdBe23aM706x9tkR34BmrA_zdS9B7I_1H9lKfpp5cGFwBhhRzsJV6e4UxVVEptqnLHjNBzPmWriTZ6qHF2x6sSkZUCQpaMlyg2gMP6HlIgFfH1w2dOm1N39XMutjF4m9BwNAXXItvsz9RCMV50aY4_fhUU3og', 'Content-Type': 'application/json', 'Content-Length': '53'} 
 body={"transUuid": "c096bd1c-18a1-4ebe-8bca-71514fcd76f0"} 
 </msg>
<msg timestamp="20200806 20:39:56.167" level="INFO">POST Response : url=https://api-qa.medvantxos.com/api/v1.0/patient/7a9e44b0-ed4e-4c10-b19a-3e0d31d1c2bf/rxtransfer/db5ae85a-c5bb-4537-9230-d09434c0aa0e/submit 
 status=500, reason= 
 body={"timeStamp":null,"statusCode":500,"statusMessage":"Oops !! Something went wrong !","errorDetails":"Internal Server Error. Please contact support team."} 
 </msg>
<msg timestamp="20200806 20:39:56.167" level="INFO">/Users/amit/PycharmProjects/Medic/venv/lib/python3.7/site-packages/urllib3/connectionpool.py:988: InsecureRequestWarning: Unverified HTTPS request is being made to host 'api-qa.medvantxos.com'. Adding certificate verification is strongly advised. See: https://urllib3.readthedocs.io/en/latest/advanced-usage.html#ssl-warnings
  InsecureRequestWarning,</msg>
<msg timestamp="20200806 20:39:56.167" level="INFO">${response} = &lt;Response [500]&gt;</msg>
<status status="PASS" starttime="20200806 20:39:54.641" endtime="20200806 20:39:56.167"></status>
</kw>
<kw name="Verify the Response" library="common_keywords">
<arguments>
<arg>${response}</arg>
<arg>200</arg>
</arguments>
<kw name="Log" library="BuiltIn">
<doc>Logs the given message with the given level.</doc>
<arguments>
<arg>Response code is : ${response.status_code}</arg>
</arguments>
<msg timestamp="20200806 20:39:56.169" level="INFO">Response code is : 500</msg>
<status status="PASS" starttime="20200806 20:39:56.168" endtime="20200806 20:39:56.169"></status>
</kw>
<kw name="Should Be Equal As Strings" library="BuiltIn">
<doc>Fails if objects are unequal after converting them to strings.</doc>
<arguments>
<arg>${response.status_code}</arg>
<arg>${resp_status}</arg>
</arguments>
<msg timestamp="20200806 20:39:56.169" level="INFO">Argument types are:
&lt;class 'int'&gt;
&lt;type 'unicode'&gt;</msg>
<msg timestamp="20200806 20:39:56.169" level="FAIL">500 != 200</msg>
<status status="FAIL" starttime="20200806 20:39:56.169" endtime="20200806 20:39:56.169"></status>
</kw>
<status status="FAIL" starttime="20200806 20:39:56.168" endtime="20200806 20:39:56.173"></status>
</kw>
<tags>
<tag>sanity</tag>
</tags>
<status status="FAIL" starttime="20200806 20:39:54.636" endtime="20200806 20:39:56.173" critical="yes">500 != 200</status>
</test>
<doc>Patient RxTransfer Workflow This suite contains tescases to verify patient rxtransfer workflow</doc>
<status status="FAIL" starttime="20200806 20:39:39.928" endtime="20200806 20:39:56.175"></status>
</suite>
<status status="FAIL" starttime="20200806 20:38:20.473" endtime="20200806 20:39:56.184"></status>
</suite>
<statistics>
<total>
<stat pass="43" fail="1">Critical Tests</stat>
<stat pass="43" fail="1">All Tests</stat>
</total>
<tag>
<stat pass="43" fail="1">sanity</stat>
</tag>
<suite>
<stat pass="43" fail="1" id="s1" name="Medvantx Sanity Tests">Medvantx Sanity Tests</stat>
<stat pass="9" fail="0" id="s1-s1" name="Order TestSuite">Medvantx Sanity Tests.Order TestSuite</stat>
<stat pass="8" fail="0" id="s1-s2" name="Patient Profile TestSuite">Medvantx Sanity Tests.Patient Profile TestSuite</stat>
<stat pass="8" fail="0" id="s1-s3" name="Patient SignUp TestSuite">Medvantx Sanity Tests.Patient SignUp TestSuite</stat>
<stat pass="5" fail="0" id="s1-s4" name="PaymentCard TestSuite">Medvantx Sanity Tests.PaymentCard TestSuite</stat>
<stat pass="7" fail="0" id="s1-s5" name="RxRequest TestSuite">Medvantx Sanity Tests.RxRequest TestSuite</stat>
<stat pass="6" fail="1" id="s1-s6" name="RxTransfer TestSuite">Medvantx Sanity Tests.RxTransfer TestSuite</stat>
</suite>
</statistics>
<errors>
</errors>
</robot>
