<?xml version="1.0" encoding="UTF-8"?>
<robot generator="Robot 3.2.1 (Python 3.7.7 on darwin)" generated="20200820 19:33:33.393" rpa="false">
<suite id="s1" name="Medvantx Sanity Tests" source="/Users/amit/PycharmProjects/Medic/functional_tests">
<suite id="s1-s1" name="Patient Profile TestSuite" source="/Users/amit/PycharmProjects/Medic/functional_tests/01__Patient_Profile_TestSuite.robot">
<test id="s1-s1-t1" name="TC_001 : [GET] Verify Patient exist and check patient's uuid">
<kw name="Patient Should be able to Signin" library="common_keywords">
<kw name="Create Session" library="RequestsLibrary">
<doc>Create Session: create a HTTP session to a server</doc>
<arguments>
<arg>GetToken</arg>
<arg>${Base_URL}</arg>
</arguments>
<msg timestamp="20200820 19:33:33.932" level="INFO">Creating Session using : alias=GetToken, url=https://api-qa.medvantxos.com/api/v1.0, headers={},                     cookies={}, auth=None, timeout=None, proxies=None, verify=False,                     debug=0 </msg>
<status status="PASS" starttime="20200820 19:33:33.931" endtime="20200820 19:33:33.932"></status>
</kw>
<kw name="Create Dictionary" library="BuiltIn">
<doc>Creates and returns a dictionary based on the given ``items``.</doc>
<arguments>
<arg>username=${USER}</arg>
<arg>password=${PASSWORD}</arg>
</arguments>
<assign>
<var>${body}</var>
</assign>
<msg timestamp="20200820 19:33:33.933" level="INFO">${body} = {'username': 'ErSonal@medvantx.com', 'password': 'test1234'}</msg>
<status status="PASS" starttime="20200820 19:33:33.932" endtime="20200820 19:33:33.933"></status>
</kw>
<kw name="Create Dictionary" library="BuiltIn">
<doc>Creates and returns a dictionary based on the given ``items``.</doc>
<arguments>
<arg>Content-Type=application/json</arg>
</arguments>
<assign>
<var>${headers}</var>
</assign>
<msg timestamp="20200820 19:33:33.933" level="INFO">${headers} = {'Content-Type': 'application/json'}</msg>
<status status="PASS" starttime="20200820 19:33:33.933" endtime="20200820 19:33:33.933"></status>
</kw>
<kw name="Post Request" library="RequestsLibrary">
<doc>Send a POST request on the session object found using the
given `alias`</doc>
<arguments>
<arg>GetToken</arg>
<arg>/signin</arg>
<arg>data=${body}</arg>
<arg>headers=${headers}</arg>
</arguments>
<assign>
<var>${response}</var>
</assign>
<msg timestamp="20200820 19:33:35.572" level="INFO">POST Request : url=https://api-qa.medvantxos.com/api/v1.0/signin 
 path_url=/api/v1.0/signin 
 headers={'User-Agent': 'python-requests/2.24.0', 'Accept-Encoding': 'gzip, deflate', 'Accept': '*/*', 'Connection': 'keep-alive', 'Content-Type': 'application/json', 'Content-Length': '60'} 
 body={"username": "ErSonal@medvantx.com", "password": "test1234"} 
 </msg>
<msg timestamp="20200820 19:33:35.572" level="INFO">POST Response : url=https://api-qa.medvantxos.com/api/v1.0/signin 
 status=200, reason= 
 body={"refresh_token":"eyJhbGciOiJIUzI1NiIsInR5cCIgOiAiSldUIiwia2lkIiA6ICI3ODk2ZGNhMy02YjZkLTQ3NjUtYmJhNi02MmVmMjQ5OTE4YjIifQ.eyJqdGkiOiI5Yzg4YzQyMC0wMjRkLTRlMDYtYWNhOS0wNzU1Njk4YzY1ZjciLCJleHAiOjE1OTc5MzQxMTgsIm5iZiI6MCwiaWF0IjoxNTk3OTMyMzE4LCJpc3MiOiJodHRwOi8vbG9jYWxob3N0OjgwODAvYXV0aC9yZWFsbXMvbWVkdmFudHgiLCJhdWQiOiJodHRwOi8vbG9jYWxob3N0OjgwODAvYXV0aC9yZWFsbXMvbWVkdmFudHgiLCJzdWIiOiI3YTllNDRiMC1lZDRlLTRjMTAtYjE5YS0zZTBkMzFkMWMyYmYiLCJ0eXAiOiJSZWZyZXNoIiwiYXpwIjoiYWRtaW4tY2xpIiwiYXV0aF90aW1lIjowLCJzZXNzaW9uX3N0YXRlIjoiZDVkYmE3YmEtMWQ3ZC00MTZlLWI5ZTItZjk2YmZmNmYzNmM2Iiwic2NvcGUiOiJwcm9maWxlIGVtYWlsIn0.pzq_ACmH4hJbWB-0XAzIf9Bg5GZbTSP4IYxEuavdG_E","access_token":"eyJhbGciOiJSUzI1NiIsInR5cCIgOiAiSldUIiwia2lkIiA6ICJIdVNpeENjdjljb2E3R3ZIMXhMTG1IVk9lUERma1FRLWx5cHNBcnVpNWJvIn0.eyJqdGkiOiI3NGQ2ZDhkNC00MGNjLTQ1NjctOGY0ZS0xOTE1YmEwYzc3ODAiLCJleHAiOjE1OTc5MzU5MTgsIm5iZiI6MCwiaWF0IjoxNTk3OTMyMzE4LCJpc3MiOiJodHRwOi8vbG9jYWxob3N0OjgwODAvYXV0aC9yZWFsbXMvbWVkdmFudHgiLCJzdWIiOiI3YTllNDRiMC1lZDRlLTRjMTAtYjE5YS0zZTBkMzFkMWMyYmYiLCJ0eXAiOiJCZWFyZXIiLCJhenAiOiJhZG1pbi1jbGkiLCJhdXRoX3RpbWUiOjAsInNlc3Npb25fc3RhdGUiOiJkNWRiYTdiYS0xZDdkLTQxNmUtYjllMi1mOTZiZmY2ZjM2YzYiLCJhY3IiOiIxIiwic2NvcGUiOiJwcm9maWxlIGVtYWlsIiwiZW1haWxfdmVyaWZpZWQiOmZhbHNlLCJuYW1lIjoiRXJTb25hbCBFclJhamJob2oiLCJwcmVmZXJyZWRfdXNlcm5hbWUiOiJlcnNvbmFsQG1lZHZhbnR4LmNvbSIsImdpdmVuX25hbWUiOiJFclNvbmFsIiwiZmFtaWx5X25hbWUiOiJFclJhamJob2oiLCJlbWFpbCI6ImVyc29uYWxAbWVkdmFudHguY29tIn0.Bm8bqPinxQexZrqIFn5BEO4LzacFDNBlFM2OnserNmkVIwC4zjannKdnIZHOZTt0KVwCCVzN4sPBtMbamlAJ0LEvqtbL11PUVMp44wxNAUUqVoVWYlIPiHJgU5eQglinJ4JzaCwzfgZlCiO9jtjGWUChUbvnld8pHYQvuMPVcabRNvHg56zr0ytHcZlS-THHM3zKQ_u2x-pIv8XNTzrDf-PPg3uOAtSnDwjIlqmi7DnjCBFNdd5eavjuwAYuYSprgL6EWon7w5vNGYH392u4-RQGgYpSCt0zx8nwGmf5_AXOjNlXpC6CDupcoG1TdN8YJ4esC5OCt03l2LVa44qjSw","session_state":"d5dba7ba-1d7d-416e-b9e2-f96bff6f36c6","expires_in":"3600","refresh_expires_in":"1800","token_type":"bearer","id":"ErSonal@medvantx.com"} 
 </msg>
<msg timestamp="20200820 19:33:35.572" level="INFO">/Users/amit/PycharmProjects/Medic/venv/lib/python3.7/site-packages/urllib3/connectionpool.py:988: InsecureRequestWarning: Unverified HTTPS request is being made to host 'api-qa.medvantxos.com'. Adding certificate verification is strongly advised. See: https://urllib3.readthedocs.io/en/latest/advanced-usage.html#ssl-warnings
  InsecureRequestWarning,</msg>
<msg timestamp="20200820 19:33:35.572" level="INFO">${response} = &lt;Response [200]&gt;</msg>
<status status="PASS" starttime="20200820 19:33:33.933" endtime="20200820 19:33:35.572"></status>
</kw>
<kw name="Should Be Equal As Strings" library="BuiltIn">
<doc>Fails if objects are unequal after converting them to strings.</doc>
<arguments>
<arg>${response.status_code}</arg>
<arg>200</arg>
</arguments>
<msg timestamp="20200820 19:33:35.573" level="INFO">Argument types are:
&lt;class 'int'&gt;
&lt;type 'unicode'&gt;</msg>
<status status="PASS" starttime="20200820 19:33:35.573" endtime="20200820 19:33:35.573"></status>
</kw>
<kw name="Evaluate" library="BuiltIn">
<doc>Evaluates the given expression in Python and returns the result.</doc>
<arguments>
<arg>$response.json().get("access_token")</arg>
</arguments>
<assign>
<var>${accessToken}</var>
</assign>
<msg timestamp="20200820 19:33:35.579" level="INFO">${accessToken} = eyJhbGciOiJSUzI1NiIsInR5cCIgOiAiSldUIiwia2lkIiA6ICJIdVNpeENjdjljb2E3R3ZIMXhMTG1IVk9lUERma1FRLWx5cHNBcnVpNWJvIn0.eyJqdGkiOiI3NGQ2ZDhkNC00MGNjLTQ1NjctOGY0ZS0xOTE1YmEwYzc3ODAiLCJleHAiOjE1OTc5MzU5MTgsIm5i...</msg>
<status status="PASS" starttime="20200820 19:33:35.573" endtime="20200820 19:33:35.579"></status>
</kw>
<kw name="Should Not Be Empty" library="BuiltIn">
<doc>Verifies that the given item is not empty.</doc>
<arguments>
<arg>${accessToken}</arg>
</arguments>
<msg timestamp="20200820 19:33:35.580" level="INFO">Length is 1114</msg>
<status status="PASS" starttime="20200820 19:33:35.580" endtime="20200820 19:33:35.580"></status>
</kw>
<kw name="Set Global Variable" library="BuiltIn">
<doc>Makes a variable available globally in all tests and suites.</doc>
<arguments>
<arg>${accessToken}</arg>
<arg>${accessToken}</arg>
</arguments>
<msg timestamp="20200820 19:33:35.581" level="INFO">${accessToken} = eyJhbGciOiJSUzI1NiIsInR5cCIgOiAiSldUIiwia2lkIiA6ICJIdVNpeENjdjljb2E3R3ZIMXhMTG1IVk9lUERma1FRLWx5cHNBcnVpNWJvIn0.eyJqdGkiOiI3NGQ2ZDhkNC00MGNjLTQ1NjctOGY0ZS0xOTE1YmEwYzc3ODAiLCJleHAiOjE1OTc5MzU5MTgsIm5i...</msg>
<status status="PASS" starttime="20200820 19:33:35.580" endtime="20200820 19:33:35.581"></status>
</kw>
<kw name="Create Dictionary" library="BuiltIn">
<doc>Creates and returns a dictionary based on the given ``items``.</doc>
<arguments>
<arg>Authorization=Bearer ${accessToken}</arg>
<arg>Content-Type=application/json</arg>
</arguments>
<assign>
<var>${HEADER}</var>
</assign>
<msg timestamp="20200820 19:33:35.582" level="INFO">${HEADER} = {'Authorization': 'Bearer eyJhbGciOiJSUzI1NiIsInR5cCIgOiAiSldUIiwia2lkIiA6ICJIdVNpeENjdjljb2E3R3ZIMXhMTG1IVk9lUERma1FRLWx5cHNBcnVpNWJvIn0.eyJqdGkiOiI3NGQ2ZDhkNC00MGNjLTQ1NjctOGY0ZS0xOTE1YmEwYzc3ODAiLC...</msg>
<status status="PASS" starttime="20200820 19:33:35.581" endtime="20200820 19:33:35.582"></status>
</kw>
<kw name="Set Global Variable" library="BuiltIn">
<doc>Makes a variable available globally in all tests and suites.</doc>
<arguments>
<arg>${HEADER}</arg>
<arg>${HEADER}</arg>
</arguments>
<msg timestamp="20200820 19:33:35.582" level="INFO">${HEADER} = {'Authorization': 'Bearer eyJhbGciOiJSUzI1NiIsInR5cCIgOiAiSldUIiwia2lkIiA6ICJIdVNpeENjdjljb2E3R3ZIMXhMTG1IVk9lUERma1FRLWx5cHNBcnVpNWJvIn0.eyJqdGkiOiI3NGQ2ZDhkNC00MGNjLTQ1NjctOGY0ZS0xOTE1YmEwYzc3ODAiLC...</msg>
<status status="PASS" starttime="20200820 19:33:35.582" endtime="20200820 19:33:35.582"></status>
</kw>
<kw name="Run Keyword" library="BuiltIn">
<doc>Executes the given keyword with the given arguments.</doc>
<arguments>
<arg>Patient Should have a valid patient uuid</arg>
</arguments>
<kw name="Patient Should have a valid patient uuid" library="common_keywords">
<kw name="Create Session" library="RequestsLibrary">
<doc>Create Session: create a HTTP session to a server</doc>
<arguments>
<arg>GetPatient</arg>
<arg>${Base_URL}</arg>
</arguments>
<msg timestamp="20200820 19:33:35.583" level="INFO">Creating Session using : alias=GetPatient, url=https://api-qa.medvantxos.com/api/v1.0, headers={},                     cookies={}, auth=None, timeout=None, proxies=None, verify=False,                     debug=0 </msg>
<status status="PASS" starttime="20200820 19:33:35.583" endtime="20200820 19:33:35.584"></status>
</kw>
<kw name="Get Request" library="RequestsLibrary">
<doc>Send a GET request on the session object found using the
given `alias`</doc>
<arguments>
<arg>GetPatient</arg>
<arg>/profile</arg>
<arg>headers=${HEADER}</arg>
</arguments>
<assign>
<var>${response}</var>
</assign>
<msg timestamp="20200820 19:33:37.215" level="INFO">GET Request : url=https://api-qa.medvantxos.com/api/v1.0/profile 
 path_url=/api/v1.0/profile 
 headers={'User-Agent': 'python-requests/2.24.0', 'Accept-Encoding': 'gzip, deflate', 'Accept': '*/*', 'Connection': 'keep-alive', 'Authorization': 'Bearer eyJhbGciOiJSUzI1NiIsInR5cCIgOiAiSldUIiwia2lkIiA6ICJIdVNpeENjdjljb2E3R3ZIMXhMTG1IVk9lUERma1FRLWx5cHNBcnVpNWJvIn0.eyJqdGkiOiI3NGQ2ZDhkNC00MGNjLTQ1NjctOGY0ZS0xOTE1YmEwYzc3ODAiLCJleHAiOjE1OTc5MzU5MTgsIm5iZiI6MCwiaWF0IjoxNTk3OTMyMzE4LCJpc3MiOiJodHRwOi8vbG9jYWxob3N0OjgwODAvYXV0aC9yZWFsbXMvbWVkdmFudHgiLCJzdWIiOiI3YTllNDRiMC1lZDRlLTRjMTAtYjE5YS0zZTBkMzFkMWMyYmYiLCJ0eXAiOiJCZWFyZXIiLCJhenAiOiJhZG1pbi1jbGkiLCJhdXRoX3RpbWUiOjAsInNlc3Npb25fc3RhdGUiOiJkNWRiYTdiYS0xZDdkLTQxNmUtYjllMi1mOTZiZmY2ZjM2YzYiLCJhY3IiOiIxIiwic2NvcGUiOiJwcm9maWxlIGVtYWlsIiwiZW1haWxfdmVyaWZpZWQiOmZhbHNlLCJuYW1lIjoiRXJTb25hbCBFclJhamJob2oiLCJwcmVmZXJyZWRfdXNlcm5hbWUiOiJlcnNvbmFsQG1lZHZhbnR4LmNvbSIsImdpdmVuX25hbWUiOiJFclNvbmFsIiwiZmFtaWx5X25hbWUiOiJFclJhamJob2oiLCJlbWFpbCI6ImVyc29uYWxAbWVkdmFudHguY29tIn0.Bm8bqPinxQexZrqIFn5BEO4LzacFDNBlFM2OnserNmkVIwC4zjannKdnIZHOZTt0KVwCCVzN4sPBtMbamlAJ0LEvqtbL11PUVMp44wxNAUUqVoVWYlIPiHJgU5eQglinJ4JzaCwzfgZlCiO9jtjGWUChUbvnld8pHYQvuMPVcabRNvHg56zr0ytHcZlS-THHM3zKQ_u2x-pIv8XNTzrDf-PPg3uOAtSnDwjIlqmi7DnjCBFNdd5eavjuwAYuYSprgL6EWon7w5vNGYH392u4-RQGgYpSCt0zx8nwGmf5_AXOjNlXpC6CDupcoG1TdN8YJ4esC5OCt03l2LVa44qjSw', 'Content-Type': 'application/json'} 
 body=None 
 </msg>
<msg timestamp="20200820 19:33:37.215" level="INFO">GET Response : url=https://api-qa.medvantxos.com/api/v1.0/profile 
 status=200, reason= 
 body={"firstName":"ErSonal","lastName":"ErRajbhoj","role":"USER","emailAddress":"ErSonal@medvantx.com","tenantId":"b61c5cb0-3860-4419-81c3-599c94c248a9","phoneNumber":"9763550802","lastLogin":1597932318655,"createdBy":"SYSTEM","hasOrders":true,"id":"7a9e44b0-ed4e-4c10-b19a-3e0d31d1c2bf"} 
 </msg>
<msg timestamp="20200820 19:33:37.215" level="INFO">/Users/amit/PycharmProjects/Medic/venv/lib/python3.7/site-packages/urllib3/connectionpool.py:988: InsecureRequestWarning: Unverified HTTPS request is being made to host 'api-qa.medvantxos.com'. Adding certificate verification is strongly advised. See: https://urllib3.readthedocs.io/en/latest/advanced-usage.html#ssl-warnings
  InsecureRequestWarning,</msg>
<msg timestamp="20200820 19:33:37.215" level="INFO">${response} = &lt;Response [200]&gt;</msg>
<status status="PASS" starttime="20200820 19:33:35.584" endtime="20200820 19:33:37.215"></status>
</kw>
<kw name="Verify the Response" library="common_keywords">
<arguments>
<arg>${response}</arg>
<arg>200</arg>
</arguments>
<kw name="Log" library="BuiltIn">
<doc>Logs the given message with the given level.</doc>
<arguments>
<arg>Response code is : ${response.status_code}</arg>
</arguments>
<msg timestamp="20200820 19:33:37.217" level="INFO">Response code is : 200</msg>
<status status="PASS" starttime="20200820 19:33:37.216" endtime="20200820 19:33:37.217"></status>
</kw>
<kw name="Should Be Equal As Strings" library="BuiltIn">
<doc>Fails if objects are unequal after converting them to strings.</doc>
<arguments>
<arg>${response.status_code}</arg>
<arg>${resp_status}</arg>
</arguments>
<msg timestamp="20200820 19:33:37.217" level="INFO">Argument types are:
&lt;class 'int'&gt;
&lt;type 'unicode'&gt;</msg>
<status status="PASS" starttime="20200820 19:33:37.217" endtime="20200820 19:33:37.218"></status>
</kw>
<kw name="Log" library="BuiltIn">
<doc>Logs the given message with the given level.</doc>
<arguments>
<arg>Response body is : ${response.text}</arg>
</arguments>
<msg timestamp="20200820 19:33:37.218" level="INFO">Response body is : {"firstName":"ErSonal","lastName":"ErRajbhoj","role":"USER","emailAddress":"ErSonal@medvantx.com","tenantId":"b61c5cb0-3860-4419-81c3-599c94c248a9","phoneNumber":"9763550802","lastLogin":1597932318655,"createdBy":"SYSTEM","hasOrders":true,"id":"7a9e44b0-ed4e-4c10-b19a-3e0d31d1c2bf"}</msg>
<status status="PASS" starttime="20200820 19:33:37.218" endtime="20200820 19:33:37.218"></status>
</kw>
<status status="PASS" starttime="20200820 19:33:37.216" endtime="20200820 19:33:37.218"></status>
</kw>
<kw name="Evaluate" library="BuiltIn">
<doc>Evaluates the given expression in Python and returns the result.</doc>
<arguments>
<arg>$response.json().get("id")</arg>
</arguments>
<assign>
<var>${patient_uuid}</var>
</assign>
<msg timestamp="20200820 19:33:37.219" level="INFO">${patient_uuid} = 7a9e44b0-ed4e-4c10-b19a-3e0d31d1c2bf</msg>
<status status="PASS" starttime="20200820 19:33:37.218" endtime="20200820 19:33:37.219"></status>
</kw>
<kw name="Set Global Variable" library="BuiltIn">
<doc>Makes a variable available globally in all tests and suites.</doc>
<arguments>
<arg>${patient_uuid}</arg>
<arg>${patient_uuid}</arg>
</arguments>
<msg timestamp="20200820 19:33:37.220" level="INFO">${patient_uuid} = 7a9e44b0-ed4e-4c10-b19a-3e0d31d1c2bf</msg>
<status status="PASS" starttime="20200820 19:33:37.219" endtime="20200820 19:33:37.220"></status>
</kw>
<status status="PASS" starttime="20200820 19:33:35.583" endtime="20200820 19:33:37.220"></status>
</kw>
<status status="PASS" starttime="20200820 19:33:35.583" endtime="20200820 19:33:37.220"></status>
</kw>
<status status="PASS" starttime="20200820 19:33:33.931" endtime="20200820 19:33:37.220"></status>
</kw>
<tags>
<tag>PatientProfile</tag>
<tag>sanity</tag>
</tags>
<status status="PASS" starttime="20200820 19:33:33.930" endtime="20200820 19:33:37.220" critical="yes"></status>
</test>
<test id="s1-s1-t2" name="TC_002 : [GET] Verify Patient details and check patient's details">
<kw name="Create Session" library="RequestsLibrary">
<doc>Create Session: create a HTTP session to a server</doc>
<arguments>
<arg>GetPatientDetail</arg>
<arg>${Base_URL}</arg>
</arguments>
<msg timestamp="20200820 19:33:37.222" level="INFO">Creating Session using : alias=GetPatientDetail, url=https://api-qa.medvantxos.com/api/v1.0, headers={},                     cookies={}, auth=None, timeout=None, proxies=None, verify=False,                     debug=0 </msg>
<status status="PASS" starttime="20200820 19:33:37.222" endtime="20200820 19:33:37.222"></status>
</kw>
<kw name="Compose URL" library="common_keywords">
<arguments>
<arg>/patient</arg>
<arg>${patient_uuid}</arg>
</arguments>
<assign>
<var>${uri}</var>
</assign>
<kw name="Catenate" library="BuiltIn">
<doc>Catenates the given items together and returns the resulted string.</doc>
<arguments>
<arg>SEPARATOR=/</arg>
<arg>@{args}</arg>
</arguments>
<assign>
<var>${uri}</var>
</assign>
<msg timestamp="20200820 19:33:37.223" level="INFO">${uri} = /patient/7a9e44b0-ed4e-4c10-b19a-3e0d31d1c2bf</msg>
<status status="PASS" starttime="20200820 19:33:37.223" endtime="20200820 19:33:37.224"></status>
</kw>
<kw name="Return From Keyword" library="BuiltIn">
<doc>Returns from the enclosing user keyword.</doc>
<arguments>
<arg>${uri}</arg>
</arguments>
<msg timestamp="20200820 19:33:37.224" level="INFO">Returning from the enclosing user keyword.</msg>
<status status="PASS" starttime="20200820 19:33:37.224" endtime="20200820 19:33:37.224"></status>
</kw>
<msg timestamp="20200820 19:33:37.224" level="INFO">${uri} = /patient/7a9e44b0-ed4e-4c10-b19a-3e0d31d1c2bf</msg>
<status status="PASS" starttime="20200820 19:33:37.222" endtime="20200820 19:33:37.224"></status>
</kw>
<kw name="Get Request" library="RequestsLibrary">
<doc>Send a GET request on the session object found using the
given `alias`</doc>
<arguments>
<arg>GetPatientDetail</arg>
<arg>${uri}</arg>
<arg>headers=${HEADER}</arg>
</arguments>
<assign>
<var>${response}</var>
</assign>
<msg timestamp="20200820 19:33:39.778" level="INFO">GET Request : url=https://api-qa.medvantxos.com/api/v1.0/patient/7a9e44b0-ed4e-4c10-b19a-3e0d31d1c2bf 
 path_url=/api/v1.0/patient/7a9e44b0-ed4e-4c10-b19a-3e0d31d1c2bf 
 headers={'User-Agent': 'python-requests/2.24.0', 'Accept-Encoding': 'gzip, deflate', 'Accept': '*/*', 'Connection': 'keep-alive', 'Authorization': 'Bearer eyJhbGciOiJSUzI1NiIsInR5cCIgOiAiSldUIiwia2lkIiA6ICJIdVNpeENjdjljb2E3R3ZIMXhMTG1IVk9lUERma1FRLWx5cHNBcnVpNWJvIn0.eyJqdGkiOiI3NGQ2ZDhkNC00MGNjLTQ1NjctOGY0ZS0xOTE1YmEwYzc3ODAiLCJleHAiOjE1OTc5MzU5MTgsIm5iZiI6MCwiaWF0IjoxNTk3OTMyMzE4LCJpc3MiOiJodHRwOi8vbG9jYWxob3N0OjgwODAvYXV0aC9yZWFsbXMvbWVkdmFudHgiLCJzdWIiOiI3YTllNDRiMC1lZDRlLTRjMTAtYjE5YS0zZTBkMzFkMWMyYmYiLCJ0eXAiOiJCZWFyZXIiLCJhenAiOiJhZG1pbi1jbGkiLCJhdXRoX3RpbWUiOjAsInNlc3Npb25fc3RhdGUiOiJkNWRiYTdiYS0xZDdkLTQxNmUtYjllMi1mOTZiZmY2ZjM2YzYiLCJhY3IiOiIxIiwic2NvcGUiOiJwcm9maWxlIGVtYWlsIiwiZW1haWxfdmVyaWZpZWQiOmZhbHNlLCJuYW1lIjoiRXJTb25hbCBFclJhamJob2oiLCJwcmVmZXJyZWRfdXNlcm5hbWUiOiJlcnNvbmFsQG1lZHZhbnR4LmNvbSIsImdpdmVuX25hbWUiOiJFclNvbmFsIiwiZmFtaWx5X25hbWUiOiJFclJhamJob2oiLCJlbWFpbCI6ImVyc29uYWxAbWVkdmFudHguY29tIn0.Bm8bqPinxQexZrqIFn5BEO4LzacFDNBlFM2OnserNmkVIwC4zjannKdnIZHOZTt0KVwCCVzN4sPBtMbamlAJ0LEvqtbL11PUVMp44wxNAUUqVoVWYlIPiHJgU5eQglinJ4JzaCwzfgZlCiO9jtjGWUChUbvnld8pHYQvuMPVcabRNvHg56zr0ytHcZlS-THHM3zKQ_u2x-pIv8XNTzrDf-PPg3uOAtSnDwjIlqmi7DnjCBFNdd5eavjuwAYuYSprgL6EWon7w5vNGYH392u4-RQGgYpSCt0zx8nwGmf5_AXOjNlXpC6CDupcoG1TdN8YJ4esC5OCt03l2LVa44qjSw', 'Content-Type': 'application/json'} 
 body=None 
 </msg>
<msg timestamp="20200820 19:33:39.779" level="INFO">GET Response : url=https://api-qa.medvantxos.com/api/v1.0/patient/7a9e44b0-ed4e-4c10-b19a-3e0d31d1c2bf 
 status=200, reason= 
 body={"firstName":"ErSonal","lastName":"ErRajbhoj","dateOfBirth":"1985-02-01","zipCode":"60611","address1":"19 E Ohio St","address2":"Freehand Chicago","address3":null,"city":"","stateCode":"IL","primaryPhone":"9763550802","gender":"female","id":"7a9e44b0-ed4e-4c10-b19a-3e0d31d1c2bf"} 
 </msg>
<msg timestamp="20200820 19:33:39.779" level="INFO">/Users/amit/PycharmProjects/Medic/venv/lib/python3.7/site-packages/urllib3/connectionpool.py:988: InsecureRequestWarning: Unverified HTTPS request is being made to host 'api-qa.medvantxos.com'. Adding certificate verification is strongly advised. See: https://urllib3.readthedocs.io/en/latest/advanced-usage.html#ssl-warnings
  InsecureRequestWarning,</msg>
<msg timestamp="20200820 19:33:39.779" level="INFO">${response} = &lt;Response [200]&gt;</msg>
<status status="PASS" starttime="20200820 19:33:37.224" endtime="20200820 19:33:39.779"></status>
</kw>
<kw name="Get Data from file">
<arguments>
<arg>patient_details.json</arg>
</arguments>
<assign>
<var>${input_data}</var>
</assign>
<kw name="Get File" library="OperatingSystem">
<doc>Returns the contents of a specified file.</doc>
<arguments>
<arg>${json_path}${filename}</arg>
</arguments>
<assign>
<var>${file_data}</var>
</assign>
<msg timestamp="20200820 19:33:39.781" level="INFO" html="yes">Getting file '&lt;a href="file:///Users/amit/PycharmProjects/Medic/test_data/patient_details.json"&gt;/Users/amit/PycharmProjects/Medic/test_data/patient_details.json&lt;/a&gt;'.</msg>
<msg timestamp="20200820 19:33:39.783" level="INFO">${file_data} = {
    "firstName": "ErSonal",
    "lastName": "ErRajbhoj",
    "dateOfBirth": "1985-02-01",
    "zipCode": "60611",
    "address1": "19 E Ohio St",
    "address2": "Freehand Chicago",
    "address3": ...</msg>
<status status="PASS" starttime="20200820 19:33:39.780" endtime="20200820 19:33:39.783"></status>
</kw>
<kw name="Evaluate" library="BuiltIn">
<doc>Evaluates the given expression in Python and returns the result.</doc>
<arguments>
<arg>json.loads('''${file_data}''')</arg>
<arg>json</arg>
</arguments>
<assign>
<var>${file_object}</var>
</assign>
<msg timestamp="20200820 19:33:39.784" level="INFO">${file_object} = {'firstName': 'ErSonal', 'lastName': 'ErRajbhoj', 'dateOfBirth': '1985-02-01', 'zipCode': '60611', 'address1': '19 E Ohio St', 'address2': 'Freehand Chicago', 'address3': None, 'city': '', 'stateCode'...</msg>
<status status="PASS" starttime="20200820 19:33:39.783" endtime="20200820 19:33:39.784"></status>
</kw>
<kw name="Return From Keyword" library="BuiltIn">
<doc>Returns from the enclosing user keyword.</doc>
<arguments>
<arg>${file_object}</arg>
</arguments>
<msg timestamp="20200820 19:33:39.784" level="INFO">Returning from the enclosing user keyword.</msg>
<status status="PASS" starttime="20200820 19:33:39.784" endtime="20200820 19:33:39.784"></status>
</kw>
<msg timestamp="20200820 19:33:39.784" level="INFO">${input_data} = {'firstName': 'ErSonal', 'lastName': 'ErRajbhoj', 'dateOfBirth': '1985-02-01', 'zipCode': '60611', 'address1': '19 E Ohio St', 'address2': 'Freehand Chicago', 'address3': None, 'city': '', 'stateCode'...</msg>
<status status="PASS" starttime="20200820 19:33:39.779" endtime="20200820 19:33:39.785"></status>
</kw>
<kw name="Verify the Response" library="common_keywords">
<arguments>
<arg>${response}</arg>
<arg>200</arg>
</arguments>
<kw name="Log" library="BuiltIn">
<doc>Logs the given message with the given level.</doc>
<arguments>
<arg>Response code is : ${response.status_code}</arg>
</arguments>
<msg timestamp="20200820 19:33:39.786" level="INFO">Response code is : 200</msg>
<status status="PASS" starttime="20200820 19:33:39.785" endtime="20200820 19:33:39.786"></status>
</kw>
<kw name="Should Be Equal As Strings" library="BuiltIn">
<doc>Fails if objects are unequal after converting them to strings.</doc>
<arguments>
<arg>${response.status_code}</arg>
<arg>${resp_status}</arg>
</arguments>
<msg timestamp="20200820 19:33:39.786" level="INFO">Argument types are:
&lt;class 'int'&gt;
&lt;type 'unicode'&gt;</msg>
<status status="PASS" starttime="20200820 19:33:39.786" endtime="20200820 19:33:39.786"></status>
</kw>
<kw name="Log" library="BuiltIn">
<doc>Logs the given message with the given level.</doc>
<arguments>
<arg>Response body is : ${response.text}</arg>
</arguments>
<msg timestamp="20200820 19:33:39.787" level="INFO">Response body is : {"firstName":"ErSonal","lastName":"ErRajbhoj","dateOfBirth":"1985-02-01","zipCode":"60611","address1":"19 E Ohio St","address2":"Freehand Chicago","address3":null,"city":"","stateCode":"IL","primaryPhone":"9763550802","gender":"female","id":"7a9e44b0-ed4e-4c10-b19a-3e0d31d1c2bf"}</msg>
<status status="PASS" starttime="20200820 19:33:39.787" endtime="20200820 19:33:39.787"></status>
</kw>
<status status="PASS" starttime="20200820 19:33:39.785" endtime="20200820 19:33:39.787"></status>
</kw>
<kw name="Compare Dicts" library="HelperModule">
<arguments>
<arg>${input_data}</arg>
<arg>${response.json()}</arg>
</arguments>
<assign>
<var>${status}</var>
</assign>
<msg timestamp="20200820 19:33:39.788" level="INFO">The expected dictionary is {'firstName': 'ErSonal', 'lastName': 'ErRajbhoj', 'dateOfBirth': '1985-02-01', 'zipCode': '60611', 'address1': '19 E Ohio St', 'address2': 'Freehand Chicago', 'address3': None, 'city': '', 'stateCode': 'IL', 'primaryPhone': '9763550802', 'gender': 'female'} 
</msg>
<msg timestamp="20200820 19:33:39.788" level="INFO">The actual dictionary is {'firstName': 'ErSonal', 'lastName': 'ErRajbhoj', 'dateOfBirth': '1985-02-01', 'zipCode': '60611', 'address1': '19 E Ohio St', 'address2': 'Freehand Chicago', 'address3': None, 'city': '', 'stateCode': 'IL', 'primaryPhone': '9763550802', 'gender': 'female', 'id': '7a9e44b0-ed4e-4c10-b19a-3e0d31d1c2bf'} 
</msg>
<msg timestamp="20200820 19:33:39.788" level="INFO">PASS: Both the expected and actual dictionaries are same.</msg>
<msg timestamp="20200820 19:33:39.788" level="INFO">${status} = True</msg>
<status status="PASS" starttime="20200820 19:33:39.787" endtime="20200820 19:33:39.788"></status>
</kw>
<kw name="Should Be True" library="BuiltIn">
<doc>Fails if the given condition is not true.</doc>
<arguments>
<arg>${status}</arg>
</arguments>
<status status="PASS" starttime="20200820 19:33:39.789" endtime="20200820 19:33:39.789"></status>
</kw>
<tags>
<tag>PatientProfile</tag>
<tag>sanity</tag>
</tags>
<status status="PASS" starttime="20200820 19:33:37.221" endtime="20200820 19:33:39.789" critical="yes"></status>
</test>
<test id="s1-s1-t3" name="TC_003 : [PUT] Update Patient details and check patient's data">
<kw name="Create Session" library="RequestsLibrary">
<doc>Create Session: create a HTTP session to a server</doc>
<arguments>
<arg>UpdatePatientDetail</arg>
<arg>${Base_URL}</arg>
</arguments>
<msg timestamp="20200820 19:33:39.791" level="INFO">Creating Session using : alias=UpdatePatientDetail, url=https://api-qa.medvantxos.com/api/v1.0, headers={},                     cookies={}, auth=None, timeout=None, proxies=None, verify=False,                     debug=0 </msg>
<status status="PASS" starttime="20200820 19:33:39.791" endtime="20200820 19:33:39.791"></status>
</kw>
<kw name="Compose URL" library="common_keywords">
<arguments>
<arg>/patient</arg>
<arg>${patient_uuid}</arg>
</arguments>
<assign>
<var>${uri}</var>
</assign>
<kw name="Catenate" library="BuiltIn">
<doc>Catenates the given items together and returns the resulted string.</doc>
<arguments>
<arg>SEPARATOR=/</arg>
<arg>@{args}</arg>
</arguments>
<assign>
<var>${uri}</var>
</assign>
<msg timestamp="20200820 19:33:39.792" level="INFO">${uri} = /patient/7a9e44b0-ed4e-4c10-b19a-3e0d31d1c2bf</msg>
<status status="PASS" starttime="20200820 19:33:39.792" endtime="20200820 19:33:39.792"></status>
</kw>
<kw name="Return From Keyword" library="BuiltIn">
<doc>Returns from the enclosing user keyword.</doc>
<arguments>
<arg>${uri}</arg>
</arguments>
<msg timestamp="20200820 19:33:39.792" level="INFO">Returning from the enclosing user keyword.</msg>
<status status="PASS" starttime="20200820 19:33:39.792" endtime="20200820 19:33:39.792"></status>
</kw>
<msg timestamp="20200820 19:33:39.793" level="INFO">${uri} = /patient/7a9e44b0-ed4e-4c10-b19a-3e0d31d1c2bf</msg>
<status status="PASS" starttime="20200820 19:33:39.791" endtime="20200820 19:33:39.793"></status>
</kw>
<kw name="Get Data from file">
<arguments>
<arg>patient_update.json</arg>
</arguments>
<assign>
<var>${input_data}</var>
</assign>
<kw name="Get File" library="OperatingSystem">
<doc>Returns the contents of a specified file.</doc>
<arguments>
<arg>${json_path}${filename}</arg>
</arguments>
<assign>
<var>${file_data}</var>
</assign>
<msg timestamp="20200820 19:33:39.796" level="INFO" html="yes">Getting file '&lt;a href="file:///Users/amit/PycharmProjects/Medic/test_data/patient_update.json"&gt;/Users/amit/PycharmProjects/Medic/test_data/patient_update.json&lt;/a&gt;'.</msg>
<msg timestamp="20200820 19:33:39.797" level="INFO">${file_data} = {
    "firstName": "ErSonal",
    "lastName": "ErRajbhoj",
    "dateOfBirth": "1985-02-01",
    "zipCode": "60611",
    "address1": "19 E Ohio St",
    "address2": "Freehand Chicago",
    "address3": ...</msg>
<status status="PASS" starttime="20200820 19:33:39.793" endtime="20200820 19:33:39.797"></status>
</kw>
<kw name="Evaluate" library="BuiltIn">
<doc>Evaluates the given expression in Python and returns the result.</doc>
<arguments>
<arg>json.loads('''${file_data}''')</arg>
<arg>json</arg>
</arguments>
<assign>
<var>${file_object}</var>
</assign>
<msg timestamp="20200820 19:33:39.797" level="INFO">${file_object} = {'firstName': 'ErSonal', 'lastName': 'ErRajbhoj', 'dateOfBirth': '1985-02-01', 'zipCode': '60611', 'address1': '19 E Ohio St', 'address2': 'Freehand Chicago', 'address3': None, 'city': '', 'stateCode'...</msg>
<status status="PASS" starttime="20200820 19:33:39.797" endtime="20200820 19:33:39.797"></status>
</kw>
<kw name="Return From Keyword" library="BuiltIn">
<doc>Returns from the enclosing user keyword.</doc>
<arguments>
<arg>${file_object}</arg>
</arguments>
<msg timestamp="20200820 19:33:39.798" level="INFO">Returning from the enclosing user keyword.</msg>
<status status="PASS" starttime="20200820 19:33:39.798" endtime="20200820 19:33:39.798"></status>
</kw>
<msg timestamp="20200820 19:33:39.798" level="INFO">${input_data} = {'firstName': 'ErSonal', 'lastName': 'ErRajbhoj', 'dateOfBirth': '1985-02-01', 'zipCode': '60611', 'address1': '19 E Ohio St', 'address2': 'Freehand Chicago', 'address3': None, 'city': '', 'stateCode'...</msg>
<status status="PASS" starttime="20200820 19:33:39.793" endtime="20200820 19:33:39.798"></status>
</kw>
<kw name="Put Request" library="RequestsLibrary">
<doc>Send a PUT request on the session object found using the
given `alias`</doc>
<arguments>
<arg>UpdatePatientDetail</arg>
<arg>${uri}</arg>
<arg>data=${input_data}</arg>
<arg>headers=${HEADER}</arg>
</arguments>
<assign>
<var>${response}</var>
</assign>
<msg timestamp="20200820 19:33:41.515" level="INFO">PUT Request : url=https://api-qa.medvantxos.com/api/v1.0/patient/7a9e44b0-ed4e-4c10-b19a-3e0d31d1c2bf 
 path_url=/api/v1.0/patient/7a9e44b0-ed4e-4c10-b19a-3e0d31d1c2bf 
 headers={'User-Agent': 'python-requests/2.24.0', 'Accept-Encoding': 'gzip, deflate', 'Accept': '*/*', 'Connection': 'keep-alive', 'Authorization': 'Bearer eyJhbGciOiJSUzI1NiIsInR5cCIgOiAiSldUIiwia2lkIiA6ICJIdVNpeENjdjljb2E3R3ZIMXhMTG1IVk9lUERma1FRLWx5cHNBcnVpNWJvIn0.eyJqdGkiOiI3NGQ2ZDhkNC00MGNjLTQ1NjctOGY0ZS0xOTE1YmEwYzc3ODAiLCJleHAiOjE1OTc5MzU5MTgsIm5iZiI6MCwiaWF0IjoxNTk3OTMyMzE4LCJpc3MiOiJodHRwOi8vbG9jYWxob3N0OjgwODAvYXV0aC9yZWFsbXMvbWVkdmFudHgiLCJzdWIiOiI3YTllNDRiMC1lZDRlLTRjMTAtYjE5YS0zZTBkMzFkMWMyYmYiLCJ0eXAiOiJCZWFyZXIiLCJhenAiOiJhZG1pbi1jbGkiLCJhdXRoX3RpbWUiOjAsInNlc3Npb25fc3RhdGUiOiJkNWRiYTdiYS0xZDdkLTQxNmUtYjllMi1mOTZiZmY2ZjM2YzYiLCJhY3IiOiIxIiwic2NvcGUiOiJwcm9maWxlIGVtYWlsIiwiZW1haWxfdmVyaWZpZWQiOmZhbHNlLCJuYW1lIjoiRXJTb25hbCBFclJhamJob2oiLCJwcmVmZXJyZWRfdXNlcm5hbWUiOiJlcnNvbmFsQG1lZHZhbnR4LmNvbSIsImdpdmVuX25hbWUiOiJFclNvbmFsIiwiZmFtaWx5X25hbWUiOiJFclJhamJob2oiLCJlbWFpbCI6ImVyc29uYWxAbWVkdmFudHguY29tIn0.Bm8bqPinxQexZrqIFn5BEO4LzacFDNBlFM2OnserNmkVIwC4zjannKdnIZHOZTt0KVwCCVzN4sPBtMbamlAJ0LEvqtbL11PUVMp44wxNAUUqVoVWYlIPiHJgU5eQglinJ4JzaCwzfgZlCiO9jtjGWUChUbvnld8pHYQvuMPVcabRNvHg56zr0ytHcZlS-THHM3zKQ_u2x-pIv8XNTzrDf-PPg3uOAtSnDwjIlqmi7DnjCBFNdd5eavjuwAYuYSprgL6EWon7w5vNGYH392u4-RQGgYpSCt0zx8nwGmf5_AXOjNlXpC6CDupcoG1TdN8YJ4esC5OCt03l2LVa44qjSw', 'Content-Type': 'application/json', 'Content-Length': '255'} 
 body={"firstName": "ErSonal", "lastName": "ErRajbhoj", "dateOfBirth": "1985-02-01", "zipCode": "60611", "address1": "19 E Ohio St", "address2": "Freehand Chicago", "address3": null, "city": "", "stateCode": "IL", "primaryPhone": "9763550802", "gender": "male"} 
 </msg>
<msg timestamp="20200820 19:33:41.515" level="INFO">PUT Response : url=https://api-qa.medvantxos.com/api/v1.0/patient/7a9e44b0-ed4e-4c10-b19a-3e0d31d1c2bf 
 status=200, reason= 
 body={"firstName":"ErSonal","lastName":"ErRajbhoj","dateOfBirth":"1985-02-01","zipCode":"60611","address1":"19 E Ohio St","address2":"Freehand Chicago","address3":null,"city":"","stateCode":"IL","primaryPhone":"9763550802","gender":"male","id":"7a9e44b0-ed4e-4c10-b19a-3e0d31d1c2bf"} 
 </msg>
<msg timestamp="20200820 19:33:41.516" level="INFO">/Users/amit/PycharmProjects/Medic/venv/lib/python3.7/site-packages/urllib3/connectionpool.py:988: InsecureRequestWarning: Unverified HTTPS request is being made to host 'api-qa.medvantxos.com'. Adding certificate verification is strongly advised. See: https://urllib3.readthedocs.io/en/latest/advanced-usage.html#ssl-warnings
  InsecureRequestWarning,</msg>
<msg timestamp="20200820 19:33:41.516" level="INFO">${response} = &lt;Response [200]&gt;</msg>
<status status="PASS" starttime="20200820 19:33:39.798" endtime="20200820 19:33:41.516"></status>
</kw>
<kw name="Verify the Response" library="common_keywords">
<arguments>
<arg>${response}</arg>
<arg>200</arg>
</arguments>
<kw name="Log" library="BuiltIn">
<doc>Logs the given message with the given level.</doc>
<arguments>
<arg>Response code is : ${response.status_code}</arg>
</arguments>
<msg timestamp="20200820 19:33:41.517" level="INFO">Response code is : 200</msg>
<status status="PASS" starttime="20200820 19:33:41.517" endtime="20200820 19:33:41.518"></status>
</kw>
<kw name="Should Be Equal As Strings" library="BuiltIn">
<doc>Fails if objects are unequal after converting them to strings.</doc>
<arguments>
<arg>${response.status_code}</arg>
<arg>${resp_status}</arg>
</arguments>
<msg timestamp="20200820 19:33:41.518" level="INFO">Argument types are:
&lt;class 'int'&gt;
&lt;type 'unicode'&gt;</msg>
<status status="PASS" starttime="20200820 19:33:41.518" endtime="20200820 19:33:41.518"></status>
</kw>
<kw name="Log" library="BuiltIn">
<doc>Logs the given message with the given level.</doc>
<arguments>
<arg>Response body is : ${response.text}</arg>
</arguments>
<msg timestamp="20200820 19:33:41.519" level="INFO">Response body is : {"firstName":"ErSonal","lastName":"ErRajbhoj","dateOfBirth":"1985-02-01","zipCode":"60611","address1":"19 E Ohio St","address2":"Freehand Chicago","address3":null,"city":"","stateCode":"IL","primaryPhone":"9763550802","gender":"male","id":"7a9e44b0-ed4e-4c10-b19a-3e0d31d1c2bf"}</msg>
<status status="PASS" starttime="20200820 19:33:41.518" endtime="20200820 19:33:41.519"></status>
</kw>
<status status="PASS" starttime="20200820 19:33:41.516" endtime="20200820 19:33:41.519"></status>
</kw>
<kw name="Compare Dicts" library="HelperModule">
<arguments>
<arg>${input_data}</arg>
<arg>${response.json()}</arg>
</arguments>
<assign>
<var>${status}</var>
</assign>
<msg timestamp="20200820 19:33:41.520" level="INFO">The expected dictionary is {'firstName': 'ErSonal', 'lastName': 'ErRajbhoj', 'dateOfBirth': '1985-02-01', 'zipCode': '60611', 'address1': '19 E Ohio St', 'address2': 'Freehand Chicago', 'address3': None, 'city': '', 'stateCode': 'IL', 'primaryPhone': '9763550802', 'gender': 'male'} 
</msg>
<msg timestamp="20200820 19:33:41.520" level="INFO">The actual dictionary is {'firstName': 'ErSonal', 'lastName': 'ErRajbhoj', 'dateOfBirth': '1985-02-01', 'zipCode': '60611', 'address1': '19 E Ohio St', 'address2': 'Freehand Chicago', 'address3': None, 'city': '', 'stateCode': 'IL', 'primaryPhone': '9763550802', 'gender': 'male', 'id': '7a9e44b0-ed4e-4c10-b19a-3e0d31d1c2bf'} 
</msg>
<msg timestamp="20200820 19:33:41.520" level="INFO">PASS: Both the expected and actual dictionaries are same.</msg>
<msg timestamp="20200820 19:33:41.520" level="INFO">${status} = True</msg>
<status status="PASS" starttime="20200820 19:33:41.519" endtime="20200820 19:33:41.520"></status>
</kw>
<kw name="Should Be True" library="BuiltIn">
<doc>Fails if the given condition is not true.</doc>
<arguments>
<arg>${status}</arg>
</arguments>
<status status="PASS" starttime="20200820 19:33:41.521" endtime="20200820 19:33:41.521"></status>
</kw>
<tags>
<tag>PatientProfile</tag>
<tag>sanity</tag>
</tags>
<status status="PASS" starttime="20200820 19:33:39.790" endtime="20200820 19:33:41.521" critical="yes"></status>
</test>
<test id="s1-s1-t4" name="TC_004 : [POST] Create a new medication.">
<kw name="Create Session" library="RequestsLibrary">
<doc>Create Session: create a HTTP session to a server</doc>
<arguments>
<arg>CreateNewMedication</arg>
<arg>${Base_URL}</arg>
</arguments>
<msg timestamp="20200820 19:33:41.522" level="INFO">Creating Session using : alias=CreateNewMedication, url=https://api-qa.medvantxos.com/api/v1.0, headers={},                     cookies={}, auth=None, timeout=None, proxies=None, verify=False,                     debug=0 </msg>
<status status="PASS" starttime="20200820 19:33:41.522" endtime="20200820 19:33:41.523"></status>
</kw>
<kw name="Compose URL" library="common_keywords">
<arguments>
<arg>/patient</arg>
<arg>${patient_uuid}</arg>
<arg>medication</arg>
</arguments>
<assign>
<var>${uri}</var>
</assign>
<kw name="Catenate" library="BuiltIn">
<doc>Catenates the given items together and returns the resulted string.</doc>
<arguments>
<arg>SEPARATOR=/</arg>
<arg>@{args}</arg>
</arguments>
<assign>
<var>${uri}</var>
</assign>
<msg timestamp="20200820 19:33:41.524" level="INFO">${uri} = /patient/7a9e44b0-ed4e-4c10-b19a-3e0d31d1c2bf/medication</msg>
<status status="PASS" starttime="20200820 19:33:41.523" endtime="20200820 19:33:41.524"></status>
</kw>
<kw name="Return From Keyword" library="BuiltIn">
<doc>Returns from the enclosing user keyword.</doc>
<arguments>
<arg>${uri}</arg>
</arguments>
<msg timestamp="20200820 19:33:41.524" level="INFO">Returning from the enclosing user keyword.</msg>
<status status="PASS" starttime="20200820 19:33:41.524" endtime="20200820 19:33:41.525"></status>
</kw>
<msg timestamp="20200820 19:33:41.525" level="INFO">${uri} = /patient/7a9e44b0-ed4e-4c10-b19a-3e0d31d1c2bf/medication</msg>
<status status="PASS" starttime="20200820 19:33:41.523" endtime="20200820 19:33:41.525"></status>
</kw>
<kw name="Get Data from file">
<arguments>
<arg>medication.json</arg>
</arguments>
<assign>
<var>${input_data}</var>
</assign>
<kw name="Get File" library="OperatingSystem">
<doc>Returns the contents of a specified file.</doc>
<arguments>
<arg>${json_path}${filename}</arg>
</arguments>
<assign>
<var>${file_data}</var>
</assign>
<msg timestamp="20200820 19:33:41.526" level="INFO" html="yes">Getting file '&lt;a href="file:///Users/amit/PycharmProjects/Medic/test_data/medication.json"&gt;/Users/amit/PycharmProjects/Medic/test_data/medication.json&lt;/a&gt;'.</msg>
<msg timestamp="20200820 19:33:41.528" level="INFO">${file_data} = {
    "name":"CORONA"
}</msg>
<status status="PASS" starttime="20200820 19:33:41.525" endtime="20200820 19:33:41.528"></status>
</kw>
<kw name="Evaluate" library="BuiltIn">
<doc>Evaluates the given expression in Python and returns the result.</doc>
<arguments>
<arg>json.loads('''${file_data}''')</arg>
<arg>json</arg>
</arguments>
<assign>
<var>${file_object}</var>
</assign>
<msg timestamp="20200820 19:33:41.529" level="INFO">${file_object} = {'name': 'CORONA'}</msg>
<status status="PASS" starttime="20200820 19:33:41.528" endtime="20200820 19:33:41.529"></status>
</kw>
<kw name="Return From Keyword" library="BuiltIn">
<doc>Returns from the enclosing user keyword.</doc>
<arguments>
<arg>${file_object}</arg>
</arguments>
<msg timestamp="20200820 19:33:41.529" level="INFO">Returning from the enclosing user keyword.</msg>
<status status="PASS" starttime="20200820 19:33:41.529" endtime="20200820 19:33:41.529"></status>
</kw>
<msg timestamp="20200820 19:33:41.529" level="INFO">${input_data} = {'name': 'CORONA'}</msg>
<status status="PASS" starttime="20200820 19:33:41.525" endtime="20200820 19:33:41.529"></status>
</kw>
<kw name="Post Request" library="RequestsLibrary">
<doc>Send a POST request on the session object found using the
given `alias`</doc>
<arguments>
<arg>CreateNewMedication</arg>
<arg>${uri}</arg>
<arg>data=${input_data}</arg>
<arg>headers=${HEADER}</arg>
</arguments>
<assign>
<var>${response}</var>
</assign>
<msg timestamp="20200820 19:33:42.772" level="INFO">POST Request : url=https://api-qa.medvantxos.com/api/v1.0/patient/7a9e44b0-ed4e-4c10-b19a-3e0d31d1c2bf/medication 
 path_url=/api/v1.0/patient/7a9e44b0-ed4e-4c10-b19a-3e0d31d1c2bf/medication 
 headers={'User-Agent': 'python-requests/2.24.0', 'Accept-Encoding': 'gzip, deflate', 'Accept': '*/*', 'Connection': 'keep-alive', 'Authorization': 'Bearer eyJhbGciOiJSUzI1NiIsInR5cCIgOiAiSldUIiwia2lkIiA6ICJIdVNpeENjdjljb2E3R3ZIMXhMTG1IVk9lUERma1FRLWx5cHNBcnVpNWJvIn0.eyJqdGkiOiI3NGQ2ZDhkNC00MGNjLTQ1NjctOGY0ZS0xOTE1YmEwYzc3ODAiLCJleHAiOjE1OTc5MzU5MTgsIm5iZiI6MCwiaWF0IjoxNTk3OTMyMzE4LCJpc3MiOiJodHRwOi8vbG9jYWxob3N0OjgwODAvYXV0aC9yZWFsbXMvbWVkdmFudHgiLCJzdWIiOiI3YTllNDRiMC1lZDRlLTRjMTAtYjE5YS0zZTBkMzFkMWMyYmYiLCJ0eXAiOiJCZWFyZXIiLCJhenAiOiJhZG1pbi1jbGkiLCJhdXRoX3RpbWUiOjAsInNlc3Npb25fc3RhdGUiOiJkNWRiYTdiYS0xZDdkLTQxNmUtYjllMi1mOTZiZmY2ZjM2YzYiLCJhY3IiOiIxIiwic2NvcGUiOiJwcm9maWxlIGVtYWlsIiwiZW1haWxfdmVyaWZpZWQiOmZhbHNlLCJuYW1lIjoiRXJTb25hbCBFclJhamJob2oiLCJwcmVmZXJyZWRfdXNlcm5hbWUiOiJlcnNvbmFsQG1lZHZhbnR4LmNvbSIsImdpdmVuX25hbWUiOiJFclNvbmFsIiwiZmFtaWx5X25hbWUiOiJFclJhamJob2oiLCJlbWFpbCI6ImVyc29uYWxAbWVkdmFudHguY29tIn0.Bm8bqPinxQexZrqIFn5BEO4LzacFDNBlFM2OnserNmkVIwC4zjannKdnIZHOZTt0KVwCCVzN4sPBtMbamlAJ0LEvqtbL11PUVMp44wxNAUUqVoVWYlIPiHJgU5eQglinJ4JzaCwzfgZlCiO9jtjGWUChUbvnld8pHYQvuMPVcabRNvHg56zr0ytHcZlS-THHM3zKQ_u2x-pIv8XNTzrDf-PPg3uOAtSnDwjIlqmi7DnjCBFNdd5eavjuwAYuYSprgL6EWon7w5vNGYH392u4-RQGgYpSCt0zx8nwGmf5_AXOjNlXpC6CDupcoG1TdN8YJ4esC5OCt03l2LVa44qjSw', 'Content-Type': 'application/json', 'Content-Length': '18'} 
 body={"name": "CORONA"} 
 </msg>
<msg timestamp="20200820 19:33:42.772" level="INFO">POST Response : url=https://api-qa.medvantxos.com/api/v1.0/patient/7a9e44b0-ed4e-4c10-b19a-3e0d31d1c2bf/medication 
 status=200, reason= 
 body={"name":"CORONA","dateCreated":1597932325921,"id":"ae1e41c9-3eb4-4222-b7b2-dacef63d8cd5"} 
 </msg>
<msg timestamp="20200820 19:33:42.772" level="INFO">/Users/amit/PycharmProjects/Medic/venv/lib/python3.7/site-packages/urllib3/connectionpool.py:988: InsecureRequestWarning: Unverified HTTPS request is being made to host 'api-qa.medvantxos.com'. Adding certificate verification is strongly advised. See: https://urllib3.readthedocs.io/en/latest/advanced-usage.html#ssl-warnings
  InsecureRequestWarning,</msg>
<msg timestamp="20200820 19:33:42.773" level="INFO">${response} = &lt;Response [200]&gt;</msg>
<status status="PASS" starttime="20200820 19:33:41.530" endtime="20200820 19:33:42.773"></status>
</kw>
<kw name="Verify the Response" library="common_keywords">
<arguments>
<arg>${response}</arg>
<arg>200</arg>
</arguments>
<kw name="Log" library="BuiltIn">
<doc>Logs the given message with the given level.</doc>
<arguments>
<arg>Response code is : ${response.status_code}</arg>
</arguments>
<msg timestamp="20200820 19:33:42.775" level="INFO">Response code is : 200</msg>
<status status="PASS" starttime="20200820 19:33:42.774" endtime="20200820 19:33:42.775"></status>
</kw>
<kw name="Should Be Equal As Strings" library="BuiltIn">
<doc>Fails if objects are unequal after converting them to strings.</doc>
<arguments>
<arg>${response.status_code}</arg>
<arg>${resp_status}</arg>
</arguments>
<msg timestamp="20200820 19:33:42.775" level="INFO">Argument types are:
&lt;class 'int'&gt;
&lt;type 'unicode'&gt;</msg>
<status status="PASS" starttime="20200820 19:33:42.775" endtime="20200820 19:33:42.775"></status>
</kw>
<kw name="Log" library="BuiltIn">
<doc>Logs the given message with the given level.</doc>
<arguments>
<arg>Response body is : ${response.text}</arg>
</arguments>
<msg timestamp="20200820 19:33:42.776" level="INFO">Response body is : {"name":"CORONA","dateCreated":1597932325921,"id":"ae1e41c9-3eb4-4222-b7b2-dacef63d8cd5"}</msg>
<status status="PASS" starttime="20200820 19:33:42.775" endtime="20200820 19:33:42.776"></status>
</kw>
<status status="PASS" starttime="20200820 19:33:42.773" endtime="20200820 19:33:42.776"></status>
</kw>
<tags>
<tag>PatientProfile</tag>
<tag>sanity</tag>
</tags>
<status status="PASS" starttime="20200820 19:33:41.521" endtime="20200820 19:33:42.776" critical="yes"></status>
</test>
<test id="s1-s1-t5" name="TC_005 : [GET] A New Medication is created.">
<kw name="Create Session" library="RequestsLibrary">
<doc>Create Session: create a HTTP session to a server</doc>
<arguments>
<arg>GetNewMedication</arg>
<arg>${Base_URL}</arg>
</arguments>
<msg timestamp="20200820 19:33:42.778" level="INFO">Creating Session using : alias=GetNewMedication, url=https://api-qa.medvantxos.com/api/v1.0, headers={},                     cookies={}, auth=None, timeout=None, proxies=None, verify=False,                     debug=0 </msg>
<status status="PASS" starttime="20200820 19:33:42.777" endtime="20200820 19:33:42.778"></status>
</kw>
<kw name="Get Data from file">
<arguments>
<arg>medication.json</arg>
</arguments>
<assign>
<var>${input_data}</var>
</assign>
<kw name="Get File" library="OperatingSystem">
<doc>Returns the contents of a specified file.</doc>
<arguments>
<arg>${json_path}${filename}</arg>
</arguments>
<assign>
<var>${file_data}</var>
</assign>
<msg timestamp="20200820 19:33:42.779" level="INFO" html="yes">Getting file '&lt;a href="file:///Users/amit/PycharmProjects/Medic/test_data/medication.json"&gt;/Users/amit/PycharmProjects/Medic/test_data/medication.json&lt;/a&gt;'.</msg>
<msg timestamp="20200820 19:33:42.779" level="INFO">${file_data} = {
    "name":"CORONA"
}</msg>
<status status="PASS" starttime="20200820 19:33:42.779" endtime="20200820 19:33:42.779"></status>
</kw>
<kw name="Evaluate" library="BuiltIn">
<doc>Evaluates the given expression in Python and returns the result.</doc>
<arguments>
<arg>json.loads('''${file_data}''')</arg>
<arg>json</arg>
</arguments>
<assign>
<var>${file_object}</var>
</assign>
<msg timestamp="20200820 19:33:42.780" level="INFO">${file_object} = {'name': 'CORONA'}</msg>
<status status="PASS" starttime="20200820 19:33:42.779" endtime="20200820 19:33:42.780"></status>
</kw>
<kw name="Return From Keyword" library="BuiltIn">
<doc>Returns from the enclosing user keyword.</doc>
<arguments>
<arg>${file_object}</arg>
</arguments>
<msg timestamp="20200820 19:33:42.780" level="INFO">Returning from the enclosing user keyword.</msg>
<status status="PASS" starttime="20200820 19:33:42.780" endtime="20200820 19:33:42.780"></status>
</kw>
<msg timestamp="20200820 19:33:42.781" level="INFO">${input_data} = {'name': 'CORONA'}</msg>
<status status="PASS" starttime="20200820 19:33:42.778" endtime="20200820 19:33:42.781"></status>
</kw>
<kw name="Compose URL" library="common_keywords">
<arguments>
<arg>/patient</arg>
<arg>${patient_uuid}</arg>
<arg>medications</arg>
</arguments>
<assign>
<var>${uri}</var>
</assign>
<kw name="Catenate" library="BuiltIn">
<doc>Catenates the given items together and returns the resulted string.</doc>
<arguments>
<arg>SEPARATOR=/</arg>
<arg>@{args}</arg>
</arguments>
<assign>
<var>${uri}</var>
</assign>
<msg timestamp="20200820 19:33:42.782" level="INFO">${uri} = /patient/7a9e44b0-ed4e-4c10-b19a-3e0d31d1c2bf/medications</msg>
<status status="PASS" starttime="20200820 19:33:42.781" endtime="20200820 19:33:42.782"></status>
</kw>
<kw name="Return From Keyword" library="BuiltIn">
<doc>Returns from the enclosing user keyword.</doc>
<arguments>
<arg>${uri}</arg>
</arguments>
<msg timestamp="20200820 19:33:42.782" level="INFO">Returning from the enclosing user keyword.</msg>
<status status="PASS" starttime="20200820 19:33:42.782" endtime="20200820 19:33:42.782"></status>
</kw>
<msg timestamp="20200820 19:33:42.782" level="INFO">${uri} = /patient/7a9e44b0-ed4e-4c10-b19a-3e0d31d1c2bf/medications</msg>
<status status="PASS" starttime="20200820 19:33:42.781" endtime="20200820 19:33:42.782"></status>
</kw>
<kw name="Get Request" library="RequestsLibrary">
<doc>Send a GET request on the session object found using the
given `alias`</doc>
<arguments>
<arg>GetNewMedication</arg>
<arg>${uri}</arg>
<arg>headers=${HEADER}</arg>
</arguments>
<assign>
<var>${response}</var>
</assign>
<msg timestamp="20200820 19:33:44.070" level="INFO">GET Request : url=https://api-qa.medvantxos.com/api/v1.0/patient/7a9e44b0-ed4e-4c10-b19a-3e0d31d1c2bf/medications 
 path_url=/api/v1.0/patient/7a9e44b0-ed4e-4c10-b19a-3e0d31d1c2bf/medications 
 headers={'User-Agent': 'python-requests/2.24.0', 'Accept-Encoding': 'gzip, deflate', 'Accept': '*/*', 'Connection': 'keep-alive', 'Authorization': 'Bearer eyJhbGciOiJSUzI1NiIsInR5cCIgOiAiSldUIiwia2lkIiA6ICJIdVNpeENjdjljb2E3R3ZIMXhMTG1IVk9lUERma1FRLWx5cHNBcnVpNWJvIn0.eyJqdGkiOiI3NGQ2ZDhkNC00MGNjLTQ1NjctOGY0ZS0xOTE1YmEwYzc3ODAiLCJleHAiOjE1OTc5MzU5MTgsIm5iZiI6MCwiaWF0IjoxNTk3OTMyMzE4LCJpc3MiOiJodHRwOi8vbG9jYWxob3N0OjgwODAvYXV0aC9yZWFsbXMvbWVkdmFudHgiLCJzdWIiOiI3YTllNDRiMC1lZDRlLTRjMTAtYjE5YS0zZTBkMzFkMWMyYmYiLCJ0eXAiOiJCZWFyZXIiLCJhenAiOiJhZG1pbi1jbGkiLCJhdXRoX3RpbWUiOjAsInNlc3Npb25fc3RhdGUiOiJkNWRiYTdiYS0xZDdkLTQxNmUtYjllMi1mOTZiZmY2ZjM2YzYiLCJhY3IiOiIxIiwic2NvcGUiOiJwcm9maWxlIGVtYWlsIiwiZW1haWxfdmVyaWZpZWQiOmZhbHNlLCJuYW1lIjoiRXJTb25hbCBFclJhamJob2oiLCJwcmVmZXJyZWRfdXNlcm5hbWUiOiJlcnNvbmFsQG1lZHZhbnR4LmNvbSIsImdpdmVuX25hbWUiOiJFclNvbmFsIiwiZmFtaWx5X25hbWUiOiJFclJhamJob2oiLCJlbWFpbCI6ImVyc29uYWxAbWVkdmFudHguY29tIn0.Bm8bqPinxQexZrqIFn5BEO4LzacFDNBlFM2OnserNmkVIwC4zjannKdnIZHOZTt0KVwCCVzN4sPBtMbamlAJ0LEvqtbL11PUVMp44wxNAUUqVoVWYlIPiHJgU5eQglinJ4JzaCwzfgZlCiO9jtjGWUChUbvnld8pHYQvuMPVcabRNvHg56zr0ytHcZlS-THHM3zKQ_u2x-pIv8XNTzrDf-PPg3uOAtSnDwjIlqmi7DnjCBFNdd5eavjuwAYuYSprgL6EWon7w5vNGYH392u4-RQGgYpSCt0zx8nwGmf5_AXOjNlXpC6CDupcoG1TdN8YJ4esC5OCt03l2LVa44qjSw', 'Content-Type': 'application/json'} 
 body=None 
 </msg>
<msg timestamp="20200820 19:33:44.071" level="INFO">GET Response : url=https://api-qa.medvantxos.com/api/v1.0/patient/7a9e44b0-ed4e-4c10-b19a-3e0d31d1c2bf/medications 
 status=200, reason= 
 body=[{"name":"VITAMINS","dateCreated":1595791205601,"id":"26d57bcd-814c-496e-9d2a-b4142c155885"},{"name":"ANTIBIOTICS","dateCreated":1595307422178,"id":"37fb6cb6-4ef1-41ba-9fd2-ee184d2f90ca"},{"name":"CORONA","dateCreated":1597932325921,"id":"ae1e41c9-3eb4-4222-b7b2-dacef63d8cd5"},{"name":"CORONA","dateCreated":1597054069383,"id":"fdeb6afa-8f38-4374-87f2-372959ab722b"}] 
 </msg>
<msg timestamp="20200820 19:33:44.071" level="INFO">/Users/amit/PycharmProjects/Medic/venv/lib/python3.7/site-packages/urllib3/connectionpool.py:988: InsecureRequestWarning: Unverified HTTPS request is being made to host 'api-qa.medvantxos.com'. Adding certificate verification is strongly advised. See: https://urllib3.readthedocs.io/en/latest/advanced-usage.html#ssl-warnings
  InsecureRequestWarning,</msg>
<msg timestamp="20200820 19:33:44.071" level="INFO">${response} = &lt;Response [200]&gt;</msg>
<status status="PASS" starttime="20200820 19:33:42.782" endtime="20200820 19:33:44.071"></status>
</kw>
<kw name="Verify the Response" library="common_keywords">
<arguments>
<arg>${response}</arg>
<arg>200</arg>
</arguments>
<kw name="Log" library="BuiltIn">
<doc>Logs the given message with the given level.</doc>
<arguments>
<arg>Response code is : ${response.status_code}</arg>
</arguments>
<msg timestamp="20200820 19:33:44.073" level="INFO">Response code is : 200</msg>
<status status="PASS" starttime="20200820 19:33:44.072" endtime="20200820 19:33:44.073"></status>
</kw>
<kw name="Should Be Equal As Strings" library="BuiltIn">
<doc>Fails if objects are unequal after converting them to strings.</doc>
<arguments>
<arg>${response.status_code}</arg>
<arg>${resp_status}</arg>
</arguments>
<msg timestamp="20200820 19:33:44.074" level="INFO">Argument types are:
&lt;class 'int'&gt;
&lt;type 'unicode'&gt;</msg>
<status status="PASS" starttime="20200820 19:33:44.073" endtime="20200820 19:33:44.074"></status>
</kw>
<kw name="Log" library="BuiltIn">
<doc>Logs the given message with the given level.</doc>
<arguments>
<arg>Response body is : ${response.text}</arg>
</arguments>
<msg timestamp="20200820 19:33:44.075" level="INFO">Response body is : [{"name":"VITAMINS","dateCreated":1595791205601,"id":"26d57bcd-814c-496e-9d2a-b4142c155885"},{"name":"ANTIBIOTICS","dateCreated":1595307422178,"id":"37fb6cb6-4ef1-41ba-9fd2-ee184d2f90ca"},{"name":"CORONA","dateCreated":1597932325921,"id":"ae1e41c9-3eb4-4222-b7b2-dacef63d8cd5"},{"name":"CORONA","dateCreated":1597054069383,"id":"fdeb6afa-8f38-4374-87f2-372959ab722b"}]</msg>
<status status="PASS" starttime="20200820 19:33:44.074" endtime="20200820 19:33:44.075"></status>
</kw>
<status status="PASS" starttime="20200820 19:33:44.071" endtime="20200820 19:33:44.075"></status>
</kw>
<kw name="Verify the data present in response" library="common_keywords">
<arguments>
<arg>${response}</arg>
<arg>${input_data}.get("name")</arg>
<arg>name</arg>
</arguments>
<kw name="${item} IN [ @{response.json()} ]" type="for">
<kw name="${item} = {'name': 'VITAMINS', 'dateCreated': 1595791205601, 'id': '26d57bcd-814c-496e-9d2a-b4142c155885'}" type="foritem">
<kw name="Run Keyword And Return Status" library="BuiltIn">
<doc>Runs the given keyword with given arguments and returns the status as a Boolean value.</doc>
<arguments>
<arg>should be equal</arg>
<arg>${item[${key}]}</arg>
<arg>${resp_data}</arg>
</arguments>
<assign>
<var>${status}</var>
</assign>
<kw name="Should Be Equal" library="BuiltIn">
<doc>Fails if the given objects are unequal.</doc>
<arguments>
<arg>${item[${key}]}</arg>
<arg>${resp_data}</arg>
</arguments>
<msg timestamp="20200820 19:33:44.077" level="FAIL">Resolving variable '${item[name]}' failed: NameError: name 'name' is not defined</msg>
<status status="FAIL" starttime="20200820 19:33:44.076" endtime="20200820 19:33:44.077"></status>
</kw>
<msg timestamp="20200820 19:33:44.077" level="INFO">${status} = False</msg>
<status status="PASS" starttime="20200820 19:33:44.076" endtime="20200820 19:33:44.077"></status>
</kw>
<kw name="Exit For Loop If" library="BuiltIn">
<doc>Stops executing the enclosing for loop if the ``condition`` is true.</doc>
<arguments>
<arg>${status}</arg>
</arguments>
<status status="PASS" starttime="20200820 19:33:44.077" endtime="20200820 19:33:44.077"></status>
</kw>
<status status="PASS" starttime="20200820 19:33:44.076" endtime="20200820 19:33:44.077"></status>
</kw>
<kw name="${item} = {'name': 'ANTIBIOTICS', 'dateCreated': 1595307422178, 'id': '37fb6cb6-4ef1-41ba-9fd2-ee184d2f90ca'}" type="foritem">
<kw name="Run Keyword And Return Status" library="BuiltIn">
<doc>Runs the given keyword with given arguments and returns the status as a Boolean value.</doc>
<arguments>
<arg>should be equal</arg>
<arg>${item[${key}]}</arg>
<arg>${resp_data}</arg>
</arguments>
<assign>
<var>${status}</var>
</assign>
<kw name="Should Be Equal" library="BuiltIn">
<doc>Fails if the given objects are unequal.</doc>
<arguments>
<arg>${item[${key}]}</arg>
<arg>${resp_data}</arg>
</arguments>
<msg timestamp="20200820 19:33:44.078" level="FAIL">Resolving variable '${item[name]}' failed: NameError: name 'name' is not defined</msg>
<status status="FAIL" starttime="20200820 19:33:44.078" endtime="20200820 19:33:44.078"></status>
</kw>
<msg timestamp="20200820 19:33:44.079" level="INFO">${status} = False</msg>
<status status="PASS" starttime="20200820 19:33:44.078" endtime="20200820 19:33:44.079"></status>
</kw>
<kw name="Exit For Loop If" library="BuiltIn">
<doc>Stops executing the enclosing for loop if the ``condition`` is true.</doc>
<arguments>
<arg>${status}</arg>
</arguments>
<status status="PASS" starttime="20200820 19:33:44.079" endtime="20200820 19:33:44.079"></status>
</kw>
<status status="PASS" starttime="20200820 19:33:44.078" endtime="20200820 19:33:44.079"></status>
</kw>
<kw name="${item} = {'name': 'CORONA', 'dateCreated': 1597932325921, 'id': 'ae1e41c9-3eb4-4222-b7b2-dacef63d8cd5'}" type="foritem">
<kw name="Run Keyword And Return Status" library="BuiltIn">
<doc>Runs the given keyword with given arguments and returns the status as a Boolean value.</doc>
<arguments>
<arg>should be equal</arg>
<arg>${item[${key}]}</arg>
<arg>${resp_data}</arg>
</arguments>
<assign>
<var>${status}</var>
</assign>
<kw name="Should Be Equal" library="BuiltIn">
<doc>Fails if the given objects are unequal.</doc>
<arguments>
<arg>${item[${key}]}</arg>
<arg>${resp_data}</arg>
</arguments>
<msg timestamp="20200820 19:33:44.080" level="FAIL">Resolving variable '${item[name]}' failed: NameError: name 'name' is not defined</msg>
<status status="FAIL" starttime="20200820 19:33:44.080" endtime="20200820 19:33:44.080"></status>
</kw>
<msg timestamp="20200820 19:33:44.080" level="INFO">${status} = False</msg>
<status status="PASS" starttime="20200820 19:33:44.079" endtime="20200820 19:33:44.080"></status>
</kw>
<kw name="Exit For Loop If" library="BuiltIn">
<doc>Stops executing the enclosing for loop if the ``condition`` is true.</doc>
<arguments>
<arg>${status}</arg>
</arguments>
<status status="PASS" starttime="20200820 19:33:44.080" endtime="20200820 19:33:44.080"></status>
</kw>
<status status="PASS" starttime="20200820 19:33:44.079" endtime="20200820 19:33:44.080"></status>
</kw>
<kw name="${item} = {'name': 'CORONA', 'dateCreated': 1597054069383, 'id': 'fdeb6afa-8f38-4374-87f2-372959ab722b'}" type="foritem">
<kw name="Run Keyword And Return Status" library="BuiltIn">
<doc>Runs the given keyword with given arguments and returns the status as a Boolean value.</doc>
<arguments>
<arg>should be equal</arg>
<arg>${item[${key}]}</arg>
<arg>${resp_data}</arg>
</arguments>
<assign>
<var>${status}</var>
</assign>
<kw name="Should Be Equal" library="BuiltIn">
<doc>Fails if the given objects are unequal.</doc>
<arguments>
<arg>${item[${key}]}</arg>
<arg>${resp_data}</arg>
</arguments>
<msg timestamp="20200820 19:33:44.081" level="FAIL">Resolving variable '${item[name]}' failed: NameError: name 'name' is not defined</msg>
<status status="FAIL" starttime="20200820 19:33:44.081" endtime="20200820 19:33:44.081"></status>
</kw>
<msg timestamp="20200820 19:33:44.081" level="INFO">${status} = False</msg>
<status status="PASS" starttime="20200820 19:33:44.081" endtime="20200820 19:33:44.081"></status>
</kw>
<kw name="Exit For Loop If" library="BuiltIn">
<doc>Stops executing the enclosing for loop if the ``condition`` is true.</doc>
<arguments>
<arg>${status}</arg>
</arguments>
<status status="PASS" starttime="20200820 19:33:44.081" endtime="20200820 19:33:44.082"></status>
</kw>
<status status="PASS" starttime="20200820 19:33:44.080" endtime="20200820 19:33:44.082"></status>
</kw>
<status status="PASS" starttime="20200820 19:33:44.076" endtime="20200820 19:33:44.082"></status>
</kw>
<status status="PASS" starttime="20200820 19:33:44.075" endtime="20200820 19:33:44.082"></status>
</kw>
<tags>
<tag>PatientProfile</tag>
<tag>sanity</tag>
</tags>
<status status="PASS" starttime="20200820 19:33:42.777" endtime="20200820 19:33:44.082" critical="yes"></status>
</test>
<test id="s1-s1-t6" name="TC_006 : [DELETE] Delete the newly created medication.">
<kw name="Create Session" library="RequestsLibrary">
<doc>Create Session: create a HTTP session to a server</doc>
<arguments>
<arg>DelNewMedication</arg>
<arg>${Base_URL}</arg>
</arguments>
<msg timestamp="20200820 19:33:44.083" level="INFO">Creating Session using : alias=DelNewMedication, url=https://api-qa.medvantxos.com/api/v1.0, headers={},                     cookies={}, auth=None, timeout=None, proxies=None, verify=False,                     debug=0 </msg>
<status status="PASS" starttime="20200820 19:33:44.083" endtime="20200820 19:33:44.084"></status>
</kw>
<kw name="Get Data from file">
<arguments>
<arg>medication.json</arg>
</arguments>
<assign>
<var>${input_data}</var>
</assign>
<kw name="Get File" library="OperatingSystem">
<doc>Returns the contents of a specified file.</doc>
<arguments>
<arg>${json_path}${filename}</arg>
</arguments>
<assign>
<var>${file_data}</var>
</assign>
<msg timestamp="20200820 19:33:44.084" level="INFO" html="yes">Getting file '&lt;a href="file:///Users/amit/PycharmProjects/Medic/test_data/medication.json"&gt;/Users/amit/PycharmProjects/Medic/test_data/medication.json&lt;/a&gt;'.</msg>
<msg timestamp="20200820 19:33:44.085" level="INFO">${file_data} = {
    "name":"CORONA"
}</msg>
<status status="PASS" starttime="20200820 19:33:44.084" endtime="20200820 19:33:44.085"></status>
</kw>
<kw name="Evaluate" library="BuiltIn">
<doc>Evaluates the given expression in Python and returns the result.</doc>
<arguments>
<arg>json.loads('''${file_data}''')</arg>
<arg>json</arg>
</arguments>
<assign>
<var>${file_object}</var>
</assign>
<msg timestamp="20200820 19:33:44.085" level="INFO">${file_object} = {'name': 'CORONA'}</msg>
<status status="PASS" starttime="20200820 19:33:44.085" endtime="20200820 19:33:44.085"></status>
</kw>
<kw name="Return From Keyword" library="BuiltIn">
<doc>Returns from the enclosing user keyword.</doc>
<arguments>
<arg>${file_object}</arg>
</arguments>
<msg timestamp="20200820 19:33:44.086" level="INFO">Returning from the enclosing user keyword.</msg>
<status status="PASS" starttime="20200820 19:33:44.085" endtime="20200820 19:33:44.086"></status>
</kw>
<msg timestamp="20200820 19:33:44.086" level="INFO">${input_data} = {'name': 'CORONA'}</msg>
<status status="PASS" starttime="20200820 19:33:44.084" endtime="20200820 19:33:44.086"></status>
</kw>
<kw name="Get Medication ID By Name" library="common_keywords">
<arguments>
<arg>${input_data["name"]}</arg>
</arguments>
<assign>
<var>${med_id}</var>
</assign>
<kw name="Create Session" library="RequestsLibrary">
<doc>Create Session: create a HTTP session to a server</doc>
<arguments>
<arg>GetMedication</arg>
<arg>${Base_URL}</arg>
</arguments>
<msg timestamp="20200820 19:33:44.087" level="INFO">Creating Session using : alias=GetMedication, url=https://api-qa.medvantxos.com/api/v1.0, headers={},                     cookies={}, auth=None, timeout=None, proxies=None, verify=False,                     debug=0 </msg>
<status status="PASS" starttime="20200820 19:33:44.087" endtime="20200820 19:33:44.087"></status>
</kw>
<kw name="Compose URL" library="common_keywords">
<arguments>
<arg>/patient</arg>
<arg>${patient_uuid}</arg>
<arg>medications</arg>
</arguments>
<assign>
<var>${uri}</var>
</assign>
<kw name="Catenate" library="BuiltIn">
<doc>Catenates the given items together and returns the resulted string.</doc>
<arguments>
<arg>SEPARATOR=/</arg>
<arg>@{args}</arg>
</arguments>
<assign>
<var>${uri}</var>
</assign>
<msg timestamp="20200820 19:33:44.088" level="INFO">${uri} = /patient/7a9e44b0-ed4e-4c10-b19a-3e0d31d1c2bf/medications</msg>
<status status="PASS" starttime="20200820 19:33:44.088" endtime="20200820 19:33:44.088"></status>
</kw>
<kw name="Return From Keyword" library="BuiltIn">
<doc>Returns from the enclosing user keyword.</doc>
<arguments>
<arg>${uri}</arg>
</arguments>
<msg timestamp="20200820 19:33:44.088" level="INFO">Returning from the enclosing user keyword.</msg>
<status status="PASS" starttime="20200820 19:33:44.088" endtime="20200820 19:33:44.088"></status>
</kw>
<msg timestamp="20200820 19:33:44.088" level="INFO">${uri} = /patient/7a9e44b0-ed4e-4c10-b19a-3e0d31d1c2bf/medications</msg>
<status status="PASS" starttime="20200820 19:33:44.087" endtime="20200820 19:33:44.088"></status>
</kw>
<kw name="Get Request" library="RequestsLibrary">
<doc>Send a GET request on the session object found using the
given `alias`</doc>
<arguments>
<arg>GetMedication</arg>
<arg>${uri}</arg>
<arg>headers=${HEADER}</arg>
</arguments>
<assign>
<var>${response}</var>
</assign>
<msg timestamp="20200820 19:33:45.316" level="INFO">GET Request : url=https://api-qa.medvantxos.com/api/v1.0/patient/7a9e44b0-ed4e-4c10-b19a-3e0d31d1c2bf/medications 
 path_url=/api/v1.0/patient/7a9e44b0-ed4e-4c10-b19a-3e0d31d1c2bf/medications 
 headers={'User-Agent': 'python-requests/2.24.0', 'Accept-Encoding': 'gzip, deflate', 'Accept': '*/*', 'Connection': 'keep-alive', 'Authorization': 'Bearer eyJhbGciOiJSUzI1NiIsInR5cCIgOiAiSldUIiwia2lkIiA6ICJIdVNpeENjdjljb2E3R3ZIMXhMTG1IVk9lUERma1FRLWx5cHNBcnVpNWJvIn0.eyJqdGkiOiI3NGQ2ZDhkNC00MGNjLTQ1NjctOGY0ZS0xOTE1YmEwYzc3ODAiLCJleHAiOjE1OTc5MzU5MTgsIm5iZiI6MCwiaWF0IjoxNTk3OTMyMzE4LCJpc3MiOiJodHRwOi8vbG9jYWxob3N0OjgwODAvYXV0aC9yZWFsbXMvbWVkdmFudHgiLCJzdWIiOiI3YTllNDRiMC1lZDRlLTRjMTAtYjE5YS0zZTBkMzFkMWMyYmYiLCJ0eXAiOiJCZWFyZXIiLCJhenAiOiJhZG1pbi1jbGkiLCJhdXRoX3RpbWUiOjAsInNlc3Npb25fc3RhdGUiOiJkNWRiYTdiYS0xZDdkLTQxNmUtYjllMi1mOTZiZmY2ZjM2YzYiLCJhY3IiOiIxIiwic2NvcGUiOiJwcm9maWxlIGVtYWlsIiwiZW1haWxfdmVyaWZpZWQiOmZhbHNlLCJuYW1lIjoiRXJTb25hbCBFclJhamJob2oiLCJwcmVmZXJyZWRfdXNlcm5hbWUiOiJlcnNvbmFsQG1lZHZhbnR4LmNvbSIsImdpdmVuX25hbWUiOiJFclNvbmFsIiwiZmFtaWx5X25hbWUiOiJFclJhamJob2oiLCJlbWFpbCI6ImVyc29uYWxAbWVkdmFudHguY29tIn0.Bm8bqPinxQexZrqIFn5BEO4LzacFDNBlFM2OnserNmkVIwC4zjannKdnIZHOZTt0KVwCCVzN4sPBtMbamlAJ0LEvqtbL11PUVMp44wxNAUUqVoVWYlIPiHJgU5eQglinJ4JzaCwzfgZlCiO9jtjGWUChUbvnld8pHYQvuMPVcabRNvHg56zr0ytHcZlS-THHM3zKQ_u2x-pIv8XNTzrDf-PPg3uOAtSnDwjIlqmi7DnjCBFNdd5eavjuwAYuYSprgL6EWon7w5vNGYH392u4-RQGgYpSCt0zx8nwGmf5_AXOjNlXpC6CDupcoG1TdN8YJ4esC5OCt03l2LVa44qjSw', 'Content-Type': 'application/json'} 
 body=None 
 </msg>
<msg timestamp="20200820 19:33:45.317" level="INFO">GET Response : url=https://api-qa.medvantxos.com/api/v1.0/patient/7a9e44b0-ed4e-4c10-b19a-3e0d31d1c2bf/medications 
 status=200, reason= 
 body=[{"name":"VITAMINS","dateCreated":1595791205601,"id":"26d57bcd-814c-496e-9d2a-b4142c155885"},{"name":"ANTIBIOTICS","dateCreated":1595307422178,"id":"37fb6cb6-4ef1-41ba-9fd2-ee184d2f90ca"},{"name":"CORONA","dateCreated":1597932325921,"id":"ae1e41c9-3eb4-4222-b7b2-dacef63d8cd5"},{"name":"CORONA","dateCreated":1597054069383,"id":"fdeb6afa-8f38-4374-87f2-372959ab722b"}] 
 </msg>
<msg timestamp="20200820 19:33:45.317" level="INFO">/Users/amit/PycharmProjects/Medic/venv/lib/python3.7/site-packages/urllib3/connectionpool.py:988: InsecureRequestWarning: Unverified HTTPS request is being made to host 'api-qa.medvantxos.com'. Adding certificate verification is strongly advised. See: https://urllib3.readthedocs.io/en/latest/advanced-usage.html#ssl-warnings
  InsecureRequestWarning,</msg>
<msg timestamp="20200820 19:33:45.317" level="INFO">${response} = &lt;Response [200]&gt;</msg>
<status status="PASS" starttime="20200820 19:33:44.089" endtime="20200820 19:33:45.317"></status>
</kw>
<kw name="Verify the Response" library="common_keywords">
<arguments>
<arg>${response}</arg>
<arg>200</arg>
</arguments>
<kw name="Log" library="BuiltIn">
<doc>Logs the given message with the given level.</doc>
<arguments>
<arg>Response code is : ${response.status_code}</arg>
</arguments>
<msg timestamp="20200820 19:33:45.319" level="INFO">Response code is : 200</msg>
<status status="PASS" starttime="20200820 19:33:45.318" endtime="20200820 19:33:45.319"></status>
</kw>
<kw name="Should Be Equal As Strings" library="BuiltIn">
<doc>Fails if objects are unequal after converting them to strings.</doc>
<arguments>
<arg>${response.status_code}</arg>
<arg>${resp_status}</arg>
</arguments>
<msg timestamp="20200820 19:33:45.319" level="INFO">Argument types are:
&lt;class 'int'&gt;
&lt;type 'unicode'&gt;</msg>
<status status="PASS" starttime="20200820 19:33:45.319" endtime="20200820 19:33:45.319"></status>
</kw>
<kw name="Log" library="BuiltIn">
<doc>Logs the given message with the given level.</doc>
<arguments>
<arg>Response body is : ${response.text}</arg>
</arguments>
<msg timestamp="20200820 19:33:45.320" level="INFO">Response body is : [{"name":"VITAMINS","dateCreated":1595791205601,"id":"26d57bcd-814c-496e-9d2a-b4142c155885"},{"name":"ANTIBIOTICS","dateCreated":1595307422178,"id":"37fb6cb6-4ef1-41ba-9fd2-ee184d2f90ca"},{"name":"CORONA","dateCreated":1597932325921,"id":"ae1e41c9-3eb4-4222-b7b2-dacef63d8cd5"},{"name":"CORONA","dateCreated":1597054069383,"id":"fdeb6afa-8f38-4374-87f2-372959ab722b"}]</msg>
<status status="PASS" starttime="20200820 19:33:45.320" endtime="20200820 19:33:45.320"></status>
</kw>
<status status="PASS" starttime="20200820 19:33:45.317" endtime="20200820 19:33:45.320"></status>
</kw>
<kw name="${item} IN [ @{response.json()} ]" type="for">
<kw name="${item} = {'name': 'VITAMINS', 'dateCreated': 1595791205601, 'id': '26d57bcd-814c-496e-9d2a-b4142c155885'}" type="foritem">
<kw name="Run Keyword If" library="BuiltIn">
<doc>Runs the given keyword with the given arguments, if ``condition`` is true.</doc>
<arguments>
<arg>'${item['name']}'=='${medication_name}'</arg>
<arg>Exit For Loop</arg>
</arguments>
<status status="PASS" starttime="20200820 19:33:45.321" endtime="20200820 19:33:45.321"></status>
</kw>
<status status="PASS" starttime="20200820 19:33:45.321" endtime="20200820 19:33:45.321"></status>
</kw>
<kw name="${item} = {'name': 'ANTIBIOTICS', 'dateCreated': 1595307422178, 'id': '37fb6cb6-4ef1-41ba-9fd2-ee184d2f90ca'}" type="foritem">
<kw name="Run Keyword If" library="BuiltIn">
<doc>Runs the given keyword with the given arguments, if ``condition`` is true.</doc>
<arguments>
<arg>'${item['name']}'=='${medication_name}'</arg>
<arg>Exit For Loop</arg>
</arguments>
<status status="PASS" starttime="20200820 19:33:45.321" endtime="20200820 19:33:45.322"></status>
</kw>
<status status="PASS" starttime="20200820 19:33:45.321" endtime="20200820 19:33:45.322"></status>
</kw>
<kw name="${item} = {'name': 'CORONA', 'dateCreated': 1597932325921, 'id': 'ae1e41c9-3eb4-4222-b7b2-dacef63d8cd5'}" type="foritem">
<kw name="Run Keyword If" library="BuiltIn">
<doc>Runs the given keyword with the given arguments, if ``condition`` is true.</doc>
<arguments>
<arg>'${item['name']}'=='${medication_name}'</arg>
<arg>Exit For Loop</arg>
</arguments>
<kw name="Exit For Loop" library="BuiltIn">
<doc>Stops executing the enclosing for loop.</doc>
<msg timestamp="20200820 19:33:45.323" level="INFO">Exiting for loop altogether.</msg>
<status status="PASS" starttime="20200820 19:33:45.323" endtime="20200820 19:33:45.323"></status>
</kw>
<status status="PASS" starttime="20200820 19:33:45.322" endtime="20200820 19:33:45.323"></status>
</kw>
<status status="PASS" starttime="20200820 19:33:45.322" endtime="20200820 19:33:45.323"></status>
</kw>
<status status="PASS" starttime="20200820 19:33:45.320" endtime="20200820 19:33:45.323"></status>
</kw>
<kw name="Evaluate" library="BuiltIn">
<doc>Evaluates the given expression in Python and returns the result.</doc>
<arguments>
<arg>${item}.get("id")</arg>
</arguments>
<assign>
<var>${med_id}</var>
</assign>
<msg timestamp="20200820 19:33:45.324" level="INFO">${med_id} = ae1e41c9-3eb4-4222-b7b2-dacef63d8cd5</msg>
<status status="PASS" starttime="20200820 19:33:45.323" endtime="20200820 19:33:45.324"></status>
</kw>
<kw name="Return From Keyword" library="BuiltIn">
<doc>Returns from the enclosing user keyword.</doc>
<arguments>
<arg>${med_id}</arg>
</arguments>
<msg timestamp="20200820 19:33:45.324" level="INFO">Returning from the enclosing user keyword.</msg>
<status status="PASS" starttime="20200820 19:33:45.324" endtime="20200820 19:33:45.324"></status>
</kw>
<msg timestamp="20200820 19:33:45.324" level="INFO">${med_id} = ae1e41c9-3eb4-4222-b7b2-dacef63d8cd5</msg>
<status status="PASS" starttime="20200820 19:33:44.086" endtime="20200820 19:33:45.325"></status>
</kw>
<kw name="Compose URL" library="common_keywords">
<arguments>
<arg>/patient</arg>
<arg>${patient_uuid}</arg>
<arg>medication</arg>
<arg>${med_id}</arg>
</arguments>
<assign>
<var>${uri}</var>
</assign>
<kw name="Catenate" library="BuiltIn">
<doc>Catenates the given items together and returns the resulted string.</doc>
<arguments>
<arg>SEPARATOR=/</arg>
<arg>@{args}</arg>
</arguments>
<assign>
<var>${uri}</var>
</assign>
<msg timestamp="20200820 19:33:45.329" level="INFO">${uri} = /patient/7a9e44b0-ed4e-4c10-b19a-3e0d31d1c2bf/medication/ae1e41c9-3eb4-4222-b7b2-dacef63d8cd5</msg>
<status status="PASS" starttime="20200820 19:33:45.328" endtime="20200820 19:33:45.329"></status>
</kw>
<kw name="Return From Keyword" library="BuiltIn">
<doc>Returns from the enclosing user keyword.</doc>
<arguments>
<arg>${uri}</arg>
</arguments>
<msg timestamp="20200820 19:33:45.329" level="INFO">Returning from the enclosing user keyword.</msg>
<status status="PASS" starttime="20200820 19:33:45.329" endtime="20200820 19:33:45.329"></status>
</kw>
<msg timestamp="20200820 19:33:45.329" level="INFO">${uri} = /patient/7a9e44b0-ed4e-4c10-b19a-3e0d31d1c2bf/medication/ae1e41c9-3eb4-4222-b7b2-dacef63d8cd5</msg>
<status status="PASS" starttime="20200820 19:33:45.326" endtime="20200820 19:33:45.329"></status>
</kw>
<kw name="Delete Request" library="RequestsLibrary">
<doc>Send a DELETE request on the session object found using the
given `alias`</doc>
<arguments>
<arg>DelNewMedication</arg>
<arg>${uri}</arg>
<arg>headers=${HEADER}</arg>
</arguments>
<assign>
<var>${response}</var>
</assign>
<msg timestamp="20200820 19:33:46.550" level="INFO">DELETE Request : url=https://api-qa.medvantxos.com/api/v1.0/patient/7a9e44b0-ed4e-4c10-b19a-3e0d31d1c2bf/medication/ae1e41c9-3eb4-4222-b7b2-dacef63d8cd5 
 path_url=/api/v1.0/patient/7a9e44b0-ed4e-4c10-b19a-3e0d31d1c2bf/medication/ae1e41c9-3eb4-4222-b7b2-dacef63d8cd5 
 headers={'User-Agent': 'python-requests/2.24.0', 'Accept-Encoding': 'gzip, deflate', 'Accept': '*/*', 'Connection': 'keep-alive', 'Authorization': 'Bearer eyJhbGciOiJSUzI1NiIsInR5cCIgOiAiSldUIiwia2lkIiA6ICJIdVNpeENjdjljb2E3R3ZIMXhMTG1IVk9lUERma1FRLWx5cHNBcnVpNWJvIn0.eyJqdGkiOiI3NGQ2ZDhkNC00MGNjLTQ1NjctOGY0ZS0xOTE1YmEwYzc3ODAiLCJleHAiOjE1OTc5MzU5MTgsIm5iZiI6MCwiaWF0IjoxNTk3OTMyMzE4LCJpc3MiOiJodHRwOi8vbG9jYWxob3N0OjgwODAvYXV0aC9yZWFsbXMvbWVkdmFudHgiLCJzdWIiOiI3YTllNDRiMC1lZDRlLTRjMTAtYjE5YS0zZTBkMzFkMWMyYmYiLCJ0eXAiOiJCZWFyZXIiLCJhenAiOiJhZG1pbi1jbGkiLCJhdXRoX3RpbWUiOjAsInNlc3Npb25fc3RhdGUiOiJkNWRiYTdiYS0xZDdkLTQxNmUtYjllMi1mOTZiZmY2ZjM2YzYiLCJhY3IiOiIxIiwic2NvcGUiOiJwcm9maWxlIGVtYWlsIiwiZW1haWxfdmVyaWZpZWQiOmZhbHNlLCJuYW1lIjoiRXJTb25hbCBFclJhamJob2oiLCJwcmVmZXJyZWRfdXNlcm5hbWUiOiJlcnNvbmFsQG1lZHZhbnR4LmNvbSIsImdpdmVuX25hbWUiOiJFclNvbmFsIiwiZmFtaWx5X25hbWUiOiJFclJhamJob2oiLCJlbWFpbCI6ImVyc29uYWxAbWVkdmFudHguY29tIn0.Bm8bqPinxQexZrqIFn5BEO4LzacFDNBlFM2OnserNmkVIwC4zjannKdnIZHOZTt0KVwCCVzN4sPBtMbamlAJ0LEvqtbL11PUVMp44wxNAUUqVoVWYlIPiHJgU5eQglinJ4JzaCwzfgZlCiO9jtjGWUChUbvnld8pHYQvuMPVcabRNvHg56zr0ytHcZlS-THHM3zKQ_u2x-pIv8XNTzrDf-PPg3uOAtSnDwjIlqmi7DnjCBFNdd5eavjuwAYuYSprgL6EWon7w5vNGYH392u4-RQGgYpSCt0zx8nwGmf5_AXOjNlXpC6CDupcoG1TdN8YJ4esC5OCt03l2LVa44qjSw', 'Content-Type': 'application/json', 'Content-Length': '0'} 
 body=None 
 </msg>
<msg timestamp="20200820 19:33:46.551" level="INFO">DELETE Response : url=https://api-qa.medvantxos.com/api/v1.0/patient/7a9e44b0-ed4e-4c10-b19a-3e0d31d1c2bf/medication/ae1e41c9-3eb4-4222-b7b2-dacef63d8cd5 
 status=204, reason= 
 body=None 
 </msg>
<msg timestamp="20200820 19:33:46.551" level="INFO">/Users/amit/PycharmProjects/Medic/venv/lib/python3.7/site-packages/urllib3/connectionpool.py:988: InsecureRequestWarning: Unverified HTTPS request is being made to host 'api-qa.medvantxos.com'. Adding certificate verification is strongly advised. See: https://urllib3.readthedocs.io/en/latest/advanced-usage.html#ssl-warnings
  InsecureRequestWarning,</msg>
<msg timestamp="20200820 19:33:46.551" level="INFO">${response} = &lt;Response [204]&gt;</msg>
<status status="PASS" starttime="20200820 19:33:45.329" endtime="20200820 19:33:46.551"></status>
</kw>
<kw name="Verify the Response" library="common_keywords">
<arguments>
<arg>${response}</arg>
<arg>204</arg>
</arguments>
<kw name="Log" library="BuiltIn">
<doc>Logs the given message with the given level.</doc>
<arguments>
<arg>Response code is : ${response.status_code}</arg>
</arguments>
<msg timestamp="20200820 19:33:46.553" level="INFO">Response code is : 204</msg>
<status status="PASS" starttime="20200820 19:33:46.552" endtime="20200820 19:33:46.553"></status>
</kw>
<kw name="Should Be Equal As Strings" library="BuiltIn">
<doc>Fails if objects are unequal after converting them to strings.</doc>
<arguments>
<arg>${response.status_code}</arg>
<arg>${resp_status}</arg>
</arguments>
<msg timestamp="20200820 19:33:46.554" level="INFO">Argument types are:
&lt;class 'int'&gt;
&lt;type 'unicode'&gt;</msg>
<status status="PASS" starttime="20200820 19:33:46.553" endtime="20200820 19:33:46.554"></status>
</kw>
<kw name="Log" library="BuiltIn">
<doc>Logs the given message with the given level.</doc>
<arguments>
<arg>Response body is : ${response.text}</arg>
</arguments>
<msg timestamp="20200820 19:33:46.555" level="INFO">Response body is : </msg>
<status status="PASS" starttime="20200820 19:33:46.554" endtime="20200820 19:33:46.555"></status>
</kw>
<status status="PASS" starttime="20200820 19:33:46.551" endtime="20200820 19:33:46.555"></status>
</kw>
<tags>
<tag>PatientProfile</tag>
<tag>sanity</tag>
</tags>
<status status="PASS" starttime="20200820 19:33:44.082" endtime="20200820 19:33:46.555" critical="yes"></status>
</test>
<test id="s1-s1-t7" name="TC_007 : [GET] Get Communication Preference for Patient">
<kw name="Create Session" library="RequestsLibrary">
<doc>Create Session: create a HTTP session to a server</doc>
<arguments>
<arg>GetCommunication</arg>
<arg>${Base_URL}</arg>
</arguments>
<msg timestamp="20200820 19:33:46.556" level="INFO">Creating Session using : alias=GetCommunication, url=https://api-qa.medvantxos.com/api/v1.0, headers={},                     cookies={}, auth=None, timeout=None, proxies=None, verify=False,                     debug=0 </msg>
<status status="PASS" starttime="20200820 19:33:46.556" endtime="20200820 19:33:46.557"></status>
</kw>
<kw name="Get Data from file">
<arguments>
<arg>communication_details.json</arg>
</arguments>
<assign>
<var>${input_data}</var>
</assign>
<kw name="Get File" library="OperatingSystem">
<doc>Returns the contents of a specified file.</doc>
<arguments>
<arg>${json_path}${filename}</arg>
</arguments>
<assign>
<var>${file_data}</var>
</assign>
<msg timestamp="20200820 19:33:46.558" level="INFO" html="yes">Getting file '&lt;a href="file:///Users/amit/PycharmProjects/Medic/test_data/communication_details.json"&gt;/Users/amit/PycharmProjects/Medic/test_data/communication_details.json&lt;/a&gt;'.</msg>
<msg timestamp="20200820 19:33:46.559" level="INFO">${file_data} = {
        "emailOrderStatusUpdates": true,
        "emailPrescriptionAvailable": true,
        "emailPrescriptionRenewals": true
}</msg>
<status status="PASS" starttime="20200820 19:33:46.558" endtime="20200820 19:33:46.559"></status>
</kw>
<kw name="Evaluate" library="BuiltIn">
<doc>Evaluates the given expression in Python and returns the result.</doc>
<arguments>
<arg>json.loads('''${file_data}''')</arg>
<arg>json</arg>
</arguments>
<assign>
<var>${file_object}</var>
</assign>
<msg timestamp="20200820 19:33:46.560" level="INFO">${file_object} = {'emailOrderStatusUpdates': True, 'emailPrescriptionAvailable': True, 'emailPrescriptionRenewals': True}</msg>
<status status="PASS" starttime="20200820 19:33:46.559" endtime="20200820 19:33:46.560"></status>
</kw>
<kw name="Return From Keyword" library="BuiltIn">
<doc>Returns from the enclosing user keyword.</doc>
<arguments>
<arg>${file_object}</arg>
</arguments>
<msg timestamp="20200820 19:33:46.560" level="INFO">Returning from the enclosing user keyword.</msg>
<status status="PASS" starttime="20200820 19:33:46.560" endtime="20200820 19:33:46.560"></status>
</kw>
<msg timestamp="20200820 19:33:46.560" level="INFO">${input_data} = {'emailOrderStatusUpdates': True, 'emailPrescriptionAvailable': True, 'emailPrescriptionRenewals': True}</msg>
<status status="PASS" starttime="20200820 19:33:46.557" endtime="20200820 19:33:46.560"></status>
</kw>
<kw name="Compose URL" library="common_keywords">
<arguments>
<arg>/patient</arg>
<arg>${patient_uuid}</arg>
<arg>communicationpreference</arg>
</arguments>
<assign>
<var>${uri}</var>
</assign>
<kw name="Catenate" library="BuiltIn">
<doc>Catenates the given items together and returns the resulted string.</doc>
<arguments>
<arg>SEPARATOR=/</arg>
<arg>@{args}</arg>
</arguments>
<assign>
[...]
<arguments>
<arg>${item[${key}]}</arg>
<arg>${resp_data}</arg>
</arguments>
<msg timestamp="20200820 19:35:15.946" level="FAIL">Resolving variable '${item[name]}' failed: NameError: name 'name' is not defined</msg>
<status status="FAIL" starttime="20200820 19:35:15.946" endtime="20200820 19:35:15.946"></status>
</kw>
<msg timestamp="20200820 19:35:15.947" level="INFO">${status} = False</msg>
<status status="PASS" starttime="20200820 19:35:15.945" endtime="20200820 19:35:15.947"></status>
</kw>
<kw name="Exit For Loop If" library="BuiltIn">
<doc>Stops executing the enclosing for loop if the ``condition`` is true.</doc>
<arguments>
<arg>${status}</arg>
</arguments>
<status status="PASS" starttime="20200820 19:35:15.947" endtime="20200820 19:35:15.947"></status>
</kw>
<status status="PASS" starttime="20200820 19:35:15.945" endtime="20200820 19:35:15.947"></status>
</kw>
<kw name="${item} = {'name': 'HYPERTENSION', 'desc': 'HYPERTENSION', 'dateCreated': 1592842565025, 'id': '869c4cf8-a3a5-4fbf-800d-c62ae8941a94'}" type="foritem">
<kw name="Run Keyword And Return Status" library="BuiltIn">
<doc>Runs the given keyword with given arguments and returns the status as a Boolean value.</doc>
<arguments>
<arg>should be equal</arg>
<arg>${item[${key}]}</arg>
<arg>${resp_data}</arg>
</arguments>
<assign>
<var>${status}</var>
</assign>
<kw name="Should Be Equal" library="BuiltIn">
<doc>Fails if the given objects are unequal.</doc>
<arguments>
<arg>${item[${key}]}</arg>
<arg>${resp_data}</arg>
</arguments>
<msg timestamp="20200820 19:35:15.948" level="FAIL">Resolving variable '${item[name]}' failed: NameError: name 'name' is not defined</msg>
<status status="FAIL" starttime="20200820 19:35:15.947" endtime="20200820 19:35:15.948"></status>
</kw>
<msg timestamp="20200820 19:35:15.948" level="INFO">${status} = False</msg>
<status status="PASS" starttime="20200820 19:35:15.947" endtime="20200820 19:35:15.948"></status>
</kw>
<kw name="Exit For Loop If" library="BuiltIn">
<doc>Stops executing the enclosing for loop if the ``condition`` is true.</doc>
<arguments>
<arg>${status}</arg>
</arguments>
<status status="PASS" starttime="20200820 19:35:15.948" endtime="20200820 19:35:15.948"></status>
</kw>
<status status="PASS" starttime="20200820 19:35:15.947" endtime="20200820 19:35:15.948"></status>
</kw>
<kw name="${item} = {'name': 'ULCER', 'desc': 'ULCER', 'dateCreated': 1592842550521, 'id': '05804f25-b36d-4f8d-a465-f1f5a9db6c83'}" type="foritem">
<kw name="Run Keyword And Return Status" library="BuiltIn">
<doc>Runs the given keyword with given arguments and returns the status as a Boolean value.</doc>
<arguments>
<arg>should be equal</arg>
<arg>${item[${key}]}</arg>
<arg>${resp_data}</arg>
</arguments>
<assign>
<var>${status}</var>
</assign>
<kw name="Should Be Equal" library="BuiltIn">
<doc>Fails if the given objects are unequal.</doc>
<arguments>
<arg>${item[${key}]}</arg>
<arg>${resp_data}</arg>
</arguments>
<msg timestamp="20200820 19:35:15.949" level="FAIL">Resolving variable '${item[name]}' failed: NameError: name 'name' is not defined</msg>
<status status="FAIL" starttime="20200820 19:35:15.949" endtime="20200820 19:35:15.949"></status>
</kw>
<msg timestamp="20200820 19:35:15.949" level="INFO">${status} = False</msg>
<status status="PASS" starttime="20200820 19:35:15.948" endtime="20200820 19:35:15.949"></status>
</kw>
<kw name="Exit For Loop If" library="BuiltIn">
<doc>Stops executing the enclosing for loop if the ``condition`` is true.</doc>
<arguments>
<arg>${status}</arg>
</arguments>
<status status="PASS" starttime="20200820 19:35:15.949" endtime="20200820 19:35:15.950"></status>
</kw>
<status status="PASS" starttime="20200820 19:35:15.948" endtime="20200820 19:35:15.950"></status>
</kw>
<kw name="${item} = {'name': 'ACID REFLUX', 'desc': 'ACID REFLUX', 'dateCreated': 1592921835578, 'id': '6f3d36b8-e822-43f1-811a-420df64c7d4c'}" type="foritem">
<kw name="Run Keyword And Return Status" library="BuiltIn">
<doc>Runs the given keyword with given arguments and returns the status as a Boolean value.</doc>
<arguments>
<arg>should be equal</arg>
<arg>${item[${key}]}</arg>
<arg>${resp_data}</arg>
</arguments>
<assign>
<var>${status}</var>
</assign>
<kw name="Should Be Equal" library="BuiltIn">
<doc>Fails if the given objects are unequal.</doc>
<arguments>
<arg>${item[${key}]}</arg>
<arg>${resp_data}</arg>
</arguments>
<msg timestamp="20200820 19:35:15.950" level="FAIL">Resolving variable '${item[name]}' failed: NameError: name 'name' is not defined</msg>
<status status="FAIL" starttime="20200820 19:35:15.950" endtime="20200820 19:35:15.950"></status>
</kw>
<msg timestamp="20200820 19:35:15.950" level="INFO">${status} = False</msg>
<status status="PASS" starttime="20200820 19:35:15.950" endtime="20200820 19:35:15.950"></status>
</kw>
<kw name="Exit For Loop If" library="BuiltIn">
<doc>Stops executing the enclosing for loop if the ``condition`` is true.</doc>
<arguments>
<arg>${status}</arg>
</arguments>
<status status="PASS" starttime="20200820 19:35:15.951" endtime="20200820 19:35:15.951"></status>
</kw>
<status status="PASS" starttime="20200820 19:35:15.950" endtime="20200820 19:35:15.951"></status>
</kw>
<status status="PASS" starttime="20200820 19:35:15.933" endtime="20200820 19:35:15.951"></status>
</kw>
<status status="PASS" starttime="20200820 19:35:15.933" endtime="20200820 19:35:15.951"></status>
</kw>
<tags>
<tag>Allergy_MedicalCondition_PatientHealth</tag>
<tag>sanity</tag>
</tags>
<status status="PASS" starttime="20200820 19:35:14.702" endtime="20200820 19:35:15.951" critical="yes"></status>
</test>
<test id="s1-s7-t7" name="TC_007 : [GET] Get a specific Medical Condition">
<kw name="Create Session" library="RequestsLibrary">
<doc>Create Session: create a HTTP session to a server</doc>
<arguments>
<arg>GetSpecficMedicalCondition</arg>
<arg>${iBase_URL}</arg>
</arguments>
<msg timestamp="20200820 19:35:15.952" level="INFO">Creating Session using : alias=GetSpecficMedicalCondition, url=https://api-qa.medvantxos.com/iapi/v1.0, headers={},                     cookies={}, auth=None, timeout=None, proxies=None, verify=False,                     debug=0 </msg>
<status status="PASS" starttime="20200820 19:35:15.952" endtime="20200820 19:35:15.952"></status>
</kw>
<kw name="Compose URL" library="common_keywords">
<arguments>
<arg>/medicalcondition</arg>
<arg>${mC_id}</arg>
</arguments>
<assign>
<var>${uri}</var>
</assign>
<kw name="Catenate" library="BuiltIn">
<doc>Catenates the given items together and returns the resulted string.</doc>
<arguments>
<arg>SEPARATOR=/</arg>
<arg>@{args}</arg>
</arguments>
<assign>
<var>${uri}</var>
</assign>
<msg timestamp="20200820 19:35:15.953" level="INFO">${uri} = /medicalcondition/163fc031-32f3-4ba9-8bcb-c4ef29085e3c</msg>
<status status="PASS" starttime="20200820 19:35:15.953" endtime="20200820 19:35:15.953"></status>
</kw>
<kw name="Return From Keyword" library="BuiltIn">
<doc>Returns from the enclosing user keyword.</doc>
<arguments>
<arg>${uri}</arg>
</arguments>
<msg timestamp="20200820 19:35:15.954" level="INFO">Returning from the enclosing user keyword.</msg>
<status status="PASS" starttime="20200820 19:35:15.953" endtime="20200820 19:35:15.954"></status>
</kw>
<msg timestamp="20200820 19:35:15.954" level="INFO">${uri} = /medicalcondition/163fc031-32f3-4ba9-8bcb-c4ef29085e3c</msg>
<status status="PASS" starttime="20200820 19:35:15.952" endtime="20200820 19:35:15.954"></status>
</kw>
<kw name="Get Request" library="RequestsLibrary">
<doc>Send a GET request on the session object found using the
given `alias`</doc>
<arguments>
<arg>GetSpecficMedicalCondition</arg>
<arg>${uri}</arg>
<arg>headers=${SUPER_HEADER}</arg>
</arguments>
<assign>
<var>${response}</var>
</assign>
<msg timestamp="20200820 19:35:17.252" level="INFO">GET Request : url=https://api-qa.medvantxos.com/iapi/v1.0/medicalcondition/163fc031-32f3-4ba9-8bcb-c4ef29085e3c 
 path_url=/iapi/v1.0/medicalcondition/163fc031-32f3-4ba9-8bcb-c4ef29085e3c 
 headers={'User-Agent': 'python-requests/2.24.0', 'Accept-Encoding': 'gzip, deflate', 'Accept': '*/*', 'Connection': 'keep-alive', 'Authorization': 'Bearer eyJhbGciOiJSUzI1NiIsInR5cCIgOiAiSldUIiwia2lkIiA6ICJIdVNpeENjdjljb2E3R3ZIMXhMTG1IVk9lUERma1FRLWx5cHNBcnVpNWJvIn0.eyJqdGkiOiI0NTU3Yjc5OC05ZjVjLTQ2ZTgtYTVkNy1kMjUzMTJlMTk1ZDIiLCJleHAiOjE1OTc5MzYwMTAsIm5iZiI6MCwiaWF0IjoxNTk3OTMyNDEwLCJpc3MiOiJodHRwOi8vbG9jYWxob3N0OjgwODAvYXV0aC9yZWFsbXMvbWVkdmFudHgiLCJzdWIiOiI5MzUzYTlmYi1jOTAyLTQ4NmYtODQ2MC1hMjFmOTNjOGE0OTMiLCJ0eXAiOiJCZWFyZXIiLCJhenAiOiJhZG1pbi1jbGkiLCJhdXRoX3RpbWUiOjAsInNlc3Npb25fc3RhdGUiOiIxNWMyNjEwZS0wOTVmLTQ4NWYtOWU4MC1jMGE0Nzk1ZWI1NTIiLCJhY3IiOiIxIiwic2NvcGUiOiJwcm9maWxlIGVtYWlsIiwiZW1haWxfdmVyaWZpZWQiOmZhbHNlLCJuYW1lIjoiZGVmYXVsdCBzdXBlcnVzZXIiLCJwcmVmZXJyZWRfdXNlcm5hbWUiOiJkZWZhdWx0LXN1cGVydXNlckBtZWR2YW50eC5jb20iLCJnaXZlbl9uYW1lIjoiZGVmYXVsdCIsImZhbWlseV9uYW1lIjoic3VwZXJ1c2VyIiwiZW1haWwiOiJkZWZhdWx0LXN1cGVydXNlckBtZWR2YW50eC5jb20ifQ.fqYnJEjfu1W-_IKgyhmVwl6wbIFNrV9o2h_QpmJE8w2ibMg5e0vAqPIjZK2C4T0YPP4H1h6SBOBvdhAL9ncQrNDPwIuBrG1dkj0Ei4TtpTk3bo8f5INE0BA2eOLB9pQ9kBCE5U12gJ8oAdyWBUiCPvwfPfokw7OCiEVk9ZREsFTGNtEQQ9qYSudJxHbHdTtlXZyuJDcFcRypm3iF6ms0hQWxXX80G29ubbOKuDrfXxn7bbuB6Dnh3ZQyOu_KULtzrWMRCnOAbRP7qS74pYl2PyY6R1tfJsLjO9WbueRNBN5TNt3pBCoZCtUUhaSvfWnZnLt517xrZmmQ1jNGWMUXjA', 'Content-Type': 'application/json'} 
 body=None 
 </msg>
<msg timestamp="20200820 19:35:17.252" level="INFO">GET Response : url=https://api-qa.medvantxos.com/iapi/v1.0/medicalcondition/163fc031-32f3-4ba9-8bcb-c4ef29085e3c 
 status=200, reason= 
 body={"name":"LIVER CIROSIS","desc":"Liver Medical Condition","dateCreated":1597932417827,"id":"163fc031-32f3-4ba9-8bcb-c4ef29085e3c"} 
 </msg>
<msg timestamp="20200820 19:35:17.253" level="INFO">/Users/amit/PycharmProjects/Medic/venv/lib/python3.7/site-packages/urllib3/connectionpool.py:988: InsecureRequestWarning: Unverified HTTPS request is being made to host 'api-qa.medvantxos.com'. Adding certificate verification is strongly advised. See: https://urllib3.readthedocs.io/en/latest/advanced-usage.html#ssl-warnings
  InsecureRequestWarning,</msg>
<msg timestamp="20200820 19:35:17.253" level="INFO">${response} = &lt;Response [200]&gt;</msg>
<status status="PASS" starttime="20200820 19:35:15.954" endtime="20200820 19:35:17.253"></status>
</kw>
<kw name="Verify the Response" library="common_keywords">
<arguments>
<arg>${response}</arg>
<arg>200</arg>
</arguments>
<kw name="Log" library="BuiltIn">
<doc>Logs the given message with the given level.</doc>
<arguments>
<arg>Response code is : ${response.status_code}</arg>
</arguments>
<msg timestamp="20200820 19:35:17.255" level="INFO">Response code is : 200</msg>
<status status="PASS" starttime="20200820 19:35:17.254" endtime="20200820 19:35:17.255"></status>
</kw>
<kw name="Should Be Equal As Strings" library="BuiltIn">
<doc>Fails if objects are unequal after converting them to strings.</doc>
<arguments>
<arg>${response.status_code}</arg>
<arg>${resp_status}</arg>
</arguments>
<msg timestamp="20200820 19:35:17.255" level="INFO">Argument types are:
&lt;class 'int'&gt;
&lt;type 'unicode'&gt;</msg>
<status status="PASS" starttime="20200820 19:35:17.255" endtime="20200820 19:35:17.255"></status>
</kw>
<kw name="Log" library="BuiltIn">
<doc>Logs the given message with the given level.</doc>
<arguments>
<arg>Response body is : ${response.text}</arg>
</arguments>
<msg timestamp="20200820 19:35:17.256" level="INFO">Response body is : {"name":"LIVER CIROSIS","desc":"Liver Medical Condition","dateCreated":1597932417827,"id":"163fc031-32f3-4ba9-8bcb-c4ef29085e3c"}</msg>
<status status="PASS" starttime="20200820 19:35:17.255" endtime="20200820 19:35:17.256"></status>
</kw>
<status status="PASS" starttime="20200820 19:35:17.253" endtime="20200820 19:35:17.256"></status>
</kw>
<tags>
<tag>Allergy_MedicalCondition_PatientHealth</tag>
<tag>sanity</tag>
</tags>
<status status="PASS" starttime="20200820 19:35:15.951" endtime="20200820 19:35:17.256" critical="yes"></status>
</test>
<test id="s1-s7-t8" name="TC_008 : [DELETE] Delete the newly created Medical Condition">
<kw name="Create Session" library="RequestsLibrary">
<doc>Create Session: create a HTTP session to a server</doc>
<arguments>
<arg>DelNewMedicalCondition</arg>
<arg>${iBase_URL}</arg>
</arguments>
<msg timestamp="20200820 19:35:17.258" level="INFO">Creating Session using : alias=DelNewMedicalCondition, url=https://api-qa.medvantxos.com/iapi/v1.0, headers={},                     cookies={}, auth=None, timeout=None, proxies=None, verify=False,                     debug=0 </msg>
<status status="PASS" starttime="20200820 19:35:17.258" endtime="20200820 19:35:17.258"></status>
</kw>
<kw name="Compose URL" library="common_keywords">
<arguments>
<arg>/medicalcondition</arg>
<arg>${mC_id}</arg>
</arguments>
<assign>
<var>${uri}</var>
</assign>
<kw name="Catenate" library="BuiltIn">
<doc>Catenates the given items together and returns the resulted string.</doc>
<arguments>
<arg>SEPARATOR=/</arg>
<arg>@{args}</arg>
</arguments>
<assign>
<var>${uri}</var>
</assign>
<msg timestamp="20200820 19:35:17.259" level="INFO">${uri} = /medicalcondition/163fc031-32f3-4ba9-8bcb-c4ef29085e3c</msg>
<status status="PASS" starttime="20200820 19:35:17.259" endtime="20200820 19:35:17.259"></status>
</kw>
<kw name="Return From Keyword" library="BuiltIn">
<doc>Returns from the enclosing user keyword.</doc>
<arguments>
<arg>${uri}</arg>
</arguments>
<msg timestamp="20200820 19:35:17.260" level="INFO">Returning from the enclosing user keyword.</msg>
<status status="PASS" starttime="20200820 19:35:17.259" endtime="20200820 19:35:17.260"></status>
</kw>
<msg timestamp="20200820 19:35:17.260" level="INFO">${uri} = /medicalcondition/163fc031-32f3-4ba9-8bcb-c4ef29085e3c</msg>
<status status="PASS" starttime="20200820 19:35:17.258" endtime="20200820 19:35:17.260"></status>
</kw>
<kw name="Delete Request" library="RequestsLibrary">
<doc>Send a DELETE request on the session object found using the
given `alias`</doc>
<arguments>
<arg>DelNewMedicalCondition</arg>
<arg>${uri}</arg>
<arg>headers=${SUPER_HEADER}</arg>
</arguments>
<assign>
<var>${response}</var>
</assign>
<msg timestamp="20200820 19:35:18.792" level="INFO">DELETE Request : url=https://api-qa.medvantxos.com/iapi/v1.0/medicalcondition/163fc031-32f3-4ba9-8bcb-c4ef29085e3c 
 path_url=/iapi/v1.0/medicalcondition/163fc031-32f3-4ba9-8bcb-c4ef29085e3c 
 headers={'User-Agent': 'python-requests/2.24.0', 'Accept-Encoding': 'gzip, deflate', 'Accept': '*/*', 'Connection': 'keep-alive', 'Authorization': 'Bearer eyJhbGciOiJSUzI1NiIsInR5cCIgOiAiSldUIiwia2lkIiA6ICJIdVNpeENjdjljb2E3R3ZIMXhMTG1IVk9lUERma1FRLWx5cHNBcnVpNWJvIn0.eyJqdGkiOiI0NTU3Yjc5OC05ZjVjLTQ2ZTgtYTVkNy1kMjUzMTJlMTk1ZDIiLCJleHAiOjE1OTc5MzYwMTAsIm5iZiI6MCwiaWF0IjoxNTk3OTMyNDEwLCJpc3MiOiJodHRwOi8vbG9jYWxob3N0OjgwODAvYXV0aC9yZWFsbXMvbWVkdmFudHgiLCJzdWIiOiI5MzUzYTlmYi1jOTAyLTQ4NmYtODQ2MC1hMjFmOTNjOGE0OTMiLCJ0eXAiOiJCZWFyZXIiLCJhenAiOiJhZG1pbi1jbGkiLCJhdXRoX3RpbWUiOjAsInNlc3Npb25fc3RhdGUiOiIxNWMyNjEwZS0wOTVmLTQ4NWYtOWU4MC1jMGE0Nzk1ZWI1NTIiLCJhY3IiOiIxIiwic2NvcGUiOiJwcm9maWxlIGVtYWlsIiwiZW1haWxfdmVyaWZpZWQiOmZhbHNlLCJuYW1lIjoiZGVmYXVsdCBzdXBlcnVzZXIiLCJwcmVmZXJyZWRfdXNlcm5hbWUiOiJkZWZhdWx0LXN1cGVydXNlckBtZWR2YW50eC5jb20iLCJnaXZlbl9uYW1lIjoiZGVmYXVsdCIsImZhbWlseV9uYW1lIjoic3VwZXJ1c2VyIiwiZW1haWwiOiJkZWZhdWx0LXN1cGVydXNlckBtZWR2YW50eC5jb20ifQ.fqYnJEjfu1W-_IKgyhmVwl6wbIFNrV9o2h_QpmJE8w2ibMg5e0vAqPIjZK2C4T0YPP4H1h6SBOBvdhAL9ncQrNDPwIuBrG1dkj0Ei4TtpTk3bo8f5INE0BA2eOLB9pQ9kBCE5U12gJ8oAdyWBUiCPvwfPfokw7OCiEVk9ZREsFTGNtEQQ9qYSudJxHbHdTtlXZyuJDcFcRypm3iF6ms0hQWxXX80G29ubbOKuDrfXxn7bbuB6Dnh3ZQyOu_KULtzrWMRCnOAbRP7qS74pYl2PyY6R1tfJsLjO9WbueRNBN5TNt3pBCoZCtUUhaSvfWnZnLt517xrZmmQ1jNGWMUXjA', 'Content-Type': 'application/json', 'Content-Length': '0'} 
 body=None 
 </msg>
<msg timestamp="20200820 19:35:18.792" level="INFO">DELETE Response : url=https://api-qa.medvantxos.com/iapi/v1.0/medicalcondition/163fc031-32f3-4ba9-8bcb-c4ef29085e3c 
 status=204, reason= 
 body=None 
 </msg>
<msg timestamp="20200820 19:35:18.792" level="INFO">/Users/amit/PycharmProjects/Medic/venv/lib/python3.7/site-packages/urllib3/connectionpool.py:988: InsecureRequestWarning: Unverified HTTPS request is being made to host 'api-qa.medvantxos.com'. Adding certificate verification is strongly advised. See: https://urllib3.readthedocs.io/en/latest/advanced-usage.html#ssl-warnings
  InsecureRequestWarning,</msg>
<msg timestamp="20200820 19:35:18.792" level="INFO">${response} = &lt;Response [204]&gt;</msg>
<status status="PASS" starttime="20200820 19:35:17.261" endtime="20200820 19:35:18.792"></status>
</kw>
<kw name="Verify the Response" library="common_keywords">
<arguments>
<arg>${response}</arg>
<arg>204</arg>
</arguments>
<kw name="Log" library="BuiltIn">
<doc>Logs the given message with the given level.</doc>
<arguments>
<arg>Response code is : ${response.status_code}</arg>
</arguments>
<msg timestamp="20200820 19:35:18.793" level="INFO">Response code is : 204</msg>
<status status="PASS" starttime="20200820 19:35:18.793" endtime="20200820 19:35:18.793"></status>
</kw>
<kw name="Should Be Equal As Strings" library="BuiltIn">
<doc>Fails if objects are unequal after converting them to strings.</doc>
<arguments>
<arg>${response.status_code}</arg>
<arg>${resp_status}</arg>
</arguments>
<msg timestamp="20200820 19:35:18.794" level="INFO">Argument types are:
&lt;class 'int'&gt;
&lt;type 'unicode'&gt;</msg>
<status status="PASS" starttime="20200820 19:35:18.794" endtime="20200820 19:35:18.794"></status>
</kw>
<kw name="Log" library="BuiltIn">
<doc>Logs the given message with the given level.</doc>
<arguments>
<arg>Response body is : ${response.text}</arg>
</arguments>
<msg timestamp="20200820 19:35:18.795" level="INFO">Response body is : </msg>
<status status="PASS" starttime="20200820 19:35:18.794" endtime="20200820 19:35:18.795"></status>
</kw>
<status status="PASS" starttime="20200820 19:35:18.792" endtime="20200820 19:35:18.795"></status>
</kw>
<tags>
<tag>Allergy_MedicalCondition_PatientHealth</tag>
<tag>sanity</tag>
</tags>
<status status="PASS" starttime="20200820 19:35:17.257" endtime="20200820 19:35:18.795" critical="yes"></status>
</test>
<doc>Allergies and Medical Condition Workflow This suite contains tescases to verify allergies and medical conditions workflow</doc>
<status status="PASS" starttime="20200820 19:35:05.903" endtime="20200820 19:35:18.797"></status>
</suite>
<status status="PASS" starttime="20200820 19:33:33.397" endtime="20200820 19:35:18.805"></status>
</suite>
<statistics>
<total>
<stat pass="45" fail="0">Critical Tests</stat>
<stat pass="45" fail="0">All Tests</stat>
</total>
<tag>
<stat pass="8" fail="0">Allergy_MedicalCondition_PatientHealth</stat>
<stat pass="9" fail="0">PatientOrder</stat>
<stat pass="5" fail="0">PatientPaymentCard</stat>
<stat pass="8" fail="0">PatientProfile</stat>
<stat pass="7" fail="0">PatientRxRequest</stat>
<stat pass="7" fail="0">PatientRxTransfer</stat>
<stat pass="1" fail="0">PatientSignUp</stat>
<stat pass="45" fail="0">sanity</stat>
</tag>
<suite>
<stat pass="45" fail="0" id="s1" name="Medvantx Sanity Tests">Medvantx Sanity Tests</stat>
<stat pass="8" fail="0" id="s1-s1" name="Patient Profile TestSuite">Medvantx Sanity Tests.Patient Profile TestSuite</stat>
<stat pass="9" fail="0" id="s1-s2" name="Order TestSuite">Medvantx Sanity Tests.Order TestSuite</stat>
<stat pass="5" fail="0" id="s1-s3" name="PaymentCard TestSuite">Medvantx Sanity Tests.PaymentCard TestSuite</stat>
<stat pass="1" fail="0" id="s1-s4" name="Patient SignUp TestSuite">Medvantx Sanity Tests.Patient SignUp TestSuite</stat>
<stat pass="7" fail="0" id="s1-s5" name="RxRequest TestSuite">Medvantx Sanity Tests.RxRequest TestSuite</stat>
<stat pass="7" fail="0" id="s1-s6" name="RxTransfer TestSuite">Medvantx Sanity Tests.RxTransfer TestSuite</stat>
<stat pass="8" fail="0" id="s1-s7" name="PatientHealth TestSuite">Medvantx Sanity Tests.PatientHealth TestSuite</stat>
</suite>
</statistics>
<errors>
</errors>
</robot>
