<?xml version="1.0" encoding="UTF-8"?>
<robot generator="Robot 3.2.1 (Python 3.7.7 on darwin)" generated="20200806 20:46:59.258" rpa="false">
<suite id="s1" name="RxTransfer TestSuite" source="/Users/amit/PycharmProjects/Medic/functional_tests/RxTransfer_TestSuite.robot">
<kw name="Patient Should be able to Signin" library="common_keywords" type="setup">
<kw name="Create Session" library="RequestsLibrary">
<doc>Create Session: create a HTTP session to a server</doc>
<arguments>
<arg>GetToken</arg>
<arg>${Base_URL}</arg>
</arguments>
<msg timestamp="20200806 20:46:59.680" level="INFO">Creating Session using : alias=GetToken, url=https://api-qa.medvantxos.com/api/v1.0, headers={},                     cookies={}, auth=None, timeout=None, proxies=None, verify=False,                     debug=0 </msg>
<status status="PASS" starttime="20200806 20:46:59.680" endtime="20200806 20:46:59.680"></status>
</kw>
<kw name="Create Dictionary" library="BuiltIn">
<doc>Creates and returns a dictionary based on the given ``items``.</doc>
<arguments>
<arg>username=${USER}</arg>
<arg>password=${PASSWORD}</arg>
<arg>domain=${DOMAIN}</arg>
</arguments>
<assign>
<var>${body}</var>
</assign>
<msg timestamp="20200806 20:46:59.681" level="INFO">${body} = {'username': 'ErSonal@medvantx.com', 'password': 'test1234', 'domain': 'qsymiax'}</msg>
<status status="PASS" starttime="20200806 20:46:59.680" endtime="20200806 20:46:59.681"></status>
</kw>
<kw name="Create Dictionary" library="BuiltIn">
<doc>Creates and returns a dictionary based on the given ``items``.</doc>
<arguments>
<arg>Content-Type=application/json</arg>
</arguments>
<assign>
<var>${headers}</var>
</assign>
<msg timestamp="20200806 20:46:59.681" level="INFO">${headers} = {'Content-Type': 'application/json'}</msg>
<status status="PASS" starttime="20200806 20:46:59.681" endtime="20200806 20:46:59.681"></status>
</kw>
<kw name="Post Request" library="RequestsLibrary">
<doc>Send a POST request on the session object found using the
given `alias`</doc>
<arguments>
<arg>GetToken</arg>
<arg>/signin</arg>
<arg>data=${body}</arg>
<arg>headers=${headers}</arg>
</arguments>
<assign>
<var>${response}</var>
</assign>
<msg timestamp="20200806 20:47:01.135" level="INFO">POST Request : url=https://api-qa.medvantxos.com/api/v1.0/signin 
 path_url=/api/v1.0/signin 
 headers={'User-Agent': 'python-requests/2.24.0', 'Accept-Encoding': 'gzip, deflate', 'Accept': '*/*', 'Connection': 'keep-alive', 'Content-Type': 'application/json', 'Content-Length': '81'} 
 body={"username": "ErSonal@medvantx.com", "password": "test1234", "domain": "qsymiax"} 
 </msg>
<msg timestamp="20200806 20:47:01.135" level="INFO">POST Response : url=https://api-qa.medvantxos.com/api/v1.0/signin 
 status=200, reason= 
 body={"refresh_token":"eyJhbGciOiJIUzI1NiIsInR5cCIgOiAiSldUIiwia2lkIiA6ICJjZmUwZTM0Mi04YmFlLTQ5NmMtYTE3YS1mN2VlMTA2YmViMzUifQ.eyJqdGkiOiJkYzM2MTIyNy0zNTM0LTQ4YmEtYWJlNC0xZGZhZGVlNDBkNjUiLCJleHAiOjE1OTY3MzQyOTgsIm5iZiI6MCwiaWF0IjoxNTk2NzI3MDk4LCJpc3MiOiJodHRwOi8vbG9jYWxob3N0OjgwODAvYXV0aC9yZWFsbXMvcXN5bWlheCIsImF1ZCI6Imh0dHA6Ly9sb2NhbGhvc3Q6ODA4MC9hdXRoL3JlYWxtcy9xc3ltaWF4Iiwic3ViIjoiN2E5ZTQ0YjAtZWQ0ZS00YzEwLWIxOWEtM2UwZDMxZDFjMmJmIiwidHlwIjoiUmVmcmVzaCIsImF6cCI6ImFkbWluLWNsaSIsImF1dGhfdGltZSI6MCwic2Vzc2lvbl9zdGF0ZSI6IjQwNjZkM2E2LTA0ZmQtNDhlMS1hNDM5LWYwNTI5N2I5ODQwOSIsInNjb3BlIjoicHJvZmlsZSBlbWFpbCJ9.-6mvTgbECVTRZ24vrroVYdZd7osFl-02rY7VX6isaGs","access_token":"eyJhbGciOiJSUzI1NiIsInR5cCIgOiAiSldUIiwia2lkIiA6ICJJaE1yYWlfeVBmTGFzOHUzTXJQZjZiMVZpT2ZIcVZVTGJTOFZ3YXNUOExJIn0.eyJqdGkiOiIwMmQxMjg5Yy0wOWU3LTRkNWItYjI2YS01N2YyZTM5NzIwNGIiLCJleHAiOjE1OTY3MzA2OTgsIm5iZiI6MCwiaWF0IjoxNTk2NzI3MDk4LCJpc3MiOiJodHRwOi8vbG9jYWxob3N0OjgwODAvYXV0aC9yZWFsbXMvcXN5bWlheCIsInN1YiI6IjdhOWU0NGIwLWVkNGUtNGMxMC1iMTlhLTNlMGQzMWQxYzJiZiIsInR5cCI6IkJlYXJlciIsImF6cCI6ImFkbWluLWNsaSIsImF1dGhfdGltZSI6MCwic2Vzc2lvbl9zdGF0ZSI6IjQwNjZkM2E2LTA0ZmQtNDhlMS1hNDM5LWYwNTI5N2I5ODQwOSIsImFjciI6IjEiLCJzY29wZSI6InByb2ZpbGUgZW1haWwiLCJlbWFpbF92ZXJpZmllZCI6ZmFsc2UsIm5hbWUiOiJFclNvbmFsIEVyUmFqYmhvaiIsInByZWZlcnJlZF91c2VybmFtZSI6ImVyc29uYWxAbWVkdmFudHguY29tIiwiZ2l2ZW5fbmFtZSI6IkVyU29uYWwiLCJmYW1pbHlfbmFtZSI6IkVyUmFqYmhvaiIsImVtYWlsIjoiZXJzb25hbEBtZWR2YW50eC5jb20ifQ.px7kOcv9t-1MED8LyDWrrYZrrg5NmoYfmZ7oIBKMbEOlrpba9Xyf5SiPVN1iebzSINlPhIIwHZR01iMj5BYyIVv0_Gt2eRBkekRYkOjUf6-xKd3OzFPv1CrD1WGPTyIPM7GEsa13sHFO7rHITAtl9XaBOQMiwQlYXGyUZajNWGHlc7Xnl3Di0LawxyZjY69U7LkJxbv2O70jUtlA1Wfa-O0yo8loo58uKZma5fBW-yCtfbw3TxNWKKXWgcYND3uayJiSlEkzgf1gsK1zL-tB7XZRXkpFk-24XvqgTsAo--J7nynfEZc7bTWu7xWxIWymZqxGkKHKNEWSIjqOiU1Y2g","session_state":"4066d3a6-04fd-48e1-a439-f05297b98409","expires_in":"3600","refresh_expires_in":"7200","token_type":"bearer","id":"ErSonal@medvantx.com"} 
 </msg>
<msg timestamp="20200806 20:47:01.135" level="INFO">/Users/amit/PycharmProjects/Medic/venv/lib/python3.7/site-packages/urllib3/connectionpool.py:988: InsecureRequestWarning: Unverified HTTPS request is being made to host 'api-qa.medvantxos.com'. Adding certificate verification is strongly advised. See: https://urllib3.readthedocs.io/en/latest/advanced-usage.html#ssl-warnings
  InsecureRequestWarning,</msg>
<msg timestamp="20200806 20:47:01.135" level="INFO">${response} = &lt;Response [200]&gt;</msg>
<status status="PASS" starttime="20200806 20:46:59.681" endtime="20200806 20:47:01.135"></status>
</kw>
<kw name="Should Be Equal As Strings" library="BuiltIn">
<doc>Fails if objects are unequal after converting them to strings.</doc>
<arguments>
<arg>${response.status_code}</arg>
<arg>200</arg>
</arguments>
<msg timestamp="20200806 20:47:01.136" level="INFO">Argument types are:
&lt;class 'int'&gt;
&lt;type 'unicode'&gt;</msg>
<status status="PASS" starttime="20200806 20:47:01.136" endtime="20200806 20:47:01.136"></status>
</kw>
<kw name="Evaluate" library="BuiltIn">
<doc>Evaluates the given expression in Python and returns the result.</doc>
<arguments>
<arg>$response.json().get("access_token")</arg>
</arguments>
<assign>
<var>${accessToken}</var>
</assign>
<msg timestamp="20200806 20:47:01.142" level="INFO">${accessToken} = eyJhbGciOiJSUzI1NiIsInR5cCIgOiAiSldUIiwia2lkIiA6ICJJaE1yYWlfeVBmTGFzOHUzTXJQZjZiMVZpT2ZIcVZVTGJTOFZ3YXNUOExJIn0.eyJqdGkiOiIwMmQxMjg5Yy0wOWU3LTRkNWItYjI2YS01N2YyZTM5NzIwNGIiLCJleHAiOjE1OTY3MzA2OTgsIm5i...</msg>
<status status="PASS" starttime="20200806 20:47:01.137" endtime="20200806 20:47:01.142"></status>
</kw>
<kw name="Should Not Be Empty" library="BuiltIn">
<doc>Verifies that the given item is not empty.</doc>
<arguments>
<arg>${accessToken}</arg>
</arguments>
<msg timestamp="20200806 20:47:01.142" level="INFO">Length is 1113</msg>
<status status="PASS" starttime="20200806 20:47:01.142" endtime="20200806 20:47:01.142"></status>
</kw>
<kw name="Set Global Variable" library="BuiltIn">
<doc>Makes a variable available globally in all tests and suites.</doc>
<arguments>
<arg>${accessToken}</arg>
<arg>${accessToken}</arg>
</arguments>
<msg timestamp="20200806 20:47:01.143" level="INFO">${accessToken} = eyJhbGciOiJSUzI1NiIsInR5cCIgOiAiSldUIiwia2lkIiA6ICJJaE1yYWlfeVBmTGFzOHUzTXJQZjZiMVZpT2ZIcVZVTGJTOFZ3YXNUOExJIn0.eyJqdGkiOiIwMmQxMjg5Yy0wOWU3LTRkNWItYjI2YS01N2YyZTM5NzIwNGIiLCJleHAiOjE1OTY3MzA2OTgsIm5i...</msg>
<status status="PASS" starttime="20200806 20:47:01.142" endtime="20200806 20:47:01.143"></status>
</kw>
<kw name="Create Dictionary" library="BuiltIn">
<doc>Creates and returns a dictionary based on the given ``items``.</doc>
<arguments>
<arg>Authorization=Bearer ${accessToken}</arg>
<arg>Content-Type=application/json</arg>
</arguments>
<assign>
<var>${HEADER}</var>
</assign>
<msg timestamp="20200806 20:47:01.144" level="INFO">${HEADER} = {'Authorization': 'Bearer eyJhbGciOiJSUzI1NiIsInR5cCIgOiAiSldUIiwia2lkIiA6ICJJaE1yYWlfeVBmTGFzOHUzTXJQZjZiMVZpT2ZIcVZVTGJTOFZ3YXNUOExJIn0.eyJqdGkiOiIwMmQxMjg5Yy0wOWU3LTRkNWItYjI2YS01N2YyZTM5NzIwNGIiLC...</msg>
<status status="PASS" starttime="20200806 20:47:01.143" endtime="20200806 20:47:01.144"></status>
</kw>
<kw name="Set Global Variable" library="BuiltIn">
<doc>Makes a variable available globally in all tests and suites.</doc>
<arguments>
<arg>${HEADER}</arg>
<arg>${HEADER}</arg>
</arguments>
<msg timestamp="20200806 20:47:01.144" level="INFO">${HEADER} = {'Authorization': 'Bearer eyJhbGciOiJSUzI1NiIsInR5cCIgOiAiSldUIiwia2lkIiA6ICJJaE1yYWlfeVBmTGFzOHUzTXJQZjZiMVZpT2ZIcVZVTGJTOFZ3YXNUOExJIn0.eyJqdGkiOiIwMmQxMjg5Yy0wOWU3LTRkNWItYjI2YS01N2YyZTM5NzIwNGIiLC...</msg>
<status status="PASS" starttime="20200806 20:47:01.144" endtime="20200806 20:47:01.144"></status>
</kw>
<kw name="Run Keyword" library="BuiltIn">
<doc>Executes the given keyword with the given arguments.</doc>
<arguments>
<arg>Patient Should have a valid patient uuid</arg>
</arguments>
<kw name="Patient Should have a valid patient uuid" library="common_keywords">
<kw name="Create Session" library="RequestsLibrary">
<doc>Create Session: create a HTTP session to a server</doc>
<arguments>
<arg>GetPatient</arg>
<arg>${Base_URL}</arg>
</arguments>
<msg timestamp="20200806 20:47:01.145" level="INFO">Creating Session using : alias=GetPatient, url=https://api-qa.medvantxos.com/api/v1.0, headers={},                     cookies={}, auth=None, timeout=None, proxies=None, verify=False,                     debug=0 </msg>
<status status="PASS" starttime="20200806 20:47:01.145" endtime="20200806 20:47:01.145"></status>
</kw>
<kw name="Get Request" library="RequestsLibrary">
<doc>Send a GET request on the session object found using the
given `alias`</doc>
<arguments>
<arg>GetPatient</arg>
<arg>/profile</arg>
<arg>headers=${HEADER}</arg>
</arguments>
<assign>
<var>${response}</var>
</assign>
<msg timestamp="20200806 20:47:02.349" level="INFO">GET Request : url=https://api-qa.medvantxos.com/api/v1.0/profile 
 path_url=/api/v1.0/profile 
 headers={'User-Agent': 'python-requests/2.24.0', 'Accept-Encoding': 'gzip, deflate', 'Accept': '*/*', 'Connection': 'keep-alive', 'Authorization': 'Bearer eyJhbGciOiJSUzI1NiIsInR5cCIgOiAiSldUIiwia2lkIiA6ICJJaE1yYWlfeVBmTGFzOHUzTXJQZjZiMVZpT2ZIcVZVTGJTOFZ3YXNUOExJIn0.eyJqdGkiOiIwMmQxMjg5Yy0wOWU3LTRkNWItYjI2YS01N2YyZTM5NzIwNGIiLCJleHAiOjE1OTY3MzA2OTgsIm5iZiI6MCwiaWF0IjoxNTk2NzI3MDk4LCJpc3MiOiJodHRwOi8vbG9jYWxob3N0OjgwODAvYXV0aC9yZWFsbXMvcXN5bWlheCIsInN1YiI6IjdhOWU0NGIwLWVkNGUtNGMxMC1iMTlhLTNlMGQzMWQxYzJiZiIsInR5cCI6IkJlYXJlciIsImF6cCI6ImFkbWluLWNsaSIsImF1dGhfdGltZSI6MCwic2Vzc2lvbl9zdGF0ZSI6IjQwNjZkM2E2LTA0ZmQtNDhlMS1hNDM5LWYwNTI5N2I5ODQwOSIsImFjciI6IjEiLCJzY29wZSI6InByb2ZpbGUgZW1haWwiLCJlbWFpbF92ZXJpZmllZCI6ZmFsc2UsIm5hbWUiOiJFclNvbmFsIEVyUmFqYmhvaiIsInByZWZlcnJlZF91c2VybmFtZSI6ImVyc29uYWxAbWVkdmFudHguY29tIiwiZ2l2ZW5fbmFtZSI6IkVyU29uYWwiLCJmYW1pbHlfbmFtZSI6IkVyUmFqYmhvaiIsImVtYWlsIjoiZXJzb25hbEBtZWR2YW50eC5jb20ifQ.px7kOcv9t-1MED8LyDWrrYZrrg5NmoYfmZ7oIBKMbEOlrpba9Xyf5SiPVN1iebzSINlPhIIwHZR01iMj5BYyIVv0_Gt2eRBkekRYkOjUf6-xKd3OzFPv1CrD1WGPTyIPM7GEsa13sHFO7rHITAtl9XaBOQMiwQlYXGyUZajNWGHlc7Xnl3Di0LawxyZjY69U7LkJxbv2O70jUtlA1Wfa-O0yo8loo58uKZma5fBW-yCtfbw3TxNWKKXWgcYND3uayJiSlEkzgf1gsK1zL-tB7XZRXkpFk-24XvqgTsAo--J7nynfEZc7bTWu7xWxIWymZqxGkKHKNEWSIjqOiU1Y2g', 'Content-Type': 'application/json'} 
 body=None 
 </msg>
<msg timestamp="20200806 20:47:02.349" level="INFO">GET Response : url=https://api-qa.medvantxos.com/api/v1.0/profile 
 status=200, reason= 
 body={"firstName":"ErSonal","lastName":"ErRajbhoj","role":"USER","emailAddress":"ErSonal@medvantx.com","domain":"qsymiax","tenantId":"b61c5cb0-3860-4419-81c3-599c94c248a9","phoneNumber":"9763550802","lastLogin":1596727098841,"createdBy":"SYSTEM","hasOrders":true,"id":"7a9e44b0-ed4e-4c10-b19a-3e0d31d1c2bf"} 
 </msg>
<msg timestamp="20200806 20:47:02.349" level="INFO">/Users/amit/PycharmProjects/Medic/venv/lib/python3.7/site-packages/urllib3/connectionpool.py:988: InsecureRequestWarning: Unverified HTTPS request is being made to host 'api-qa.medvantxos.com'. Adding certificate verification is strongly advised. See: https://urllib3.readthedocs.io/en/latest/advanced-usage.html#ssl-warnings
  InsecureRequestWarning,</msg>
<msg timestamp="20200806 20:47:02.350" level="INFO">${response} = &lt;Response [200]&gt;</msg>
<status status="PASS" starttime="20200806 20:47:01.145" endtime="20200806 20:47:02.350"></status>
</kw>
<kw name="Verify the Response" library="common_keywords">
<arguments>
<arg>${response}</arg>
<arg>200</arg>
</arguments>
<kw name="Log" library="BuiltIn">
<doc>Logs the given message with the given level.</doc>
<arguments>
<arg>Response code is : ${response.status_code}</arg>
</arguments>
<msg timestamp="20200806 20:47:02.351" level="INFO">Response code is : 200</msg>
<status status="PASS" starttime="20200806 20:47:02.351" endtime="20200806 20:47:02.351"></status>
</kw>
<kw name="Should Be Equal As Strings" library="BuiltIn">
<doc>Fails if objects are unequal after converting them to strings.</doc>
<arguments>
<arg>${response.status_code}</arg>
<arg>${resp_status}</arg>
</arguments>
<msg timestamp="20200806 20:47:02.352" level="INFO">Argument types are:
&lt;class 'int'&gt;
&lt;type 'unicode'&gt;</msg>
<status status="PASS" starttime="20200806 20:47:02.351" endtime="20200806 20:47:02.352"></status>
</kw>
<kw name="Log" library="BuiltIn">
<doc>Logs the given message with the given level.</doc>
<arguments>
<arg>Response body is : ${response.text}</arg>
</arguments>
<msg timestamp="20200806 20:47:02.352" level="INFO">Response body is : {"firstName":"ErSonal","lastName":"ErRajbhoj","role":"USER","emailAddress":"ErSonal@medvantx.com","domain":"qsymiax","tenantId":"b61c5cb0-3860-4419-81c3-599c94c248a9","phoneNumber":"9763550802","lastLogin":1596727098841,"createdBy":"SYSTEM","hasOrders":true,"id":"7a9e44b0-ed4e-4c10-b19a-3e0d31d1c2bf"}</msg>
<status status="PASS" starttime="20200806 20:47:02.352" endtime="20200806 20:47:02.352"></status>
</kw>
<status status="PASS" starttime="20200806 20:47:02.350" endtime="20200806 20:47:02.353"></status>
</kw>
<kw name="Evaluate" library="BuiltIn">
<doc>Evaluates the given expression in Python and returns the result.</doc>
<arguments>
<arg>$response.json().get("id")</arg>
</arguments>
<assign>
<var>${patient_uuid}</var>
</assign>
<msg timestamp="20200806 20:47:02.353" level="INFO">${patient_uuid} = 7a9e44b0-ed4e-4c10-b19a-3e0d31d1c2bf</msg>
<status status="PASS" starttime="20200806 20:47:02.353" endtime="20200806 20:47:02.353"></status>
</kw>
<kw name="Set Global Variable" library="BuiltIn">
<doc>Makes a variable available globally in all tests and suites.</doc>
<arguments>
<arg>${patient_uuid}</arg>
<arg>${patient_uuid}</arg>
</arguments>
<msg timestamp="20200806 20:47:02.354" level="INFO">${patient_uuid} = 7a9e44b0-ed4e-4c10-b19a-3e0d31d1c2bf</msg>
<status status="PASS" starttime="20200806 20:47:02.353" endtime="20200806 20:47:02.354"></status>
</kw>
<status status="PASS" starttime="20200806 20:47:01.145" endtime="20200806 20:47:02.354"></status>
</kw>
<status status="PASS" starttime="20200806 20:47:01.144" endtime="20200806 20:47:02.354"></status>
</kw>
<status status="PASS" starttime="20200806 20:46:59.679" endtime="20200806 20:47:02.354"></status>
</kw>
<test id="s1-t1" name="TC_007 : [POST] Submit a New RxTransfer for a Patient">
<kw name="Create Session" library="RequestsLibrary">
<doc>Create Session: create a HTTP session to a server</doc>
<arguments>
<arg>NewRxTransferSubmit</arg>
<arg>${Base_URL}</arg>
</arguments>
<msg timestamp="20200806 20:47:02.355" level="INFO">Creating Session using : alias=NewRxTransferSubmit, url=https://api-qa.medvantxos.com/api/v1.0, headers={},                     cookies={}, auth=None, timeout=None, proxies=None, verify=False,                     debug=0 </msg>
<status status="PASS" starttime="20200806 20:47:02.355" endtime="20200806 20:47:02.356"></status>
</kw>
<kw name="Compose URL" library="common_keywords">
<arguments>
<arg>/patient</arg>
<arg>7a9e44b0-ed4e-4c10-b19a-3e0d31d1c2bf</arg>
<arg>rxtransfer</arg>
<arg>db5ae85a-c5bb-4537-9230-d09434c0aa0e</arg>
<arg>submit</arg>
</arguments>
<assign>
<var>${uri}</var>
</assign>
<kw name="Catenate" library="BuiltIn">
<doc>Catenates the given items together and returns the resulted string.</doc>
<arguments>
<arg>SEPARATOR=/</arg>
<arg>@{args}</arg>
</arguments>
<assign>
<var>${uri}</var>
</assign>
<msg timestamp="20200806 20:47:02.357" level="INFO">${uri} = /patient/7a9e44b0-ed4e-4c10-b19a-3e0d31d1c2bf/rxtransfer/db5ae85a-c5bb-4537-9230-d09434c0aa0e/submit</msg>
<status status="PASS" starttime="20200806 20:47:02.357" endtime="20200806 20:47:02.357"></status>
</kw>
<kw name="Return From Keyword" library="BuiltIn">
<doc>Returns from the enclosing user keyword.</doc>
<arguments>
<arg>${uri}</arg>
</arguments>
<msg timestamp="20200806 20:47:02.357" level="INFO">Returning from the enclosing user keyword.</msg>
<status status="PASS" starttime="20200806 20:47:02.357" endtime="20200806 20:47:02.357"></status>
</kw>
<msg timestamp="20200806 20:47:02.358" level="INFO">${uri} = /patient/7a9e44b0-ed4e-4c10-b19a-3e0d31d1c2bf/rxtransfer/db5ae85a-c5bb-4537-9230-d09434c0aa0e/submit</msg>
<status status="PASS" starttime="20200806 20:47:02.356" endtime="20200806 20:47:02.358"></status>
</kw>
<kw name="Create Dictionary" library="BuiltIn">
<doc>Creates and returns a dictionary based on the given ``items``.</doc>
<arguments>
<arg>transUuid</arg>
<arg>c096bd1c-18a1-4ebe-8bca-71514fcd76f0</arg>
</arguments>
<assign>
<var>${input_data}</var>
</assign>
<msg timestamp="20200806 20:47:02.358" level="INFO">${input_data} = {'transUuid': 'c096bd1c-18a1-4ebe-8bca-71514fcd76f0'}</msg>
<status status="PASS" starttime="20200806 20:47:02.358" endtime="20200806 20:47:02.358"></status>
</kw>
<kw name="Post Request" library="RequestsLibrary">
<doc>Send a POST request on the session object found using the
given `alias`</doc>
<arguments>
<arg>NewRxTransferSubmit</arg>
<arg>${uri}</arg>
<arg>data=${input_data}</arg>
<arg>headers=${HEADER}</arg>
</arguments>
<assign>
<var>${response}</var>
</assign>
<msg timestamp="20200806 20:47:03.602" level="INFO">POST Request : url=https://api-qa.medvantxos.com/api/v1.0/patient/7a9e44b0-ed4e-4c10-b19a-3e0d31d1c2bf/rxtransfer/db5ae85a-c5bb-4537-9230-d09434c0aa0e/submit 
 path_url=/api/v1.0/patient/7a9e44b0-ed4e-4c10-b19a-3e0d31d1c2bf/rxtransfer/db5ae85a-c5bb-4537-9230-d09434c0aa0e/submit 
 headers={'User-Agent': 'python-requests/2.24.0', 'Accept-Encoding': 'gzip, deflate', 'Accept': '*/*', 'Connection': 'keep-alive', 'Authorization': 'Bearer eyJhbGciOiJSUzI1NiIsInR5cCIgOiAiSldUIiwia2lkIiA6ICJJaE1yYWlfeVBmTGFzOHUzTXJQZjZiMVZpT2ZIcVZVTGJTOFZ3YXNUOExJIn0.eyJqdGkiOiIwMmQxMjg5Yy0wOWU3LTRkNWItYjI2YS01N2YyZTM5NzIwNGIiLCJleHAiOjE1OTY3MzA2OTgsIm5iZiI6MCwiaWF0IjoxNTk2NzI3MDk4LCJpc3MiOiJodHRwOi8vbG9jYWxob3N0OjgwODAvYXV0aC9yZWFsbXMvcXN5bWlheCIsInN1YiI6IjdhOWU0NGIwLWVkNGUtNGMxMC1iMTlhLTNlMGQzMWQxYzJiZiIsInR5cCI6IkJlYXJlciIsImF6cCI6ImFkbWluLWNsaSIsImF1dGhfdGltZSI6MCwic2Vzc2lvbl9zdGF0ZSI6IjQwNjZkM2E2LTA0ZmQtNDhlMS1hNDM5LWYwNTI5N2I5ODQwOSIsImFjciI6IjEiLCJzY29wZSI6InByb2ZpbGUgZW1haWwiLCJlbWFpbF92ZXJpZmllZCI6ZmFsc2UsIm5hbWUiOiJFclNvbmFsIEVyUmFqYmhvaiIsInByZWZlcnJlZF91c2VybmFtZSI6ImVyc29uYWxAbWVkdmFudHguY29tIiwiZ2l2ZW5fbmFtZSI6IkVyU29uYWwiLCJmYW1pbHlfbmFtZSI6IkVyUmFqYmhvaiIsImVtYWlsIjoiZXJzb25hbEBtZWR2YW50eC5jb20ifQ.px7kOcv9t-1MED8LyDWrrYZrrg5NmoYfmZ7oIBKMbEOlrpba9Xyf5SiPVN1iebzSINlPhIIwHZR01iMj5BYyIVv0_Gt2eRBkekRYkOjUf6-xKd3OzFPv1CrD1WGPTyIPM7GEsa13sHFO7rHITAtl9XaBOQMiwQlYXGyUZajNWGHlc7Xnl3Di0LawxyZjY69U7LkJxbv2O70jUtlA1Wfa-O0yo8loo58uKZma5fBW-yCtfbw3TxNWKKXWgcYND3uayJiSlEkzgf1gsK1zL-tB7XZRXkpFk-24XvqgTsAo--J7nynfEZc7bTWu7xWxIWymZqxGkKHKNEWSIjqOiU1Y2g', 'Content-Type': 'application/json', 'Content-Length': '53'} 
 body={"transUuid": "c096bd1c-18a1-4ebe-8bca-71514fcd76f0"} 
 </msg>
<msg timestamp="20200806 20:47:03.602" level="INFO">POST Response : url=https://api-qa.medvantxos.com/api/v1.0/patient/7a9e44b0-ed4e-4c10-b19a-3e0d31d1c2bf/rxtransfer/db5ae85a-c5bb-4537-9230-d09434c0aa0e/submit 
 status=500, reason= 
 body={"timeStamp":null,"statusCode":500,"statusMessage":"Oops !! Something went wrong !","errorDetails":"Internal Server Error. Please contact support team."} 
 </msg>
<msg timestamp="20200806 20:47:03.602" level="INFO">/Users/amit/PycharmProjects/Medic/venv/lib/python3.7/site-packages/urllib3/connectionpool.py:988: InsecureRequestWarning: Unverified HTTPS request is being made to host 'api-qa.medvantxos.com'. Adding certificate verification is strongly advised. See: https://urllib3.readthedocs.io/en/latest/advanced-usage.html#ssl-warnings
  InsecureRequestWarning,</msg>
<msg timestamp="20200806 20:47:03.602" level="INFO">${response} = &lt;Response [500]&gt;</msg>
<status status="PASS" starttime="20200806 20:47:02.359" endtime="20200806 20:47:03.602"></status>
</kw>
<kw name="Verify the Response" library="common_keywords">
<arguments>
<arg>${response}</arg>
<arg>200</arg>
</arguments>
<kw name="Log" library="BuiltIn">
<doc>Logs the given message with the given level.</doc>
<arguments>
<arg>Response code is : ${response.status_code}</arg>
</arguments>
<msg timestamp="20200806 20:47:03.604" level="INFO">Response code is : 500</msg>
<status status="PASS" starttime="20200806 20:47:03.603" endtime="20200806 20:47:03.604"></status>
</kw>
<kw name="Should Be Equal As Strings" library="BuiltIn">
<doc>Fails if objects are unequal after converting them to strings.</doc>
<arguments>
<arg>${response.status_code}</arg>
<arg>${resp_status}</arg>
</arguments>
<msg timestamp="20200806 20:47:03.604" level="INFO">Argument types are:
&lt;class 'int'&gt;
&lt;type 'unicode'&gt;</msg>
<msg timestamp="20200806 20:47:03.605" level="FAIL">500 != 200</msg>
<status status="FAIL" starttime="20200806 20:47:03.604" endtime="20200806 20:47:03.605"></status>
</kw>
<status status="FAIL" starttime="20200806 20:47:03.603" endtime="20200806 20:47:03.605"></status>
</kw>
<tags>
<tag>sanity</tag>
</tags>
<status status="FAIL" starttime="20200806 20:47:02.354" endtime="20200806 20:47:03.605" critical="yes">500 != 200</status>
</test>
<doc>Patient RxTransfer Workflow This suite contains tescases to verify patient rxtransfer workflow</doc>
<status status="FAIL" starttime="20200806 20:46:59.260" endtime="20200806 20:47:03.606"></status>
</suite>
<statistics>
<total>
<stat pass="0" fail="1">Critical Tests</stat>
<stat pass="0" fail="1">All Tests</stat>
</total>
<tag>
<stat pass="0" fail="1">sanity</stat>
</tag>
<suite>
<stat pass="0" fail="1" id="s1" name="RxTransfer TestSuite">RxTransfer TestSuite</stat>
</suite>
</statistics>
<errors>
</errors>
</robot>
